--java.lang.AssertionError: the size of the result sets mismatch (0 and 115)!
---- SELECT * FROM vt0, vt1 WHERE ((((x'03b7a4') ISNULL) IN ((((vt0.c2, vt0.c1))>=((vt1.c0, vt1.c1)))))) ORDER BY ((((vt0.c1) NOT BETWEEN (vt0.c0) AND (vt0.c1))) NOTNULL)  NULLS LAST, CAST(((vt0.c0)GLOB(vt0.c0)) AS NUMERIC)  NULLS LAST;
---- cardinality: 0
---- SELECT ALL * FROM vt0, vt1 WHERE ((((x'03b7a4') ISNULL) IN ((((vt0.c2, vt0.c1))=((vt1.c0, vt1.c1)))))) ORDER BY ((((vt0.c1) NOT BETWEEN (vt0.c0) AND (vt0.c1))) NOTNULL)  NULLS LAST, CAST(((vt0.c0)GLOB(vt0.c0)) AS NUMERIC)  NULLS LAST;
---- cardinality: 115
--	at sqlancer.ComparatorHelper.assumeResultSetsAreSubset(ComparatorHelper.java:126)
--	at sqlancer.sqlite3.oracle.SQLite3SubsetOracle.checkSubsetQuery(SQLite3SubsetOracle.java:244)
--	at sqlancer.sqlite3.oracle.SQLite3SubsetOracle.check(SQLite3SubsetOracle.java:111)
--	at sqlancer.ProviderAdapter.generateAndTestDatabase(ProviderAdapter.java:49)
--	at sqlancer.Main$DBMSExecutor.run(Main.java:323)
--	at sqlancer.Main$2.run(Main.java:507)
--	at sqlancer.Main$2.runThread(Main.java:485)
--	at sqlancer.Main$2.run(Main.java:475)
--	at java.base/java.util.concurrent.ThreadPoolExecutor.runWorker(ThreadPoolExecutor.java:1130)
--	at java.base/java.util.concurrent.ThreadPoolExecutor$Worker.run(ThreadPoolExecutor.java:630)
--	at java.base/java.lang.Thread.run(Thread.java:831)
---- Time: 2021/05/21 16:03:58
-- Database: database13
-- Database version: 3.34.0
-- seed value: 1621584209271
PRAGMA cache_size = 50000;
PRAGMA temp_store=MEMORY;
PRAGMA synchronous=off;
CREATE VIRTUAL TABLE vt0 USING fts5(c0 UNINDEXED, c1 UNINDEXED, c2);
CREATE VIRTUAL TABLE vt1 USING fts4(c0 UNINDEXED, c1);
BEGIN  TRANSACTION;
INSERT OR FAIL INTO vt1(c1) VALUES ('m'), (NULL);
INSERT OR REPLACE INTO vt0(c1) VALUES (NULL), (0.5983484970280017);
UPDATE OR IGNORE vt1 SET (c1, c1, c1)=(NULL, '1846244354', 0.31261666335512495) WHERE CAST(vt1.c1 AS BLOB);
COMMIT;
COMMIT TRANSACTION;
INSERT OR IGNORE INTO vt0(c2) VALUES (-575474483);
INSERT OR ROLLBACK INTO vt1(c1) VALUES (0.31261666335512495), ('1846244354'), (NULL);
BEGIN  TRANSACTION;
REINDEX  vt0;
INSERT OR IGNORE INTO vt1(c0) VALUES ('1846244354'), (0X29badf91);
VACUUM temp;
INSERT OR IGNORE INTO vt1(c1) VALUES (NULL), (0.44621682477175617), (x'66'), ('-990632529');
INSERT OR REPLACE INTO vt1 VALUES (NULL, 0.30092164610791317), (NULL, '\');
UPDATE vt1 SET (c1, c0)=(-100176492, 1312530566) WHERE CAST(((vt1.c1)<=(vt1.c0)) AS INTEGER);
INSERT OR IGNORE INTO vt1(c0) VALUES ((((((((((('''
)-]N') NOT NULL))AND((- (x'3a')))))AND(('1926141619' IN (0Xffffffffcbb15267)))))OR(NULL)))AND(((0.7759464077052656) BETWEEN (0.25402913291365814) AND (x''))))), ('}5OM'), (NULL);
ANALYZE vt0;
BEGIN  TRANSACTION;
UPDATE vt1 SET c0 = x'', c1 = '0.25402913291365814';
COMMIT TRANSACTION;
UPDATE vt1 SET c1 = 0x43a4a038, c0 = x'' WHERE (+ (7.00112785E8)) COLLATE NOCASE;
ROLLBACK TRANSACTION;
PRAGMA temp.soft_heap_limit;
REINDEX;
UPDATE vt1 SET c1 = '-1436575140', c1 = NULL WHERE CAST(1.846244354E9 AS TEXT);
PRAGMA locking_mode = NORMAL;
INSERT OR REPLACE INTO vt1 VALUES ('552833720', '1312530566');
BEGIN  TRANSACTION;
REINDEX NOCASE;
PRAGMA cache_spill = false;
INSERT OR ABORT INTO vt0(c1, c0) VALUES (-1953427335, NULL);
UPDATE OR IGNORE vt1 SET (c1, c1, c1)=(x'fa21', x'92', 0x4e3ba086) WHERE '';
INSERT OR IGNORE INTO vt1(c0) VALUES (NULL);
REINDEX;
INSERT OR IGNORE INTO vt0(c0, c1) VALUES (0xffffffffe596cc25, '875366013');
INSERT OR IGNORE INTO vt0(c0, c2) VALUES ('883697636', 0.10345450764052);
INSERT OR IGNORE INTO vt1 VALUES (NULL, 'bY'), (NULL, NULL), (x'e0', '1134862392');
INSERT OR IGNORE INTO vt1(c0) VALUES (2067757758), (0Xd0ade9c);
INSERT OR REPLACE INTO vt0(c0, c1) VALUES ('_b', 0.8542548574269316), ('0.10345450764052', x'3a'), ('[D-+B3eå¹', NULL);
PRAGMA temp.auto_vacuum = NONE;
INSERT OR IGNORE INTO vt0(c2, c1) VALUES (x'', 0Xffffffff8a7e3c41), (0.8003625997442733, 0.09447246762093331);
UPDATE OR ROLLBACK vt0 SET (c2)=(x'') WHERE UPPER(CASE 'xS'  WHEN vt0.c1 THEN '1846244354' ELSE vt0.c2 END);
VACUUM main;
VACUUM;
VACUUM;
VACUUM;
VACUUM;
VACUUM temp;
REINDEX RTRIM;
UPDATE OR ABORT vt1 SET c0 = '1134862392', c0 = 0.5894790501425325, c1 = NULL;
INSERT OR ABORT INTO vt0(c1, c2, c0) VALUES ('386712441', 0.7225109535715215, '-25727203');
BEGIN EXCLUSIVE TRANSACTION;
COMMIT;
ROLLBACK TRANSACTION;
-- SELECT * FROM vt0, vt1 WHERE ((((x'03b7a4') ISNULL) IN ((((vt0.c2, vt0.c1))>=((vt1.c0, vt1.c1)))))) ORDER BY ((((vt0.c1) NOT BETWEEN (vt0.c0) AND (vt0.c1))) NOTNULL)  NULLS LAST, CAST(((vt0.c0)GLOB(vt0.c0)) AS NUMERIC)  NULLS LAST;
-- cardinality: 0
-- SELECT ALL * FROM vt0, vt1 WHERE ((((x'03b7a4') ISNULL) IN ((((vt0.c2, vt0.c1))=((vt1.c0, vt1.c1)))))) ORDER BY ((((vt0.c1) NOT BETWEEN (vt0.c0) AND (vt0.c1))) NOTNULL)  NULLS LAST, CAST(((vt0.c0)GLOB(vt0.c0)) AS NUMERIC)  NULLS LAST;
-- cardinality: 115
