--java.lang.AssertionError: 288 0
--	at sqlancer.sqlite3.oracle.SQLite3SubsetOracle.checkSubsetQuery(SQLite3SubsetOracle.java:236)
--	at sqlancer.sqlite3.oracle.SQLite3SubsetOracle.check(SQLite3SubsetOracle.java:111)
--	at sqlancer.ProviderAdapter.generateAndTestDatabase(ProviderAdapter.java:49)
--	at sqlancer.Main$DBMSExecutor.run(Main.java:323)
--	at sqlancer.Main$2.run(Main.java:507)
--	at sqlancer.Main$2.runThread(Main.java:485)
--	at sqlancer.Main$2.run(Main.java:475)
--	at java.base/java.util.concurrent.ThreadPoolExecutor.runWorker(ThreadPoolExecutor.java:1130)
--	at java.base/java.util.concurrent.ThreadPoolExecutor$Worker.run(ThreadPoolExecutor.java:630)
--	at java.base/java.lang.Thread.run(Thread.java:831)
---- Time: 2021/05/21 16:03:55
-- Database: database11
-- Database version: 3.34.0
-- seed value: 1621584209269
PRAGMA cache_size = 50000;
PRAGMA temp_store=MEMORY;
PRAGMA synchronous=off;
PRAGMA case_sensitive_like=ON;
PRAGMA encoding = 'UTF-16';
CREATE VIRTUAL TABLE rt0 USING rtree(c0, c1, c2, c3, +c4 REAL );
CREATE VIRTUAL TABLE rt1 USING rtree_i32(c0, c1, c2, c3, c4, c5, c6);
CREATE TABLE IF NOT EXISTS t2 (c0 REAL , c1 REAL , c2 INTEGER , FOREIGN KEY(c0) REFERENCES rt1(c2) ON DELETE RESTRICT CHECK ( (~ (NULL))));
UPDATE OR ROLLBACK rt1 SET (c3)=(1954190875) WHERE (~ ((NOT (rt1.c2))));
UPDATE OR IGNORE t2 SET (c0, c1)=(1.954190875E9, NULL);
UPDATE OR FAIL t2 SET c2 = NULL WHERE ((json_array_length(t2.c1, t2.c0)) ISNULL);
SELECT rtreecheck('rt1');
INSERT OR FAIL INTO t2(c1, c2) VALUES ('1954190875', 0.21555305160200877);
UPDATE OR REPLACE t2 SET c1 = x'79', c0 = 0Xffffffff9477b23c WHERE t2.c2;
COMMIT TRANSACTION;
INSERT OR IGNORE INTO rt1(c0, c6) VALUES ((((NULL, 0.9291169840791783)) NOT BETWEEN (((('*1-阛gc愣') BETWEEN (NULL) AND (NULL)), '*1-阛gc愣' COLLATE RTRIM)) AND ((NULL COLLATE NOCASE, CAST(0Xffffffff9477b23c AS REAL)))), NULL);
ROLLBACK TRANSACTION;
ROLLBACK TRANSACTION;
UPDATE OR IGNORE t2 SET c0 = 0.5864004674662165, c1 = NULL WHERE ((((((t2.c1)OR(t2.c1)))OR(t2.c0))) BETWEEN (0.877516665439535) AND (CAST(t2.c0 AS BLOB)));
BEGIN  TRANSACTION;
INSERT OR ROLLBACK INTO rt1(c6, c1, c2, c4) VALUES ('', 317185042, NULL, ''), (-1989069622, '*1-阛gc愣', NULL, NULL), (x'b4bf7b', '[ij?ᒣCB', x'4bb1af', '-1746908376');
INSERT OR REPLACE INTO rt1(c6, c3) VALUES (0.6000104590389534, '0.877516665439535'), (0.19924574616554125, 'Eph');
INSERT OR REPLACE INTO rt1(c6) VALUES (x''), (x'');
INSERT OR FAIL INTO t2(c1) VALUES (-761320900);
SELECT rtreecheck('rt1');
ANALYZE t2;
BEGIN  TRANSACTION;
UPDATE rt1 SET c6 = '[ij?ᒣCB';
INSERT OR IGNORE INTO t2(c2) VALUES (0.6494985728946756), (x'39');
INSERT OR REPLACE INTO rt1(c0) VALUES (0xffffffff80bf54e3);
INSERT OR REPLACE INTO rt1(c6, c4, c5, c2) VALUES ('', 'Zdj7Ab', NULL, '	9-'), ('Zdj7Ab', '-2134944541', '', 'ᙫq');
INSERT OR IGNORE INTO t2(c0, c1) VALUES (x'', '0.6494985728946756'), (NULL, -1746908376), ('0.21555305160200877', -7.613209E8);
COMMIT;
INSERT OR ABORT INTO t2(c0) VALUES (NULL), (x''), (0.9160288701482655), (0.877516665439535), (0.06469909248980665), (NULL);
INSERT OR REPLACE INTO t2(c0, c2) VALUES (0.6977465482200661, 0.15268513449895782), ('n', NULL);
PRAGMA stats;
ROLLBACK TRANSACTION;
ROLLBACK TRANSACTION;
BEGIN  TRANSACTION;
PRAGMA locking_mode = NORMAL;
ANALYZE main;
INSERT OR ROLLBACK INTO rt1(c4, c6, c5, c1) VALUES (x'', x'35', x'', NULL);
INSERT OR REPLACE INTO t2 VALUES (x'8e', x'57d0', '-420677264');
BEGIN EXCLUSIVE TRANSACTION;
VACUUM;
VACUUM temp;
END TRANSACTION;
BEGIN  TRANSACTION;
PRAGMA temp.cell_size_check = true;
UPDATE OR IGNORE t2 SET (c1, c1)=('', 0.5103555512775716) WHERE ((((t2.c1)<<('A'))) NOTNULL);
PRAGMA main.legacy_file_format = false;
BEGIN DEFERRED TRANSACTION;
INSERT OR FAIL INTO t2 VALUES (0.2484382643050138, x'dd', 0xffffffff8e77580f), ('+,堏T>', x'', -634113488), ('', x'', 0.32004308228865774), (NULL, NULL, NULL), (x'', NULL, 0.2576321853985155);
INSERT OR IGNORE INTO t2(c0, c1) VALUES (1211479614, '-87938751'), (-500285747, 0.877516665439535), (x'', -500285747);
INSERT OR REPLACE INTO rt1(c2, c4, c1, c3, c0) VALUES (NULL, NULL, '+2', x'', '1214328636'), (0.15268513449895782, 'Q.l|>\>M', '0.5103555512775716', x'', x'11'), (x'c524', NULL, 'O', NULL, 'Zdj7Ab');
INSERT OR IGNORE INTO t2(c1, c0, c2) VALUES (x'', x'e510', '1211479614'), (-1, 0.8135590075416052, 0.5103555512775716), (NULL, 0.8135590075416052, x'44');
INSERT OR IGNORE INTO rt1(c2, c6) VALUES (NULL, 0.32004308228865774);
INSERT OR ROLLBACK INTO t2(c0, c1) VALUES (0.5347253975540911, x'd9d8');
VACUUM main;
VACUUM temp;
INSERT OR REPLACE INTO rt1(c6, c3, c1, c2, c4, c0) VALUES ('-87938751', x'a87316', x'', '889638152', NULL, x''), ('-2134944541', 0.5704348130044876, '!ᙫ{蘊', x'', '1211479614', x'');
INSERT OR IGNORE INTO rt1(c3, c5, c0, c4) VALUES (NULL, NULL, 0.5864004674662165, NULL);
ANALYZE rt1;
INSERT OR IGNORE INTO t2(c2) VALUES (0.6007445535026177), ('-Ou');
PRAGMA wal_checkpoint(PASSIVE);
PRAGMA cache_spill;
BEGIN  TRANSACTION;
UPDATE OR ABORT rt1 SET (c4)=('15228875') WHERE rt1.c3;
UPDATE rt1 SET c0 = '-2023222109', c0 = 0.895603387888986 WHERE '';
PRAGMA ignore_check_constraints = true;
PRAGMA locking_mode = EXCLUSIVE;
ANALYZE;
ANALYZE sqlite_master;
UPDATE OR IGNORE t2 SET c0 = NULL;
INSERT OR IGNORE INTO t2(c0) VALUES (x'1e'), (0X502b03c6);
CREATE UNIQUE INDEX IF NOT EXISTS i10 ON t2(LIKE(UPPER(DISTINCT '-634113488'), (~ (c1)), '[') ASC,((((c1)IS(c0)))>=((((c2))<(('괎qEF阛璶*'))))) ASC,0.03274683249239374) WHERE ((x'')LIKE(CAST(c1 AS NUMERIC)));
CREATE INDEX IF NOT EXISTS i7 ON t2(((c1) BETWEEN (((((((c1)OR(c2)))AND(c2)))OR(c2))) AND (LTRIM(c0))) COLLATE BINARY,(c0 COLLATE NOCASE IN (DATE(c0, c0, c1, c2, c2))) COLLATE BINARY,(((c1, c0, 0Xffffffffd303860a))<((c1, c1, c2))) COLLATE NOCASE ASC) WHERE CAST((c0 IN (c0)) AS NUMERIC);
COMMIT;
ROLLBACK TRANSACTION;
--SUBSET BUG!
SELECT ALL COUNT(*) FROM t2, rt1 WHERE (((rt1.c2)GLOB(((rt1.c2)<(rt1.c1)))));
SELECT ALL COUNT(*) FROM t2, rt1 WHERE (((rt1.c2)GLOB(((rt1.c2)<=(rt1.c1)))));
