--java.lang.AssertionError: the size of the result sets mismatch (1 and 2)!
---- SELECT ALL * FROM rt1 WHERE (((((rt1.c0, rt1.c1))>=((rt1.c2, rt1.c1))) IN ((((rt1.c0))<=((rt1.c2))))));
---- cardinality: 1
---- SELECT * FROM rt1 WHERE (((((rt1.c0, rt1.c1))>=((rt1.c2, rt1.c1))) IN ((((rt1.c0))=((rt1.c2)))))) INTERSECT SELECT * FROM rt1 WHERE (rt1.c2);
---- cardinality: 2
--	at sqlancer.ComparatorHelper.assumeResultSetsAreSubset(ComparatorHelper.java:126)
--	at sqlancer.sqlite3.oracle.SQLite3SubsetOracle.checkSubsetQuery(SQLite3SubsetOracle.java:244)
--	at sqlancer.sqlite3.oracle.SQLite3SubsetOracle.check(SQLite3SubsetOracle.java:111)
--	at sqlancer.ProviderAdapter.generateAndTestDatabase(ProviderAdapter.java:49)
--	at sqlancer.Main$DBMSExecutor.run(Main.java:323)
--	at sqlancer.Main$2.run(Main.java:507)
--	at sqlancer.Main$2.runThread(Main.java:485)
--	at sqlancer.Main$2.run(Main.java:475)
--	at java.base/java.util.concurrent.ThreadPoolExecutor.runWorker(ThreadPoolExecutor.java:1130)
--	at java.base/java.util.concurrent.ThreadPoolExecutor$Worker.run(ThreadPoolExecutor.java:630)
--	at java.base/java.lang.Thread.run(Thread.java:831)
---- Time: 2021/05/21 16:03:32
-- Database: database5
-- Database version: 3.34.0
-- seed value: 1621584209263
PRAGMA cache_size = 50000;
PRAGMA temp_store=MEMORY;
PRAGMA synchronous=off;
PRAGMA case_sensitive_like=ON;
CREATE VIRTUAL TABLE rt0 USING rtree_i32(c0, c1, c2, +c3 BLOB );
CREATE VIRTUAL TABLE rt1 USING rtree(c0, c1, c2);
UPDATE OR REPLACE rt0 SET (c0)=(0x53d6f522) WHERE ((+ (rt0.c3)) IN ());
UPDATE OR IGNORE rt0 SET c0 = NULL;
INSERT OR ABORT INTO rt1(c1, c0) VALUES (NULL, '*>o'), (']#Hl', x'b6');
INSERT OR ABORT INTO rt0(c2, c1, c0) VALUES ('', NULL, x'3e8368'), (0.46794594827977276, NULL, 0.9579455894208851), (NULL, x'', 0.34622179396049313);
INSERT OR ROLLBACK INTO rt1(c2, c1) VALUES (x'0a', 0.9372380048861544), (x'10a8', 0X2ce6ebc3), (0.041885098588430036, '-538524573');
INSERT OR REPLACE INTO rt1(c2, c0) VALUES ('(', '-538524573');
INSERT OR IGNORE INTO rt0(c2, c0, c3) VALUES (x'1b', 0.7638452394898706, 0.6927243343049474);
BEGIN  TRANSACTION;
INSERT OR IGNORE INTO rt1(c1, c2, c0) VALUES (-2116725379, 0.917209589121518, NULL), (0.4433530773305524, 390181502, x'd822a979'), (0X53d6f522, 0.2164930024639724, '-538524573');
ROLLBACK TRANSACTION;
REINDEX  rt1;
BEGIN EXCLUSIVE TRANSACTION;
UPDATE rt0 SET (c0)=('0.6927243343049474');
BEGIN DEFERRED TRANSACTION;
UPDATE OR ABORT rt1 SET (c2, c0, c1, c0)=('-485345220', x'6e', 0.6630757988194111, '-538524573');
UPDATE OR REPLACE rt1 SET (c1, c1)=(0.6630757988194111, 7.53331139E8) WHERE CAST(((rt1.c0) ISNULL) AS BLOB);
INSERT OR IGNORE INTO rt1(c0) VALUES (0.9251105849605687), (0.5743049900945723);
UPDATE rt1 SET (c1, c0)=('1406596386', x'');
UPDATE OR IGNORE rt1 SET c0 = NULL, c1 = 125295422, c2 = x'' WHERE ((((((((rt1.c0)AND(rt1.c0)))AND(rt1.c1)))OR(rt1.c2))) BETWEEN ((rt1.c1 IN (rt1.c0))) AND (rt1.c2 COLLATE NOCASE));
INSERT OR REPLACE INTO rt1(c2, c1) VALUES (x'', x'c0'), ('125295422', 0.5072997843853803);
INSERT OR FAIL INTO rt1(c1) VALUES (NULL);
INSERT OR REPLACE INTO rt1(c0, c2, c1) VALUES ('䬒', 0.3364751057601818, NULL), (x'6a', NULL, 0.524060186736804);
INSERT OR IGNORE INTO rt0(c1, c3) VALUES (NULL, 753331139);
INSERT OR FAIL INTO rt1(c0, c1, c2) VALUES (NULL, NULL, 0.9111211200252053);
REINDEX;
REINDEX;
PRAGMA automatic_index = true;
UPDATE OR IGNORE rt1 SET c2 = NULL, c2 = 'VIpQ+Dd' WHERE CAST(rt1.c1 AS INTEGER) COLLATE RTRIM;
INSERT OR FAIL INTO rt1(c2, c1) VALUES ('-538524573', x'');
INSERT OR IGNORE INTO rt0 VALUES ('-1e500', -4.8534522E8, '2020745320', x''), (x'34a4ce', '4', x'', NULL), (NULL, 0Xfffffffff92dc6c4, 'SP黺(ﺒ ', 'A'), (NULL, x'', -2.116725379E9, '0.5072997843853803'), (x'18fa9a80', 1.406596386E9, 0.4804470631053638, x'');
UPDATE OR IGNORE rt1 SET (c0, c2)=(-401618923, '692387474');
COMMIT;
UPDATE rt1 SET c1 = x'bd', c1 = '^?~Ln)F';
INSERT OR ABORT INTO rt1 VALUES ('', x'06', x'd9'), (803818258, '-1232865689', 0xffffffffc1cb22f5), (x'e311', '
it', x'');
INSERT OR IGNORE INTO rt1(c2, c0) VALUES ('黺', -114440508), (-960016736, x'');
COMMIT;
UPDATE rt1 SET (c2, c2, c1, c2)=('h5qlCh?', NULL, x'', 0.7713817617694404);
UPDATE OR IGNORE rt1 SET (c1, c1, c0)=(x'08d6cd', 0.9768905596716352, '-1232865689') WHERE ((TYPEOF(DISTINCT rt1.c0)) NOT BETWEEN (NULL) AND (rt1.c1 COLLATE RTRIM));
UPDATE rt0 SET c1 = 0.14747798648013533, c2 = '-1686146381', c3 = '0.34622179396049313', c1 = x'' WHERE ((CASE WHEN rt0.c3 THEN rt0.c2 WHEN rt0.c1 THEN rt0.c3 WHEN rt0.c0 THEN rt0.c3 WHEN rt0.c0 THEN rt0.c1 ELSE rt0.c3 END)LIKE(((rt0.c0) NOT BETWEEN (rt0.c0) AND (rt0.c2))));
UPDATE OR IGNORE rt1 SET (c2)=(x'') WHERE CHAR(((((((((((((rt1.c0)AND(rt1.c2)))AND(rt1.c0)))OR(rt1.c1)))OR(rt1.c1)))AND(rt1.c2)))AND(rt1.c2)), CAST('SP黺(ﺒ ' AS BLOB));
PRAGMA default_cache_size;
UPDATE OR ROLLBACK rt0 SET c0 = NULL, c3 = x'b65a59', c1 = 0x325f5f80, c2 = 0Xfffffffff92dc6c4;
UPDATE OR IGNORE rt0 SET c0 = 0.4433530773305524, c2 = x'd5fb', c1 = x'';
ROLLBACK TRANSACTION;
UPDATE OR IGNORE rt0 SET c3 = x'2c';
BEGIN  TRANSACTION;
INSERT OR REPLACE INTO rt1(c2, c1) VALUES ('<톴亂GUUS', '1076902972');
INSERT OR IGNORE INTO rt1(c2, c0) VALUES (1.25295422E8, 0.7480583179077781), ('-1844958497', '30211552'), (0x2944fe92, x'bc4f6b');
REINDEX;
INSERT OR IGNORE INTO rt1(c1) VALUES (x'922856'), (0.191671335595066);
END;
ROLLBACK TRANSACTION;
INSERT OR FAIL INTO rt0(c0, c1) VALUES ('0.2164930024639724', x'5a95'), ('-960016736', 0.48239838502079246), ('1683675141', 5.30239924E8);
INSERT OR REPLACE INTO rt0(c2, c0) VALUES (0.10548801825595577, NULL), (x'', NULL);
DELETE FROM sqlite_stat1;
REINDEX;
REINDEX;
UPDATE OR IGNORE rt1 SET c1 = '-1', c0 = '-1656853837', c0 = '390181502';
INSERT OR IGNORE INTO rt0(c3, c1) VALUES ('-1686146381', 803818258);
INSERT OR IGNORE INTO rt0(c1) VALUES (NULL), (x'f1cdaf'), ('116844750');
INSERT OR IGNORE INTO rt1(c1, c2, c0) VALUES (NULL, NULL, NULL);
SELECT rtreecheck('rt0');
REINDEX;
UPDATE OR IGNORE rt1 SET c2 = ']簹nz)u⋵t#', c0 = 0.8257468555772148;
REINDEX;
ANALYZE;
UPDATE OR IGNORE rt0 SET (c1, c0)=(0.4433530773305524, NULL) WHERE 0.41238530854535727;
INSERT OR REPLACE INTO rt0(c0, c1) VALUES (-1519341646, x'e0'), (NULL, x'5ae9');
BEGIN  TRANSACTION;
INSERT OR FAIL INTO rt1(c1, c0) VALUES (x'', x'19');
INSERT OR FAIL INTO rt1 VALUES ('713010549', 'fG4K', 0Xffffffffa7e85642), (NULL, -1.043651851E9, x'b405'), (0.5992846240331967, 0x366e99f9, x'');
INSERT OR REPLACE INTO rt1(c2) VALUES ('');
UPDATE OR FAIL rt0 SET (c0, c2)=(NULL, -1e500) WHERE (NOT ('-1477945790'));
SELECT rtreecheck('rt0');
INSERT OR REPLACE INTO rt1(c1, c0) VALUES (NULL, 'vvBv'), (NULL, x'6c'), ('-97741562', '-242121314');
INSERT OR IGNORE INTO rt0(c3) VALUES ('-114440508'), (NULL);
UPDATE rt0 SET c3 = NULL, c1 = NULL, c2 = x'';
END;
UPDATE rt1 SET (c1, c0)=(x'', NULL) WHERE (((NOT (rt1.c0)))<(rt1.c0));
INSERT OR ABORT INTO rt0(c2, c1, c0) VALUES (x'', 0.9954296698727274, 'KGg
|JJp');
ROLLBACK TRANSACTION;
BEGIN  TRANSACTION;
REINDEX  rt1;
INSERT OR FAIL INTO rt0(c2, c3, c1) VALUES ('wFS--lR', NULL, x'4582'), (x'0323', x'', NULL), (1556495209, 0xffffffffcf82f699, NULL)
INSERT OR ABORT INTO rt1(c0) VALUES (0X1eb94aeb);
COMMIT;
ROLLBACK TRANSACTION;
-- SELECT ALL * FROM rt1 WHERE (((((rt1.c0, rt1.c1))>=((rt1.c2, rt1.c1))) IN ((((rt1.c0))<=((rt1.c2))))));
-- cardinality: 1
-- SELECT * FROM rt1 WHERE (((((rt1.c0, rt1.c1))>=((rt1.c2, rt1.c1))) IN ((((rt1.c0))=((rt1.c2)))))) INTERSECT SELECT * FROM rt1 WHERE (rt1.c2);
-- cardinality: 2
