--java.lang.AssertionError: 8 2
--	at sqlancer.sqlite3.oracle.SQLite3SubsetOracle.checkSubsetQuery(SQLite3SubsetOracle.java:236)
--	at sqlancer.sqlite3.oracle.SQLite3SubsetOracle.check(SQLite3SubsetOracle.java:111)
--	at sqlancer.ProviderAdapter.generateAndTestDatabase(ProviderAdapter.java:49)
--	at sqlancer.Main$DBMSExecutor.run(Main.java:323)
--	at sqlancer.Main$2.run(Main.java:507)
--	at sqlancer.Main$2.runThread(Main.java:485)
--	at sqlancer.Main$2.run(Main.java:475)
--	at java.base/java.util.concurrent.ThreadPoolExecutor.runWorker(ThreadPoolExecutor.java:1130)
--	at java.base/java.util.concurrent.ThreadPoolExecutor$Worker.run(ThreadPoolExecutor.java:630)
--	at java.base/java.lang.Thread.run(Thread.java:831)
---- Time: 2021/05/21 16:03:48
-- Database: database4
-- Database version: 3.34.0
-- seed value: 1621584209262
PRAGMA cache_size = 50000;
PRAGMA temp_store=MEMORY;
PRAGMA synchronous=off;
PRAGMA case_sensitive_like=ON;
CREATE TABLE IF NOT EXISTS t0 (c0 TEXT );
INSERT OR IGNORE INTO t0(c0) VALUES (0.4502357396084281), (x''), (NULL), ('#PO>'), ('-2096380013'), ('i');
INSERT OR IGNORE INTO t0(c0) VALUES (x''), (0.5411173359725273), (NULL), (-2.096380013E9), ('&.^잓S');
BEGIN EXCLUSIVE TRANSACTION;
UPDATE OR IGNORE t0 SET (c0)=(0X5e59b228) WHERE ((LIKELIHOOD(DISTINCT t0.c0, t0.c0)) NOT BETWEEN (((t0.c0)OR('U,'))) AND (((t0.c0) BETWEEN (t0.c0) AND (t0.c0))));
UPDATE OR ROLLBACK t0 SET c0 = '-2096380013';
UPDATE OR IGNORE t0 SET (c0, c0, c0)=(NULL, NULL, -2.096380013E9);
PRAGMA stats;
PRAGMA main.wal_autocheckpoint = 2194112283053148323;
UPDATE OR IGNORE t0 SET (c0, c0)=(0.5411173359725273, 0.4902196847336604) WHERE CASE WHEN t0.c0 THEN (NOT (t0.c0)) END;
INSERT OR IGNORE INTO t0(c0) VALUES (NULL), (NULL), (NULL);
INSERT OR IGNORE INTO t0(c0) VALUES (x'');
END TRANSACTION;
ROLLBACK TRANSACTION;
UPDATE OR ROLLBACK t0 SET c0 = 0.04302011728373767, c0 = NULL;
ANALYZE main;
INSERT OR ROLLBACK INTO t0 VALUES (x''), (x'3fad2199');
CREATE TEMP VIEW  IF NOT EXISTS v0(c0, c1) AS SELECT ((t0.c0 COLLATE BINARY)>(((t0.c0)<(t0.c0)))), 'j' FROM t0 GROUP BY t0.c0, ((((t0.c0) BETWEEN (x'') AND (t0.c0)))%(-2.096380013E9)), ((((t0.c0)%(t0.c0))) IS FALSE) ORDER BY (CASE 'Ri'  WHEN NULL THEN t0.c0 WHEN t0.c0 THEN t0.c0 END IN (((t0.c0)-(t0.c0)), ((t0.c0)IS NOT(t0.c0)))) DESC  NULLS FIRST, (+ (t0.c0)) DESC  NULLS FIRST;
INSERT OR IGNORE INTO t0(c0) VALUES (x'0044'), ('#PO>');
PRAGMA cache_spill = false;
ANALYZE;
PRAGMA cache_size = 0;
INSERT OR IGNORE INTO t0 VALUES (x''), (''''), (x'');
PRAGMA temp.reverse_unordered_selects = false;
CREATE UNIQUE INDEX IF NOT EXISTS i95 ON t0(((((c0)OR((((c0, c0, c0, c0)) NOT BETWEEN ((c0, c0, c0, c0)) AND ((c0, c0, c0, c0))))))OR(c0)) COLLATE RTRIM DESC);
CREATE UNIQUE INDEX i73 ON t0(c0) WHERE (((c0, c0)) NOT BETWEEN ((((c0)&(c0)), ((c0) BETWEEN (c0) AND (NULL)))) AND (((c0 IN ()), ABS(DISTINCT c0))));
CREATE INDEX i53 ON t0(ABS(c0) COLLATE NOCASE COLLATE BINARY);
PRAGMA threads = -2389055745403466794;
INSERT OR FAIL INTO t0(c0) VALUES ('6&Dt눨/6gS'), (x'dcaa');
PRAGMA threads;
INSERT OR IGNORE INTO t0(c0) VALUES (NULL), ('U,'), ('651702384');
VACUUM temp;
INSERT OR FAIL INTO t0(c0) VALUES (0.03432663870201247);
PRAGMA temp.ignore_check_constraints;
COMMIT;
END TRANSACTION;
PRAGMA temp.cache_spill = true;
PRAGMA temp.ignore_check_constraints = true;
PRAGMA temp.stats;
PRAGMA checkpoint_fullfsync;
BEGIN IMMEDIATE TRANSACTION;
INSERT OR IGNORE INTO t0(c0) VALUES (x''), (0.04863650513011186);
PRAGMA foreign_keys;
INSERT OR IGNORE INTO t0(c0) VALUES (-2.096380013E9), ('?눨'), (667332020), ('1582936616');
INSERT OR IGNORE INTO t0 VALUES (x'929f');
PRAGMA temp.journal_mode = MEMORY;
DELETE FROM sqlite_stat1 WHERE (((((((((0.4902196847336604 IN (x'67c24b')))OR(NULL)))AND(CAST(0.3561458442826213 AS TEXT))))AND((('')LIKE('j4B')))))OR(CAST('' AS NUMERIC)));
ANALYZE i53;
INSERT OR REPLACE INTO t0(c0) VALUES (NULL);
PRAGMA main.cache_spill;
ROLLBACK TRANSACTION;
COMMIT TRANSACTION;
END TRANSACTION;
PRAGMA cell_size_check = false;
ROLLBACK TRANSACTION;
ANALYZE t0;
INSERT OR IGNORE INTO t0 VALUES (0.009653762329539961), ('651702384'), ('LCt'), ('');
PRAGMA temp.cache_spill;
ROLLBACK TRANSACTION;
CREATE INDEX IF NOT EXISTS i54 ON t0(NULL);
REINDEX;
INSERT OR ROLLBACK INTO t0 VALUES ('-1280911484'), (651702384), (NULL), (NULL);
PRAGMA main.threads;
INSERT OR IGNORE INTO t0(c0) VALUES (NULL);
END TRANSACTION;
ROLLBACK TRANSACTION;
--SUBSET BUG!
SELECT COUNT(*) FROM v0 WHERE (((CAST(v0.c0 AS REAL))!=((((v0.c0, v0.c0))==((v0.c1, v0.c0)))))) ORDER BY CAST(CAST(v0.c1 AS INTEGER) AS NUMERIC), ((((v0.c1) BETWEEN (v0.c1) AND (v0.c1)))<>(CAST(v0.c1 AS REAL))) ASC  NULLS FIRST;
SELECT COUNT(*) FROM v0 WHERE (((CAST(v0.c0 AS REAL))<>((((v0.c0, v0.c0))<=((v0.c1, v0.c0)))))) ORDER BY CAST(CAST(v0.c1 AS INTEGER) AS NUMERIC), ((((v0.c1) BETWEEN (v0.c1) AND (v0.c1)))!=(CAST(v0.c1 AS REAL))) ASC  NULLS FIRST;
