--java.lang.AssertionError: the size of the result sets mismatch (1 and 27)!
---- SELECT * FROM vt0 WHERE (((((vt0.c1) NOT BETWEEN (vt0.c0) AND (vt0.c1)))IS NOT((((vt0.c1, vt0.c0))!=((vt0.c0, vt0.c1)))))) ORDER BY vt0.c1 DESC  NULLS FIRST;
---- cardinality: 1
---- SELECT * FROM vt0 WHERE (((((vt0.c1) NOT BETWEEN (vt0.c0) AND (vt0.c1)))IS NOT((((vt0.c1, vt0.c0))>((vt0.c0, vt0.c1)))))) ORDER BY ((vt0.c1) BETWEEN (vt0.c0) AND (vt0.c0)) COLLATE BINARY ASC, ((SQLITE_VERSION())>=(((NULL)>=(vt0.c1)))), (- (((((((((vt0.c1)OR(vt0.c1)))AND(vt0.c0)))OR(vt0.c0)))AND(vt0.c1))));
---- cardinality: 27
--	at sqlancer.ComparatorHelper.assumeResultSetsAreSubset(ComparatorHelper.java:126)
--	at sqlancer.sqlite3.oracle.SQLite3SubsetOracle.checkSubsetQuery(SQLite3SubsetOracle.java:244)
--	at sqlancer.sqlite3.oracle.SQLite3SubsetOracle.check(SQLite3SubsetOracle.java:111)
--	at sqlancer.ProviderAdapter.generateAndTestDatabase(ProviderAdapter.java:49)
--	at sqlancer.Main$DBMSExecutor.run(Main.java:323)
--	at sqlancer.Main$2.run(Main.java:507)
--	at sqlancer.Main$2.runThread(Main.java:485)
--	at sqlancer.Main$2.run(Main.java:475)
--	at java.base/java.util.concurrent.ThreadPoolExecutor.runWorker(ThreadPoolExecutor.java:1130)
--	at java.base/java.util.concurrent.ThreadPoolExecutor$Worker.run(ThreadPoolExecutor.java:630)
--	at java.base/java.lang.Thread.run(Thread.java:831)
---- Time: 2021/05/21 16:03:31
-- Database: database3
-- Database version: 3.34.0
-- seed value: 1621584209261
PRAGMA cache_size = 50000;
PRAGMA temp_store=MEMORY;
PRAGMA synchronous=off;
PRAGMA encoding = 'UTF-16be';
CREATE VIRTUAL TABLE vt0 USING fts5(c0, c1);
UPDATE OR ROLLBACK vt0 SET (c0)=(NULL);
UPDATE vt0 SET (c0)=('㧼');
INSERT OR ABORT INTO vt0(c1, c0) VALUES (x'dcce', 0.8885785733538735), (NULL, '-1192871428');
END TRANSACTION;
INSERT OR REPLACE INTO vt0(c1, c0) VALUES (0Xffffffffdc739a62, 0x2db7ea34), (x'7f', '-1491010464');
BEGIN  TRANSACTION;
INSERT INTO vt0(vt0, rank) VALUES('pgsz', '9760');
END;
DELETE FROM sqlite_stat1 WHERE (+ ((NULL IN (-1451518898))));
ANALYZE;
INSERT OR IGNORE INTO vt0(c0) VALUES ('-596403614'), (NULL), ('6IR');
INSERT OR IGNORE INTO vt0(c1) VALUES (x'9c710d86');
ANALYZE vt0;
COMMIT;
UPDATE OR IGNORE vt0 SET (c1, c0)=(-1.491010464E9, -5.96403614E8);
REINDEX  vt0;
ANALYZE main;
ROLLBACK TRANSACTION;
ANALYZE;
INSERT OR REPLACE INTO vt0(c0) VALUES (0.4684687720363466);
COMMIT TRANSACTION;
UPDATE OR FAIL vt0 SET (c1, c1)=(NULL, x'') WHERE ((vt0.c1)>=(vt0.c1)) COLLATE NOCASE;
UPDATE OR IGNORE vt0 SET (c1, c0, c1)=('0.4684687720363466', 0.39590575531358596, x'8d3f89');
INSERT OR REPLACE INTO vt0(c1) VALUES (1829362053), (0xffffffffebfef0d9);
REINDEX RTRIM;
UPDATE vt0 SET c0 = 'N' WHERE ((((((vt0.c0)OR(vt0.c0)))OR(NULL)))&(LIKELIHOOD(vt0.c0, vt0.c0)));
UPDATE vt0 SET (c1)=(0.5971706352951838) WHERE ((vt0.c1) NOT BETWEEN (vt0.c0) AND (vt0.c1)) COLLATE RTRIM;
INSERT OR IGNORE INTO vt0(c0, c1) VALUES (x'', 0.3572828988002742), ('ZO5驢,', 0.42110709242783606);
UPDATE vt0 SET (c1, c1)=(0.39590575531358596, 215519673);
INSERT OR FAIL INTO vt0(c1, c0) VALUES (1.829362053E9, '0.4684687720363466'), ('-717372337', NULL);
UPDATE OR IGNORE vt0 SET (c1, c1)=('E', NULL) WHERE (vt0.c0 COLLATE BINARY IN (CASE vt0.c1  WHEN vt0.c1 THEN vt0.c1 WHEN vt0.c1 THEN vt0.c0 ELSE vt0.c1 END, CASE 'E'  WHEN NULL THEN vt0.c1 WHEN vt0.c1 THEN vt0.c0 ELSE vt0.c1 END));
INSERT INTO vt0(vt0, rank) VALUES('pgsz', '17524');
INSERT INTO vt0(vt0) VALUES('optimize');
END TRANSACTION;
ANALYZE;
UPDATE OR IGNORE vt0 SET c1 = 0x1390a08c, c0 = 0.5971706352951838;
INSERT OR FAIL INTO vt0(c1) VALUES (0xffffffffa720fc60), (0.39590575531358596), (NULL);
INSERT OR IGNORE INTO vt0(c1) VALUES ('a6jp7>4걪+'), (x'f9');
INSERT OR FAIL INTO vt0(c0, c1) VALUES (-1192871428, NULL), (x'60cb47', 0.4684687720363466), ('', '%-,?캰g');
INSERT INTO vt0(vt0, rank) VALUES('automerge', 0);
ANALYZE sqlite_master;
COMMIT TRANSACTION;
ANALYZE sqlite_master;
BEGIN  TRANSACTION;
END TRANSACTION;
COMMIT TRANSACTION;
ROLLBACK TRANSACTION;
INSERT OR ABORT INTO vt0(c1) VALUES ('846137081');
REINDEX;
UPDATE vt0 SET c1 = NULL;
ROLLBACK TRANSACTION;
INSERT OR FAIL INTO vt0(c1, c0) VALUES (x'', '767027764');
REINDEX  vt0;
BEGIN  TRANSACTION;
INSERT OR ROLLBACK INTO vt0 VALUES (NULL, 1.961545392E9);
INSERT INTO vt0(vt0, rank) VALUES('pgsz', '56449');
DELETE FROM sqlite_stat1 WHERE TIME(0.5765922701521885, CAST(0Xfffffffff32e0fe2 AS BLOB), (+ ('1829362053')), ((((((((NULL)AND(0Xffffffffa33aee71)))AND(NULL)))AND(0.9901773060339937)))AND('-306437581')), ((0X2f10f384) IS FALSE), (((((((('u})0')OR(0.8774637668878557)))AND(0.7754964197457211)))AND('1961545392')))AND('d%!t)㸒#Lx')));
END TRANSACTION;
INSERT INTO vt0(vt0) VALUES('merge=215519673,8');
;
INSERT INTO vt0(vt0) VALUES('merge=-591080939,3');
;
INSERT INTO vt0(vt0) VALUES('optimize');
ROLLBACK TRANSACTION;
UPDATE vt0 SET (c1, c1)=(0.6429652579841402, NULL);
UPDATE OR FAIL vt0 SET c0 = x'84', c1 = 7.89640068E8, c0 = '767027764';
INSERT INTO vt0(vt0, rank) VALUES('rank', 'bm25(10.0, 5.0)');
UPDATE OR REPLACE vt0 SET c0 = NULL WHERE ((((((vt0.c0)OR(vt0.c0)))OR(vt0.c1))) BETWEEN (vt0.c1 COLLATE NOCASE) AND (CAST(vt0.c0 AS REAL)));
INSERT INTO vt0(vt0) VALUES('rebuild');
BEGIN IMMEDIATE TRANSACTION;
INSERT OR REPLACE INTO vt0(c1) VALUES (0Xffffffffa97b944e);
REINDEX;
INSERT OR IGNORE INTO vt0(c1, c0) VALUES ('۹QRQ<N㑤', '1025455204');
COMMIT;
ROLLBACK TRANSACTION;
-- SELECT * FROM vt0 WHERE (((((vt0.c1) NOT BETWEEN (vt0.c0) AND (vt0.c1)))IS NOT((((vt0.c1, vt0.c0))!=((vt0.c0, vt0.c1)))))) ORDER BY vt0.c1 DESC  NULLS FIRST;
-- cardinality: 1
-- SELECT * FROM vt0 WHERE (((((vt0.c1) NOT BETWEEN (vt0.c0) AND (vt0.c1)))IS NOT((((vt0.c1, vt0.c0))>((vt0.c0, vt0.c1)))))) ORDER BY ((vt0.c1) BETWEEN (vt0.c0) AND (vt0.c0)) COLLATE BINARY ASC, ((SQLITE_VERSION())>=(((NULL)>=(vt0.c1)))), (- (((((((((vt0.c1)OR(vt0.c1)))AND(vt0.c0)))OR(vt0.c0)))AND(vt0.c1))));
-- cardinality: 27
