--java.lang.AssertionError: the content of the result sets mismatch!
---- SELECT * FROM rt0, v0 WHERE ((((rt0.c6 IN (v0.c0, rt0.c8))) BETWEEN (((rt0.c5) BETWEEN (rt0.c2) AND (rt0.c8))) AND (((v0.c1) NOT BETWEEN (v0.c0) AND (rt0.c9))))) ORDER BY (NULLIF(DISTINCT rt0.c4, v0.c1) IN ((((rt0.c1, rt0.c1))>((rt0.c5, rt0.c6))))) DESC  NULLS LAST, ((CASE WHEN rt0.c0 THEN v0.c0 ELSE rt0.c4 END)<(((rt0.c9)%(rt0.c6)))) ASC, (~ (((('830229624')) BETWEEN ((rt0.c8)) AND ((rt0.c8))))) DESC  NULLS FIRST, NULL DESC;
---- misses: [0]
---- SELECT * FROM rt0, v0 WHERE ((((rt0.c6 IN (v0.c0))) BETWEEN (((rt0.c5) BETWEEN (rt0.c2) AND (rt0.c8))) AND (((v0.c1) NOT BETWEEN (v0.c0) AND (rt0.c9))))) ORDER BY (NULLIF(DISTINCT rt0.c4, v0.c1) IN ((((rt0.c1, rt0.c1))>((rt0.c5, rt0.c6))))) DESC  NULLS LAST, ((CASE WHEN rt0.c0 THEN v0.c0 ELSE rt0.c4 END)<(((rt0.c9)%(rt0.c6)))) ASC, (~ (((('830229624')) BETWEEN ((rt0.c8)) AND ((rt0.c8))))) DESC  NULLS FIRST, NULL DESC LIMIT 0X3;
---- misses: 2
--	at sqlancer.ComparatorHelper.assumeResultSetsAreSubset(ComparatorHelper.java:144)
--	at sqlancer.sqlite3.oracle.SQLite3SubsetOracle.checkSubsetQuery(SQLite3SubsetOracle.java:242)
--	at sqlancer.sqlite3.oracle.SQLite3SubsetOracle.check(SQLite3SubsetOracle.java:109)
--	at sqlancer.ProviderAdapter.generateAndTestDatabase(ProviderAdapter.java:49)
--	at sqlancer.Main$DBMSExecutor.run(Main.java:323)
--	at sqlancer.Main$2.run(Main.java:507)
--	at sqlancer.Main$2.runThread(Main.java:485)
--	at sqlancer.Main$2.run(Main.java:475)
--	at java.base/java.util.concurrent.ThreadPoolExecutor.runWorker(ThreadPoolExecutor.java:1130)
--	at java.base/java.util.concurrent.ThreadPoolExecutor$Worker.run(ThreadPoolExecutor.java:630)
--	at java.base/java.lang.Thread.run(Thread.java:831)
---- Time: 2021/05/19 01:09:34
-- Database: database6
-- Database version: 3.34.0
-- seed value: 1621357771650
PRAGMA cache_size = 50000;
PRAGMA temp_store=MEMORY;
PRAGMA synchronous=off;
PRAGMA case_sensitive_like=ON;
PRAGMA encoding = 'UTF-8';
CREATE VIRTUAL TABLE rt0 USING rtree_i32(c0, c1, c2, c3, c4, c5, c6, c7, c8, +c9 TEXT );
PRAGMA checkpoint_fullfsync;
UPDATE OR IGNORE rt0 SET c6 = 1582476336, c9 = '+0!' WHERE (CASE rt0.c7  WHEN rt0.c3 THEN rt0.c8 WHEN rt0.c6 THEN rt0.c3 ELSE rt0.c4 END IN ());
REINDEX;
UPDATE rt0 SET (c8, c3, c8)=(NULL, 0.08839513165751267, NULL) WHERE (((~ (rt0.c7))) BETWEEN (CASE rt0.c2  WHEN rt0.c6 THEN x'' WHEN 0.07352377077910432 THEN rt0.c0 ELSE rt0.c1 END) AND (((1.582476336E9)>=(1834892014))));
PRAGMA cache_spill;
INSERT OR IGNORE INTO rt0(c7, c5, c8, c0, c3, c1, c4, c6, c9, c2) VALUES (0.11531099382454346, NULL, 0x5e52ac30, 0.5393868850363354, NULL, 0.1578685484149005, x'59', NULL, 'o갰Jᘽ', 0.5660476116693469), ('[', x'8d', x'', '[', NULL, 0.984653764180125, 0.19375631850632358, '-349497795', 0xfffffffff21c8a48, (((x'', NULL, 0.984653764180125)) NOT BETWEEN ((((503447360)>(x'')), ((-233010616)OR(NULL)), ((0Xfffffffff21c8a48)*(NULL)))) AND (((('[')<<('1834892014')), (0.11531099382454346 IN ()), ((0.2707075739778937)>>(x'')))))), ('+0!', 0.34871176404799253, x'', '-349497795', '912263835', '-2078342877', NULL, 9.12263835E8, 'Fk', NULL);
PRAGMA temp.application_id = -6200733452982159620;
ROLLBACK TRANSACTION;
DELETE FROM sqlite_stat1;
DELETE FROM sqlite_stat1 WHERE CAST(NULL AS INTEGER) COLLATE BINARY;
PRAGMA temp.wal_autocheckpoint = -3242949386407348135;
CREATE VIEW v0(c0, c1) AS SELECT DISTINCT ((((rt0.c7)%(rt0.c0))) NOT BETWEEN (rt0.c0) AND (CASE rt0.c9  WHEN rt0.c2 THEN rt0.c4 WHEN rt0.c0 THEN rt0.c4 WHEN rt0.c2 THEN rt0.c8 END)), LOWER(((rt0.c6) BETWEEN (rt0.c6) AND (rt0.c0))) FROM rt0;
END;
PRAGMA locking_mode;
SELECT rtreecheck('rt0');
VACUUM;
VACUUM temp;
INSERT OR IGNORE INTO rt0(c6, c4, c1, c5, c9, c0, c2, c8) VALUES ('-2078342877', 0.8163845004621366, 0.5637407483502108, '-1604026087', NULL, 912263835, x'53', '912263835');
UPDATE rt0 SET (c0, c7, c4)=(0X1311e70b, '펇.!Fਹ|u', '-803598307');
UPDATE OR IGNORE rt0 SET (c1, c7, c1)=(0Xffffffffc0e10a39, 'W
9w^	B', 'Ad/e') WHERE LOWER((~ (rt0.c8)));
PRAGMA temp.locking_mode = EXCLUSIVE;
PRAGMA temp.threads = 3727705228820266990;
PRAGMA locking_mode = NORMAL;
UPDATE OR IGNORE rt0 SET (c5, c7)=(x'497d', '|Q⨫X<') WHERE (((TYPEOF(DISTINCT rt0.c1)))<=((json_array_length(rt0.c7, rt0.c9))));
UPDATE rt0 SET c7 = NULL;
INSERT OR IGNORE INTO rt0(c3, c9, c5, c0, c7) VALUES (NULL, -145488136, x'6927', NULL, x'822e'), (NULL, '	.L~mT5Z', 0x6d5e3aee, -2.33010616E8, '-2071194332');
PRAGMA cache_spill;
INSERT OR ABORT INTO rt0(c1, c8, c5, c7) VALUES ('bu<T䀐1', 0.9193988006267383, 'w	', 0.5660476116693469), (0.2707075739778937, NULL, '-1054172545', x'a0b4');
INSERT OR FAIL INTO rt0(c2, c7, c6, c5, c4, c3) VALUES ('', '', 0xffffffff9841ef03, 0Xffffffffc50ace62, '-827289738', '-145488136'), (NULL, NULL, -827289738, NULL, 0.5732575193844055, NULL), (NULL, x'', x'9bc8', '[#_TX', NULL, 0.20367691453200665);
INSERT OR IGNORE INTO rt0(c3, c6, c9, c0, c8, c7, c4, c2, c1) VALUES (-2.078342877E9, 0X754d7f27, 0x48648149, NULL, '0.19375631850632358', 'p&mrBW', '1258619692', NULL, x'');
END;
ROLLBACK TRANSACTION;
BEGIN IMMEDIATE TRANSACTION;
BEGIN DEFERRED TRANSACTION;
UPDATE rt0 SET c2 = 0xffffffff848c1524;
UPDATE rt0 SET c9 = 1850160807, c4 = 0Xffffffffc0e10a39;
UPDATE OR REPLACE rt0 SET c0 = 0.5802272617033091, c7 = 0.9271351756062256;
REINDEX;
INSERT OR IGNORE INTO rt0(c6, c8, c5, c1, c3, c9, c0, c4) VALUES ('-868339439', 0.8163845004621366, NULL, 0Xffffffffc9678075, x'0d73ef41', NULL, x'ac', NULL);
ANALYZE;
ROLLBACK TRANSACTION;
INSERT OR IGNORE INTO rt0(c2, c9, c6, c0, c4) VALUES (NULL, x'2b', 1821449552, NULL, NULL), (x'', -8.68339439E8, x'7a84b83f', x'bb', 'AdDW');
REINDEX;
ANALYZE sqlite_master;
DELETE FROM sqlite_stat1;
REINDEX  rt0;
UPDATE rt0 SET (c3, c9, c3)=(0.8492521705824085, x'cb058f', NULL);
INSERT OR ROLLBACK INTO rt0(c1, c2, c8) VALUES (-843577187, NULL, -989147550), (x'', '404108144', NULL), (NULL, 0X6d5e3aee, '&Ebyb');
INSERT OR ROLLBACK INTO rt0(c3) VALUES ('f'), (0.877365001248515), ('l'), (NULL), ('z');
UPDATE OR REPLACE rt0 SET (c4)=(-8.27289738E8) WHERE ((((((((rt0.c5)OR(rt0.c0)))OR((+ (rt0.c1)))))OR(rt0.c4 COLLATE RTRIM)))AND((((rt0.c5, rt0.c8)) NOT BETWEEN ((rt0.c6, rt0.c6)) AND ((rt0.c3, rt0.c5)))));
UPDATE OR FAIL rt0 SET c5 = '-1740509437' WHERE ((((((rt0.c3)AND(rt0.c9)))OR(rt0.c8))) NOT BETWEEN (((rt0.c9)LIKE('f'))) AND ('1821449552'));
PRAGMA ignore_check_constraints;
DELETE FROM sqlite_stat1;
INSERT OR IGNORE INTO rt0(c8, c4, c5, c2, c0, c9, c3, c6, c7) VALUES (NULL, NULL, '0.9271351756062256', 0.5660476116693469, NULL, x'28', NULL, '''qQ', '1434871214');
ROLLBACK TRANSACTION;
INSERT OR IGNORE INTO rt0(c9, c7, c3, c0, c5, c6) VALUES (x'', 0.4050592544482984, NULL, 0.4060790867601327, '377869339', 0.620325709294299), ('&3Lq', x'', 0x5d1ab796, '352968963', '404108144', '637622351'), ('x', NULL, 'JD[', x'2f', NULL, 0.36686426383703574);
ANALYZE;
COMMIT;
PRAGMA defer_foreign_keys;
INSERT OR IGNORE INTO rt0(c8) VALUES (1.434871214E9), (0.10061981528294472), (912263835), ('-1746402465');
REINDEX;
DELETE FROM sqlite_stat1;
REINDEX  rt0;
REINDEX  rt0;
INSERT OR FAIL INTO rt0(c2, c8, c5, c7) VALUES (x'', 0.3364828789589057, 0xa248b61, 0Xffffffffa1a62da5), ('358959754', -1652202038, 0.2831963391686567, 0Xffffffffb77ff355), (NULL, x'', '-1416494724', 0.4043636337571671), (x'b7', '-1746402465', NULL, NULL), (NULL, 0.28999820126290166, 0.1578685484149005, x'48'), ('0.4060790867601327', '%', 0.6995890342059139, NULL);
INSERT OR REPLACE INTO rt0(c0, c6, c7, c9) VALUES ('[#_TX', NULL, NULL, 0.8850352507418514), (CASE ((x'')<>('-1561371020'))  WHEN ((((((((0.5732575193844055)AND(x'fb06')))AND(x'8558')))OR(NULL)))OR(1.7976931348623157E308)) THEN ((((x'dd7e')AND(0Xffffffffeb52222e)))AND('-2061868663')) END, NULL, NULL, 0.45061045038851266), (NULL, 'CmJ?>t郜', x'', 'sphs紎Ch#}');
VACUUM temp;
PRAGMA temp.wal_autocheckpoint;
END TRANSACTION;
BEGIN  TRANSACTION;
PRAGMA main.threads;
END;
INSERT OR IGNORE INTO rt0(c6, c3, c2, c1, c8, c0, c5, c9, c7, c4) VALUES (x'2dd3', 0.3366757992525007, NULL, x'ce', 'Pb#Bc.5(', NULL, 0.5846564286883862, '1473129828', x'', '-1812593837');
COMMIT;
ROLLBACK TRANSACTION;
-- SELECT * FROM rt0, v0 WHERE ((((rt0.c6 IN (v0.c0, rt0.c8))) BETWEEN (((rt0.c5) BETWEEN (rt0.c2) AND (rt0.c8))) AND (((v0.c1) NOT BETWEEN (v0.c0) AND (rt0.c9))))) ORDER BY (NULLIF(DISTINCT rt0.c4, v0.c1) IN ((((rt0.c1, rt0.c1))>((rt0.c5, rt0.c6))))) DESC  NULLS LAST, ((CASE WHEN rt0.c0 THEN v0.c0 ELSE rt0.c4 END)<(((rt0.c9)%(rt0.c6)))) ASC, (~ (((('830229624')) BETWEEN ((rt0.c8)) AND ((rt0.c8))))) DESC  NULLS FIRST, NULL DESC;
-- misses: [0]
-- SELECT * FROM rt0, v0 WHERE ((((rt0.c6 IN (v0.c0))) BETWEEN (((rt0.c5) BETWEEN (rt0.c2) AND (rt0.c8))) AND (((v0.c1) NOT BETWEEN (v0.c0) AND (rt0.c9))))) ORDER BY (NULLIF(DISTINCT rt0.c4, v0.c1) IN ((((rt0.c1, rt0.c1))>((rt0.c5, rt0.c6))))) DESC  NULLS LAST, ((CASE WHEN rt0.c0 THEN v0.c0 ELSE rt0.c4 END)<(((rt0.c9)%(rt0.c6)))) ASC, (~ (((('830229624')) BETWEEN ((rt0.c8)) AND ((rt0.c8))))) DESC  NULLS FIRST, NULL DESC LIMIT 0X3;
-- misses: 2
