--java.lang.AssertionError: the size of the result sets mismatch (0 and 1)!
---- SELECT * FROM vt1 WHERE ((((vt1.c1 IN ()))GLOB(((vt1.c0)<>(vt1.c1)))));
---- cardinality: 0
---- SELECT ALL * FROM vt1 WHERE ((((vt1.c1 IN ()))GLOB(((vt1.c0)<(vt1.c1))))) ORDER BY CAST((- (vt1.c1)) AS INTEGER) DESC  NULLS LAST LIMIT 0x1;
---- cardinality: 1
--	at sqlancer.ComparatorHelper.assumeResultSetsAreSubset(ComparatorHelper.java:126)
--	at sqlancer.sqlite3.oracle.SQLite3SubsetOracle.checkSubsetQuery(SQLite3SubsetOracle.java:242)
--	at sqlancer.sqlite3.oracle.SQLite3SubsetOracle.check(SQLite3SubsetOracle.java:109)
--	at sqlancer.ProviderAdapter.generateAndTestDatabase(ProviderAdapter.java:49)
--	at sqlancer.Main$DBMSExecutor.run(Main.java:323)
--	at sqlancer.Main$2.run(Main.java:507)
--	at sqlancer.Main$2.runThread(Main.java:485)
--	at sqlancer.Main$2.run(Main.java:475)
--	at java.base/java.util.concurrent.ThreadPoolExecutor.runWorker(ThreadPoolExecutor.java:1130)
--	at java.base/java.util.concurrent.ThreadPoolExecutor$Worker.run(ThreadPoolExecutor.java:630)
--	at java.base/java.lang.Thread.run(Thread.java:831)
---- Time: 2021/05/19 01:09:37
-- Database: database18
-- Database version: 3.34.0
-- seed value: 1621357771662
PRAGMA cache_size = 50000;
PRAGMA temp_store=MEMORY;
PRAGMA synchronous=off;
PRAGMA case_sensitive_like=ON;
PRAGMA encoding = 'UTF-16be';
CREATE VIRTUAL TABLE rt0 USING rtree(c0, c1, c2, c3, c4, c5, +c6 BLOB );
CREATE VIRTUAL TABLE vt1 USING fts4(c0, c1 UNINDEXED, matchinfo=fts3);
PRAGMA checkpoint_fullfsync = true;
UPDATE OR FAIL vt1 SET c0 = 0.6878575651698283, c1 = x'';
UPDATE OR IGNORE vt1 SET c1 = NULL, c1 = 0xffffffffd2d3541d;
PRAGMA threads;
UPDATE vt1 SET c0 = x'82', c1 = 0.22552769617154667, c1 = 0.5138318291476706;
INSERT OR IGNORE INTO vt1(c1) VALUES (x'e5'), (x''), (NULL);
CREATE VIEW v0(c0, c1, c2) AS SELECT GROUP_CONCAT(((((((((vt1.c1)OR(vt1.c0)))OR(vt1.c1)))OR(vt1.c1)))OR(vt1.c0))) OVER (), ((vt1.c0 COLLATE NOCASE)|(((vt1.c1) BETWEEN ('0.22552769617154667') AND (vt1.c0)))), SUM((vt1.c0 IN (NULL)) COLLATE NOCASE) OVER ( ORDER BY 0X14982038 ASC) FROM vt1 WHERE (CASE WHEN ((0x14982038)AND(0.15577326821348492)) THEN (x'' IN (NULL)) WHEN (((0.7135857647115267, 0.7930462725983787, x'd3b1c0', '[')) BETWEEN ((x'', '-757902307', '345514040', x'f9')) AND ((x'9c', 0.7338276578367213, NULL, '345514040'))) THEN DATETIME(3.4551404E8, -757902307, x'40', '䂤') WHEN (NOT (NULL)) THEN (('-637031859') NOT BETWEEN (NULL) AND (NULL)) END);
BEGIN IMMEDIATE TRANSACTION;
PRAGMA ignore_check_constraints;
ROLLBACK TRANSACTION;
PRAGMA temp.application_id;
INSERT INTO vt1(vt1, rank) VALUES('merge', -757902307);
;
INSERT INTO vt1(vt1, rank) VALUES('merge', -1067114523);
;
INSERT INTO vt1(vt1) VALUES('integrity-check');
INSERT OR IGNORE INTO sqlite_stat1 VALUES('v0', 'vt1', '');
DELETE FROM sqlite_stat1;
DELETE FROM sqlite_stat1 WHERE ((((json_object(x'fdbe', NULL))OR(CAST(x'' AS NUMERIC))))AND(((x'')>=(0X24b640a4))));
DELETE FROM sqlite_stat1;
INSERT OR IGNORE INTO sqlite_stat1 VALUES('v0', 'vt1', '1');
INSERT OR IGNORE INTO sqlite_stat1 VALUES('v0', 'sqlite_autoindex_vt1_segdir_1', ' sz=-1067114523 noskipscan');
INSERT OR IGNORE INTO sqlite_stat1 VALUES('v0', 'sqlite_autoindex_vt1_segdir_1', '1 unordered noskipscan');
INSERT OR IGNORE INTO sqlite_stat1 VALUES('v0', 'sqlite_autoindex_vt1_segdir_1', '-637031859');
DELETE FROM sqlite_stat1;
INSERT OR IGNORE INTO sqlite_stat1 VALUES('vt1', 'v0', '1367184240 sz=1729661663 unordered');
DELETE FROM sqlite_stat1;
INSERT OR IGNORE INTO sqlite_stat1 VALUES('vt1', 'sqlite_autoindex_vt1_segdir_1', '2 sz=-326459721 unordered');
INSERT OR IGNORE INTO sqlite_stat1 VALUES('v0', 'sqlite_autoindex_vt1_segdir_1', '2 noskipscan');
DELETE FROM sqlite_stat1;
DELETE FROM sqlite_stat1 WHERE x'' COLLATE RTRIM;
DELETE FROM sqlite_stat1;
DELETE FROM sqlite_stat1 WHERE (((((x'f5f8', '')) NOT BETWEEN (('1173938805', x'a4d6')) AND ((x'', 'L|殏'))))<>(CASE NULL  WHEN NULL THEN '615923876' WHEN NULL THEN -7.57902307E8 ELSE NULL END));
INSERT OR IGNORE INTO sqlite_stat1 VALUES('vt1', 'vt1', '-841203176 unordered');
INSERT OR IGNORE INTO sqlite_stat1 VALUES('v0', 'v0', ' unordered');
DELETE FROM sqlite_stat1;
INSERT OR IGNORE INTO sqlite_stat1 VALUES('vt1', 'sqlite_autoindex_vt1_segdir_1', '2 unordered noskipscan');
DELETE FROM sqlite_stat1;
INSERT OR IGNORE INTO sqlite_stat1 VALUES('v0', 'sqlite_autoindex_vt1_segdir_1', '-757902307');
DELETE FROM sqlite_stat1 WHERE NULLIF(DISTINCT ((0.23784727395044303)!=(6.15923876E8)), (('615923876')LIKE('101352890')));
DELETE FROM sqlite_stat1 WHERE ((CASE WHEN x'2cc083b9' THEN 0.2531803009711411 ELSE '929445258' END)+(((((0.6735710501648677)OR(NULL)))OR(NULL))));
INSERT OR IGNORE INTO sqlite_stat1 VALUES('vt1', 'sqlite_autoindex_vt1_segdir_1', '0 sz=1630845407 unordered');
INSERT OR IGNORE INTO sqlite_stat1 VALUES('vt1', 'sqlite_autoindex_vt1_segdir_1', '1 sz=-1844818550 noskipscan');
DELETE FROM sqlite_stat1 WHERE (~ ((((0.8175947210099783))>=(('-2127402730')))));
INSERT OR IGNORE INTO sqlite_stat1 VALUES('vt1', 'sqlite_autoindex_vt1_segdir_1', '920915982 unordered');
INSERT OR IGNORE INTO sqlite_stat1 VALUES('vt1', 'v0', '21271092 sz=343401058 noskipscan');
DELETE FROM sqlite_stat1;
DELETE FROM sqlite_stat1;
INSERT OR IGNORE INTO sqlite_stat1 VALUES('v0', 'vt1', '0');
INSERT OR IGNORE INTO sqlite_stat1 VALUES('v0', 'sqlite_autoindex_vt1_segdir_1', '1173938805 sz=-1067114523');
DELETE FROM sqlite_stat1;
DELETE FROM sqlite_stat1;
INSERT OR IGNORE INTO sqlite_stat1 VALUES('v0', 'sqlite_autoindex_vt1_segdir_1', '-1067114523 noskipscan');
DELETE FROM sqlite_stat1;
DELETE FROM sqlite_stat1;
INSERT OR IGNORE INTO sqlite_stat1 VALUES('v0', 'sqlite_autoindex_vt1_segdir_1', ' unordered noskipscan');
DELETE FROM sqlite_stat1;
INSERT OR IGNORE INTO sqlite_stat1 VALUES('vt1', 'v0', ' noskipscan');
INSERT OR IGNORE INTO sqlite_stat1 VALUES('vt1', 'v0', '2 32506213 unordered');
INSERT OR IGNORE INTO sqlite_stat1 VALUES('vt1', 'sqlite_autoindex_vt1_segdir_1', '-707585088 sz=768350880 noskipscan');
DELETE FROM sqlite_stat1 WHERE (((((0X1230b0b8, 929445258))==((')HD', '-637031859')))) NOT BETWEEN (((',u_')IS NOT(0x629cdd08))) AND ((NOT (NULL))));
DELETE FROM sqlite_stat1;
DELETE FROM sqlite_stat1 WHERE (((('o')<=(0.6437225982604254)))<=(CASE WHEN 1468832677 THEN 0.23784727395044303 WHEN 0.5981874271049618 THEN x'8dfc' WHEN '920915982' THEN NULL END));
INSERT OR IGNORE INTO sqlite_stat1 VALUES('v0', 'sqlite_autoindex_vt1_segdir_1', '1 sz=929445258 noskipscan');
DELETE FROM sqlite_stat1;
DELETE FROM sqlite_stat1 WHERE CASE WHEN ((x'9e5b') BETWEEN ('') AND ('''+O]b')) THEN (- (-5674097)) WHEN ((-624547642)>>(0.8175947210099783)) THEN (('L|殏')%('[')) WHEN (('-1067114523') ISNULL) THEN NULL ELSE ((0.22552769617154667) BETWEEN ('1367184240') AND (x'')) END;
INSERT OR IGNORE INTO sqlite_stat1 VALUES('v0', 'vt1', '0 unordered');
DELETE FROM sqlite_stat1;
DELETE FROM sqlite_stat1;
INSERT OR IGNORE INTO sqlite_stat1 VALUES('vt1', 'sqlite_autoindex_vt1_segdir_1', '0 0');
INSERT OR IGNORE INTO sqlite_stat1 VALUES('v0', 'sqlite_autoindex_vt1_segdir_1', '3 sz=-335313520 unordered noskipscan');
INSERT OR IGNORE INTO sqlite_stat1 VALUES('vt1', 'sqlite_autoindex_vt1_segdir_1', '1367184240 sz=768350880 noskipscan');
DELETE FROM sqlite_stat1;
INSERT OR IGNORE INTO sqlite_stat1 VALUES('vt1', 'sqlite_autoindex_vt1_segdir_1', '2 unordered noskipscan');
INSERT OR IGNORE INTO sqlite_stat1 VALUES('vt1', 'vt1', '1644449794');
INSERT OR IGNORE INTO sqlite_stat1 VALUES('vt1', 'v0', '615923876 sz=-335313520 unordered noskipscan');
INSERT OR IGNORE INTO sqlite_stat1 VALUES('v0', 'v0', '2 sz=618562927 noskipscan');
INSERT OR IGNORE INTO sqlite_stat1 VALUES('vt1', 'vt1', '258554064 0 noskipscan');
DELETE FROM sqlite_stat1 WHERE ((x'4693759f')<>(0.22845794843892375 COLLATE BINARY));
INSERT OR IGNORE INTO sqlite_stat1 VALUES('vt1', 'v0', '2 2 sz=1047413736');
INSERT OR IGNORE INTO sqlite_stat1 VALUES('v0', 'sqlite_autoindex_vt1_segdir_1', ' unordered noskipscan');
INSERT OR IGNORE INTO sqlite_stat1 VALUES('v0', 'vt1', ' unordered');
INSERT OR IGNORE INTO sqlite_stat1 VALUES('vt1', 'sqlite_autoindex_vt1_segdir_1', '');
DELETE FROM sqlite_stat1 WHERE (((((1.36718424E9 IN ('o', 's''>p')))AND(x'')))AND(((x'ef9c') NOT BETWEEN ('') AND (NULL))));
INSERT OR IGNORE INTO sqlite_stat1 VALUES('vt1', 'sqlite_autoindex_vt1_segdir_1', '5 unordered noskipscan');
INSERT OR IGNORE INTO sqlite_stat1 VALUES('v0', 'sqlite_autoindex_vt1_segdir_1', '0 noskipscan');
DELETE FROM sqlite_stat1;
DELETE FROM sqlite_stat1 WHERE x'8f';
INSERT OR IGNORE INTO sqlite_stat1 VALUES('v0', 'sqlite_autoindex_vt1_segdir_1', '-2127402730 unordered');
DELETE FROM sqlite_stat1 WHERE (- (((0.2807140998460379) IS TRUE)));
INSERT OR IGNORE INTO sqlite_stat1 VALUES('v0', 'v0', '0 1 noskipscan');
INSERT OR IGNORE INTO sqlite_stat1 VALUES('v0', 'v0', '0');
DELETE FROM sqlite_stat1;
DELETE FROM sqlite_stat1;
INSERT OR IGNORE INTO sqlite_stat1 VALUES('vt1', 'v0', ' noskipscan');
DELETE FROM sqlite_stat1 WHERE NULL;
DELETE FROM sqlite_stat1;
DELETE FROM sqlite_stat1 WHERE ((((x'', '1t<_')) BETWEEN ((0.7338276578367213, x'ecbe144937')) AND ((0.5718771436063474, NULL))) IN (x''));
DELETE FROM sqlite_stat1 WHERE 0.705285612693276;
INSERT OR IGNORE INTO sqlite_stat1 VALUES('v0', 'vt1', ' unordered');
DELETE FROM sqlite_stat1;
DELETE FROM sqlite_stat1 WHERE '-286619625' COLLATE BINARY;
DELETE FROM sqlite_stat1 WHERE rtreenode(CASE 0.9079857999125378  WHEN 1047413736 THEN x'd72c8e46' ELSE 0.5718771436063474 END, ((0Xffffffffc0651fe5)<('1843766385')));
DELETE FROM sqlite_stat1 WHERE ABS(((NULL) IS FALSE));
INSERT OR IGNORE INTO sqlite_stat1 VALUES('vt1', 'sqlite_autoindex_vt1_segdir_1', '0 sz=935056110 noskipscan');
DELETE FROM sqlite_stat1;
DELETE FROM sqlite_stat1 WHERE (((((x'9627'))>(('-1234102707')))) NOTNULL);
DELETE FROM sqlite_stat1 WHERE (((('343401058')) NOT BETWEEN ((x'f9f4')) AND ((NULL))) IN (CAST(x'' AS TEXT)));
INSERT OR IGNORE INTO sqlite_stat1 VALUES('v0', 'sqlite_autoindex_vt1_segdir_1', ' unordered noskipscan');
DELETE FROM sqlite_stat1 WHERE ((((NULL) NOT NULL))LIKE(TRIM(x'')));
INSERT OR IGNORE INTO sqlite_stat1 VALUES('v0', 'vt1', ' sz=1730619547 noskipscan');
INSERT OR IGNORE INTO sqlite_stat1 VALUES('v0', 'sqlite_autoindex_vt1_segdir_1', '-286619625 sz=768350880 noskipscan');
INSERT OR IGNORE INTO sqlite_stat1 VALUES('vt1', 'sqlite_autoindex_vt1_segdir_1', ' sz=-635203598');
INSERT OR IGNORE INTO sqlite_stat1 VALUES('vt1', 'vt1', ' noskipscan');
DELETE FROM sqlite_stat1 WHERE (('-558414326') NOTNULL) COLLATE BINARY;
INSERT OR IGNORE INTO sqlite_stat1 VALUES('vt1', 'sqlite_autoindex_vt1_segdir_1', '1 unordered');
INSERT OR IGNORE INTO sqlite_stat1 VALUES('vt1', 'sqlite_autoindex_vt1_segdir_1', '0 sz=-5674097 noskipscan');
INSERT OR IGNORE INTO sqlite_stat1 VALUES('v0', 'sqlite_autoindex_vt1_segdir_1', '1 -635203598 sz=21271092');
DELETE FROM sqlite_stat1 WHERE TYPEOF(DISTINCT CASE NULL  WHEN NULL THEN NULL END);
DELETE FROM sqlite_stat1;
INSERT OR IGNORE INTO sqlite_stat1 VALUES('vt1', 'vt1', '1 sz=-2038281165 noskipscan');
DELETE FROM sqlite_stat1 WHERE ((((NULL) BETWEEN ('0t3VKP') AND (''))) BETWEEN ('#') AND ((('920915982')LIKE(-3.26459721E8))));
DELETE FROM sqlite_stat1;
DELETE FROM sqlite_stat1;
DELETE FROM sqlite_stat1;
INSERT OR IGNORE INTO sqlite_stat1 VALUES('vt1', 'sqlite_autoindex_vt1_segdir_1', '0 unordered');
INSERT OR IGNORE INTO sqlite_stat1 VALUES('v0', 'sqlite_autoindex_vt1_segdir_1', '0 noskipscan');
DELETE FROM sqlite_stat1 WHERE (((0.9633115728778252, x'', 0.9077201638645574)) NOT BETWEEN ((-3.26459721E8 COLLATE NOCASE, ((x'f0') BETWEEN ('|/jf^M!C ') AND (NULL)), (((((('0.7338276578367213')AND(x'')))OR(NULL)))AND(0x62045002)))) AND (((('-1791157238')OR('x8鈴콬++僷녥h')), ((('-652094336', 714411549, -264351497)) NOT BETWEEN ((0.6735710501648677, NULL, '')) AND ((-2.12740273E9, 0.546465383853977, x''))), STRFTIME(x'', 0Xffffffffd0de4075, '1269145269', 0.8310715250168766))));
INSERT OR IGNORE INTO sqlite_stat1 VALUES('v0', 'v0', '');
INSERT OR IGNORE INTO sqlite_stat1 VALUES('v0', 'sqlite_autoindex_vt1_segdir_1', '0');
INSERT OR IGNORE INTO sqlite_stat1 VALUES('vt1', 'v0', ' unordered noskipscan');
DELETE FROM sqlite_stat1 WHERE (~ ((('') IS TRUE)));
DELETE FROM sqlite_stat1;
DELETE FROM sqlite_stat1;
INSERT OR IGNORE INTO sqlite_stat1 VALUES('vt1', 'v0', '0 sz=-1408674184 noskipscan');
DELETE FROM sqlite_stat1 WHERE ((NULL)&(LIKELIHOOD(DISTINCT '1047413736', NULL)));
DELETE FROM sqlite_stat1 WHERE ((754692099 COLLATE NOCASE)-(((x'') BETWEEN (0.718401191265116) AND (x''))));
DELETE FROM sqlite_stat1 WHERE ((((((((((x'ca')<<('')))AND(('' IN ()))))AND(((((((((x'94ec6d')OR(0Xffffffffcddc4218)))AND(-2.86619625E8)))AND(x'3e1cbc')))AND(0Xffffffffdac628c6)))))OR((('TRUE') NOT NULL))))AND(((('0.8310715250168766')) NOT BETWEEN ((NULL)) AND ((0.6735710501648677)))));
DELETE FROM sqlite_stat1 WHERE ((0.5787130268887571)IS(0.5138318291476706)) COLLATE NOCASE;
INSERT OR IGNORE INTO sqlite_stat1 VALUES('v0', 'vt1', ' unordered noskipscan');
DELETE FROM sqlite_stat1 WHERE (('-130381765') BETWEEN (CAST('' AS BLOB)) AND (-1169506035 COLLATE NOCASE));
INSERT OR IGNORE INTO sqlite_stat1 VALUES('vt1', 'vt1', '1173938805 sz=-757902307 unordered');
INSERT OR IGNORE INTO sqlite_stat1 VALUES('vt1', 'v0', ' sz=-1169506035');
DELETE FROM sqlite_stat1 WHERE (((NULL)) NOT BETWEEN ((((x'') NOT NULL))) AND ((LTRIM(NULL, x''))));
DELETE FROM sqlite_stat1;
INSERT OR IGNORE INTO sqlite_stat1 VALUES('v0', 'v0', '-1364915766 sz=618562927');
DELETE FROM sqlite_stat1;
INSERT OR IGNORE INTO sqlite_stat1 VALUES('vt1', 'vt1', ' sz=381300539 noskipscan');
INSERT OR IGNORE INTO sqlite_stat1 VALUES('v0', 'v0', ' noskipscan');
DELETE FROM sqlite_stat1 WHERE CAST(((((((0.9872397124392178)OR('1595081513')))OR(x'37')))OR(x'ec4c07')) AS TEXT);
INSERT OR IGNORE INTO sqlite_stat1 VALUES('vt1', 'vt1', ' sz=-2081089654 noskipscan');
INSERT OR IGNORE INTO sqlite_stat1 VALUES('v0', 'sqlite_autoindex_vt1_segdir_1', '2 1847681787 -1358152625 sz=-1628510110 noskipscan');
INSERT OR IGNORE INTO sqlite_stat1 VALUES('v0', 'v0', '0 2 -1364915766 unordered');
DELETE FROM sqlite_stat1;
DELETE FROM sqlite_stat1;
INSERT OR IGNORE INTO sqlite_stat1 VALUES('v0', 'sqlite_autoindex_vt1_segdir_1', '1 noskipscan');
INSERT OR IGNORE INTO sqlite_stat1 VALUES('vt1', 'v0', '1 -2046289318 sz=-2046289318 noskipscan');
INSERT OR IGNORE INTO sqlite_stat1 VALUES('v0', 'v0', ' sz=1847681787');
INSERT OR IGNORE INTO sqlite_stat1 VALUES('vt1', 'v0', '1 sz=-2081089654');
DELETE FROM sqlite_stat1;
DELETE FROM sqlite_stat1 WHERE CASE CAST('1451872936' AS NUMERIC)  WHEN ((((NULL)OR(NULL)))AND(')hd')) THEN HEX(x'') WHEN (((724715347))<((x'942e0cf4'))) THEN NULL WHEN (~ (0.04268810021729774)) THEN ((((((((0X164af3b0)AND(0X1b9a0df3)))OR(NULL)))AND(0.9968753404868614)))AND(x'')) END;
INSERT OR IGNORE INTO sqlite_stat1 VALUES('v0', 'sqlite_autoindex_vt1_segdir_1', '1121701740 unordered noskipscan');
INSERT OR IGNORE INTO sqlite_stat1 VALUES('v0', 'sqlite_autoindex_vt1_segdir_1', '1458110164 unordered');
DELETE FROM sqlite_stat1 WHERE x'dd';
DELETE FROM sqlite_stat1 WHERE ((CAST(NULL AS TEXT))LIKE((((NULL)) NOT BETWEEN (('Sy#U)')) AND ((0.7425852574766163)))));
DELETE FROM sqlite_stat1;
INSERT OR IGNORE INTO sqlite_stat1 VALUES('vt1', 'sqlite_autoindex_vt1_segdir_1', ' sz=-2081089654');
DELETE FROM sqlite_stat1 WHERE ((((('p') NOT BETWEEN ('1843766385') AND (0.7930462725983787))))!=(((-1.62851011E9 IN ()))));
DELETE FROM sqlite_stat1 WHERE (((((0.2705360498000535)<>(x''))))==((json_array_length(NULL, 0X4a4176a5))));
INSERT OR IGNORE INTO sqlite_stat1 VALUES('vt1', 'sqlite_autoindex_vt1_segdir_1', ' sz=1029704324');
DELETE FROM sqlite_stat1 WHERE (((NOT (NULL))) IS TRUE);
DELETE FROM sqlite_stat1;
DELETE FROM sqlite_stat1 WHERE ((((NULL, 1.843766385E9, '-1408674184', 0.9065111082146229)) BETWEEN ((0.7135857647115267, x'', NULL, x'ea')) AND ((1.12170174E9, 0.938863164610557, x'', ''))) IN ((-7.57902307E8 IN ())));
INSERT OR IGNORE INTO sqlite_stat1 VALUES('v0', 'sqlite_autoindex_vt1_segdir_1', '1 noskipscan');
DELETE FROM sqlite_stat1 WHERE CAST(TRIM(DISTINCT ')hd', 1.029704324E9) AS BLOB);
INSERT OR IGNORE INTO sqlite_stat1 VALUES('vt1', 'vt1', '1 unordered noskipscan');
INSERT OR IGNORE INTO sqlite_stat1 VALUES('v0', 'v0', '0 unordered');
INSERT OR IGNORE INTO sqlite_stat1 VALUES('vt1', 'v0', '0 0 sz=1458110164 noskipscan');
INSERT OR IGNORE INTO sqlite_stat1 VALUES('v0', 'vt1', '1 0 sz=-335313520');
INSERT OR IGNORE INTO sqlite_stat1 VALUES('vt1', 'v0', ' sz=21271092 unordered');
INSERT OR IGNORE INTO sqlite_stat1 VALUES('v0', 'sqlite_autoindex_vt1_segdir_1', '1299638610 unordered noskipscan');
DELETE FROM sqlite_stat1;
DELETE FROM sqlite_stat1 WHERE (((x'dcb4a0', '1047413736')) NOT BETWEEN (('-640489221', CAST(1230436426 AS BLOB))) AND ((((('gMd')) NOT BETWEEN ((0.705285612693276)) AND ((0.9990920255037324))), (0.558812568703904 IN (x'0d', NULL)))));
DELETE FROM sqlite_stat1 WHERE ((((((x'ac')) NOT BETWEEN ((-1791157238)) AND ((0.9065111082146229))), CAST(x'82' AS TEXT), (NOT (0.20954610747957159))))==((((NULL) BETWEEN (0.50294349359328) AND (NULL)), 0.5436963229393406, (+ (0.19175272902476248)))));
DELETE FROM sqlite_stat1;
DELETE FROM sqlite_stat1;
DELETE FROM sqlite_stat1 WHERE (('-380708997') NOT BETWEEN (json_remove(NULL, '''+O]B')) AND (((NULL)+(x'fc'))));
DELETE FROM sqlite_stat1 WHERE ((TYPEOF(DISTINCT 2.1271092E7))>=((('')AND(x'4c'))));
DELETE FROM sqlite_stat1 WHERE CAST(CASE WHEN NULL THEN NULL END AS BLOB);
DELETE FROM sqlite_stat1 WHERE ((((((((((((((NULL)OR(0.37354013104782036)))AND('1173938805')))AND(x'980784')))OR(0.296125741586469)))OR('-316303965')))OR('-1122952596')))<=((~ (0.6193369905808567))));
INSERT OR IGNORE INTO sqlite_stat1 VALUES('v0', 'sqlite_autoindex_vt1_segdir_1', ' sz=2011659437');
DELETE FROM sqlite_stat1;
INSERT OR IGNORE INTO sqlite_stat1 VALUES('v0', 'v0', '0 sz=-983853093 unordered');
INSERT OR IGNORE INTO sqlite_stat1 VALUES('v0', 'vt1', '931266565 sz=-1358152625');
DELETE FROM sqlite_stat1 WHERE CAST(LOWER(x'') AS INTEGER);
INSERT OR IGNORE INTO sqlite_stat1 VALUES('v0', 'v0', '0 unordered noskipscan');
DELETE FROM sqlite_stat1;
DELETE FROM sqlite_stat1;
DELETE FROM sqlite_stat1 WHERE (((((NULL, ''))<=(('856469861', '~~'))))<<(((0.41030045814767213)IS NOT('萇rCAd'))));
DELETE FROM sqlite_stat1 WHERE CAST(((NULL) ISNULL) AS REAL);
DELETE FROM sqlite_stat1 WHERE x'';
INSERT OR IGNORE INTO sqlite_stat1 VALUES('v0', 'sqlite_autoindex_vt1_segdir_1', ' sz=-1728737727');
DELETE FROM sqlite_stat1;
INSERT OR IGNORE INTO sqlite_stat1 VALUES('vt1', 'vt1', '297690481 unordered noskipscan');
INSERT OR IGNORE INTO sqlite_stat1 VALUES('v0', 'vt1', '381300539 sz=-1017404822');
INSERT OR IGNORE INTO sqlite_stat1 VALUES('v0', 'v0', ' unordered noskipscan');
INSERT OR IGNORE INTO sqlite_stat1 VALUES('v0', 'sqlite_autoindex_vt1_segdir_1', ' sz=-1432416200 noskipscan');
INSERT OR IGNORE INTO sqlite_stat1 VALUES('vt1', 'v0', ' sz=2077995519');
INSERT OR IGNORE INTO sqlite_stat1 VALUES('vt1', 'sqlite_autoindex_vt1_segdir_1', '920915982 sz=-915029424 unordered noskipscan');
INSERT OR IGNORE INTO sqlite_stat1 VALUES('vt1', 'vt1', '2 unordered');
DELETE FROM sqlite_stat1 WHERE ((((x'f32a')OR(('-1e500' IN (x'', 0.1815678517994589)))))AND(((((NULL)OR('풀#')))AND('1468832677'))));
DELETE FROM sqlite_stat1;
INSERT OR IGNORE INTO sqlite_stat1 VALUES('v0', 'sqlite_autoindex_vt1_segdir_1', ' sz=1148994335 noskipscan');
DELETE FROM sqlite_stat1;
INSERT OR IGNORE INTO sqlite_stat1 VALUES('vt1', 'v0', '1 sz=1409977447');
INSERT OR IGNORE INTO sqlite_stat1 VALUES('v0', 'vt1', '');
INSERT OR IGNORE INTO sqlite_stat1 VALUES('vt1', 'vt1', ' unordered');
INSERT OR IGNORE INTO sqlite_stat1 VALUES('v0', 'v0', '-2058342109 1 sz=-1287524755 unordered');
DELETE FROM sqlite_stat1 WHERE ((CAST(x'3ea8' AS NUMERIC))%((((((('')AND(NULL)))AND(x'de')))OR(-2.038281165E9))));
INSERT OR IGNORE INTO sqlite_stat1 VALUES('vt1', 'sqlite_autoindex_vt1_segdir_1', ' sz=1769291611 unordered');
INSERT OR IGNORE INTO sqlite_stat1 VALUES('v0', 'vt1', '1847681787 sz=0 unordered');
INSERT OR IGNORE INTO sqlite_stat1 VALUES('vt1', 'sqlite_autoindex_vt1_segdir_1', '1 sz=1016608984 noskipscan');
DELETE FROM sqlite_stat1 WHERE NULLIF((('p') NOT NULL), NULL COLLATE NOCASE);
DELETE FROM sqlite_stat1 WHERE (((NOT ('345514040')))>=('g'));
DELETE FROM sqlite_stat1;
INSERT OR IGNORE INTO sqlite_stat1 VALUES('vt1', 'sqlite_autoindex_vt1_segdir_1', ' noskipscan');
DELETE FROM sqlite_stat1;
DELETE FROM sqlite_stat1 WHERE ((((CAST('1S' AS NUMERIC))OR(NULL)))AND(0x1f00165 COLLATE RTRIM));
INSERT OR IGNORE INTO sqlite_stat1 VALUES('vt1', 'v0', '');
INSERT OR IGNORE INTO sqlite_stat1 VALUES('vt1', 'sqlite_autoindex_vt1_segdir_1', '929445258 sz=-1312942963');
DELETE FROM sqlite_stat1 WHERE (((((''))<(('.'))))&((0X6dc5fdc2 IN ())));
INSERT OR IGNORE INTO sqlite_stat1 VALUES('v0', 'v0', ' unordered noskipscan');
DELETE FROM sqlite_stat1;
INSERT OR IGNORE INTO sqlite_stat1 VALUES('v0', 'sqlite_autoindex_vt1_segdir_1', ' unordered noskipscan');
INSERT OR IGNORE INTO sqlite_stat1 VALUES('vt1', 'vt1', '1729661663 sz=-616332281 unordered');
INSERT OR IGNORE INTO sqlite_stat1 VALUES('vt1', 'sqlite_autoindex_vt1_segdir_1', '0 noskipscan');
INSERT OR IGNORE INTO sqlite_stat1 VALUES('v0', 'sqlite_autoindex_vt1_segdir_1', ' unordered');
DELETE FROM sqlite_stat1 WHERE (('448962842')/(NULLIF(DISTINCT NULL, 'd')));
DELETE FROM sqlite_stat1;
DELETE FROM sqlite_stat1 WHERE (- ((~ (x''))));
DELETE FROM sqlite_stat1;
INSERT OR IGNORE INTO sqlite_stat1 VALUES('v0', 'sqlite_autoindex_vt1_segdir_1', ' noskipscan');
DELETE FROM sqlite_stat1;
DELETE FROM sqlite_stat1 WHERE ((CASE WHEN 0.20516486425040503 THEN '' WHEN '1016608984' THEN -5674097.0 ELSE '856469861' END)<(((NULL) IS TRUE)));
INSERT OR IGNORE INTO sqlite_stat1 VALUES('vt1', 'v0', '2 unordered noskipscan');
INSERT OR IGNORE INTO sqlite_stat1 VALUES('vt1', 'vt1', ' sz=618562927');
DELETE FROM sqlite_stat1;
DELETE FROM sqlite_stat1 WHERE ((((((((((((NULL)AND(0.6286766463344724)))OR(x'')))AND(x'')))OR(360220862)))AND(0.7476133037444082)))*(((x'')<>('x6G'))));
INSERT OR IGNORE INTO sqlite_stat1 VALUES('v0', 'sqlite_autoindex_vt1_segdir_1', '1 noskipscan');
DELETE FROM sqlite_stat1 WHERE (((x'', '9/', 0x330cb165, NULL)) BETWEEN (((('') NOT BETWEEN (x'd30b') AND (x'7d36')), (+ (x'6750c79a')), CAST(x'c0' AS TEXT), ((0.011496114106102517)||('-335313520')))) AND ((((((0.19175272902476248)AND(NULL)))OR('~')), (('TRUE') IS TRUE), ((x'')<<(x'')), (((NULL, 343401058)) NOT BETWEEN (('2131012904', NULL)) AND ((x'', x'c239'))))));
DELETE FROM sqlite_stat1;
DELETE FROM sqlite_stat1 WHERE ((('0.938863164610557', '1016608984')) BETWEEN ((('' IN ('-983853093')), '')) AND ((LTRIM('-610614943', NULL), ((NULL) NOT NULL))));
DELETE FROM sqlite_stat1 WHERE (((x'', 'y', NULL)) NOT BETWEEN ((CASE 0Xffffffffa124040b  WHEN 1.730619547E9 THEN '-1681891871' ELSE NULL END, '887571368' COLLATE RTRIM, ((((x'')OR('')))OR(-1809434267)))) AND ((CASE WHEN x'' THEN NULL WHEN 0x60a85ba THEN x'f4' ELSE '-2127402730' END, '931266565', (~ (1322070102)))));
INSERT OR IGNORE INTO sqlite_stat1 VALUES('vt1', 'vt1', ' noskipscan');
DELETE FROM sqlite_stat1;
INSERT OR IGNORE INTO sqlite_stat1 VALUES('v0', 'sqlite_autoindex_vt1_segdir_1', ' noskipscan');
DELETE FROM sqlite_stat1;
DELETE FROM sqlite_stat1;
DELETE FROM sqlite_stat1 WHERE (((1.322070102E9)IS(NULL)) IN (((NULL) ISNULL), CASE 0.3779866865540582  WHEN NULL THEN '-1791157238' WHEN x'' THEN NULL END));
INSERT OR IGNORE INTO sqlite_stat1 VALUES('v0', 'vt1', '931266565 unordered noskipscan');
INSERT OR IGNORE INTO sqlite_stat1 VALUES('v0', 'sqlite_autoindex_vt1_segdir_1', '184893080 sz=1729661663 unordered');
DELETE FROM sqlite_stat1;
INSERT OR IGNORE INTO sqlite_stat1 VALUES('vt1', 'v0', '1 448323718 noskipscan');
DELETE FROM sqlite_stat1;
DELETE FROM sqlite_stat1;
INSERT OR IGNORE INTO sqlite_stat1 VALUES('vt1', 'vt1', '4 sz=-1515019088 unordered');
DELETE FROM sqlite_stat1 WHERE (('1427553744' COLLATE RTRIM) NOT NULL);
DELETE FROM sqlite_stat1;
DELETE FROM sqlite_stat1;
INSERT OR IGNORE INTO sqlite_stat1 VALUES('vt1', 'v0', ' sz=1163465969 noskipscan');
INSERT OR IGNORE INTO sqlite_stat1 VALUES('v0', 'sqlite_autoindex_vt1_segdir_1', '1 4 sz=-1408674184');
DELETE FROM sqlite_stat1 WHERE (((0xffffffffbda6dc25, '-624547642', x'')) BETWEEN (((0.003068155204134504 IN (0x14982038)), ('烁C17' IN (NULL, NULL)), CAST('-1615590584' AS BLOB))) AND (((((('Y')OR(x'')))OR(NULL)), ((NULL)<<(-1.30381765E8)), CAST('1' AS INTEGER))));
DELETE FROM sqlite_stat1;
INSERT OR IGNORE INTO sqlite_stat1 VALUES('vt1', 'sqlite_autoindex_vt1_segdir_1', ' unordered noskipscan');
INSERT OR IGNORE INTO sqlite_stat1 VALUES('vt1', 'v0', '0 sz=-616332281 noskipscan');
DELETE FROM sqlite_stat1 WHERE (((-6.35203598E8, 0.4743618102510123)) NOT BETWEEN ((CAST(NULL AS TEXT), NULL COLLATE BINARY)) AND ((0X15ddb993 COLLATE NOCASE, ((((((x'b7')AND(NULL)))AND(1.847681787E9)))AND('p')))));
INSERT OR IGNORE INTO sqlite_stat1 VALUES('v0', 'v0', '608457866 sz=1847681787 unordered noskipscan');
DELETE FROM sqlite_stat1 WHERE ((((x'30f4')<(x'')))<>(((1.843766385E9)OR(0.9793184097719085))));
INSERT OR IGNORE INTO sqlite_stat1 VALUES('v0', 'sqlite_autoindex_vt1_segdir_1', '-757902307 sz=-2092100070 unordered noskipscan');
DELETE FROM sqlite_stat1;
DELETE FROM sqlite_stat1;
DELETE FROM sqlite_stat1;
INSERT OR IGNORE INTO sqlite_stat1 VALUES('vt1', 'sqlite_autoindex_vt1_segdir_1', ' sz=2131012904');
DELETE FROM sqlite_stat1;
INSERT OR IGNORE INTO sqlite_stat1 VALUES('vt1', 'v0', ' sz=931266565');
DELETE FROM sqlite_stat1 WHERE CASE (((x'', ' R薐7')) BETWEEN (('', -3.80708997E8)) AND ((x'', 0.5037243673625396)))  WHEN (('0.003068155204134504') BETWEEN (0x1477e262) AND (NULL)) THEN json_array_length(x'b19180') ELSE ((0.5787130268887571) NOT BETWEEN (0.5908037246653997) AND ('!Zx/N')) END;
DELETE FROM sqlite_stat1;
DELETE FROM sqlite_stat1;
DELETE FROM sqlite_stat1 WHERE (((((((((0.660650116673301, NULL))<((NULL, '1750014561006879492:996502401720983631--619913119721843461T-251900057891924749-1565T50:1078-䘊'))))AND(NULL)))OR((((-1.169506035E9, x'02', 0.2531803009711411, 'r', -9223372036854775808)) BETWEEN ((0X540a8c67, x'1606c8c7e0', 0.1334223390319471, 'n', NULL)) AND ((NULL, NULL, x'', 'ai', '-1364915766'))))))AND(((NULL) IS TRUE)))
DELETE FROM sqlite_stat1 WHERE (((~ (0.7873306839493331)))<>((('%(dJMkJ-P') IS FALSE)));
DELETE FROM sqlite_stat1;
DELETE FROM sqlite_stat1;
DELETE FROM sqlite_stat1 WHERE (((x''))<>(((x'' IN ('䏨ꄚQ')))));
DELETE FROM sqlite_stat1 WHERE (((((((((x'f1db8c2b2b' IN ('6')))AND(CASE WHEN x'fb' THEN NULL WHEN NULL THEN x'' ELSE '' END)))OR((NOT ('-9223372036854775808')))))AND((~ ('-605241911')))))AND(((NULL) IS TRUE)));
INSERT OR IGNORE INTO sqlite_stat1 VALUES('vt1', 'v0', '');
DELETE FROM sqlite_stat1 WHERE (x'' IN (x'')) COLLATE RTRIM;
DELETE FROM sqlite_stat1;
DELETE FROM sqlite_stat1 WHERE (((NULL, '')) BETWEEN ((CAST(x'0a87' AS TEXT), (('I 6')IS NOT(0X65d5ad75)))) AND ((((NULL)LIKE('#')), CAST(x'81' AS INTEGER))));
INSERT OR IGNORE INTO sqlite_stat1 VALUES('v0', 'vt1', '1630845407 sz=1919245330 unordered noskipscan');
DELETE FROM sqlite_stat1;
DELETE FROM sqlite_stat1 WHERE CAST(x'0c' COLLATE NOCASE AS TEXT);
DELETE FROM sqlite_stat1 WHERE CAST((NULL IN ()) AS REAL);
DELETE FROM sqlite_stat1 WHERE CASE WHEN (('')*('')) THEN CASE 1860385239  WHEN NULL THEN -447148756 ELSE x'bab5' END WHEN (((NULL)) BETWEEN (('-287613598')) AND ((0xffffffffe13e6e78))) THEN (('2058215252') NOT NULL) ELSE HEX(x'7b') END;
INSERT OR IGNORE INTO sqlite_stat1 VALUES('vt1', 'sqlite_autoindex_vt1_segdir_1', '-380708997 noskipscan');
DELETE FROM sqlite_stat1;
DELETE FROM sqlite_stat1;
DELETE FROM sqlite_stat1 WHERE 1843766385;
DELETE FROM sqlite_stat1 WHERE (~ (((((((((((0.42119120460291926)AND(NULL)))AND(NULL)))AND(0.5291179575889686)))OR(0.6141436449828946)))AND(-130439580))));
DELETE FROM sqlite_stat1;
DELETE FROM sqlite_stat1;
INSERT OR IGNORE INTO sqlite_stat1 VALUES('v0', 'v0', '0 sz=976113722');
INSERT OR IGNORE INTO sqlite_stat1 VALUES('vt1', 'sqlite_autoindex_vt1_segdir_1', ' noskipscan');
DELETE FROM sqlite_stat1;
INSERT OR IGNORE INTO sqlite_stat1 VALUES('vt1', 'v0', ' unordered noskipscan');
DELETE FROM sqlite_stat1 WHERE ((((0.30447673666824315) NOT NULL))IS NOT('W5Xe' COLLATE BINARY));
DELETE FROM sqlite_stat1 WHERE ((((('-2109610389')AND(x'8ec6')))AND('')) IN (((0.19175272902476248)OR('-2064463220'))));
DELETE FROM sqlite_stat1 WHERE ((((((CASE WHEN x'' THEN -286619625 WHEN '~~' THEN '931266565' END)OR((('-558414326')&(0.10462132661568735)))))AND(((((1451872936)AND(x'07')))AND(x'3c')))))AND(((0X5359d04a) BETWEEN ('618562927') AND (NULL))));
DELETE FROM sqlite_stat1;
INSERT OR IGNORE INTO sqlite_stat1 VALUES('v0', 'sqlite_autoindex_vt1_segdir_1', '305180856 unordered');
DELETE FROM sqlite_stat1;
DELETE FROM sqlite_stat1 WHERE ((((((x'a5' COLLATE NOCASE)OR(PRINTF('-1926943202'))))AND(('2003717541' IN ()))))OR(CASE WHEN '184893080' THEN '297690481' WHEN x'88' THEN 'M' WHEN 'w*' THEN NULL WHEN '%j<Dm' THEN 0.5718771436063474 ELSE NULL END));
INSERT OR IGNORE INTO sqlite_stat1 VALUES('vt1', 'sqlite_autoindex_vt1_segdir_1', '0 sz=1667878189 unordered noskipscan');
INSERT OR IGNORE INTO sqlite_stat1 VALUES('vt1', 'vt1', ' sz=345514040 unordered');
INSERT OR IGNORE INTO sqlite_stat1 VALUES('vt1', 'sqlite_autoindex_vt1_segdir_1', '305180856 unordered noskipscan');
DELETE FROM sqlite_stat1;
INSERT OR IGNORE INTO sqlite_stat1 VALUES('vt1', 'v0', ' unordered');
DELETE FROM sqlite_stat1;
INSERT OR IGNORE INTO sqlite_stat1 VALUES('v0', 'vt1', '0 1 sz=1867147872 unordered noskipscan');
INSERT OR IGNORE INTO sqlite_stat1 VALUES('vt1', 'v0', '2 -650596313 unordered noskipscan');
DELETE FROM sqlite_stat1;
DELETE FROM sqlite_stat1 WHERE (((0.16720870065065352, 0.37354013104782036)) NOT BETWEEN (((((0.1382270436881673, NULL, x'', 0.8745648014066603, x'49')) BETWEEN ((NULL, 0.021123608619768697, NULL, 0.003068155204134504, x'')) AND ((0.03738912288821028, '', 0xb1bd58c, NULL, '1789818853'))), ((NULL) IS FALSE))) AND (((x'cc' IN (0.8680590165866197)), ((x'cc') NOT NULL))));
INSERT OR IGNORE INTO sqlite_stat1 VALUES('v0', 'sqlite_autoindex_vt1_segdir_1', ' sz=1098088500');
INSERT OR IGNORE INTO sqlite_stat1 VALUES('v0', 'sqlite_autoindex_vt1_segdir_1', '1 13689356 sz=-558414326');
DELETE FROM sqlite_stat1 WHERE ((((((((NULL)OR(x'19c0')))OR(NULL)))OR('i 6')))+(((x'32')<>('xQAlNkSB'))));
INSERT OR IGNORE INTO sqlite_stat1 VALUES('vt1', 'v0', ' noskipscan');
INSERT OR IGNORE INTO sqlite_stat1 VALUES('v0', 'sqlite_autoindex_vt1_segdir_1', '0 2 unordered noskipscan');
DELETE FROM sqlite_stat1;
DELETE FROM sqlite_stat1;
DELETE FROM sqlite_stat1;
INSERT OR IGNORE INTO sqlite_stat1 VALUES('v0', 'vt1', ' sz=-1017404822 unordered noskipscan');
DELETE FROM sqlite_stat1;
INSERT OR IGNORE INTO sqlite_stat1 VALUES('v0', 'v0', ' noskipscan');
DELETE FROM sqlite_stat1;
INSERT OR IGNORE INTO sqlite_stat1 VALUES('v0', 'sqlite_autoindex_vt1_segdir_1', '-790740875 21271092 unordered noskipscan');
INSERT OR IGNORE INTO sqlite_stat1 VALUES('v0', 'sqlite_autoindex_vt1_segdir_1', '1555226408 noskipscan');
DELETE FROM sqlite_stat1;
DELETE FROM sqlite_stat1 WHERE CASE WHEN x'2ab5e6c5' THEN CASE x''  WHEN '[' THEN x'8e' WHEN 'G' THEN 0.1399874336833602 END ELSE (('1836756861')+(NULL)) END;
INSERT OR IGNORE INTO sqlite_stat1 VALUES('vt1', 'vt1', ' sz=-1633765116');
DELETE FROM sqlite_stat1 WHERE CAST(CASE NULL  WHEN '!' THEN 0.20954610747957159 END AS NUMERIC);
INSERT OR IGNORE INTO sqlite_stat1 VALUES('v0', 'sqlite_autoindex_vt1_segdir_1', '-480098256 sz=1230436426 unordered');
DELETE FROM sqlite_stat1 WHERE (((((x'e9', 0.7291417974009008, NULL, 0.8810132846682494)) BETWEEN ((0.4411999132935598, NULL, '-1681891871', 0.010645519583812768)) AND (('S', 'R}e䐍2', NULL, NULL))))>(((((((((-1371232154)OR(NULL)))AND(x'')))OR('gMd')))OR(0.23784727395044303))));
DELETE FROM sqlite_stat1 WHERE (((((((+ (NULL)))OR(((0.6187604698232919)IS(-1.067114523E9)))))AND(x'')))AND(NULL COLLATE BINARY));
DELETE FROM sqlite_stat1;
INSERT OR IGNORE INTO sqlite_stat1 VALUES('v0', 'v0', ' sz=1863674525 unordered noskipscan');
INSERT OR IGNORE INTO sqlite_stat1 VALUES('vt1', 'sqlite_autoindex_vt1_segdir_1', ' unordered noskipscan');
DELETE FROM sqlite_stat1 WHERE (NOT (('-1589618787' IN (x'cd', NULL))));
DELETE FROM sqlite_stat1 WHERE ((((((((SQLITE_VERSION())OR(1.769291611E9 COLLATE RTRIM)))AND(highlight(x'', '887571368', 1870449014, -1267693353))))OR('!')))AND((('l')>(x'be'))));
DELETE FROM sqlite_stat1 WHERE '536407814';
DELETE FROM sqlite_stat1;
DELETE FROM sqlite_stat1;
INSERT OR IGNORE INTO sqlite_stat1 VALUES('vt1', 'v0', ' sz=-1241990828');
INSERT OR IGNORE INTO sqlite_stat1 VALUES('v0', 'sqlite_autoindex_vt1_segdir_1', '1 noskipscan');
INSERT OR IGNORE INTO sqlite_stat1 VALUES('vt1', 'sqlite_autoindex_vt1_segdir_1', '1873804554 1468832677 sz=1162496076 unordered');
DELETE FROM sqlite_stat1 WHERE (((HEX(DISTINCT NULL), (NOT (0.07930892585860216)), ((NULL) BETWEEN (0X37bbd2ee) AND (x''))))<=((((('1216388775', x''))==((0.6807617454181298, ''))), ((1e500) NOT BETWEEN ('1245804197') AND (x'')), ((x'8725')<('-2127402730')))));
DELETE FROM sqlite_stat1 WHERE (~ (CAST(NULL AS NUMERIC)));
INSERT OR IGNORE INTO sqlite_stat1 VALUES('v0', 'sqlite_autoindex_vt1_segdir_1', '-1419359999 sz=-1546453311 noskipscan');
DELETE FROM sqlite_stat1;
DELETE FROM sqlite_stat1 WHERE (NOT ((('256605156')OR(x'54'))));
DELETE FROM sqlite_stat1 WHERE COALESCE(DISTINCT ((('', NULL)) NOT BETWEEN ((x'32095f', '9၈TN')) AND ((NULL, NULL))), ((0.12880177442933394)>(NULL)));
INSERT OR IGNORE INTO sqlite_stat1 VALUES('vt1', 'vt1', '0 1561487538 sz=2086404869 unordered noskipscan');
DELETE FROM sqlite_stat1 WHERE IFNULL(DISTINCT 0.14012134637140183, NULL) COLLATE BINARY;
INSERT OR IGNORE INTO sqlite_stat1 VALUES('v0', 'vt1', '168841288 0 unordered');
DELETE FROM sqlite_stat1 WHERE ((((((CAST('yqm' AS INTEGER))AND(CASE WHEN '' THEN 0xffffffffb3174872 END)))AND(CASE WHEN x'' THEN '' WHEN '-908476836' THEN NULL ELSE 'Vd[q+' END)))OR(CASE 1843766385  WHEN '258554064' THEN 0.40627130752137486 WHEN 0.044172733274880804 THEN '-1234102707' END));
DELETE FROM sqlite_stat1;
INSERT OR IGNORE INTO sqlite_stat1 VALUES('vt1', 'sqlite_autoindex_vt1_segdir_1', '-1288202916 sz=1099775995');
DELETE FROM sqlite_stat1;
INSERT OR IGNORE INTO sqlite_stat1 VALUES('v0', 'vt1', '1945259421 sz=-1183024007 noskipscan');
INSERT OR IGNORE INTO sqlite_stat1 VALUES('v0', 'v0', '-1364915766 1 sz=1362569136');
DELETE FROM sqlite_stat1 WHERE ((NULL COLLATE NOCASE)<=(((0Xffffffffba8c97ad)=(NULL))));
INSERT OR IGNORE INTO sqlite_stat1 VALUES('vt1', 'sqlite_autoindex_vt1_segdir_1', '4 -2020962353 sz=-757902307 noskipscan');
INSERT OR IGNORE INTO sqlite_stat1 VALUES('v0', 'sqlite_autoindex_vt1_segdir_1', ' sz=-160993702 unordered');
INSERT OR IGNORE INTO sqlite_stat1 VALUES('vt1', 'vt1', ' noskipscan');
DELETE FROM sqlite_stat1 WHERE ((CASE 0.19175272902476248  WHEN '-1333870305' THEN '~od躝l' ELSE 1404466347 END) NOT BETWEEN ((((0.5164669802166773))=((x'be09')))) AND (LOWER('a')));
DELETE FROM sqlite_stat1;
INSERT OR IGNORE INTO sqlite_stat1 VALUES('v0', 'vt1', '');
INSERT OR IGNORE INTO sqlite_stat1 VALUES('v0', 'v0', ' sz=1730619547 unordered');
DELETE FROM sqlite_stat1;
INSERT OR IGNORE INTO sqlite_stat1 VALUES('v0', 'vt1', ' unordered noskipscan');
INSERT OR IGNORE INTO sqlite_stat1 VALUES('vt1', 'sqlite_autoindex_vt1_segdir_1', '-679970047 -186874062 sz=343401058');
INSERT OR IGNORE INTO sqlite_stat1 VALUES('v0', 'v0', '');
INSERT OR IGNORE INTO sqlite_stat1 VALUES('vt1', 'sqlite_autoindex_vt1_segdir_1', '0 sz=1715220646');
INSERT OR IGNORE INTO sqlite_stat1 VALUES('vt1', 'sqlite_autoindex_vt1_segdir_1', ' sz=-1655674309 unordered');
INSERT OR IGNORE INTO sqlite_stat1 VALUES('v0', 'sqlite_autoindex_vt1_segdir_1', '0 sz=-286619625 unordered noskipscan');
DELETE FROM sqlite_stat1 WHERE (~ (((x'') NOT BETWEEN ('-1809434267') AND (x'ff'))));
INSERT OR IGNORE INTO sqlite_stat1 VALUES('v0', 'v0', ' sz=-2046289318 unordered');
INSERT OR IGNORE INTO sqlite_stat1 VALUES('v0', 'v0', '4 1469607446 sz=340162260 unordered noskipscan');
INSERT OR IGNORE INTO sqlite_stat1 VALUES('vt1', 'sqlite_autoindex_vt1_segdir_1', '724766801 sz=1199036865 unordered');
INSERT OR IGNORE INTO sqlite_stat1 VALUES('v0', 'sqlite_autoindex_vt1_segdir_1', '-1961489704 sz=-130381765 noskipscan');
INSERT OR IGNORE INTO sqlite_stat1 VALUES('vt1', 'v0', '1554698113 1');
INSERT OR IGNORE INTO sqlite_stat1 VALUES('v0', 'v0', ' noskipscan');
INSERT OR IGNORE INTO sqlite_stat1 VALUES('vt1', 'v0', ' sz=1111414401');
INSERT OR IGNORE INTO sqlite_stat1 VALUES('v0', 'vt1', '2 1367184240');
INSERT OR IGNORE INTO sqlite_stat1 VALUES('vt1', 'sqlite_autoindex_vt1_segdir_1', '1 noskipscan');
DELETE FROM sqlite_stat1;
DELETE FROM sqlite_stat1;
DELETE FROM sqlite_stat1 WHERE (+ ((('峥IA]6u') BETWEEN (1047413736) AND (NULL))));
DELETE FROM sqlite_stat1 WHERE IFNULL(CASE '0t3vkp'  WHEN NULL THEN 0.1102659836341433 WHEN 'w' THEN x'9cfe' WHEN NULL THEN '1347645257' END, (NULL IN ()));
DELETE FROM sqlite_stat1;
INSERT OR IGNORE INTO sqlite_stat1 VALUES('vt1', 'v0', ' sz=-1768120199 unordered noskipscan');
INSERT OR IGNORE INTO sqlite_stat1 VALUES('vt1', 'sqlite_autoindex_vt1_segdir_1', '1 3 0 unordered noskipscan');
INSERT OR IGNORE INTO sqlite_stat1 VALUES('v0', 'sqlite_autoindex_vt1_segdir_1', '0 1 3 sz=374010800 unordered noskipscan');
INSERT OR IGNORE INTO sqlite_stat1 VALUES('v0', 'v0', ' noskipscan');
DELETE FROM sqlite_stat1;
INSERT OR IGNORE INTO sqlite_stat1 VALUES('v0', 'sqlite_autoindex_vt1_segdir_1', ' noskipscan');
INSERT OR IGNORE INTO sqlite_stat1 VALUES('vt1', 'sqlite_autoindex_vt1_segdir_1', ' sz=-1374657896 unordered noskipscan');
DELETE FROM sqlite_stat1 WHERE CAST(CHAR(NULL, x'ca5a') AS REAL);
DELETE FROM sqlite_stat1;
INSERT OR IGNORE INTO sqlite_stat1 VALUES('v0', 'sqlite_autoindex_vt1_segdir_1', '-435290329');
INSERT OR IGNORE INTO sqlite_stat1 VALUES('vt1', 'sqlite_autoindex_vt1_segdir_1', ' sz=-1291324146 unordered noskipscan');
DELETE FROM sqlite_stat1 WHERE (NOT (((((0x392fd2c3)AND('618562927')))AND(x'5d'))));
DELETE FROM sqlite_stat1 WHERE (((((('953736497') BETWEEN (0.8194570590210998) AND ('-843294039')))AND(LOWER(DISTINCT -679574624))))AND(LOWER('0.5291179575889686')));
DELETE FROM sqlite_stat1;
INSERT OR IGNORE INTO sqlite_stat1 VALUES('vt1', 'v0', ' sz=1418013084 unordered noskipscan');
DELETE FROM sqlite_stat1 WHERE ((NULL)IS NOT(NULL)) COLLATE RTRIM;
DELETE FROM sqlite_stat1 WHERE ((json_quote(0.17319563761750334))<=((- (0.720051464772481))));
DELETE FROM sqlite_stat1 WHERE ((((NULL COLLATE BINARY)AND((1.029704324E9 IN (NULL)))))AND(((NULL)<(0.8103543231504288))));
INSERT OR IGNORE INTO sqlite_stat1 VALUES('vt1', 'vt1', '-1287524755 sz=929445258 unordered noskipscan');
INSERT OR IGNORE INTO sqlite_stat1 VALUES('v0', 'vt1', '1 sz=-2058342109 noskipscan');
DELETE FROM sqlite_stat1;
DELETE FROM sqlite_stat1 WHERE (((((0x16ba2f3b)OR('(#^')), NULLIF('', '0.50294349359328')))<=((('1149636822' IN ('', '0.9968753404868614')), ((0.6500900044179727) NOT BETWEEN (x'5b') AND (x'092a')))));
INSERT OR IGNORE INTO sqlite_stat1 VALUES('vt1', 'sqlite_autoindex_vt1_segdir_1', '0 0 0 unordered noskipscan');
DELETE FROM sqlite_stat1 WHERE (((NULL, 0X68c79426, '714411549')) BETWEEN ((CAST(x'776f71' AS TEXT), (((0.8810132846682494))>(('0.9990920255037324'))), CAST(NULL AS INTEGER))) AND ((NULL COLLATE NOCASE, (- (NULL)), (+ ('ur')))));
INSERT OR IGNORE INTO sqlite_stat1 VALUES('v0', 'vt1', '');
INSERT OR IGNORE INTO sqlite_stat1 VALUES('vt1', 'vt1', '0 1 noskipscan');
INSERT OR IGNORE INTO sqlite_stat1 VALUES('vt1', 'vt1', ' sz=-1859527316 unordered');
INSERT OR IGNORE INTO sqlite_stat1 VALUES('vt1', 'sqlite_autoindex_vt1_segdir_1', '1490565004 sz=1463127962 unordered');
DELETE FROM sqlite_stat1 WHERE (NULL IN (0.003068155204134504)) COLLATE NOCASE;
INSERT OR IGNORE INTO sqlite_stat1 VALUES('v0', 'sqlite_autoindex_vt1_segdir_1', ' sz=-1791157238 unordered');
INSERT OR IGNORE INTO sqlite_stat1 VALUES('vt1', 'v0', '1');
INSERT OR IGNORE INTO sqlite_stat1 VALUES('vt1', 'vt1', ' unordered noskipscan');
INSERT OR IGNORE INTO sqlite_stat1 VALUES('vt1', 'sqlite_autoindex_vt1_segdir_1', '2027326811 sz=-1043049020 unordered noskipscan');
DELETE FROM sqlite_stat1 WHERE (((NULL)) BETWEEN (((('-228318577') NOTNULL))) AND ((CASE 0.5110989110487819  WHEN '0.9990920255037324' THEN 'R3f/틮_(' WHEN 1.269145269E9 THEN x'd0' ELSE x'ee98' END)));
DELETE FROM sqlite_stat1 WHERE (('-1' COLLATE NOCASE) NOT NULL);
DELETE FROM sqlite_stat1;
DELETE FROM sqlite_stat1;
INSERT OR IGNORE INTO sqlite_stat1 VALUES('v0', 'sqlite_autoindex_vt1_segdir_1', '-1759560461 0 noskipscan');
DELETE FROM sqlite_stat1 WHERE ((((((((((NULL)OR(0.8392803826547917)))AND(x'')))AND('101352890')))OR(NULL))) NOT BETWEEN (((1121701740) IS TRUE)) AND (((1.7976931348623157E308) NOTNULL)));
INSERT OR IGNORE INTO sqlite_stat1 VALUES('v0', 'v0', '303641772 sz=887571368 noskipscan');
DELETE FROM sqlite_stat1 WHERE NULL;
DELETE FROM sqlite_stat1 WHERE (('앛fj{' COLLATE BINARY) NOT BETWEEN (CAST(0.23784727395044303 AS TEXT)) AND ((('-1671210415')>=('ᡗc+x鮥{vC'))));
INSERT OR IGNORE INTO sqlite_stat1 VALUES('vt1', 'vt1', '1');
INSERT OR IGNORE INTO sqlite_stat1 VALUES('v0', 'v0', ' unordered');
DELETE FROM sqlite_stat1;
INSERT OR IGNORE INTO sqlite_stat1 VALUES('v0', 'vt1', '-652230415 sz=-1362858458 unordered');
DELETE FROM sqlite_stat1 WHERE (LIKELIHOOD(DISTINCT NULL, '2131012904') IN ());
DELETE FROM sqlite_stat1;
DELETE FROM sqlite_stat1 WHERE (~ (CHAR(0.8103543231504288, 0xffffffffed9e19de)));
DELETE FROM sqlite_stat1 WHERE (('345514040' COLLATE BINARY) IS FALSE);
DELETE FROM sqlite_stat1 WHERE ((((('0.6807617454181298') BETWEEN ('{') AND (1047413736)), (NULL IN (0.6437225982604254)), JULIANDAY(0.7654291205671764, 1847681787, -2110192517)))<(((('Oᒍ [j{n') IS TRUE), IFNULL(x'8d', NULL), (NOT (NULL)))));
INSERT OR IGNORE INTO sqlite_stat1 VALUES('v0', 'sqlite_autoindex_vt1_segdir_1', ' sz=1498468301 noskipscan');
INSERT OR IGNORE INTO sqlite_stat1 VALUES('vt1', 'sqlite_autoindex_vt1_segdir_1', '2 sz=1480095135 unordered');
INSERT OR IGNORE INTO sqlite_stat1 VALUES('vt1', 'vt1', '2 1 2 sz=980308663');
DELETE FROM sqlite_stat1 WHERE ((((((('풀z')OR(0.7644881130975221)))AND(NULL)))AND(NULL)) IN ((+ (0.22552769617154667))));
DELETE FROM sqlite_stat1;
DELETE FROM sqlite_stat1;
DELETE FROM sqlite_stat1;
DELETE FROM sqlite_stat1;
INSERT OR IGNORE INTO sqlite_stat1 VALUES('vt1', 'v0', '650200099 3 sz=-756491509');
INSERT OR IGNORE INTO sqlite_stat1 VALUES('vt1', 'sqlite_autoindex_vt1_segdir_1', '-870242447 -1812225034 noskipscan');
INSERT OR IGNORE INTO sqlite_stat1 VALUES('v0', 'vt1', '1 sz=-1312942963 unordered');
DELETE FROM sqlite_stat1;
DELETE FROM sqlite_stat1;
DELETE FROM sqlite_stat1 WHERE (((0.5884331282512838 IN ())) NOT BETWEEN (((x'')-(0.5020538013741196))) AND ((((((((((('-1473323174')OR('21271092')))AND(NULL)))AND(-1257231581)))OR(NULL)))OR(0.41244427236583137))));
INSERT OR IGNORE INTO sqlite_stat1 VALUES('v0', 'sqlite_autoindex_vt1_segdir_1', '-1722080680 714675661 sz=-146213395 unordered');
DELETE FROM sqlite_stat1 WHERE CAST(0.43362553554098515 COLLATE BINARY AS INTEGER);
INSERT OR IGNORE INTO sqlite_stat1 VALUES('vt1', 'v0', '1082788502 sz=2131012904 noskipscan');
DELETE FROM sqlite_stat1;
INSERT OR IGNORE INTO sqlite_stat1 VALUES('v0', 'vt1', ' unordered noskipscan');
DELETE FROM sqlite_stat1;
DELETE FROM sqlite_stat1 WHERE CAST(('' IN (NULL)) AS BLOB);
INSERT OR IGNORE INTO sqlite_stat1 VALUES('v0', 'sqlite_autoindex_vt1_segdir_1', '0');
INSERT OR IGNORE INTO sqlite_stat1 VALUES('v0', 'sqlite_autoindex_vt1_segdir_1', '3 -1809434267 sz=2119503022 noskipscan');
DELETE FROM sqlite_stat1 WHERE ((((((((CASE WHEN x'3520' THEN -1050793507 END)OR(((NULL) NOTNULL))))OR(CASE -9.83853093E8  WHEN '-779561222' THEN 1.029704324E9 WHEN NULL THEN 0x415d4a37 WHEN 0.4888914897404325 THEN '1230436426' WHEN -383210715 THEN x'' END)))AND((('-450289885')<(0.6735710501648677)))))AND((((x'', 0.6776324744926034, NULL, '-1728737727'))<=((NULL, 0.07691189244289331, x'e38e', '0')))));
INSERT OR IGNORE INTO sqlite_stat1 VALUES('vt1', 'sqlite_autoindex_vt1_segdir_1', '-189128056 sz=-733448036 unordered');
INSERT OR IGNORE INTO sqlite_stat1 VALUES('vt1', 'v0', '0 -1475318575 sz=920915982 noskipscan');
DELETE FROM sqlite_stat1 WHERE ((load_extension('-1300915258', x'ba'))OR(UPPER('P')));
DELETE FROM sqlite_stat1;
INSERT OR IGNORE INTO sqlite_stat1 VALUES('vt1', 'sqlite_autoindex_vt1_segdir_1', '3 sz=1618501163 unordered');
INSERT OR IGNORE INTO sqlite_stat1 VALUES('v0', 'sqlite_autoindex_vt1_segdir_1', '0 unordered');
INSERT OR IGNORE INTO sqlite_stat1 VALUES('vt1', 'sqlite_autoindex_vt1_segdir_1', '-316303965 unordered noskipscan');
INSERT OR IGNORE INTO sqlite_stat1 VALUES('vt1', 'sqlite_autoindex_vt1_segdir_1', '0 1823802307');
DELETE FROM sqlite_stat1;
DELETE FROM sqlite_stat1 WHERE ((x'f873') IS TRUE) COLLATE BINARY;
DELETE FROM sqlite_stat1;
DELETE FROM sqlite_stat1 WHERE (+ (CASE WHEN NULL THEN 0.13557839073463107 WHEN 0.9968753404868614 THEN 0.7377653910754213 ELSE x'48' END));
INSERT OR IGNORE INTO sqlite_stat1 VALUES('v0', 'sqlite_autoindex_vt1_segdir_1', '-1017404822 noskipscan');
INSERT OR IGNORE INTO sqlite_stat1 VALUES('vt1', 'sqlite_autoindex_vt1_segdir_1', '3 unordered');
INSERT OR IGNORE INTO sqlite_stat1 VALUES('v0', 'v0', '2 19571919');
DELETE FROM sqlite_stat1;
DELETE FROM sqlite_stat1 WHERE LIKELY('~');
DELETE FROM sqlite_stat1;
DELETE FROM sqlite_stat1 WHERE '1654447368';
DELETE FROM sqlite_stat1 WHERE ((CASE WHEN NULL THEN NULL WHEN x'' THEN NULL ELSE x'00' END) IS TRUE);
INSERT OR IGNORE INTO sqlite_stat1 VALUES('v0', 'sqlite_autoindex_vt1_segdir_1', '1');
DELETE FROM sqlite_stat1;
INSERT OR IGNORE INTO sqlite_stat1 VALUES('v0', 'vt1', '1 sz=-635203598 noskipscan');
DELETE FROM sqlite_stat1 WHERE SQLITE_COMPILEOPTION_GET((('-1098505114') ISNULL));
DELETE FROM sqlite_stat1 WHERE (+ (((NULL) IS TRUE)));
DELETE FROM sqlite_stat1 WHERE CAST((- (x'')) AS REAL);
INSERT OR IGNORE INTO sqlite_stat1 VALUES('vt1', 'v0', '');
INSERT OR IGNORE INTO sqlite_stat1 VALUES('v0', 'sqlite_autoindex_vt1_segdir_1', '580825580 0 sz=-1408674184 unordered noskipscan');
INSERT OR IGNORE INTO sqlite_stat1 VALUES('v0', 'vt1', ' sz=1654447368');
DELETE FROM sqlite_stat1;
INSERT OR IGNORE INTO sqlite_stat1 VALUES('vt1', 'sqlite_autoindex_vt1_segdir_1', ' sz=1040990702');
DELETE FROM sqlite_stat1;
INSERT OR IGNORE INTO sqlite_stat1 VALUES('v0', 'v0', '381300539');
DELETE FROM sqlite_stat1;
DELETE FROM sqlite_stat1;
INSERT OR IGNORE INTO sqlite_stat1 VALUES('v0', 'sqlite_autoindex_vt1_segdir_1', ' sz=-157788152');
INSERT OR IGNORE INTO sqlite_stat1 VALUES('v0', 'sqlite_autoindex_vt1_segdir_1', '2 unordered');
INSERT OR IGNORE INTO sqlite_stat1 VALUES('v0', 'sqlite_autoindex_vt1_segdir_1', ' sz=903946666 noskipscan');
DELETE FROM sqlite_stat1 WHERE CASE '9/'  WHEN 'C' THEN 0.4555420085827565 WHEN 0.07878449846418922 THEN NULL END COLLATE NOCASE;
DELETE FROM sqlite_stat1;
INSERT OR IGNORE INTO sqlite_stat1 VALUES('v0', 'v0', '1324282019 2 unordered noskipscan');
INSERT OR IGNORE INTO sqlite_stat1 VALUES('vt1', 'sqlite_autoindex_vt1_segdir_1', '2 sz=856469861 unordered');
INSERT OR IGNORE INTO sqlite_stat1 VALUES('vt1', 'sqlite_autoindex_vt1_segdir_1', '');
INSERT OR IGNORE INTO sqlite_stat1 VALUES('v0', 'sqlite_autoindex_vt1_segdir_1', ' unordered');
DELETE FROM sqlite_stat1 WHERE (((((x'', '', '')) NOT BETWEEN (('0.1815678517994589', '', '')) AND (('', 0.11999096784433394, x'')))) IS FALSE);
INSERT OR IGNORE INTO sqlite_stat1 VALUES('vt1', 'sqlite_autoindex_vt1_segdir_1', '0 sz=768350880 noskipscan');
DELETE FROM sqlite_stat1 WHERE (NULL COLLATE BINARY IN ());
INSERT OR IGNORE INTO sqlite_stat1 VALUES('v0', 'vt1', '1 -306322859 unordered');
INSERT OR IGNORE INTO sqlite_stat1 VALUES('vt1', 'sqlite_autoindex_vt1_segdir_1', '-295226773 -983853093 sz=88694743');
INSERT OR IGNORE INTO sqlite_stat1 VALUES('v0', 'sqlite_autoindex_vt1_segdir_1', '1 unordered noskipscan');
INSERT OR IGNORE INTO sqlite_stat1 VALUES('vt1', 'sqlite_autoindex_vt1_segdir_1', '3');
INSERT OR IGNORE INTO sqlite_stat1 VALUES('v0', 'vt1', '-335313520 3 unordered');
INSERT OR IGNORE INTO sqlite_stat1 VALUES('vt1', 'v0', '0 1 sz=-1169506035 noskipscan');
INSERT OR IGNORE INTO sqlite_stat1 VALUES('vt1', 'vt1', '883066211 0 0 sz=106409604 unordered');
DELETE FROM sqlite_stat1;
INSERT OR IGNORE INTO sqlite_stat1 VALUES('v0', 'vt1', '1 -841203176 noskipscan');
INSERT OR IGNORE INTO sqlite_stat1 VALUES('vt1', 'vt1', ' sz=935056110 noskipscan');
DELETE FROM sqlite_stat1 WHERE UNLIKELY(DISTINCT ((((((NULL)AND(x'')))OR(NULL)))OR(0X38f1decd)));
INSERT OR IGNORE INTO sqlite_stat1 VALUES('vt1', 'vt1', ' unordered');
DELETE FROM sqlite_stat1;
INSERT OR IGNORE INTO sqlite_stat1 VALUES('v0', 'vt1', '4 1 unordered');
DELETE FROM sqlite_stat1;
DELETE FROM sqlite_stat1 WHERE CASE 0x2b76a89 COLLATE BINARY  WHEN ((0Xffffffffd5d31bc0)GLOB(NULL)) THEN (((('382935428')AND(0.010645519583812768)))AND('-1369481446')) END;
INSERT OR IGNORE INTO sqlite_stat1 VALUES('v0', 'vt1', '1');
INSERT OR IGNORE INTO sqlite_stat1 VALUES('v0', 'sqlite_autoindex_vt1_segdir_1', '2 sz=1806027696');
INSERT OR IGNORE INTO sqlite_stat1 VALUES('v0', 'sqlite_autoindex_vt1_segdir_1', '0 1 unordered noskipscan');
INSERT OR IGNORE INTO sqlite_stat1 VALUES('v0', 'vt1', '0 843250806 unordered');
INSERT OR IGNORE INTO sqlite_stat1 VALUES('vt1', 'v0', '-1091162328 unordered');
INSERT OR IGNORE INTO sqlite_stat1 VALUES('v0', 'sqlite_autoindex_vt1_segdir_1', ' noskipscan');
DELETE FROM sqlite_stat1;
INSERT OR IGNORE INTO sqlite_stat1 VALUES('vt1', 'vt1', '1 noskipscan');
DELETE FROM sqlite_stat1;
INSERT OR IGNORE INTO sqlite_stat1 VALUES('v0', 'vt1', ' unordered');
INSERT OR IGNORE INTO sqlite_stat1 VALUES('vt1', 'sqlite_autoindex_vt1_segdir_1', ' unordered noskipscan');
DELETE FROM sqlite_stat1 WHERE ((('')) NOT BETWEEN ((((NULL)OR('E鈱CB|KN')))) AND (((('-1408674184') BETWEEN ('') AND (NULL)))));
INSERT OR IGNORE INTO sqlite_stat1 VALUES('vt1', 'sqlite_autoindex_vt1_segdir_1', ' sz=-2043506392 unordered noskipscan');
INSERT OR IGNORE INTO sqlite_stat1 VALUES('vt1', 'v0', '1630845407 sz=-551840072 unordered');
DELETE FROM sqlite_stat1;
INSERT OR IGNORE INTO sqlite_stat1 VALUES('v0', 'sqlite_autoindex_vt1_segdir_1', ' sz=-1444450195 unordered noskipscan');
DELETE FROM sqlite_stat1 WHERE (NOT (CAST(x'179a62' AS BLOB)));
INSERT OR IGNORE INTO sqlite_stat1 VALUES('v0', 'vt1', '-2050664265 2090438534 unordered');
INSERT OR IGNORE INTO sqlite_stat1 VALUES('v0', 'vt1', ' unordered noskipscan');
INSERT OR IGNORE INTO sqlite_stat1 VALUES('v0', 'v0', ' sz=1121701740 unordered');
INSERT OR IGNORE INTO sqlite_stat1 VALUES('v0', 'sqlite_autoindex_vt1_segdir_1', '2 1 unordered noskipscan');
DELETE FROM sqlite_stat1 WHERE x'06';
INSERT OR IGNORE INTO sqlite_stat1 VALUES('vt1', 'sqlite_autoindex_vt1_segdir_1', ' sz=1763188369 noskipscan');
INSERT OR IGNORE INTO sqlite_stat1 VALUES('vt1', 'sqlite_autoindex_vt1_segdir_1', ' sz=1409977447 noskipscan');
DELETE FROM sqlite_stat1 WHERE ((('縎k!YAMD' IN (x'05', 0.17699231715080033))) NOT BETWEEN (UPPER('-1809434267')) AND ((~ ('ᡗc+x鮥{v}'))));
DELETE FROM sqlite_stat1 WHERE (- ((- (2129037222))));
INSERT OR IGNORE INTO sqlite_stat1 VALUES('v0', 'sqlite_autoindex_vt1_segdir_1', '');
DELETE FROM sqlite_stat1 WHERE ((CASE WHEN '-1036471096' THEN '1849580211' ELSE 'p' END)<=(((NULL) NOT BETWEEN (2.1271092E7) AND (0.8389967137769133))));
INSERT OR IGNORE INTO sqlite_stat1 VALUES('v0', 'sqlite_autoindex_vt1_segdir_1', '');
DELETE FROM sqlite_stat1;
INSERT OR IGNORE INTO sqlite_stat1 VALUES('vt1', 'sqlite_autoindex_vt1_segdir_1', ' sz=-761211178');
DELETE FROM sqlite_stat1 WHERE ((x'e3935d') IS TRUE) COLLATE NOCASE;
INSERT OR IGNORE INTO sqlite_stat1 VALUES('vt1', 'v0', '0 sz=-915029424 unordered noskipscan');
DELETE FROM sqlite_stat1;
INSERT OR IGNORE INTO sqlite_stat1 VALUES('vt1', 'sqlite_autoindex_vt1_segdir_1', '-864067627 sz=-195768744 unordered');
DELETE FROM sqlite_stat1 WHERE ((((x'')|('')))||((NOT (0.498896056637424))));
DELETE FROM sqlite_stat1;
DELETE FROM sqlite_stat1 WHERE (((('1998029226') IS FALSE)) IS TRUE);
DELETE FROM sqlite_stat1;
INSERT OR IGNORE INTO sqlite_stat1 VALUES('vt1', 'sqlite_autoindex_vt1_segdir_1', '0 sz=-1358152625 unordered');
INSERT OR IGNORE INTO sqlite_stat1 VALUES('v0', 'sqlite_autoindex_vt1_segdir_1', ' sz=1299638610 unordered');
DELETE FROM sqlite_stat1;
DELETE FROM sqlite_stat1;
DELETE FROM sqlite_stat1 WHERE ((rtreenode('-264351497', NULL)) NOT NULL);
DELETE FROM sqlite_stat1 WHERE (~ ((((NULL, NULL, '1867486636')) NOT BETWEEN ((x'4b', NULL, 0.1334223390319471)) AND ((x'', '9၈TN', NULL)))));
INSERT OR IGNORE INTO sqlite_stat1 VALUES('v0', 'sqlite_autoindex_vt1_segdir_1', ' unordered noskipscan');
DELETE FROM sqlite_stat1;
INSERT OR IGNORE INTO sqlite_stat1 VALUES('vt1', 'sqlite_autoindex_vt1_segdir_1', '389161701 1 unordered');
INSERT OR IGNORE INTO sqlite_stat1 VALUES('vt1', 'v0', '-2079887660 -78983060 unordered');
DELETE FROM sqlite_stat1 WHERE ((CAST('' AS BLOB)) BETWEEN (CAST(x'' AS INTEGER)) AND (((2041190929) NOT BETWEEN (2100156432) AND (0.6562398484602361))));
INSERT OR IGNORE INTO sqlite_stat1 VALUES('v0', 'sqlite_autoindex_vt1_segdir_1', '343401058 noskipscan');
INSERT OR IGNORE INTO sqlite_stat1 VALUES('vt1', 'sqlite_autoindex_vt1_segdir_1', '1 sz=1311496794');
INSERT OR IGNORE INTO sqlite_stat1 VALUES('vt1', 'sqlite_autoindex_vt1_segdir_1', '1148829423 sz=-983853093 unordered noskipscan');
INSERT OR IGNORE INTO sqlite_stat1 VALUES('v0', 'sqlite_autoindex_vt1_segdir_1', ' unordered');
INSERT OR IGNORE INTO sqlite_stat1 VALUES('v0', 'sqlite_autoindex_vt1_segdir_1', '0 unordered');
INSERT OR IGNORE INTO sqlite_stat1 VALUES('v0', 'vt1', '-186149553 0');
INSERT OR IGNORE INTO sqlite_stat1 VALUES('v0', 'v0', ' unordered noskipscan');
INSERT OR IGNORE INTO sqlite_stat1 VALUES('vt1', 'sqlite_autoindex_vt1_segdir_1', '1 sz=-1904201690 unordered');
INSERT OR IGNORE INTO sqlite_stat1 VALUES('v0', 'v0', '0 -1443104132 sz=1698179851 unordered noskipscan');
DELETE FROM sqlite_stat1;
INSERT OR IGNORE INTO sqlite_stat1 VALUES('vt1', 'vt1', ' unordered noskipscan');
INSERT OR IGNORE INTO sqlite_stat1 VALUES('v0', 'v0', '-2123018091 -790740875 1214574374');
DELETE FROM sqlite_stat1;
INSERT OR IGNORE INTO sqlite_stat1 VALUES('vt1', 'v0', '1 sz=1245804197');
INSERT OR IGNORE INTO sqlite_stat1 VALUES('vt1', 'sqlite_autoindex_vt1_segdir_1', '2 sz=22873040');
INSERT OR IGNORE INTO sqlite_stat1 VALUES('v0', 'vt1', '101352890 noskipscan');
DELETE FROM sqlite_stat1 WHERE ((((((((((((NULL)AND(x'b9')))OR(0.9079857999125378)))OR(0.41013189245790904)))OR(0X3d600a84)))OR(0X6d1bc909)))+((((x'fe', NULL)) BETWEEN ((x'20b914', '0.2807140998460379')) AND ((0.011496114106102517, 0.2880099749965507)))));
DELETE FROM sqlite_stat1;
INSERT OR IGNORE INTO sqlite_stat1 VALUES('v0', 'sqlite_autoindex_vt1_segdir_1', '2 noskipscan');
DELETE FROM sqlite_stat1 WHERE (+ (((((((((((NULL)AND(NULL)))AND(0.45529239877072547)))OR(NULL)))OR('931266565')))AND('1143830605'))));
DELETE FROM sqlite_stat1 WHERE ((((((((x'6a')OR(NULL)))AND(NULL)))AND(x''))) BETWEEN (((-5.58414326E8) BETWEEN (x'281e292f') AND (NULL))) AND (CAST(NULL AS BLOB)));
DELETE FROM sqlite_stat1 WHERE ((~ (0.6723382721122918)) IN ((('{Tb')||(502155795))));
INSERT OR IGNORE INTO sqlite_stat1 VALUES('v0', 'sqlite_autoindex_vt1_segdir_1', '1 -1358152625 0 unordered');
INSERT OR IGNORE INTO sqlite_stat1 VALUES('v0', 'sqlite_autoindex_vt1_segdir_1', ' unordered noskipscan');
DELETE FROM sqlite_stat1 WHERE (((((((- (1.269145269E9)))OR((~ ('FALSE')))))AND((('dm') NOT BETWEEN ('?I/[O') AND (x'4749')))))OR(CASE x''  WHEN -357058633 THEN '21271092' ELSE '-2127402730' END));
INSERT OR IGNORE INTO sqlite_stat1 VALUES('vt1', 'sqlite_autoindex_vt1_segdir_1', '144436174 noskipscan');
DELETE FROM sqlite_stat1 WHERE CASE WHEN (('1%e	F') NOTNULL) THEN x'9b' ELSE ((NULL)>(0.6735710501648677)) END;
INSERT OR IGNORE INTO sqlite_stat1 VALUES('v0', 'sqlite_autoindex_vt1_segdir_1', '0 sz=-342862829 unordered noskipscan');
DELETE FROM sqlite_stat1 WHERE ((('-61772043', NULL, -1408674184)) NOT BETWEEN ((0.7476133037444082, x'90', '8쥐 \vFHv!')) AND ((NULL, 0xffffffffc72bcd5c, x'cc'))) COLLATE RTRIM;
INSERT OR IGNORE INTO sqlite_stat1 VALUES('vt1', 'sqlite_autoindex_vt1_segdir_1', ' unordered');
INSERT OR IGNORE INTO sqlite_stat1 VALUES('v0', 'sqlite_autoindex_vt1_segdir_1', ' sz=1847044235 unordered noskipscan');
INSERT OR IGNORE INTO sqlite_stat1 VALUES('v0', 'vt1', '0 sz=-1444872546');
INSERT OR IGNORE INTO sqlite_stat1 VALUES('vt1', 'sqlite_autoindex_vt1_segdir_1', ' unordered');
DELETE FROM sqlite_stat1 WHERE ((((((((CAST(0.31434656174292774 AS TEXT))OR(IFNULL('1654447368', -386705810))))AND((((x'', NULL)) BETWEEN ((NULL, 'i')) AND ((NULL, 0.25771605926269514))))))OR((NULL IN (0.2242688674812272, '-286619625')))))AND('-2048678004' COLLATE NOCASE));
INSERT OR IGNORE INTO sqlite_stat1 VALUES('vt1', 'sqlite_autoindex_vt1_segdir_1', '1 sz=768350880 unordered noskipscan');
INSERT OR IGNORE INTO sqlite_stat1 VALUES('v0', 'v0', '531422434 1 sz=305180856 unordered');
INSERT OR IGNORE INTO sqlite_stat1 VALUES('v0', 'v0', '0 unordered noskipscan');
DELETE FROM sqlite_stat1;
DELETE FROM sqlite_stat1 WHERE CAST(json_insert(x'41', 0.4475426279515763, 0.5496630903413352, NULL, 0.21707888667148978) AS REAL);
INSERT OR IGNORE INTO sqlite_stat1 VALUES('vt1', 'sqlite_autoindex_vt1_segdir_1', '');
INSERT OR IGNORE INTO sqlite_stat1 VALUES('v0', 'sqlite_autoindex_vt1_segdir_1', '');
INSERT OR IGNORE INTO sqlite_stat1 VALUES('v0', 'sqlite_autoindex_vt1_segdir_1', ' noskipscan');
DELETE FROM sqlite_stat1 WHERE (- (SQLITE_COMPILEOPTION_USED(NULL)));
DELETE FROM sqlite_stat1;
INSERT OR IGNORE INTO sqlite_stat1 VALUES('vt1', 'sqlite_autoindex_vt1_segdir_1', '4');
DELETE FROM sqlite_stat1;
DELETE FROM sqlite_stat1;
DELETE FROM sqlite_stat1;
DELETE FROM sqlite_stat1;
INSERT OR IGNORE INTO sqlite_stat1 VALUES('vt1', 'sqlite_autoindex_vt1_segdir_1', ' unordered noskipscan');
DELETE FROM sqlite_stat1;
DELETE FROM sqlite_stat1;
INSERT OR IGNORE INTO sqlite_stat1 VALUES('v0', 'sqlite_autoindex_vt1_segdir_1', '1316367954 sz=-1163526381');
DELETE FROM sqlite_stat1;
DELETE FROM sqlite_stat1;
INSERT OR IGNORE INTO sqlite_stat1 VALUES('vt1', 'sqlite_autoindex_vt1_segdir_1', '1 noskipscan');
DELETE FROM sqlite_stat1 WHERE ((CASE ' '  WHEN x'' THEN 0.31774579636391576 WHEN -1622182154 THEN '' WHEN NULL THEN '
a)?hV-q' WHEN '0.546465383853977' THEN x'6d5913ae0d' WHEN NULL THEN 0.296125741586469 END)<(((x'') NOT BETWEEN ('-671438215') AND (NULL))));
INSERT OR IGNORE INTO sqlite_stat1 VALUES('vt1', 'sqlite_autoindex_vt1_segdir_1', ' unordered');
INSERT OR IGNORE INTO sqlite_stat1 VALUES('v0', 'v0', ' sz=2138250237');
DELETE FROM sqlite_stat1;
DELETE FROM sqlite_stat1;
DELETE FROM sqlite_stat1 WHERE ((((0.22521193587512012)&('1562692256'))) BETWEEN (CASE WHEN '5	>u)' THEN '953273932' WHEN x'4fb4' THEN 'X' ELSE 0.5462418492997738 END) AND (((0.2792420006972154)=(1.654447368E9))));
DELETE FROM sqlite_stat1 WHERE (((('1173938805')>(1.0135289E8))) BETWEEN ((+ ('pjLZUTCy'))) AND (((0.8479683404300499) BETWEEN (-1489921066) AND ('䰳.'))));
INSERT OR IGNORE INTO sqlite_stat1 VALUES('v0', 'sqlite_autoindex_vt1_segdir_1', '0 0 sz=335759110 unordered');
DELETE FROM sqlite_stat1 WHERE '101352890';
DELETE FROM sqlite_stat1;
INSERT OR IGNORE INTO sqlite_stat1 VALUES('v0', 'v0', ' unordered noskipscan');
INSERT OR IGNORE INTO sqlite_stat1 VALUES('vt1', 'v0', ' sz=396423638 unordered');
INSERT OR IGNORE INTO sqlite_stat1 VALUES('vt1', 'sqlite_autoindex_vt1_segdir_1', '929445258 3 sz=-1184140912');
DELETE FROM sqlite_stat1 WHERE (('J㺘+,' COLLATE NOCASE)LIKE(CASE WHEN NULL THEN NULL WHEN NULL THEN '7V' END));
INSERT OR IGNORE INTO sqlite_stat1 VALUES('vt1', 'sqlite_autoindex_vt1_segdir_1', '');
INSERT OR IGNORE INTO sqlite_stat1 VALUES('v0', 'sqlite_autoindex_vt1_segdir_1', '21271092 sz=1644449794 unordered noskipscan');
INSERT OR IGNORE INTO sqlite_stat1 VALUES('vt1', 'sqlite_autoindex_vt1_segdir_1', '-2063042775 unordered noskipscan');
DELETE FROM sqlite_stat1;
DELETE FROM sqlite_stat1 WHERE ((IFNULL(0.007717433547437147, NULL))IS(CAST(NULL AS NUMERIC)));
INSERT OR IGNORE INTO sqlite_stat1 VALUES('vt1', 'sqlite_autoindex_vt1_segdir_1', '0 unordered');
DELETE FROM sqlite_stat1 WHERE (((('-130381765' COLLATE RTRIM)OR('0.010645519583812768' COLLATE NOCASE)))AND('mN'));
DELETE FROM sqlite_stat1;
INSERT OR IGNORE INTO sqlite_stat1 VALUES('v0', 'sqlite_autoindex_vt1_segdir_1', ' noskipscan');
DELETE FROM sqlite_stat1;
DELETE FROM sqlite_stat1 WHERE (CAST('ഺn' AS NUMERIC) IN (LIKELY(0.06759315482650607)));
DELETE FROM sqlite_stat1;
INSERT OR IGNORE INTO sqlite_stat1 VALUES('vt1', 'vt1', '1 -352651065 sz=1168998476');
INSERT OR IGNORE INTO sqlite_stat1 VALUES('v0', 'sqlite_autoindex_vt1_segdir_1', '585369841 sz=-9223372036854775808');
DELETE FROM sqlite_stat1;
INSERT OR IGNORE INTO sqlite_stat1 VALUES('v0', 'v0', '-1728737727 sz=218252138 noskipscan');
DELETE FROM sqlite_stat1 WHERE ((((CASE 1920246718  WHEN '+x쪕HRE' THEN x'' WHEN '-1628510110' THEN x'' END)OR(CASE ''  WHEN x'' THEN NULL WHEN NULL THEN '﨎(ZB9ZVG)' ELSE NULL END)))AND((- (NULL))));
INSERT OR IGNORE INTO sqlite_stat1 VALUES('vt1', 'sqlite_autoindex_vt1_segdir_1', '0');
INSERT OR IGNORE INTO sqlite_stat1 VALUES('v0', 'sqlite_autoindex_vt1_segdir_1', '');
INSERT OR IGNORE INTO sqlite_stat1 VALUES('v0', 'sqlite_autoindex_vt1_segdir_1', '3 1 unordered noskipscan');
INSERT OR IGNORE INTO sqlite_stat1 VALUES('vt1', 'v0', '381300539 sz=1785593235 unordered');
DELETE FROM sqlite_stat1 WHERE CAST(((('374010800')) NOT BETWEEN ((NULL)) AND (('g'))) AS TEXT);
DELETE FROM sqlite_stat1;
INSERT OR IGNORE INTO sqlite_stat1 VALUES('vt1', 'sqlite_autoindex_vt1_segdir_1', '-549026217 2 unordered');
INSERT OR IGNORE INTO sqlite_stat1 VALUES('vt1', 'sqlite_autoindex_vt1_segdir_1', '-1265834335 782080665 sz=-1681891871 unordered noskipscan');
INSERT OR IGNORE INTO sqlite_stat1 VALUES('v0', 'vt1', '-1244469094 sz=1326923986 unordered');
DELETE FROM sqlite_stat1 WHERE ((((NULL)AND((0.14345098453513683 IN (x'31')))))AND(CAST(-1.067114523E9 AS NUMERIC)));
INSERT OR IGNORE INTO sqlite_stat1 VALUES('vt1', 'v0', '-1361577215 sz=-616332281');
DELETE FROM sqlite_stat1 WHERE ((((((1.654447368E9)OR(x'')))OR(0.6335446545921387))) NOT NULL);
DELETE FROM sqlite_stat1 WHERE (((('h~M-QT') BETWEEN (-1016226496) AND (0.1382270436881673))) ISNULL);
DELETE FROM sqlite_stat1;
DELETE FROM sqlite_stat1 WHERE (NOT (0.0)) COLLATE BINARY;
DELETE FROM sqlite_stat1;
INSERT OR IGNORE INTO sqlite_stat1 VALUES('vt1', 'vt1', '1367184240 unordered noskipscan');
DELETE FROM sqlite_stat1;
INSERT OR IGNORE INTO sqlite_stat1 VALUES('v0', 'sqlite_autoindex_vt1_segdir_1', ' noskipscan');
INSERT OR IGNORE INTO sqlite_stat1 VALUES('vt1', 'sqlite_autoindex_vt1_segdir_1', ' sz=-1728737727');
DELETE FROM sqlite_stat1 WHERE ((((0.3927599753978612) BETWEEN ('5WvM\') AND (x'e8'))) BETWEEN ('419865098') AND (CASE '-1198311907'  WHEN '	n' THEN 0.7873306839493331 WHEN 9.20915982E8 THEN x'' WHEN NULL THEN x'bae96880' ELSE x'6c' END));
DELETE FROM sqlite_stat1;
INSERT OR IGNORE INTO sqlite_stat1 VALUES('v0', 'sqlite_autoindex_vt1_segdir_1', '2011659437 sz=-863899802 noskipscan');
DELETE FROM sqlite_stat1 WHERE (SUBSTR('', x'') IN (((-616332281) BETWEEN (0.09417163955111374) AND (NULL)), (+ (NULL))));
DELETE FROM sqlite_stat1 WHERE NULLIF(((NULL)<=(NULL)), 0.4605703594417102);
INSERT OR IGNORE INTO sqlite_stat1 VALUES('vt1', 'vt1', '-637031859 0 noskipscan');
INSERT OR IGNORE INTO sqlite_stat1 VALUES('v0', 'v0', ' unordered noskipscan');
DELETE FROM sqlite_stat1;
INSERT OR IGNORE INTO sqlite_stat1 VALUES('vt1', 'sqlite_autoindex_vt1_segdir_1', ' sz=1163266202 noskipscan');
DELETE FROM sqlite_stat1 WHERE CAST(((x'9ce9') BETWEEN (x'') AND (0Xffffffffd21c41f9)) AS INTEGER);
INSERT OR IGNORE INTO sqlite_stat1 VALUES('vt1', 'vt1', ' sz=849021712 unordered noskipscan');
INSERT OR IGNORE INTO sqlite_stat1 VALUES('v0', 'v0', '-42269138 sz=-1 unordered');
DELETE FROM sqlite_stat1;
DELETE FROM sqlite_stat1 WHERE -1120164401 COLLATE BINARY;
DELETE FROM sqlite_stat1 WHERE ((((((((NULL)OR('0.1382270436881673')))AND('')))OR('('))) NOT NULL);
DELETE FROM sqlite_stat1 WHERE CAST(((' ') NOT BETWEEN ('1841692098') AND ('ri')) AS BLOB);
INSERT OR IGNORE INTO sqlite_stat1 VALUES('vt1', 'sqlite_autoindex_vt1_segdir_1', ' sz=1734044217 unordered noskipscan');
DELETE FROM sqlite_stat1;
INSERT OR IGNORE INTO sqlite_stat1 VALUES('v0', 'vt1', '-197939569 sz=1458110164 noskipscan');
DELETE FROM sqlite_stat1 WHERE 0X5c96bc45;
DELETE FROM sqlite_stat1 WHERE (x'f942c3' COLLATE BINARY IN (CAST(NULL AS INTEGER)));
INSERT OR IGNORE INTO sqlite_stat1 VALUES('v0', 'v0', ' unordered noskipscan');
DELETE FROM sqlite_stat1 WHERE ('1730619547' IN ((((x'')) BETWEEN ((NULL)) AND ((0.3473685589869048)))));
DELETE FROM sqlite_stat1;
INSERT OR IGNORE INTO sqlite_stat1 VALUES('vt1', 'sqlite_autoindex_vt1_segdir_1', ' unordered');
DELETE FROM sqlite_stat1;
INSERT OR IGNORE INTO sqlite_stat1 VALUES('v0', 'sqlite_autoindex_vt1_segdir_1', '-1597231582 noskipscan');
INSERT OR IGNORE INTO sqlite_stat1 VALUES('v0', 'sqlite_autoindex_vt1_segdir_1', '1047413736 -960066337 unordered noskipscan');
INSERT OR IGNORE INTO sqlite_stat1 VALUES('vt1', 'sqlite_autoindex_vt1_segdir_1', ' sz=-1474719247 unordered noskipscan');
INSERT OR IGNORE INTO sqlite_stat1 VALUES('vt1', 'v0', ' sz=1189821142 unordered noskipscan');
INSERT OR IGNORE INTO sqlite_stat1 VALUES('vt1', 'v0', '4');
INSERT OR IGNORE INTO sqlite_stat1 VALUES('v0', 'sqlite_autoindex_vt1_segdir_1', '2 unordered');
INSERT OR IGNORE INTO sqlite_stat1 VALUES('v0', 'sqlite_autoindex_vt1_segdir_1', '2 sz=-1558698819 unordered');
DELETE FROM sqlite_stat1;
INSERT OR IGNORE INTO sqlite_stat1 VALUES('v0', 'sqlite_autoindex_vt1_segdir_1', ' sz=351399224 noskipscan');
DELETE FROM sqlite_stat1 WHERE CASE WHEN (((x''))<=((NULL))) THEN CASE x'4c2124'  WHEN 0.04446487854846226 THEN x'20' END ELSE (((('-1312942963')OR('0.4888914897404325')))AND(NULL)) END;
INSERT OR IGNORE INTO sqlite_stat1 VALUES('v0', 'vt1', '2');
DELETE FROM sqlite_stat1;
DELETE FROM sqlite_stat1;
DELETE FROM sqlite_stat1;
DELETE FROM sqlite_stat1 WHERE (+ (CASE WHEN '-487175146' THEN x'4b47' END));
INSERT OR IGNORE INTO sqlite_stat1 VALUES('v0', 'sqlite_autoindex_vt1_segdir_1', '1630845407 noskipscan');
DELETE FROM sqlite_stat1;
INSERT OR IGNORE INTO sqlite_stat1 VALUES('vt1', 'sqlite_autoindex_vt1_segdir_1', ' sz=-1809434267');
DELETE FROM sqlite_stat1 WHERE NULL;
INSERT OR IGNORE INTO sqlite_stat1 VALUES('v0', 'sqlite_autoindex_vt1_segdir_1', '');
DELETE FROM sqlite_stat1 WHERE ' ';
DELETE FROM sqlite_stat1 WHERE ((CASE WHEN 0.2830895713247066 THEN -1.312942963E9 WHEN '-1732506681' THEN '350714195' ELSE x'43bda11c' END) IS TRUE);
INSERT OR IGNORE INTO sqlite_stat1 VALUES('v0', 'sqlite_autoindex_vt1_segdir_1', '1644449794 sz=-1002203548 noskipscan');
INSERT OR IGNORE INTO sqlite_stat1 VALUES('vt1', 'vt1', '-908945653 1734865838 unordered noskipscan');
DELETE FROM sqlite_stat1;
INSERT OR IGNORE INTO sqlite_stat1 VALUES('vt1', 'sqlite_autoindex_vt1_segdir_1', '2057314055 unordered noskipscan');
DELETE FROM sqlite_stat1 WHERE ((TIME(x'87165707', x'f9ba', NULL, 0.7476133037444082, '-472283195', NULL, x'b39a94')) NOT BETWEEN (0xffffffff8a63a35c COLLATE BINARY) AND ((('u]Is') BETWEEN (x'') AND (x'd7'))));
INSERT OR IGNORE INTO sqlite_stat1 VALUES('v0', 'vt1', ' sz=-47244888 unordered noskipscan');
INSERT OR IGNORE INTO sqlite_stat1 VALUES('vt1', 'sqlite_autoindex_vt1_segdir_1', ' sz=-757902307 unordered noskipscan');
DELETE FROM sqlite_stat1;
DELETE FROM sqlite_stat1;
INSERT OR IGNORE INTO sqlite_stat1 VALUES('vt1', 'v0', ' sz=258554064');
INSERT OR IGNORE INTO sqlite_stat1 VALUES('v0', 'vt1', '');
DELETE FROM sqlite_stat1 WHERE ((CASE WHEN NULL THEN x'c8' WHEN x'1338d4e581' THEN 0.21876957723764157 ELSE 'o' END)<<((((((('g i')OR(x'09')))AND(0.0)))OR('618562927'))));
INSERT OR IGNORE INTO sqlite_stat1 VALUES('vt1', 'sqlite_autoindex_vt1_segdir_1', ' unordered');
INSERT OR IGNORE INTO sqlite_stat1 VALUES('v0', 'vt1', '1125002560 0 sz=-357372322 unordered noskipscan');
INSERT OR IGNORE INTO sqlite_stat1 VALUES('vt1', 'sqlite_autoindex_vt1_segdir_1', ' noskipscan');
DELETE FROM sqlite_stat1;
INSERT OR IGNORE INTO sqlite_stat1 VALUES('v0', 'vt1', '986855248 unordered');
INSERT OR IGNORE INTO sqlite_stat1 VALUES('vt1', 'sqlite_autoindex_vt1_segdir_1', '');
INSERT OR IGNORE INTO sqlite_stat1 VALUES('vt1', 'vt1', '-105048065 1148994335 noskipscan');
DELETE FROM sqlite_stat1;
DELETE FROM sqlite_stat1 WHERE CASE ((('-483834161', NULL, 0.50294349359328, 's'))>=((0.8252498278563958, '?', 0.4356450596965944, -2017094303)))  WHEN ((('1#遙)'))==(('0'))) THEN ((((((((0.5212185881941025)OR(0.6286766463344724)))OR('-1017404822')))OR(x'8a57efe75b29')))OR('')) ELSE ((((((((((((x'')AND(x'e633')))AND(0.6701400940585708)))AND(x'')))OR(0xffffffffa3610e8b)))OR(0xffffffff8c4af0cd)))OR('z_')) END;
DELETE FROM sqlite_stat1 WHERE ((((NULL)||(x'18'))) BETWEEN ('맟''2y,_B') AND (((x'ea65') IS TRUE)));
DELETE FROM sqlite_stat1 WHERE ((CAST('5㹳KZ7.2h' AS TEXT)) NOT BETWEEN (((NULL)GLOB(NULL))) AND (((NULL)AND(NULL))));
INSERT OR IGNORE INTO sqlite_stat1 VALUES('vt1', 'vt1', '-1628510110');
DELETE FROM sqlite_stat1 WHERE (((- (x'')))>=((((((((('-1561597946')OR('^E7<7p')))AND('754692099')))AND(0.5708474941955132)))OR('A4'))));
DELETE FROM sqlite_stat1 WHERE TRIM(CASE x''  WHEN x'a0' THEN x'' ELSE '0.2531803009711411' END);
DELETE FROM sqlite_stat1;
DELETE FROM sqlite_stat1 WHERE ((((0.40360165751948196)OR('RR'))) ISNULL);
INSERT OR IGNORE INTO sqlite_stat1 VALUES('vt1', 'sqlite_autoindex_vt1_segdir_1', '-2038281165 sz=738184732 unordered noskipscan');
INSERT OR IGNORE INTO sqlite_stat1 VALUES('v0', 'sqlite_autoindex_vt1_segdir_1', '');
DELETE FROM sqlite_stat1;
DELETE FROM sqlite_stat1 WHERE json_remove('32506213', 1.029704324E9, 0x49974bd3, x'8f') COLLATE NOCASE;
INSERT OR IGNORE INTO sqlite_stat1 VALUES('vt1', 'sqlite_autoindex_vt1_segdir_1', ' sz=302126787 unordered noskipscan');
INSERT OR IGNORE INTO sqlite_stat1 VALUES('vt1', 'vt1', '0 2 unordered');
DELETE FROM sqlite_stat1 WHERE CAST(x'33282758cd91' COLLATE RTRIM AS NUMERIC);
INSERT OR IGNORE INTO sqlite_stat1 VALUES('v0', 'sqlite_autoindex_vt1_segdir_1', '2117986680 sz=-558414326 unordered');
DELETE FROM sqlite_stat1 WHERE ((('-652094336', 0.7101112566789668)) BETWEEN (('-1017404822', 0.15577326821348492)) AND ((0.7286027160695054, x''))) COLLATE RTRIM;
INSERT OR IGNORE INTO sqlite_stat1 VALUES('vt1', 'sqlite_autoindex_vt1_segdir_1', ' unordered noskipscan');
INSERT OR IGNORE INTO sqlite_stat1 VALUES('v0', 'sqlite_autoindex_vt1_segdir_1', '1 noskipscan');
DELETE FROM sqlite_stat1 WHERE ((((('920915982')|(768350880))))!=((((NULL)IS NOT(0.716817497354213)))));
DELETE FROM sqlite_stat1;
DELETE FROM sqlite_stat1 WHERE CASE 0.37354013104782036 COLLATE BINARY  WHEN UNLIKELY(DISTINCT -1207829166) THEN (((',', '3', x'ae'))<=(('0.9990920255037324', x'', 0.7351518619204459))) WHEN NULL COLLATE RTRIM THEN (((x'', -6.24547642E8, x'')) BETWEEN (('343401058', 0.6939011162521923, NULL)) AND (('-1364915766', NULL, '-913702164'))) END;
DELETE FROM sqlite_stat1 WHERE (- ((NULL IN ())));
DELETE FROM sqlite_stat1;
DELETE FROM sqlite_stat1 WHERE ((TRIM('1029704324', NULL))AND((((NULL))>=(('s1쟞Wd-''')))));
INSERT OR IGNORE INTO sqlite_stat1 VALUES('vt1', 'vt1', ' sz=-2067531474 noskipscan');
INSERT OR IGNORE INTO sqlite_stat1 VALUES('v0', 'vt1', '258554064 noskipscan');
INSERT OR IGNORE INTO sqlite_stat1 VALUES('v0', 'vt1', ' noskipscan');
DELETE FROM sqlite_stat1 WHERE CASE WHEN ((x'fb') IS FALSE) THEN ((NULL) BETWEEN (0.5793857698964155) AND (1.230436426E9)) WHEN 0X7bdbb1ff THEN ((0.3758622162396863)|('-544874091')) END;
DELETE FROM sqlite_stat1 WHERE (CASE WHEN NULL THEN x'2e' WHEN '讕	u!,' THEN NULL ELSE x'ecf0fd' END IN (LOWER('345514040')));
DELETE FROM sqlite_stat1 WHERE (((NULL, x'830c')) NOT BETWEEN (((('x')OR('1424492535')), ((x'')IS NOT('')))) AND (((('2017092631') BETWEEN (NULL) AND (0Xffffffffa0565462)), IFNULL(-1929351430, 0.5074663041096059))));
INSERT OR IGNORE INTO sqlite_stat1 VALUES('v0', 'sqlite_autoindex_vt1_segdir_1', '-513767285 sz=-9223372036854775808');
DELETE FROM sqlite_stat1;
DELETE FROM sqlite_stat1 WHERE (+ (0x1a400a71));
DELETE FROM sqlite_stat1;
INSERT OR IGNORE INTO sqlite_stat1 VALUES('v0', 'sqlite_autoindex_vt1_segdir_1', ' sz=-70308485 noskipscan');
DELETE FROM sqlite_stat1 WHERE (- ((- (x''))));
DELETE FROM sqlite_stat1 WHERE CAST(((0.7527991839718958) NOT NULL) AS NUMERIC);
DELETE FROM sqlite_stat1;
INSERT OR IGNORE INTO sqlite_stat1 VALUES('v0', 'v0', ' sz=-390480192 noskipscan');
INSERT OR IGNORE INTO sqlite_stat1 VALUES('v0', 'sqlite_autoindex_vt1_segdir_1', '2 noskipscan');
DELETE FROM sqlite_stat1 WHERE CASE (NULL IN (6.18562927E8, x'7a8c'))  WHEN ((NULL) BETWEEN (0X629cdd08) AND (NULL)) THEN ((0x3a7a6a46)IS(NULL)) WHEN CAST('10遙)' AS TEXT) THEN (('8쥐 \vFHv!')-(NULL)) END;
DELETE FROM sqlite_stat1 WHERE CASE WHEN 's' COLLATE RTRIM THEN COALESCE(DISTINCT '', '1913119301') ELSE ((856790294)LIKE('')) END;
DELETE FROM sqlite_stat1 WHERE (((LIKELIHOOD(DISTINCT -841203176, x'fb95bba5'), CAST('찿,
' AS INTEGER), ((NULL) NOT NULL)))!=(((((0.1707191048844039)) BETWEEN (('m')) AND (('0.8175947210099783'))), ' )' COLLATE NOCASE, 0.6141436449828946)));
DELETE FROM sqlite_stat1;
INSERT OR IGNORE INTO sqlite_stat1 VALUES('vt1', 'sqlite_autoindex_vt1_segdir_1', '-1981463629 2 unordered noskipscan');
INSERT OR IGNORE INTO sqlite_stat1 VALUES('vt1', 'vt1', ' unordered');
DELETE FROM sqlite_stat1;
DELETE FROM sqlite_stat1 WHERE ((x'62') BETWEEN (NULL) AND (x'd6')) COLLATE NOCASE;
DELETE FROM sqlite_stat1 WHERE (((+ (x'6b'))) NOT NULL);
DELETE FROM sqlite_stat1 WHERE (NOT (TRIM(NULL, -1074307421)));
DELETE FROM sqlite_stat1;
DELETE FROM sqlite_stat1;
DELETE FROM sqlite_stat1 WHERE NULL;
INSERT OR IGNORE INTO sqlite_stat1 VALUES('vt1', 'v0', '120891608 unordered noskipscan');
INSERT OR IGNORE INTO sqlite_stat1 VALUES('vt1', 'sqlite_autoindex_vt1_segdir_1', ' noskipscan');
DELETE FROM sqlite_stat1;
DELETE FROM sqlite_stat1;
INSERT OR IGNORE INTO sqlite_stat1 VALUES('vt1', 'v0', '-1635255709 unordered noskipscan');
INSERT OR IGNORE INTO sqlite_stat1 VALUES('v0', 'sqlite_autoindex_vt1_segdir_1', ' unordered noskipscan');
DELETE FROM sqlite_stat1;
DELETE FROM sqlite_stat1 WHERE CASE (('') NOT BETWEEN ('') AND ('920915982'))  WHEN TYPEOF('>') THEN CAST(NULL AS INTEGER) ELSE (('0.7654291205671764') IS FALSE) END;
DELETE FROM sqlite_stat1 WHERE CASE WHEN (507500185 IN ()) THEN '' COLLATE RTRIM END;
INSERT OR IGNORE INTO sqlite_stat1 VALUES('v0', 'v0', '0 sz=-1383652887 noskipscan');
DELETE FROM sqlite_stat1;
INSERT OR IGNORE INTO sqlite_stat1 VALUES('vt1', 'sqlite_autoindex_vt1_segdir_1', ' sz=-230484207');
INSERT OR IGNORE INTO sqlite_stat1 VALUES('v0', 'sqlite_autoindex_vt1_segdir_1', ' sz=2066962416');
INSERT OR IGNORE INTO sqlite_stat1 VALUES('v0', 'sqlite_autoindex_vt1_segdir_1', ' sz=-1312942963 unordered noskipscan');
DELETE FROM sqlite_stat1 WHERE (CAST('y1' AS INTEGER) IN ());
DELETE FROM sqlite_stat1;
DELETE FROM sqlite_stat1;
INSERT OR IGNORE INTO sqlite_stat1 VALUES('v0', 'sqlite_autoindex_vt1_segdir_1', '-663151929 unordered noskipscan');
DELETE FROM sqlite_stat1;
INSERT OR IGNORE INTO sqlite_stat1 VALUES('v0', 'sqlite_autoindex_vt1_segdir_1', ' sz=-1307821774 noskipscan');
INSERT OR IGNORE INTO sqlite_stat1 VALUES('vt1', 'sqlite_autoindex_vt1_segdir_1', ' noskipscan');
DELETE FROM sqlite_stat1;
INSERT OR IGNORE INTO sqlite_stat1 VALUES('v0', 'sqlite_autoindex_vt1_segdir_1', ' unordered');
INSERT OR IGNORE INTO sqlite_stat1 VALUES('v0', 'sqlite_autoindex_vt1_segdir_1', '-1159574825 sz=1299638610 unordered noskipscan');
INSERT OR IGNORE INTO sqlite_stat1 VALUES('v0', 'vt1', ' sz=-829206148 unordered noskipscan');
DELETE FROM sqlite_stat1 WHERE ((CAST(2077995519 AS BLOB)) NOT NULL);
DELETE FROM sqlite_stat1;
DELETE FROM sqlite_stat1;
INSERT OR IGNORE INTO sqlite_stat1 VALUES('v0', 'vt1', '1 1273238050 sz=1235070933');
INSERT OR IGNORE INTO sqlite_stat1 VALUES('vt1', 'sqlite_autoindex_vt1_segdir_1', '0 noskipscan');
DELETE FROM sqlite_stat1;
INSERT OR IGNORE INTO sqlite_stat1 VALUES('vt1', 'vt1', '1382839242 unordered noskipscan');
INSERT OR IGNORE INTO sqlite_stat1 VALUES('v0', 'sqlite_autoindex_vt1_segdir_1', '2 sz=-1791157238 unordered');
DELETE FROM sqlite_stat1 WHERE x'';
INSERT OR IGNORE INTO sqlite_stat1 VALUES('v0', 'vt1', '');
DELETE FROM sqlite_stat1;
DELETE FROM sqlite_stat1;
DELETE FROM sqlite_stat1;
INSERT OR IGNORE INTO sqlite_stat1 VALUES('v0', 'sqlite_autoindex_vt1_segdir_1', '0 unordered noskipscan');
INSERT OR IGNORE INTO sqlite_stat1 VALUES('v0', 'sqlite_autoindex_vt1_segdir_1', '1 1 sz=-1067051256 noskipscan');
INSERT OR IGNORE INTO sqlite_stat1 VALUES('v0', 'v0', '-1352208258 9223372036854775807 0 sz=1121701740');
INSERT OR IGNORE INTO sqlite_stat1 VALUES('vt1', 'v0', ' sz=-1010446032 unordered noskipscan');
DELETE FROM sqlite_stat1 WHERE CAST(LIKE('0.7654291205671764', 249937403) AS REAL);
INSERT OR IGNORE INTO sqlite_stat1 VALUES('vt1', 'sqlite_autoindex_vt1_segdir_1', '0 369749454 1 sz=-326459721');
INSERT OR IGNORE INTO sqlite_stat1 VALUES('vt1', 'vt1', ' sz=-664043552 unordered');
DELETE FROM sqlite_stat1;
DELETE FROM sqlite_stat1 WHERE ((CASE 0.7764824796406755  WHEN 0.2758252894556561 THEN 0.49914220467046966 END) BETWEEN (((NULL)*(1626730385))) AND ((('') BETWEEN (0.9905691238865808) AND (0X40879ebe))));
DELETE FROM sqlite_stat1;
DELETE FROM sqlite_stat1 WHERE ((((-0.0))>((x''))) IN (x'a03676' COLLATE RTRIM));
DELETE FROM sqlite_stat1 WHERE (- (CAST('{' AS NUMERIC)));
DELETE FROM sqlite_stat1 WHERE ((((NULL, 0.09638449786052905, 0.8424928219947014, 0.6807617454181298)) NOT BETWEEN ((NULL, '1750014561006879492:996502401720983631--619913119721843461t-251900057891924749-1565t50:1078-䘊', NULL, NULL)) AND (('1016608984', '-204768578', x'3012', '-652094336'))) IN ())
INSERT OR IGNORE INTO sqlite_stat1 VALUES('v0', 'sqlite_autoindex_vt1_segdir_1', '2 sz=-926935550 unordered');
DELETE FROM sqlite_stat1;
DELETE FROM sqlite_stat1;
DELETE FROM sqlite_stat1;
INSERT OR IGNORE INTO sqlite_stat1 VALUES('vt1', 'v0', '');
DELETE FROM sqlite_stat1 WHERE ((('D', ((NULL) NOTNULL)))=((((((((((NULL)OR(0Xffffffff89c7999e)))AND(NULL)))AND('1868618155')))OR(0x32809f86)), (('381300539')-(x'c43dd6')))));
DELETE FROM sqlite_stat1 WHERE (NOT (((x'') BETWEEN (NULL) AND ('184893080'))));
DELETE FROM sqlite_stat1;
INSERT OR IGNORE INTO sqlite_stat1 VALUES('v0', 'v0', '');
INSERT OR IGNORE INTO sqlite_stat1 VALUES('vt1', 'vt1', ' sz=1239723285 noskipscan');
INSERT OR IGNORE INTO sqlite_stat1 VALUES('vt1', 'vt1', ' unordered');
INSERT OR IGNORE INTO sqlite_stat1 VALUES('vt1', 'v0', '853152020');
INSERT OR IGNORE INTO sqlite_stat1 VALUES('vt1', 'vt1', ' sz=-296140984 unordered noskipscan');
DELETE FROM sqlite_stat1;
DELETE FROM sqlite_stat1;
INSERT OR IGNORE INTO sqlite_stat1 VALUES('v0', 'vt1', '');
DELETE FROM sqlite_stat1;
DELETE FROM sqlite_stat1;
DELETE FROM sqlite_stat1 WHERE (((('K{j)19e') ISNULL)) BETWEEN (CAST(1841692098 AS INTEGER)) AND (x'01'));
DELETE FROM sqlite_stat1;
INSERT OR IGNORE INTO sqlite_stat1 VALUES('v0', 'vt1', '-2127402730 sz=251371165 noskipscan');
DELETE FROM sqlite_stat1 WHERE ((CAST(0.09267506509510481 AS REAL))>(('0.5138318291476706' IN ())));
INSERT OR IGNORE INTO sqlite_stat1 VALUES('v0', 'sqlite_autoindex_vt1_segdir_1', ' sz=1802760224 unordered');
DELETE FROM sqlite_stat1;
DELETE FROM sqlite_stat1;
DELETE FROM sqlite_stat1 WHERE ((((0.5314512648498401)OR('b*'))) IS TRUE);
DELETE FROM sqlite_stat1;
DELETE FROM sqlite_stat1 WHERE (((((((('zvN}a')AND(0.7157941027224929)))OR(NULL)))AND(830638658))) BETWEEN (x'9a324e') AND (x'6a50' COLLATE NOCASE));
DELETE FROM sqlite_stat1 WHERE ((CAST('1245804197' AS INTEGER)) NOT BETWEEN ((NOT (NULL))) AND ((NOT ('SY#U)'))));
INSERT OR IGNORE INTO sqlite_stat1 VALUES('vt1', 'vt1', '724715347 sz=-973193629 unordered');
DELETE FROM sqlite_stat1 WHERE ((((- ('-712961009'))))<=(((NOT (-1451949371)))));
INSERT OR IGNORE INTO sqlite_stat1 VALUES('vt1', 'v0', '2102002512 sz=983834100 unordered');
DELETE FROM sqlite_stat1;
INSERT OR IGNORE INTO sqlite_stat1 VALUES('vt1', 'v0', '919570921 unordered');
INSERT OR IGNORE INTO sqlite_stat1 VALUES('vt1', 'v0', '0 355021190 unordered');
INSERT OR IGNORE INTO sqlite_stat1 VALUES('vt1', 'sqlite_autoindex_vt1_segdir_1', '0 sz=1128025275 noskipscan');
INSERT OR IGNORE INTO sqlite_stat1 VALUES('vt1', 'vt1', ' unordered');
INSERT OR IGNORE INTO sqlite_stat1 VALUES('vt1', 'vt1', '-1070056480 noskipscan');
INSERT OR IGNORE INTO sqlite_stat1 VALUES('v0', 'sqlite_autoindex_vt1_segdir_1', '1 sz=1403683935 unordered noskipscan');
DELETE FROM sqlite_stat1;
INSERT OR IGNORE INTO sqlite_stat1 VALUES('vt1', 'sqlite_autoindex_vt1_segdir_1', '2131167652 sz=1000239876 unordered noskipscan');
INSERT OR IGNORE INTO sqlite_stat1 VALUES('vt1', 'v0', ' noskipscan');
DELETE FROM sqlite_stat1;
DELETE FROM sqlite_stat1 WHERE CAST(CASE '-1210593421'  WHEN '1369824338' THEN -380708997 WHEN 't' THEN '5WvM\' WHEN x'5c34' THEN 0.5415888801283472 END AS NUMERIC);
DELETE FROM sqlite_stat1;
DELETE FROM sqlite_stat1 WHERE ((((((((((NULL)AND(NULL)))AND('v''FdNs')))AND(NULL)))AND('258554064'))) ISNULL);
DELETE FROM sqlite_stat1 WHERE json(CASE WHEN '' THEN '఩룂' WHEN NULL THEN 1.029704324E9 END);
DELETE FROM sqlite_stat1 WHERE (((((NULL) ISNULL), ((NULL)|(x'bf')), COALESCE(x'23f1d9', '1843766385'), NULL, (((NULL, 1.847681787E9)) BETWEEN ((x'7b', 0.5212382029364333)) AND ((x'79', x'c1')))))<>(((((x'bf0f', x''))<(('', x''))), (((((((((('')OR('0.718401191265116')))AND('')))OR(NULL)))OR(0.7082898689460532)))OR('493010210')), CASE WHEN 0.5894237132641037 THEN 1.245804197E9 WHEN x'' THEN 0.35473579895554985 ELSE x'' END, (((x'e8')) NOT BETWEEN ((0.8181731327378103)) AND ((1895153235))), ((0.010645519583812768) BETWEEN ('') AND ('*Bs麷U6JI)')))));
INSERT OR IGNORE INTO sqlite_stat1 VALUES('v0', 'sqlite_autoindex_vt1_segdir_1', '-1564083503 sz=-983853093 unordered');
INSERT OR IGNORE INTO sqlite_stat1 VALUES('vt1', 'sqlite_autoindex_vt1_segdir_1', ' unordered');
DELETE FROM sqlite_stat1;
DELETE FROM sqlite_stat1 WHERE ((IFNULL(DISTINCT x'', -1.017404822E9))/(((-1672189468) IS FALSE)));
DELETE FROM sqlite_stat1 WHERE ((((0.6183059872324096) NOTNULL))<<(MAX(NULL, 0.6187604698232919)));
INSERT OR IGNORE INTO sqlite_stat1 VALUES('vt1', 'sqlite_autoindex_vt1_segdir_1', '0 -45256518 sz=-1990989265');
INSERT OR IGNORE INTO sqlite_stat1 VALUES('v0', 'sqlite_autoindex_vt1_segdir_1', '0 1 unordered');
INSERT OR IGNORE INTO sqlite_stat1 VALUES('vt1', 'sqlite_autoindex_vt1_segdir_1', ' noskipscan');
INSERT OR IGNORE INTO sqlite_stat1 VALUES('vt1', 'v0', '1 sz=931266565 unordered noskipscan');
DELETE FROM sqlite_stat1;
INSERT OR IGNORE INTO sqlite_stat1 VALUES('vt1', 'vt1', ' noskipscan');
INSERT OR IGNORE INTO sqlite_stat1 VALUES('vt1', 'sqlite_autoindex_vt1_segdir_1', ' unordered');
DELETE FROM sqlite_stat1 WHERE LIKELY(DISTINCT x'82');
INSERT OR IGNORE INTO sqlite_stat1 VALUES('v0', 'sqlite_autoindex_vt1_segdir_1', ' sz=714411549 unordered');
INSERT OR IGNORE INTO sqlite_stat1 VALUES('v0', 'v0', '-130381765 0 sz=-616332281 unordered noskipscan');
INSERT OR IGNORE INTO sqlite_stat1 VALUES('v0', 'sqlite_autoindex_vt1_segdir_1', '1 -624547642 sz=1730619547');
DELETE FROM sqlite_stat1;
DELETE FROM sqlite_stat1 WHERE CASE x'9b94' COLLATE NOCASE  WHEN ((((((((0.7240002849628717)OR(x'')))AND(x'a92e')))OR(NULL)))AND('M')) THEN CASE WHEN '㲁Xj' THEN x'' WHEN x'88' THEN '1644449794' END ELSE (('1841692098') IS FALSE) END;
INSERT OR IGNORE INTO sqlite_stat1 VALUES('vt1', 'sqlite_autoindex_vt1_segdir_1', '-1809434267 unordered noskipscan');
INSERT OR IGNORE INTO sqlite_stat1 VALUES('vt1', 'sqlite_autoindex_vt1_segdir_1', '0 1 sz=-1342973712 unordered');
INSERT OR IGNORE INTO sqlite_stat1 VALUES('v0', 'v0', ' sz=1083820760 unordered');
INSERT OR IGNORE INTO sqlite_stat1 VALUES('vt1', 'sqlite_autoindex_vt1_segdir_1', '994330352 4 sz=-616332281 unordered');
DELETE FROM sqlite_stat1;
DELETE FROM sqlite_stat1 WHERE (x'03' IN ('#mxnrV', '')) COLLATE RTRIM;
DELETE FROM sqlite_stat1 WHERE (((~ (0.40553109719089564))) NOTNULL);
INSERT OR IGNORE INTO sqlite_stat1 VALUES('v0', 'vt1', '5 unordered noskipscan');
DELETE FROM sqlite_stat1;
DELETE FROM sqlite_stat1 WHERE CASE WHEN (0xffffffffca873b59 IN ()) THEN (('-1106311274')>>('X')) WHEN ((x'') NOT BETWEEN ('381300539') AND (NULL)) THEN CAST(0x27a6d0e5 AS INTEGER) WHEN ((x'')>('')) THEN CASE x''  WHEN 0X2c6d801d THEN 0xffffffff8835b228 WHEN NULL THEN x'' WHEN -1068201013 THEN 'sFXX' ELSE '-1730135061' END ELSE ((-5.58414326E8) NOTNULL) END;
DELETE FROM sqlite_stat1 WHERE CAST('' AS BLOB);
DELETE FROM sqlite_stat1;
INSERT OR IGNORE INTO sqlite_stat1 VALUES('v0', 'vt1', ' sz=-326459721 unordered noskipscan');
INSERT OR IGNORE INTO sqlite_stat1 VALUES('vt1', 'sqlite_autoindex_vt1_segdir_1', '');
DELETE FROM sqlite_stat1 WHERE UNICODE(x'');
INSERT OR IGNORE INTO sqlite_stat1 VALUES('vt1', 'v0', '-555098984 1 sz=-326459721 unordered noskipscan');
DELETE FROM sqlite_stat1 WHERE (((0.9821082078255299) NOT NULL) IN ());
DELETE FROM sqlite_stat1;
DELETE FROM sqlite_stat1;
DELETE FROM sqlite_stat1 WHERE (NOT (x''));
INSERT OR IGNORE INTO sqlite_stat1 VALUES('v0', 'vt1', '297690481 1 unordered noskipscan');
DELETE FROM sqlite_stat1 WHERE ((('_8鮥5z''')) NOT BETWEEN ((((((0Xffffffff84886477)AND(x'')))AND(NULL)))) AND ((CAST('?Zf' AS NUMERIC))));
DELETE FROM sqlite_stat1 WHERE ((0.10920975587197512 COLLATE BINARY)>=((('ur') BETWEEN (0.4196999138371731) AND (x'e2'))));
INSERT OR IGNORE INTO sqlite_stat1 VALUES('v0', 'v0', '0');
INSERT OR IGNORE INTO sqlite_stat1 VALUES('v0', 'v0', '-286619625 unordered');
INSERT OR IGNORE INTO sqlite_stat1 VALUES('v0', 'vt1', ' sz=305180856 noskipscan');
INSERT OR IGNORE INTO sqlite_stat1 VALUES('v0', 'sqlite_autoindex_vt1_segdir_1', ' sz=92309318 unordered');
DELETE FROM sqlite_stat1;
INSERT OR IGNORE INTO sqlite_stat1 VALUES('v0', 'sqlite_autoindex_vt1_segdir_1', ' sz=-923542683 unordered noskipscan');
INSERT OR IGNORE INTO sqlite_stat1 VALUES('vt1', 'vt1', '-841203176 593409590');
INSERT OR IGNORE INTO sqlite_stat1 VALUES('v0', 'vt1', ' sz=1230436426 unordered');
DELETE FROM sqlite_stat1 WHERE ((((x'38' IN ()), NULL))=((((((((((-1263224952)AND('﨎(ZB9ZVG)')))AND(0xffffffff85503123)))AND('615923876')))OR(0.41244427236583137)), ('-2127402730' IN (x'16')))));
INSERT OR IGNORE INTO sqlite_stat1 VALUES('vt1', 'sqlite_autoindex_vt1_segdir_1', '');
INSERT OR IGNORE INTO sqlite_stat1 VALUES('vt1', 'v0', ' sz=1747013335 noskipscan');
INSERT OR IGNORE INTO sqlite_stat1 VALUES('vt1', 'vt1', '1841692098 1092951847 unordered');
INSERT OR IGNORE INTO sqlite_stat1 VALUES('vt1', 'sqlite_autoindex_vt1_segdir_1', '1 sz=720203596 unordered');
INSERT OR IGNORE INTO sqlite_stat1 VALUES('v0', 'v0', ' unordered');
INSERT OR IGNORE INTO sqlite_stat1 VALUES('v0', 'sqlite_autoindex_vt1_segdir_1', '2108333778 2 unordered noskipscan');
INSERT OR IGNORE INTO sqlite_stat1 VALUES('vt1', 'vt1', '');
DELETE FROM sqlite_stat1 WHERE json_array((NULL IN ('8')), (0.6774512957764308 IN (x'90')), ((0.6141436449828946)%(NULL)), CAST(0.9079857999125378 AS NUMERIC));
DELETE FROM sqlite_stat1 WHERE ((0x2dba992a)>>(0.9532517456577453)) COLLATE RTRIM;
DELETE FROM sqlite_stat1 WHERE (((((NULL)<(0.23547005647376107)), ((((x'')OR('184893080')))OR(0.015428511119858657))))>((((0.9631588809685769)*(0xffffffffab7929ed)), 0.12412138894346281 COLLATE BINARY)));
INSERT OR IGNORE INTO sqlite_stat1 VALUES('v0', 'vt1', '-1591475189 sz=2077995519 unordered noskipscan');
DELETE FROM sqlite_stat1;
INSERT OR IGNORE INTO sqlite_stat1 VALUES('vt1', 'v0', ' unordered noskipscan');
INSERT OR IGNORE INTO sqlite_stat1 VALUES('vt1', 'sqlite_autoindex_vt1_segdir_1', '0 unordered noskipscan');
DELETE FROM sqlite_stat1;
INSERT OR IGNORE INTO sqlite_stat1 VALUES('vt1', 'v0', ' sz=272567796 unordered');
INSERT OR IGNORE INTO sqlite_stat1 VALUES('v0', 'v0', '1 sz=1559502281 noskipscan');
DELETE FROM sqlite_stat1;
DELETE FROM sqlite_stat1 WHERE SQLITE_COMPILEOPTION_USED(((x'3f')<<(0.3504397304594671)));
DELETE FROM sqlite_stat1 WHERE (~ (x'e8223f' COLLATE RTRIM));
INSERT OR IGNORE INTO sqlite_stat1 VALUES('v0', 'sqlite_autoindex_vt1_segdir_1', '111749977 sz=528928759 unordered noskipscan');
DELETE FROM sqlite_stat1 WHERE ((CASE '618562927'  WHEN x'' THEN 0.9442414906643765 WHEN NULL THEN 'l2r*ꩍT' WHEN x'' THEN 'g' WHEN 0.12721529668988718 THEN x'81daf9' END) BETWEEN (NULL) AND (('-1809434267' IN (0x7411811f))));
INSERT OR IGNORE INTO sqlite_stat1 VALUES('vt1', 'sqlite_autoindex_vt1_segdir_1', ' unordered noskipscan');
DELETE FROM sqlite_stat1;
DELETE FROM sqlite_stat1;
DELETE FROM sqlite_stat1 WHERE '-671556967';
DELETE FROM sqlite_stat1 WHERE (((((((((NULL)OR(0.16658344546584758)))OR('21271092')))OR(0.9267483356431364)))OR(NULL)) IN ((~ (0.3255822232972876)), ((NULL) NOTNULL)));
INSERT OR IGNORE INTO sqlite_stat1 VALUES('vt1', 'vt1', ' sz=1752195066 noskipscan');
INSERT OR IGNORE INTO sqlite_stat1 VALUES('v0', 'vt1', '737181761 -2129619567 sz=-971037073 noskipscan');
INSERT OR IGNORE INTO sqlite_stat1 VALUES('v0', 'vt1', ' sz=-2009069347 unordered');
INSERT OR IGNORE INTO sqlite_stat1 VALUES('v0', 'sqlite_autoindex_vt1_segdir_1', '1 sz=-1861908857 unordered noskipscan');
DELETE FROM sqlite_stat1;
INSERT OR IGNORE INTO sqlite_stat1 VALUES('vt1', 'v0', '3 sz=-1920410967 unordered noskipscan');
DELETE FROM sqlite_stat1;
DELETE FROM sqlite_stat1;
INSERT OR IGNORE INTO sqlite_stat1 VALUES('vt1', 'v0', '0');
INSERT OR IGNORE INTO sqlite_stat1 VALUES('v0', 'sqlite_autoindex_vt1_segdir_1', '4 unordered');
DELETE FROM sqlite_stat1 WHERE (((CAST(x'' AS BLOB)))<=((CASE WHEN 0X16ba2f3b THEN 0.1642586315200022 END)));
DELETE FROM sqlite_stat1;
DELETE FROM sqlite_stat1;
DELETE FROM sqlite_stat1;
DELETE FROM sqlite_stat1 WHERE x'';
DELETE FROM sqlite_stat1;
UPDATE OR ROLLBACK vt1 SET c0 = '-2064521078' WHERE (((vt1.c1 IN (vt1.c0, vt1.c1)))>(DATE(vt1.c1, vt1.c1, vt1.c0)));
REINDEX  vt1;
UPDATE OR ABORT vt1 SET c0 = 0.09093202050697313, c0 = 1541711147 WHERE 0.20291495214691246 COLLATE BINARY;
UPDATE OR ABORT vt1 SET c1 = '', c1 = 0.12836055555548387, c0 = NULL;
PRAGMA main.optimize;
COMMIT TRANSACTION;
REINDEX;
INSERT OR ABORT INTO vt1 VALUES ('-1349688926', 1.12170174E9), ('Ha섍/Y,숄T', NULL);
UPDATE vt1 SET (c1, c0)=(NULL, 'xf') WHERE ((QUOTE(vt1.c1))GLOB(CAST(vt1.c1 AS BLOB)));
UPDATE OR IGNORE vt1 SET (c0, c1)=(NULL, '#峃v8TG');
ROLLBACK TRANSACTION;
PRAGMA wal_autocheckpoint = 2484293071885434988;
ROLLBACK TRANSACTION;
UPDATE OR FAIL vt1 SET c0 = '-326459721', c1 = NULL;
BEGIN IMMEDIATE TRANSACTION;
UPDATE OR ABORT vt1 SET (c1)=('-501434237');
UPDATE OR FAIL vt1 SET c0 = 'S', c1 = x'94' WHERE (((vt1.c1, vt1.c0, vt1.c1, vt1.c0)) NOT BETWEEN ((((NULL) NOT BETWEEN (vt1.c1) AND (vt1.c0)), CASE vt1.c1  WHEN vt1.c0 THEN vt1.c0 WHEN vt1.c0 THEN 0.2603991473206736 WHEN vt1.c0 THEN vt1.c1 END, CASE WHEN vt1.c0 THEN vt1.c0 WHEN vt1.c1 THEN vt1.c1 ELSE vt1.c1 END, vt1.c0)) AND ((NULL, (NOT (vt1.c1)), TRIM(vt1.c1, vt1.c1), vt1.c0)));
UPDATE OR ROLLBACK vt1 SET (c1, c0, c1)=(0.5767436931972209, 0Xffffffffaa9f1038, '2077995519') WHERE ((vt1.c1) ISNULL);
PRAGMA main.locking_mode;
REINDEX;
UPDATE OR ABORT vt1 SET (c1, c0)=('1053220806', NULL) WHERE LIKE(TYPEOF(vt1.c1), ((vt1.c0) NOT BETWEEN (vt1.c1) AND (vt1.c0)), '0');
UPDATE OR IGNORE vt1 SET c0 = 0.9079857999125378 WHERE ((CASE vt1.c1  WHEN vt1.c0 THEN vt1.c1 END)>=(IFNULL(vt1.c1, vt1.c1)));
INSERT INTO vt1(vt1, rank) VALUES('crisismerge', 1183542998);
INSERT INTO vt1(vt1, rank) VALUES('usermerge', 11);
INSERT INTO vt1(vt1, rank) VALUES('rank', 'bm25(10.0, 5.0)');
INSERT INTO vt1(vt1) VALUES('automerge=11');
INSERT INTO vt1(vt1) VALUES('optimize');
UPDATE OR IGNORE vt1 SET c0 = NULL;
UPDATE vt1 SET c0 = -1500609161, c0 = 0.7685189431003251;
ROLLBACK TRANSACTION;
PRAGMA temp.legacy_file_format;
UPDATE OR ABORT vt1 SET (c1, c1, c1)=(NULL, '-960476273', 0.021953387542100855) WHERE CAST(UNLIKELY(vt1.c1) AS REAL);
UPDATE OR FAIL vt1 SET (c1, c0)=(x'5f', 'R');
REINDEX;
PRAGMA temp.short_column_names = true;
INSERT OR FAIL INTO vt1(c1) VALUES ('0.5908037246653997'), (1842269152);
REINDEX NOCASE;
ROLLBACK TRANSACTION;
REINDEX;
UPDATE OR IGNORE vt1 SET c0 = '', c0 = NULL, c1 = x'c0', c1 = 0.5718771436063474 WHERE '-1122952596';
UPDATE OR IGNORE vt1 SET (c1)=('u2X(');
UPDATE OR REPLACE vt1 SET (c0, c0, c1)=(NULL, '20v', 0X401a84b2);
ROLLBACK TRANSACTION;
INSERT OR FAIL INTO vt1(c1) VALUES ('0.43362553554098515');
UPDATE OR IGNORE vt1 SET c1 = '2011659437', c1 = '-786310320';
REINDEX;
BEGIN  TRANSACTION;
PRAGMA wal_checkpoint(FULL);
PRAGMA temp.auto_vacuum;
INSERT INTO vt1(vt1, rank) VALUES('rank', 'bm25(10.0, 5.0)');
INSERT INTO vt1(vt1) VALUES('optimize');
ROLLBACK TRANSACTION;
UPDATE OR REPLACE vt1 SET (c0, c1)=('0.044172733274880804', 0.6714906619070927);
ANALYZE;
BEGIN EXCLUSIVE TRANSACTION;
INSERT INTO vt1(vt1, rank) VALUES('merge', 2028901260);
;
INSERT INTO vt1(vt1, rank) VALUES('crisismerge', 1551459036);
INSERT INTO vt1(vt1) VALUES('rebuild');
UPDATE vt1 SET c1 = 768350880, c0 = x'', c0 = -774921460;
UPDATE OR IGNORE vt1 SET c0 = 0.40656515693483086 WHERE (~ (0.7842023766645182));
PRAGMA temp.recursive_triggers;
UPDATE OR ABORT vt1 SET (c1, c0)=(0.3423529245491148, x'') WHERE ((vt1.c0) BETWEEN (((vt1.c0)-(vt1.c1))) AND (vt1.c1));
ROLLBACK TRANSACTION;
UPDATE OR ABORT vt1 SET (c0, c1)=('1915228274', x'');
VACUUM main;
VACUUM temp;
PRAGMA main.threads = -6141766138710585503;
UPDATE vt1 SET c0 = 'ഺN' WHERE (- ((+ (1384738260))));
PRAGMA wal_checkpoint(PASSIVE);
PRAGMA temp.foreign_keys;
UPDATE vt1 SET (c1, c1)=('j}', '2131012904');
PRAGMA main.foreign_keys;
END TRANSACTION;
ROLLBACK TRANSACTION;
-- SELECT * FROM vt1 WHERE ((((vt1.c1 IN ()))GLOB(((vt1.c0)<>(vt1.c1)))));
-- cardinality: 0
-- SELECT ALL * FROM vt1 WHERE ((((vt1.c1 IN ()))GLOB(((vt1.c0)<(vt1.c1))))) ORDER BY CAST((- (vt1.c1)) AS INTEGER) DESC  NULLS LAST LIMIT 0x1;
-- cardinality: 1
