--java.lang.AssertionError: the size of the result sets mismatch (1 and 3)!
---- SELECT ALL * FROM rt0 WHERE (((((rt0.c3)<=(rt0.c0)))<(((rt0.c4) NOTNULL))));
---- cardinality: 1
---- SELECT * FROM rt0 WHERE (((((((rt0.c3)=(rt0.c0)))<(((rt0.c4) NOTNULL))))AND((((rt0.c2)) NOT BETWEEN ((CASE rt0.c1  WHEN rt0.c4 THEN rt0.c4 END)) AND (((((rt0.c0, rt0.c3, rt0.c0))<((0.24715437054714318, rt0.c0, rt0.c0))))))))) LIMIT 3;
---- cardinality: 3
--	at sqlancer.ComparatorHelper.assumeResultSetsAreSubset(ComparatorHelper.java:126)
--	at sqlancer.sqlite3.oracle.SQLite3SubsetOracle.checkSubsetQuery(SQLite3SubsetOracle.java:242)
--	at sqlancer.sqlite3.oracle.SQLite3SubsetOracle.check(SQLite3SubsetOracle.java:109)
--	at sqlancer.ProviderAdapter.generateAndTestDatabase(ProviderAdapter.java:49)
--	at sqlancer.Main$DBMSExecutor.run(Main.java:323)
--	at sqlancer.Main$2.run(Main.java:507)
--	at sqlancer.Main$2.runThread(Main.java:485)
--	at sqlancer.Main$2.run(Main.java:475)
--	at java.base/java.util.concurrent.ThreadPoolExecutor.runWorker(ThreadPoolExecutor.java:1130)
--	at java.base/java.util.concurrent.ThreadPoolExecutor$Worker.run(ThreadPoolExecutor.java:630)
--	at java.base/java.lang.Thread.run(Thread.java:831)
---- Time: 2021/05/19 01:09:35
-- Database: database12
-- Database version: 3.34.0
-- seed value: 1621357771656
PRAGMA cache_size = 50000;
PRAGMA temp_store=MEMORY;
PRAGMA synchronous=off;
CREATE VIRTUAL TABLE rt0 USING rtree(c0, c1, c2, +c3 REAL , +c4 INT );
PRAGMA foreign_keys;
ANALYZE sqlite_master;
BEGIN EXCLUSIVE TRANSACTION;
SELECT rtreecheck('rt0');
INSERT OR IGNORE INTO rt0(c4, c1, c0, c3, c2) VALUES (0.2654944958319284, '0.2654944958319284', 'Ii	kRoO', x'6e2259c590', 'q'), ('\*C|h,NN', x'', x'26', 185483481, x''), (185483481, 0.21138158116609207, NULL, x'd1', '185483481'), ('yW	?-)', 0xfffffffffb694120, '-1663045504', '2056680345', 'y9'), (x'941c34', 0Xb0e40d9, x'0739', NULL, 'M');
CREATE TEMPORARY VIEW v0(c0, c1) AS SELECT DISTINCT (((- (rt0.c4)))<<(TOTAL_CHANGES())), (((rt0.c1, '2056680345', x'9bba', ((rt0.c4)LIKE(rt0.c2))))<((((rt0.c3)%(rt0.c0)), x'', rt0.c4 COLLATE NOCASE, ((((((((((rt0.c1)OR(rt0.c4)))AND(rt0.c1)))AND(rt0.c2)))OR(rt0.c3)))AND(rt0.c2))))) FROM rt0 WHERE (CASE ((('', 'D', -1.1138972E8)) NOT BETWEEN ((x'', NULL, x'')) AND ((-111389720, 'CA*j&C', 'L')))  WHEN CHAR(0.7565835635306349, 1e500) THEN (- (0.7136814299807567)) WHEN (((x'')) BETWEEN ((x'b6')) AND ((NULL))) THEN ((NULL) ISNULL) END);
INSERT OR IGNORE INTO rt0(c1) VALUES ('y'), (0.7136814299807567);
PRAGMA temp.legacy_file_format;
UPDATE OR ROLLBACK rt0 SET c3 = NULL WHERE ((rt0.c1) BETWEEN (((rt0.c0)<>(rt0.c2))) AND ((- (rt0.c0))));
UPDATE rt0 SET c4 = '^괠', c0 = -1760908000 WHERE TRIM(DISTINCT rt0.c3 COLLATE BINARY, (((rt0.c2, rt0.c2))>((rt0.c4, rt0.c3))));
ANALYZE;
INSERT OR IGNORE INTO rt0(c2, c1, c3, c4, c0) VALUES ('-0.0', 0.6164073611529854, '', NULL, x'9f'), (1143641029, 0.4050170447747563, x'', NULL, 0xffffffff970aad20);
INSERT OR IGNORE INTO rt0(c1, c0, c2, c3, c4) VALUES (x'05', '153344800', 0x923db20, '叨', '8'), (0xffffffffe7a3d95c, 0.8529298698575656, x'', '叨[8t', NULL);
INSERT OR IGNORE INTO rt0(c3) VALUES ('
');
UPDATE OR REPLACE rt0 SET c0 = '153344800', c2 = x'', c4 = 0.7136814299807567;
UPDATE OR ROLLBACK rt0 SET (c0, c0, c1)=(NULL, x'', NULL);
UPDATE OR IGNORE rt0 SET (c2, c4)=(0.7565835635306349, -76988128) WHERE LIKELIHOOD(rt0.c4 COLLATE NOCASE, (('') NOT BETWEEN (rt0.c3) AND (rt0.c3)));
UPDATE OR IGNORE rt0 SET c1 = '-1663045504';
INSERT OR FAIL INTO rt0(c4, c1) VALUES (',E}', NULL), ('R', 0.14480232466435417);
INSERT OR IGNORE INTO rt0(c0) VALUES (NULL), (0.9395383977162013);
ROLLBACK TRANSACTION;
INSERT OR ABORT INTO rt0 VALUES ('-1663045504', '2{?|()0', x'9c90', x'49a6ae', x'1eee25'), (0.6164073611529854, NULL, 0.929234403159568, NULL, '0.8529298698575656');
INSERT OR IGNORE INTO rt0(c3, c4, c0, c1, c2) VALUES (NULL, x'ce', NULL, '1143641029', NULL);
REINDEX;
INSERT OR ROLLBACK INTO rt0 VALUES ('-1663045504', 0.7565835635306349, x'', NULL, '~h'), (x'7f', NULL, -1039248594, NULL, '2Q\hm}');
INSERT OR IGNORE INTO rt0(c0, c3, c4, c2) VALUES (x'4b', NULL, x'', '-1240337007'), (NULL, '2056680345', x'd99b', NULL), (NULL, '2138942786', NULL, '^괠');
UPDATE rt0 SET (c1, c1, c1, c4)=(x'', x'89', 'LQX', '');
ANALYZE rt0;
UPDATE OR FAIL rt0 SET (c0)=(x'e9d1');
UPDATE rt0 SET (c0, c3)=(0x602a9fa4, '<SQ') WHERE ((((rt0.c4) NOT BETWEEN (rt0.c3) AND (rt0.c0)))=(NULL));
UPDATE OR FAIL rt0 SET c3 = 0.14480232466435417, c0 = 0X923db20 WHERE ((0.14480232466435417)OR(((rt0.c3) IS FALSE)));
UPDATE OR REPLACE rt0 SET c0 = x'41', c1 = '153344800' WHERE ((((rt0.c4)<<(rt0.c2))) ISNULL);
UPDATE OR IGNORE rt0 SET c1 = NULL, c4 = 'T', c4 = x'' WHERE (rt0.c4 IN (((rt0.c4)LIKE(rt0.c3))));
UPDATE rt0 SET c1 = x'296f', c2 = NULL;
BEGIN  TRANSACTION;
UPDATE OR IGNORE rt0 SET (c4)=('-76988128');
ROLLBACK TRANSACTION;
INSERT OR IGNORE INTO rt0(c1, c3, c2) VALUES ('^m', '-1663045504', NULL);
UPDATE OR IGNORE rt0 SET c2 = NULL;
BEGIN DEFERRED TRANSACTION;
UPDATE OR ABORT rt0 SET c2 = '#[u5M	H';
INSERT OR REPLACE INTO rt0(c2, c1, c4) VALUES (NULL, NULL, 'mgHM');
INSERT OR REPLACE INTO rt0(c1) VALUES (0.19429088971119657), (0.5728833813842948), (57870782);
INSERT OR IGNORE INTO rt0(c0, c2, c4, c3) VALUES (0.4050170447747563, NULL, x'24949da6', 'o{^'), (5.7870782E7, -1.7976931348623157E308, 0.2925014821708145, NULL), (0.39515926690291703, '', '', NULL);
INSERT OR REPLACE INTO rt0(c3, c2, c1) VALUES (x'', 0.5543237427327017, '1523104592'), (0Xffffffff9c840f54, 0xffffffffc20e532e, 0.8468209008184995), (x'88', NULL, '2138942786'), (NULL, 'f', 0.09115304906558863);
INSERT OR REPLACE INTO rt0(c4, c3, c2) VALUES (x'd13e9d', 0.015903577225286902, -388515569);
INSERT OR IGNORE INTO rt0(c0, c2, c4, c3, c1) VALUES (573081910, x'60', '^HX)X陎', NULL, NULL), ('1523104592', 635499969, x'', 0.2654944958319284, 1.533448E8), (NULL, x'cd', 'K', NULL, 0.6494961136280326), (0x39c070a1, NULL, -1.039248594E9, x'', NULL);
DELETE FROM sqlite_stat1;
COMMIT;
INSERT OR ROLLBACK INTO rt0(c0) VALUES (x'');
INSERT OR REPLACE INTO rt0(c0, c1, c4, c2) VALUES (NULL, 0.5543237427327017, NULL, -353331634), (9.68913057E8, '706016084', x'42', NULL);
INSERT OR IGNORE INTO rt0(c3, c1, c0) VALUES (NULL, NULL, x'');
ROLLBACK TRANSACTION;
PRAGMA cache_spill = true;
UPDATE OR IGNORE rt0 SET (c4, c2)=(0.5821207094698443, NULL) WHERE (- (rt0.c3)) COLLATE BINARY;
UPDATE rt0 SET c1 = NULL;
UPDATE OR IGNORE rt0 SET (c3, c3, c0)=('-771383651', NULL, 0.015903577225286902);
UPDATE OR IGNORE rt0 SET (c3)=('-1482694246');
UPDATE OR ABORT rt0 SET c0 = 0.3916842090229713 WHERE (((((((((((rt0.c0 IN (rt0.c2, rt0.c4)))OR(rt0.c3 COLLATE RTRIM)))OR(((rt0.c2)>=(rt0.c1)))))OR(((rt0.c3) IS FALSE))))OR(((rt0.c0)||(rt0.c0)))))OR((rt0.c2 IN (rt0.c4))));
UPDATE rt0 SET c4 = 1394209520;
INSERT OR ROLLBACK INTO rt0 VALUES ('0.5821207094698443', '-1284205761', x'17893b', '-815973134', 0.26558105007963395), (0.21138158116609207, ' ?xj97', NULL, -1.760908E9, -0.0), (NULL, (((+ (NULL))) BETWEEN (NULL COLLATE BINARY) AND (LIKELIHOOD(-1203225677, x'09'))), '-408692388', 'G', NULL);
INSERT OR ROLLBACK INTO rt0(c3, c0, c2) VALUES (x'', -763501945, NULL);
REINDEX;
UPDATE OR IGNORE rt0 SET (c1)=('-1669066924') WHERE ((((rt0.c3) NOTNULL))-(((rt0.c2)<(rt0.c4))));
REINDEX;
UPDATE OR IGNORE rt0 SET (c2)=(0.015903577225286902) WHERE 0.46482869657360426;
BEGIN EXCLUSIVE TRANSACTION;
VACUUM temp;
END TRANSACTION;
UPDATE OR IGNORE rt0 SET c4 = 'I', c1 = x'';
DELETE FROM sqlite_stat1 WHERE x'';
END;
REINDEX  rt0;
PRAGMA wal_checkpoint(RESTART);
VACUUM;
VACUUM temp;
VACUUM temp;
UPDATE OR ABORT rt0 SET (c1)=(0.2925014821708145);
UPDATE rt0 SET (c2)=('.(BK|') WHERE (~ (((((rt0.c0)OR(rt0.c0)))AND(1723524184))));
UPDATE rt0 SET c4 = NULL, c0 = 0X602a9fa4, c0 = '叨[8t' WHERE (((rt0.c2) ISNULL) IN ());
INSERT OR ABORT INTO rt0(c2, c3) VALUES ((((((((('0.7136814299807567')||(-1284205761)))OR((- ('5r(')))))OR(NULL)))OR((('1360376831') BETWEEN (0.15727330867489464) AND (0xffffffffe6c54fe4)))), 0xffffffff9f0d1694), ('635499969', 0.09115304906558863), ('261358840', '968913057');
UPDATE OR ROLLBACK rt0 SET c0 = x'34';
UPDATE OR IGNORE rt0 SET (c1, c4)=('153344800', 0.465303240673302);
INSERT OR ABORT INTO rt0(c2, c0, c3, c1) VALUES (x'3586d4', x'', 'l?!|.1QN[z]', 0x561d085c), (-1797663919, 0xffffffffeaf0964e, NULL, 'Hhn');
INSERT OR ABORT INTO rt0(c0) VALUES (x'44'), ('q');
INSERT OR ABORT INTO rt0(c2, c4, c0) VALUES ('-1669066924', '-111389720', x''), ('0.465303240673302', x'ef', '0.3916842090229713');
INSERT OR REPLACE INTO rt0(c0, c2) VALUES ('', -1.663045504E9);
INSERT OR IGNORE INTO rt0(c0) VALUES (x'');
INSERT OR ROLLBACK INTO rt0(c1, c4) VALUES ('-1482694246', 1360376831);
INSERT OR IGNORE INTO rt0(c2, c3, c4, c1, c0) VALUES (x'f20e', x'3061', 0.4225964275324794, x'', NULL), (0.5152802560125314, 0.20253496742302102, NULL, x'2b2777', 0.15727330867489464), ('1557454986', '-1663045504', '0.5152802560125314', -1.284205761E9, '1704698143'), (2.056680345E9, x'', -1.203225677E9, 'd妑', NULL), (x'dccf', '~h', NULL, 1.704698143E9, ((x'a97b')IS(NULL COLLATE BINARY)));
INSERT OR ROLLBACK INTO rt0(c1, c2, c4, c3) VALUES (x'1000dc', '1360376831', 0.015903577225286902, 0.3978808098041813), (0.4742589690874204, 0X5cd4e08a, 1523104592, NULL);
UPDATE OR ROLLBACK rt0 SET c3 = -1142264660, c0 = '7eKHxaR', c4 = NULL;
UPDATE OR IGNORE rt0 SET c1 = 0Xffffffffce768da2, c0 = '7';
INSERT OR IGNORE INTO rt0(c3, c1, c2, c0) VALUES ('>c࡜', 1092929578, 7.06016084E8, NULL);
INSERT OR IGNORE INTO rt0(c2, c4, c0, c3) VALUES (x'bb3e', NULL, NULL, '1613406116'), (x'9e', 1.39420952E9, x'47af', NULL);
UPDATE rt0 SET c4 = 0.5465884064161508, c4 = x'f09ee606';
REINDEX;
END;
DELETE FROM sqlite_stat1 WHERE ((((0.6494961136280326) IS FALSE))<(x''));
UPDATE rt0 SET (c3, c0, c2)=('-771383651', '1940114623', '635499969');
UPDATE OR IGNORE rt0 SET (c4, c1)=(x'', x'5e');
PRAGMA temp.cache_spill;
INSERT OR ABORT INTO rt0(c4) VALUES (NULL);
UPDATE OR IGNORE rt0 SET (c4, c4)=('', NULL);
BEGIN  TRANSACTION;
INSERT OR REPLACE INTO rt0(c3) VALUES (NULL), (x'42');
INSERT OR REPLACE INTO rt0(c1, c0, c2) VALUES (x'', 0.9764418409055422, x'');
PRAGMA temp.recursive_triggers;
UPDATE rt0 SET (c1, c3)=(0x442a93c5, x'cdae');
UPDATE OR REPLACE rt0 SET (c2, c0)=(NULL, '-275123778');
REINDEX;
COMMIT;
ROLLBACK TRANSACTION;
-- SELECT ALL * FROM rt0 WHERE (((((rt0.c3)<=(rt0.c0)))<(((rt0.c4) NOTNULL))));
-- cardinality: 1
-- SELECT * FROM rt0 WHERE (((((((rt0.c3)=(rt0.c0)))<(((rt0.c4) NOTNULL))))AND((((rt0.c2)) NOT BETWEEN ((CASE rt0.c1  WHEN rt0.c4 THEN rt0.c4 END)) AND (((((rt0.c0, rt0.c3, rt0.c0))<((0.24715437054714318, rt0.c0, rt0.c0))))))))) LIMIT 3;
-- cardinality: 3
