--java.lang.AssertionError: 18393758 0
--	at sqlancer.sqlite3.oracle.SQLite3SubsetOracle.checkSubsetQuery(SQLite3SubsetOracle.java:234)
--	at sqlancer.sqlite3.oracle.SQLite3SubsetOracle.check(SQLite3SubsetOracle.java:109)
--	at sqlancer.ProviderAdapter.generateAndTestDatabase(ProviderAdapter.java:49)
--	at sqlancer.Main$DBMSExecutor.run(Main.java:323)
--	at sqlancer.Main$2.run(Main.java:507)
--	at sqlancer.Main$2.runThread(Main.java:485)
--	at sqlancer.Main$2.run(Main.java:475)
--	at java.base/java.util.concurrent.ThreadPoolExecutor.runWorker(ThreadPoolExecutor.java:1130)
--	at java.base/java.util.concurrent.ThreadPoolExecutor$Worker.run(ThreadPoolExecutor.java:630)
--	at java.base/java.lang.Thread.run(Thread.java:831)
---- Time: 2021/05/19 01:09:32
-- Database: database1
-- Database version: 3.34.0
-- seed value: 1621357771645
PRAGMA case_sensitive_like=ON;
CREATE TABLE t0 (c0 INT , c1 INTEGER , c2 TEXT , c3 INT , c4 BLOB );
CREATE VIRTUAL TABLE rt1 USING rtree_i32(c0, c1, c2, c3, c4, +c5 TEXT , +c6 BLOB );
INSERT OR IGNORE INTO rt1(c6, c2, c3, c0, c1, c4) VALUES (x'', '-889508270', 'O_', 0Xffffffffcafb2e52, x'0f', -8.8950827E8);
DELETE FROM sqlite_stat1 WHERE CASE -8.8950827E8  WHEN NULL THEN 0.45090362117297056 WHEN '-889508270' THEN x'' END COLLATE NOCASE;
INSERT OR REPLACE INTO rt1(c0, c2, c5) VALUES (x'32', '-889508270', 0.4292284324645219);
INSERT OR IGNORE INTO t0(c4, c3, c1, c2, c0) VALUES (x'', 0xffffffffcafb2e52, 0.0032158905941063187, '1333222245', NULL);
UPDATE OR ROLLBACK t0 SET c2 = 'o_', c4 = 0X59be5920;
BEGIN  TRANSACTION;
INSERT OR IGNORE INTO rt1(c6, c1, c4, c3, c0, c5) VALUES (0x34d01d99, x'41', '-1279305933', '2010461842', 0xffffffffcafb2e52, NULL);
INSERT OR IGNORE INTO rt1(c0, c5, c3) VALUES (x'', '88411032', 0.005853506947394171);
REINDEX;
UPDATE OR IGNORE t0 SET (c4)=(0.6766698228567961) WHERE SQLITE_COMPILEOPTION_GET((t0.c4 IN ()));
PRAGMA auto_vacuum;
INSERT OR ROLLBACK INTO rt1(c3, c4, c0, c6, c5) VALUES (x'1c', '603733417', 'G~孥￿L^', 886054297, x''), ('2010798651', 0.9472333479326595, 'u', NULL, '-1665136082'), (x'', x'1c', 0.38307667754291375, 0.4292284324645219, 0X77d53692), ('2025863801', NULL, '㶩ᶙ붣', NULL, x'fa94');
INSERT OR IGNORE INTO rt1(c1, c2, c4, c6, c3, c0) VALUES (0.7020918382079648, '', NULL, 'y', NULL, x'');
REINDEX;
UPDATE OR IGNORE t0 SET c3 = '㶩ᶙ붣', c4 = NULL, c3 = 2010461842;
INSERT OR IGNORE INTO t0(c0, c1) VALUES (NULL, '-1560087994');
INSERT OR REPLACE INTO t0(c1, c0, c2, c3) VALUES (-1463084059, '6', '', x'8fbb'), (0.30502087275362855, 0x78f7fa93, NULL, ''), ('', x'0f30', x'27d4', x'c6');
ANALYZE;
INSERT OR FAIL INTO t0 VALUES ('1505646880', 18393758, '-523250614', x'', x'54ca36'), ('-1279305933', x'81', x'22', 0.045390897871673164, x'1b'), (0.9247696419230018, NULL, -1927307188, NULL, NULL), ('1333222245', x'9d', '-1246367183', (((- (0.5021690346612778)))-(x'')), 1091145401);
INSERT OR IGNORE INTO rt1(c2, c5, c0, c4, c6, c1) VALUES (-1.463084059E9, 0.774535527597818, -1927307188, 8.8411032E7, '2029517459', '-523250614');
REINDEX;
BEGIN DEFERRED TRANSACTION;
ANALYZE main;
DELETE FROM sqlite_stat1;
INSERT OR IGNORE INTO rt1(c2, c5, c4, c1, c0, c3) VALUES ('㶩ᶙ붣', NULL, x'', x'', '-1666556278', 0.9684774486826819);
UPDATE OR REPLACE rt1 SET c4 = 0.45735093364541624;
UPDATE OR IGNORE rt1 SET c6 = '-1980698300', c6 = x'db' WHERE rt1.c2;
INSERT OR IGNORE INTO t0(c1) VALUES (NULL), (-1191521787);
UPDATE OR IGNORE rt1 SET c3 = NULL WHERE LTRIM(TOTAL_CHANGES());
INSERT OR IGNORE INTO rt1(c2, c5) VALUES (0.6257287008089214, '{}'), ('X', NULL), (x'27a7', 0.46539763801619694), (0x78f7fa93, NULL), (NULL, 0.6177400951061373);
COMMIT TRANSACTION;
BEGIN IMMEDIATE TRANSACTION;
UPDATE rt1 SET c3 = '1163750199', c3 = '3qG';
UPDATE t0 SET c2 = 0.13587103737969575, c3 = x'5bbf' WHERE (((-1191521787, t0.c1)) NOT BETWEEN ((t0.c4, ((t0.c1) NOTNULL))) AND ((((t0.c2)%(t0.c0)), (~ (t0.c0)))));
SELECT rtreecheck('rt1');
UPDATE OR IGNORE rt1 SET c2 = -1980698300, c1 = x'b38d' WHERE CASE CAST(rt1.c1 AS TEXT)  WHEN '953423655' THEN ((rt1.c2)=(rt1.c2)) ELSE ((rt1.c2)<(x'1c7d')) END;
END TRANSACTION;
BEGIN EXCLUSIVE TRANSACTION;
COMMIT TRANSACTION;
BEGIN DEFERRED TRANSACTION;
INSERT OR IGNORE INTO t0(c0, c3, c2, c4) VALUES (x'7b', NULL, '1333222245', 0.5748054955648207), ('''', '-1980698300', 0.6811501361922409, '-1665136082'), (0.07549142447844681, '-1e500', x'1025', x'771a43');
BEGIN  TRANSACTION;
REINDEX;
ANALYZE main;
ANALYZE main;
UPDATE OR IGNORE t0 SET c1 = 0xffffffffccf7299b WHERE ((LIKELIHOOD('1664405135', t0.c1))==((t0.c1 IN (t0.c1))));
UPDATE OR IGNORE t0 SET c3 = '88411032';
UPDATE OR FAIL rt1 SET (c6, c6, c1, c3)=(NULL, x'', NULL, '-1927307188');
REINDEX  rt1;
ROLLBACK TRANSACTION;
UPDATE OR REPLACE rt1 SET (c6, c1)=('6', 0.1952059545223649) WHERE rt1.c3;
INSERT OR IGNORE INTO t0(c3, c0, c2, c4, c1) VALUES ('fK夠aH', NULL, 0.9047286469910235, 0Xfffffffff2836004, NULL), (-1.279305933E9, 'X', x'06', NULL, NULL);
BEGIN  TRANSACTION;
PRAGMA main.cache_spill;
ANALYZE t0;
UPDATE OR ROLLBACK rt1 SET c1 = NULL, c5 = '-2065710970' WHERE CASE WHEN (((rt1.c6)) NOT BETWEEN ((rt1.c0)) AND ((rt1.c5))) THEN CASE rt1.c4  WHEN rt1.c5 THEN rt1.c2 WHEN rt1.c5 THEN rt1.c2 ELSE rt1.c0 END WHEN (((rt1.c3, rt1.c3, rt1.c5)) BETWEEN ((rt1.c4, rt1.c3, rt1.c4)) AND ((rt1.c6, rt1.c0, rt1.c2))) THEN ((rt1.c6) NOT BETWEEN (rt1.c0) AND (rt1.c4)) WHEN ((rt1.c6)IS NOT(rt1.c5)) THEN ((rt1.c1)>>(rt1.c2)) WHEN (rt1.c2 IN ()) THEN (NOT (rt1.c2)) WHEN (((rt1.c3, rt1.c2))<=((rt1.c2, rt1.c5))) THEN '603733417' ELSE (- (rt1.c6)) END;
INSERT OR IGNORE INTO rt1(c4) VALUES (''), ('''dAR');
COMMIT;
REINDEX;
ANALYZE;
INSERT OR ROLLBACK INTO t0(c3, c0, c1) VALUES ('35009463', x'18', 0.7280443742260774);
END TRANSACTION;
ROLLBACK TRANSACTION;
--SUBSET BUG!
SELECT DISTINCT MAX(t0.c1) FROM t0 WHERE (((COALESCE(DISTINCT (+ (t0.c2)), ((t0.c2) NOT NULL), x'f018ff', CAST(t0.c3 AS BLOB)))AND(TRIM(CAST(t0.c1 AS TEXT), LENGTH(t0.c1)))));
SELECT ALL MAX(t0.c1) FROM t0 WHERE (COALESCE(DISTINCT (+ (t0.c2)), ((t0.c2) NOT NULL), x'f018ff', CAST(t0.c3 AS BLOB)));
