--java.lang.AssertionError: the content of the result sets mismatch!
---- SELECT ALL * FROM vt0 WHERE (CASE ((vt0.c0)IS(vt0.c1))  WHEN ((vt0.c2)<=(vt0.c1)) THEN (~ (vt0.c1)) WHEN x'' THEN vt0.c1 COLLATE RTRIM WHEN vt0.c2 COLLATE NOCASE THEN ((vt0.c0) NOT NULL) WHEN ((vt0.c1)AND(vt0.c1)) THEN vt0.c2 COLLATE RTRIM WHEN HEX(vt0.c0) THEN '2074797880' ELSE CAST(vt0.c0 AS BLOB) END);
---- misses: [-1967540600, -895481057.0]
---- SELECT DISTINCT * FROM vt0 WHERE (((CASE ((vt0.c0)IS(vt0.c1))  WHEN ((vt0.c2)<(vt0.c1)) THEN (~ (vt0.c1)) WHEN x'' THEN vt0.c1 COLLATE RTRIM WHEN vt0.c2 COLLATE NOCASE THEN ((vt0.c0) NOT NULL) WHEN ((vt0.c1)AND(vt0.c1)) THEN vt0.c2 COLLATE RTRIM WHEN HEX(vt0.c0) THEN '2074797880' ELSE CAST(vt0.c0 AS BLOB) END)AND(((((vt0.c0)*(vt0.c1))) IS FALSE))));
---- misses: 1
--	at sqlancer.ComparatorHelper.assumeResultSetsAreSubset(ComparatorHelper.java:144)
--	at sqlancer.sqlite3.oracle.SQLite3SubsetOracle.checkSubsetQuery(SQLite3SubsetOracle.java:242)
--	at sqlancer.sqlite3.oracle.SQLite3SubsetOracle.check(SQLite3SubsetOracle.java:109)
--	at sqlancer.ProviderAdapter.generateAndTestDatabase(ProviderAdapter.java:49)
--	at sqlancer.Main$DBMSExecutor.run(Main.java:323)
--	at sqlancer.Main$2.run(Main.java:507)
--	at sqlancer.Main$2.runThread(Main.java:485)
--	at sqlancer.Main$2.run(Main.java:475)
--	at java.base/java.util.concurrent.ThreadPoolExecutor.runWorker(ThreadPoolExecutor.java:1130)
--	at java.base/java.util.concurrent.ThreadPoolExecutor$Worker.run(ThreadPoolExecutor.java:630)
--	at java.base/java.lang.Thread.run(Thread.java:831)
---- Time: 2021/05/19 01:09:33
-- Database: database7
-- Database version: 3.34.0
-- seed value: 1621357771651
PRAGMA cache_size = 50000;
PRAGMA temp_store=MEMORY;
PRAGMA synchronous=off;
PRAGMA encoding = 'UTF-16le';
CREATE VIRTUAL TABLE vt0 USING fts4(c0, c1, c2);
REINDEX;
END TRANSACTION;
INSERT OR IGNORE INTO vt0(c2) VALUES ('-1967540600');
INSERT INTO vt0(vt0, rank) VALUES('crisismerge', 1172413877);
INSERT INTO vt0(vt0, rank) VALUES('automerge', 8);
INSERT INTO vt0(vt0) VALUES('integrity-check');
INSERT INTO vt0(vt0, rank) VALUES('usermerge', 2);
INSERT INTO vt0(vt0) VALUES('automerge=4');
INSERT INTO vt0(vt0) VALUES('integrity-check');
ANALYZE main;
INSERT OR IGNORE INTO vt0(c0) VALUES (x''), (NULL);
INSERT INTO vt0(vt0, rank) VALUES('pgsz', '45940');
INSERT INTO vt0(vt0) VALUES('optimize');
PRAGMA temp.cache_spill = false;
PRAGMA main.stats;
INSERT INTO vt0(vt0, rank) VALUES('merge', 2140979552);
;
INSERT INTO vt0(vt0) VALUES('rebuild');
INSERT INTO vt0(vt0, rank) VALUES('crisismerge', 1300144971);
INSERT INTO vt0(vt0) VALUES('optimize');
INSERT OR ROLLBACK INTO vt0(c2, c0, c1) VALUES (NULL, '', x'339f'), (NULL, '1329406373', -2089230563);
INSERT OR ROLLBACK INTO vt0(c2, c0) VALUES (0.7680747728768222, '-1967540600'), (NULL, 0.2972661114812368), ('閻}5	4D', NULL);
ANALYZE;
INSERT INTO vt0(vt0) VALUES('integrity-check');
INSERT OR REPLACE INTO vt0(c1, c0, c2) VALUES (x'', '2140979552', x'');
INSERT OR ROLLBACK INTO vt0(c2, c1, c0) VALUES (NULL, '', -1967540600);
PRAGMA temp.auto_vacuum = NONE;
INSERT OR IGNORE INTO vt0(c1, c0) VALUES (0Xffffffff83d3bf08, x'03'), (NULL, 0.8921289453853108), (0.5639060842173054, 0x613fc026);
INSERT OR ABORT INTO vt0(c2, c1) VALUES (0.30094832946631667, 0Xffffffff8378df1d), ('HS', 0.7680747728768222);
REINDEX  vt0;
PRAGMA default_cache_size = -1513578280;
INSERT INTO vt0(vt0) VALUES('optimize');
INSERT INTO vt0(vt0, rank) VALUES('rank', 'bm25(10.0, 5.0)');
INSERT INTO vt0(vt0, rank) VALUES('crisismerge', 1694856133);
INSERT INTO vt0(vt0) VALUES('optimize');
INSERT OR FAIL INTO vt0(c1, c0) VALUES ('-1239890065', '-1210018373'), (NULL, NULL), (x'47d3324e', 'heଟQ億Gu]');
COMMIT;
COMMIT;
INSERT OR ABORT INTO vt0(c1, c0) VALUES ('-935251765', x'');
UPDATE vt0 SET c1 = x'', c0 = '-805618941' WHERE (((CAST(vt0.c1 AS INTEGER), ((((((((((vt0.c0)OR(vt0.c2)))AND(vt0.c1)))OR('-2083275000')))AND(vt0.c0)))OR(vt0.c1))))==((((vt0.c2) BETWEEN (vt0.c1) AND (vt0.c0)), CAST(vt0.c1 AS BLOB))));
ROLLBACK TRANSACTION;
INSERT INTO vt0(vt0) VALUES('optimize');
INSERT INTO vt0(vt0, rank) VALUES('crisismerge', 805705895);
INSERT INTO vt0(vt0) VALUES('rebuild');
INSERT OR ABORT INTO vt0 VALUES (NULL, -662124599, NULL);
INSERT INTO vt0(vt0) VALUES('integrity-check');
INSERT INTO vt0(vt0, rank) VALUES('pgsz', '61231');
INSERT INTO vt0(vt0) VALUES('rebuild');
ANALYZE main;
INSERT OR FAIL INTO vt0(c2, c0) VALUES ('Vaわ꓀yሎV', x'');
REINDEX;
ROLLBACK TRANSACTION;
PRAGMA reverse_unordered_selects;
INSERT OR ROLLBACK INTO vt0(c1) VALUES ('438110496');
INSERT INTO vt0(vt0) VALUES('integrity-check');
INSERT OR FAIL INTO vt0(c2, c0) VALUES (0.8921289453853108, 617402341), ('aPR', '-114564719');
BEGIN EXCLUSIVE TRANSACTION;
PRAGMA temp.incremental_vacuum;
INSERT INTO vt0(vt0, rank) VALUES('rank', 'bm25(10.0, 5.0)');
INSERT INTO vt0(vt0, rank) VALUES('rank', 'bm25(10.0, 5.0)');
INSERT INTO vt0(vt0) VALUES('automerge=12');
PRAGMA ignore_check_constraints = false;
VACUUM temp;
INSERT OR IGNORE INTO vt0(c2) VALUES (NULL);
INSERT OR IGNORE INTO vt0(c1, c2, c0) VALUES ('-1239890065', NULL, x'');
BEGIN EXCLUSIVE TRANSACTION;
UPDATE OR IGNORE vt0 SET c1 = 0.026677829472838477, c2 = 0xffffffff83f170e7 WHERE ((((vt0.c0) NOT BETWEEN (vt0.c0) AND (vt0.c1)))<>(0.08455677317875987));
INSERT OR IGNORE INTO vt0(c2) VALUES ('-639748023'), (0.8921289453853108), ('917511139'), ('0.08455677317875987');
INSERT INTO vt0(vt0, rank) VALUES('automerge', 10);
INSERT INTO vt0(vt0) VALUES('integrity-check');
UPDATE OR IGNORE vt0 SET c0 = '-1967540600', c2 = '-1383487729';
INSERT INTO vt0(vt0, rank) VALUES('usermerge', 10);
INSERT INTO vt0(vt0, rank) VALUES('pgsz', '8307');
INSERT INTO vt0(vt0, rank) VALUES('merge', 1253537794);
;
INSERT INTO vt0(vt0, rank) VALUES('crisismerge', 1252555031);
INSERT INTO vt0(vt0) VALUES('rebuild');
UPDATE OR FAIL vt0 SET c2 = 0.22898423394128609 WHERE ((CAST(vt0.c2 AS REAL))||(((vt0.c2) ISNULL)));
INSERT INTO vt0(vt0, rank) VALUES('crisismerge', 648655195);
INSERT INTO vt0(vt0, rank) VALUES('crisismerge', 1767791401);
INSERT INTO vt0(vt0) VALUES('merge=1993734216,15');
;
UPDATE OR FAIL vt0 SET c1 = NULL WHERE vt0.c1;
END TRANSACTION;
INSERT INTO vt0(vt0, rank) VALUES('rank', 'bm25(10.0, 5.0)');
INSERT INTO vt0(vt0, rank) VALUES('pgsz', '25641');
INSERT INTO vt0(vt0, rank) VALUES('usermerge', 7);
INSERT INTO vt0(vt0) VALUES('automerge=1');
INSERT INTO vt0(vt0, rank) VALUES('pgsz', '17831');
INSERT INTO vt0(vt0, rank) VALUES('automerge', 3);
INSERT INTO vt0(vt0, rank) VALUES('pgsz', '34730');
INSERT INTO vt0(vt0, rank) VALUES('pgsz', '24737');
INSERT INTO vt0(vt0) VALUES('integrity-check');
PRAGMA shrink_memory;
BEGIN  TRANSACTION;
INSERT OR IGNORE INTO vt0(c2, c1) VALUES (x'', -1.396787381E9), ('-2089230563', NULL), (NULL, '1349972028'), (1.993734216E9, NULL);
REINDEX;
INSERT OR REPLACE INTO vt0(c2) VALUES ('-353614591'), ('-1383487729'), ('w*DuZꦯ2R');
ROLLBACK TRANSACTION;
BEGIN  TRANSACTION;
INSERT OR IGNORE INTO vt0(c1, c0, c2) VALUES ('Vaわ꓀yሎV', 0.12017461669268459, x'58525079f7');
INSERT INTO vt0(vt0) VALUES('automerge=6');
ROLLBACK TRANSACTION;
INSERT OR ROLLBACK INTO vt0(c2, c1, c0) VALUES (x'', x'', 'A'), (NULL, x'11', '');
ROLLBACK TRANSACTION;
BEGIN EXCLUSIVE TRANSACTION;
INSERT INTO vt0(vt0, rank) VALUES('crisismerge', 959837130);
INSERT INTO vt0(vt0) VALUES('optimize');
INSERT INTO vt0(vt0, rank) VALUES('usermerge', 15);
INSERT INTO vt0(vt0) VALUES('integrity-check');
BEGIN IMMEDIATE TRANSACTION;
INSERT INTO vt0(vt0, rank) VALUES('rank', 'bm25(10.0, 5.0)');
INSERT INTO vt0(vt0) VALUES('rebuild');
BEGIN EXCLUSIVE TRANSACTION;
ROLLBACK TRANSACTION;
INSERT INTO vt0(vt0) VALUES('rebuild');
INSERT INTO vt0(vt0) VALUES('optimize');
INSERT OR ABORT INTO vt0 VALUES (-1922456384, x'', NULL), (-8.95481057E8, NULL, x'');
ROLLBACK TRANSACTION;
COMMIT TRANSACTION;
PRAGMA main.ignore_check_constraints = false;
REINDEX;
PRAGMA journal_mode = MEMORY;
END;
INSERT INTO vt0(vt0, rank) VALUES('usermerge', 11);
INSERT INTO vt0(vt0, rank) VALUES('automerge', 13);
INSERT INTO vt0(vt0, rank) VALUES('crisismerge', 1301619251);
INSERT INTO vt0(vt0, rank) VALUES('merge', 653599662);
;
INSERT INTO vt0(vt0, rank) VALUES('usermerge', 3);
INSERT INTO vt0(vt0, rank) VALUES('usermerge', 13);
INSERT INTO vt0(vt0, rank) VALUES('rank', 'bm25(10.0, 5.0)');
INSERT INTO vt0(vt0, rank) VALUES('crisismerge', 1526743299);
INSERT INTO vt0(vt0) VALUES('optimize');
INSERT INTO vt0(vt0) VALUES('integrity-check');
INSERT OR ABORT INTO vt0(c0) VALUES ('z'), ('21801391');
INSERT OR REPLACE INTO vt0(c2, c0, c1) VALUES ('-1289337866', 0.6818725949059139, 1329406373);
INSERT INTO vt0(vt0) VALUES('automerge=1');
COMMIT TRANSACTION;
ROLLBACK TRANSACTION;
-- SELECT ALL * FROM vt0 WHERE (CASE ((vt0.c0)IS(vt0.c1))  WHEN ((vt0.c2)<=(vt0.c1)) THEN (~ (vt0.c1)) WHEN x'' THEN vt0.c1 COLLATE RTRIM WHEN vt0.c2 COLLATE NOCASE THEN ((vt0.c0) NOT NULL) WHEN ((vt0.c1)AND(vt0.c1)) THEN vt0.c2 COLLATE RTRIM WHEN HEX(vt0.c0) THEN '2074797880' ELSE CAST(vt0.c0 AS BLOB) END);
-- misses: [-1967540600, -895481057.0]
-- SELECT DISTINCT * FROM vt0 WHERE (((CASE ((vt0.c0)IS(vt0.c1))  WHEN ((vt0.c2)<(vt0.c1)) THEN (~ (vt0.c1)) WHEN x'' THEN vt0.c1 COLLATE RTRIM WHEN vt0.c2 COLLATE NOCASE THEN ((vt0.c0) NOT NULL) WHEN ((vt0.c1)AND(vt0.c1)) THEN vt0.c2 COLLATE RTRIM WHEN HEX(vt0.c0) THEN '2074797880' ELSE CAST(vt0.c0 AS BLOB) END)AND(((((vt0.c0)*(vt0.c1))) IS FALSE))));
-- misses: 1
