--java.lang.AssertionError: 900617651 0
--	at sqlancer.sqlite3.oracle.SQLite3SubsetOracle.checkSubsetQuery(SQLite3SubsetOracle.java:234)
--	at sqlancer.sqlite3.oracle.SQLite3SubsetOracle.check(SQLite3SubsetOracle.java:109)
--	at sqlancer.ProviderAdapter.generateAndTestDatabase(ProviderAdapter.java:49)
--	at sqlancer.Main$DBMSExecutor.run(Main.java:323)
--	at sqlancer.Main$2.run(Main.java:507)
--	at sqlancer.Main$2.runThread(Main.java:485)
--	at sqlancer.Main$2.run(Main.java:475)
--	at java.base/java.util.concurrent.ThreadPoolExecutor.runWorker(ThreadPoolExecutor.java:1130)
--	at java.base/java.util.concurrent.ThreadPoolExecutor$Worker.run(ThreadPoolExecutor.java:630)
--	at java.base/java.lang.Thread.run(Thread.java:831)
---- Time: 2021/05/19 01:09:35
-- Database: database16
-- Database version: 3.34.0
-- seed value: 1621357771660
PRAGMA cache_size = 50000;
PRAGMA temp_store=MEMORY;
PRAGMA synchronous=off;
PRAGMA case_sensitive_like=ON;
PRAGMA encoding = 'UTF-16be';
CREATE VIRTUAL TABLE rt0 USING rtree(c0, c1, c2, +c3 TEXT , +c4 BLOB );
INSERT OR IGNORE INTO rt0(c0, c1, c2, c3) VALUES ('-306832129', 'h', NULL, NULL);
REINDEX;
INSERT OR IGNORE INTO rt0(c4, c1, c2) VALUES ('900617651', 0.041433903950121476, 151159958), (x'a68a', x'1c1362', 1.51159958E8);
REINDEX NOCASE;
INSERT OR IGNORE INTO rt0(c3, c1, c4, c0, c2) VALUES ('0.041433903950121476', NULL, 0x7b9ca061, NULL, '-1893339925');
INSERT OR IGNORE INTO rt0(c2, c4, c3, c1, c0) VALUES (x'', '-306832129', 0.006682118759644307, -228762077, 0.041433903950121476);
INSERT OR ROLLBACK INTO rt0(c2, c4) VALUES (0.23562389377176596, 0xffffffffdd55200b), (x'', '2039131043'), (0.09090607930004835, x'');
BEGIN  TRANSACTION;
ROLLBACK TRANSACTION;
ROLLBACK TRANSACTION;
REINDEX RTRIM;
INSERT OR FAIL INTO rt0(c3, c2, c1, c4, c0) VALUES (x'aba8', '0.09090607930004835', x'b41c', NULL, 'A/Sy鸒<!5Z'), (-1460951953, '151159958', x'c0cb', x'', '-2087489413');
INSERT OR ROLLBACK INTO rt0 VALUES (9.00617651E8, x'', 0.025633417922032997, x'529bef', '0.0'), (NULL, -2.087489413E9, NULL, 1341759012, NULL);
ANALYZE;
INSERT OR IGNORE INTO rt0(c1, c0, c3) VALUES (NULL, 0.722967209956647, 0.6016400182583505), (NULL, x'84', 0.722967209956647);
ROLLBACK TRANSACTION;
DELETE FROM sqlite_stat1 WHERE ((0.7068082949634995)>(CASE '755777378'  WHEN '0' THEN NULL WHEN NULL THEN '2073862241' END));
INSERT OR FAIL INTO rt0(c4) VALUES (x''), (x'');
REINDEX  rt0;
ROLLBACK TRANSACTION;
INSERT OR ROLLBACK INTO rt0(c2, c1, c4) VALUES (x'92e7', '0.041433903950121476', NULL), ('*yI​', -2.087489413E9, NULL), (0.622290299903252, -1614554992, 'k0~g<O'), ('-171394040', x'ef9fc5f0', '2073862241');
INSERT OR IGNORE INTO rt0(c1, c4) VALUES ('-1444392489', '9'), (NULL, '&G');
INSERT OR IGNORE INTO rt0(c3, c2, c4, c0) VALUES (x'', '_', NULL, 0xffffffffb63fc6e8);
INSERT OR ABORT INTO rt0(c2) VALUES (x'dd9fb6'), (x'4a');
ANALYZE;
REINDEX;
INSERT OR IGNORE INTO rt0(c2, c3, c1, c0) VALUES (x'3b01', NULL, 1089252062, '-1094403164'), ('1341759012', NULL, x'16', x'95');
INSERT OR REPLACE INTO rt0(c0, c1, c2, c3) VALUES ('1341759012', x'', x'', 0Xb8f5ddb), (0Xffffffffbec4bba4, 0x65de0ac2, -3.06832129E8, NULL);
INSERT OR IGNORE INTO rt0(c4, c2, c0) VALUES ('*', 0xffffffffbec4bba4, x'35c6');
INSERT OR IGNORE INTO rt0(c4, c3, c1, c2) VALUES (NULL, x'94c3f79c', 'l/Np8*Y', NULL), (x'b1', -931054513, 'sU2bD', 7.55777378E8);
INSERT OR IGNORE INTO rt0(c2, c4) VALUES (NULL, '/T?i6q#vO'), ('4%', '0.025633417922032997'), (NULL, NULL), (NULL, x'89');
ANALYZE;
PRAGMA temp.mmap_size;
INSERT OR IGNORE INTO rt0(c3) VALUES (0.4650768208002728);
REINDEX;
ROLLBACK TRANSACTION;
INSERT OR IGNORE INTO rt0(c0, c1, c3, c4, c2) VALUES (NULL, '1953476835', 0x1b2fb740, NULL, 0.006682118759644307), (x'', '1963081765', '9A', '', 0.8090256724827729);
ROLLBACK TRANSACTION;
INSERT OR IGNORE INTO rt0(c3, c0, c2) VALUES (NULL, x'b5', 0.622290299903252), (NULL, x'', 0.40705773166459003), (0Xfffffffff5c8bc08, x'fd', NULL);
ROLLBACK TRANSACTION;
BEGIN EXCLUSIVE TRANSACTION;
ANALYZE sqlite_master;
ANALYZE;
DELETE FROM sqlite_stat1 WHERE CAST(x'' AS REAL);
ANALYZE main;
END TRANSACTION;
INSERT OR ROLLBACK INTO rt0(c2) VALUES (NULL);
INSERT OR IGNORE INTO rt0(c4, c0, c1, c2, c3) VALUES ('4IⲅnLd', NULL, NULL, x'af90e9', x''), (0.35538331364521136, x'', 0.496157638007812, NULL, '0.6016400182583505');
BEGIN EXCLUSIVE TRANSACTION;
REINDEX;
CREATE TEMP VIEW v0(c0, c1) AS SELECT ALL (- ((+ (rt0.c3)))), SUM(rt0.c3) FROM rt0;
INSERT OR REPLACE INTO rt0(c0, c1) VALUES (NULL, x'd7'), (-505397036, NULL), ('_', NULL);
VACUUM;
VACUUM;
VACUUM;
VACUUM main;
VACUUM;
VACUUM temp;
ROLLBACK TRANSACTION;
INSERT OR IGNORE INTO rt0(c3, c0, c4, c2) VALUES (x'', 0.24124863449502254, x'53ad17', 0x1f3ccfbc);
COMMIT TRANSACTION;
VACUUM;
REINDEX;
PRAGMA wal_checkpoint(RESTART);
ROLLBACK TRANSACTION;
END;
DELETE FROM sqlite_stat1 WHERE CAST(CAST(NULL AS TEXT) AS NUMERIC);
INSERT OR ROLLBACK INTO rt0(c4, c3, c1, c2) VALUES (x'1e', '3
x#', 'k0~gt<O', '5B');
INSERT OR ABORT INTO rt0(c0, c3, c1) VALUES (1.953476835E9, 0X31d43c5f, 0.5229458308839939);
INSERT OR IGNORE INTO rt0(c4, c1) VALUES (x'b540ab', 0.8703885294512965);
INSERT OR REPLACE INTO rt0(c0, c2, c3, c4, c1) VALUES (x'62', NULL, x'2e', '튘9qG凗', '1%b^ e');
INSERT OR IGNORE INTO rt0(c1, c4, c0) VALUES (1.51159958E8, '-581623797', 0.14096668873042084);
ANALYZE;
INSERT OR ROLLBACK INTO rt0(c3) VALUES (NULL), ('719967020'), ('');
COMMIT;
ROLLBACK TRANSACTION;
--SUBSET BUG!
SELECT DISTINCT MAX(rt0.c4) FROM rt0 WHERE ((((NOT ((rt0.c1 IN (rt0.c0)))))AND(rt0.c1)));
SELECT ALL MAX(rt0.c4) FROM rt0 WHERE ((NOT ((rt0.c1 IN (rt0.c0)))));
