--java.lang.AssertionError: 499733756 0
--	at sqlancer.sqlite3.oracle.SQLite3SubsetOracle.checkSubsetQuery(SQLite3SubsetOracle.java:234)
--	at sqlancer.sqlite3.oracle.SQLite3SubsetOracle.check(SQLite3SubsetOracle.java:109)
--	at sqlancer.ProviderAdapter.generateAndTestDatabase(ProviderAdapter.java:49)
--	at sqlancer.Main$DBMSExecutor.run(Main.java:323)
--	at sqlancer.Main$2.run(Main.java:507)
--	at sqlancer.Main$2.runThread(Main.java:485)
--	at sqlancer.Main$2.run(Main.java:475)
--	at java.base/java.util.concurrent.ThreadPoolExecutor.runWorker(ThreadPoolExecutor.java:1130)
--	at java.base/java.util.concurrent.ThreadPoolExecutor$Worker.run(ThreadPoolExecutor.java:630)
--	at java.base/java.lang.Thread.run(Thread.java:831)
---- Time: 2021/05/19 01:09:35
-- Database: database13
-- Database version: 3.34.0
-- seed value: 1621357771657
PRAGMA cache_size = 50000;
PRAGMA temp_store=MEMORY;
PRAGMA synchronous=off;
PRAGMA case_sensitive_like=ON;
CREATE VIRTUAL TABLE vt0 USING fts5(c0 UNINDEXED, c1);
CREATE VIRTUAL TABLE vt1 USING fts4(c0);
UPDATE OR IGNORE vt0 SET (c0, c1)=(0X68f301b4, x'') WHERE ((((vt0.c1) BETWEEN (vt0.c1) AND (vt0.c0))) ISNULL);
REINDEX;
PRAGMA main.wal_autocheckpoint;
ROLLBACK TRANSACTION;
INSERT OR ROLLBACK INTO vt0(c0) VALUES (NULL), (0.310211915931208);
INSERT OR ABORT INTO vt1 VALUES ('1760756148');
INSERT INTO vt1(vt1) VALUES('rebuild');
INSERT OR IGNORE INTO vt0(c1) VALUES (0.9299467230100918), (x'83bfbcff');
ANALYZE main;
ROLLBACK TRANSACTION;
INSERT OR IGNORE INTO vt0 VALUES (1489150588, 0.9299467230100918), (0.8462327308249847, 0.09482646582543619);
COMMIT;
REINDEX;
INSERT INTO vt0(vt0, rank) VALUES('pgsz', '33404');
COMMIT TRANSACTION;
INSERT INTO vt0(vt0, rank) VALUES('rank', 'bm25(10.0, 5.0)');
VACUUM;
VACUUM temp;
UPDATE OR IGNORE vt1 SET (c0, c0)=(x'f9f3b3', NULL) WHERE CAST(0x58c2a27c AS REAL);
UPDATE OR IGNORE vt0 SET (c1, c0)=('1979604771', 'bWhv_衎');
INSERT OR ABORT INTO vt0 VALUES (0.8462327308249847, NULL), ('-1656493811', x''), ('1086688798', 'S09n{~p'), ('v1', NULL), (-0.0, '1760756148');
REINDEX  vt1;
UPDATE OR IGNORE vt1 SET c0 = '1086688798';
INSERT OR IGNORE INTO vt1 VALUES (x''), (NULL);
REINDEX;
ROLLBACK TRANSACTION;
INSERT INTO vt0(vt0) VALUES('automerge=7');
INSERT INTO vt1(vt1, rank) VALUES('automerge', 15);
INSERT INTO vt1(vt1) VALUES('optimize');
ROLLBACK TRANSACTION;
INSERT OR IGNORE INTO vt0(c0) VALUES (x'dc');
INSERT INTO vt0(vt0) VALUES('integrity-check');
UPDATE OR ROLLBACK vt1 SET c0 = x'84';
ROLLBACK TRANSACTION;
INSERT INTO vt0(vt0, rank) VALUES('pgsz', '20012');
UPDATE OR REPLACE vt1 SET (c0, c0, c0)=('S09n{~p', x'cc', 0.6386073490585216) WHERE vt1.c0;
END;
BEGIN  TRANSACTION;
UPDATE OR IGNORE vt0 SET c1 = x'' WHERE CAST((vt0.c0 IN (vt0.c0)) AS BLOB);
UPDATE OR IGNORE vt0 SET (c0, c1, c1)=('0.9299467230100918', NULL, '499733756');
UPDATE OR IGNORE vt1 SET (c0, c0, c0)=('-1656493811', 0.9299467230100918, 0X58c2a27c);
UPDATE OR ABORT vt1 SET c0 = 1.489150588E9, c0 = 0xffffffffd9549324 WHERE (('m') IS TRUE);
INSERT OR IGNORE INTO vt0(c0) VALUES (x'e36f'), (x''), (NULL);
INSERT OR ABORT INTO vt0(c1) VALUES (1258981454), (x'33'), (x'dcf3'), (x'2f06'), (x'');
ANALYZE;
COMMIT TRANSACTION;
REINDEX;
INSERT OR ABORT INTO vt0(c0) VALUES (0.8166922048681287);
UPDATE OR IGNORE vt0 SET c1 = 0X175b922a WHERE CASE (+ (vt0.c0))  WHEN (vt0.c0 IN (vt0.c1)) THEN CASE WHEN vt0.c1 THEN 0x784e74a5 WHEN '?' THEN vt0.c1 WHEN vt0.c1 THEN vt0.c1 WHEN vt0.c0 THEN vt0.c1 ELSE NULL END WHEN vt0.c0 THEN NULL WHEN -1.656493811E9 THEN ((((vt0.c1)AND(vt0.c0)))OR(vt0.c0)) WHEN QUOTE(vt0.c0) THEN ((((((vt0.c0)OR('vX-\\>u')))AND(vt0.c1)))AND(vt0.c0)) ELSE NULL END;
INSERT OR IGNORE INTO vt1 VALUES ('%M-hours2');
END;
END;
INSERT OR REPLACE INTO vt0(c0, c1) VALUES (x'', -1.656493811E9), (0.3600785158629738, 0Xffffffffd9549324);
INSERT INTO vt1(vt1, rank) VALUES('rank', 'bm25(10.0, 5.0)');
INSERT INTO vt1(vt1) VALUES('rebuild');
ANALYZE;
REINDEX;
PRAGMA incremental_vacuum(1043883576);
ROLLBACK TRANSACTION;
REINDEX RTRIM;
BEGIN  TRANSACTION;
INSERT INTO vt1(vt1, rank) VALUES('merge', -1427404429);
;
INSERT INTO vt0(vt0) VALUES('optimize');
UPDATE OR IGNORE vt0 SET (c0, c0)=(x'188d8a77', 0Xffffffffd435a799) WHERE ABS(DISTINCT (((vt0.c1, vt0.c1, vt0.c1, NULL))<=((vt0.c0, vt0.c0, vt0.c1, vt0.c0))));
UPDATE vt1 SET (c0)=('391877162') WHERE (vt1.c0 IN ());
COMMIT TRANSACTION;
ROLLBACK TRANSACTION;
--SUBSET BUG!
SELECT DISTINCT MAX(vt0.c1) FROM vt0 WHERE ((((vt0.c0 COLLATE BINARY, vt0.c1 COLLATE NOCASE, ((x'17') IS FALSE)))>((vt0.c0, ((vt0.c0)>>(71873050)), UPPER(DISTINCT vt0.c1))))) ORDER BY TRIM(HEX(vt0.c0), COALESCE(DISTINCT vt0.c1, vt0.c1))  NULLS LAST, CASE CASE vt0.c0  WHEN vt0.c1 THEN vt0.c0 ELSE vt0.c1 END  WHEN CASE WHEN vt0.c1 THEN vt0.c1 END THEN ((0.1545940735389335)IS NOT(vt0.c0)) ELSE ((vt0.c0)+(vt0.c1)) END LIMIT 2;
SELECT MAX(vt0.c1) FROM vt0 WHERE ((((vt0.c0 COLLATE BINARY, vt0.c1 COLLATE NOCASE, ((x'17') IS FALSE)))<>((vt0.c0, ((vt0.c0)>>(0x448b21a)), UPPER(DISTINCT vt0.c1))))) ORDER BY vt0.c1 DESC, ((vt0.c0 COLLATE NOCASE)>(((vt0.c1)<=(0.04981140473941126)))) ASC;
