--java.lang.AssertionError: the size of the result sets mismatch (2 and 3)!
---- SELECT ALL * FROM rt0 WHERE (CASE (((rt0.c3, rt0.c3, rt0.c3))<>((rt0.c1, rt0.c3, rt0.c0)))  WHEN (rt0.c0 IN ()) THEN CAST(rt0.c0 AS REAL) WHEN ((rt0.c1)>=(rt0.c2)) THEN ((((rt0.c0)OR(x'')))OR(rt0.c2)) END) ORDER BY CASE WHEN 0x584a92ed THEN ((rt0.c2) NOT BETWEEN (rt0.c2) AND (rt0.c2)) WHEN 'ryM((탥P	' THEN ((rt0.c2)AND(-5.19543697E8)) ELSE (NOT (rt0.c3)) END;
---- cardinality: 2
---- SELECT DISTINCT * FROM rt0 WHERE (CASE (((rt0.c3, rt0.c3, rt0.c3))<((rt0.c1, rt0.c3, rt0.c0)))  WHEN (rt0.c0 IN ()) THEN CAST(rt0.c0 AS REAL) WHEN ((rt0.c1)=(rt0.c2)) THEN ((((rt0.c0)OR(x'')))OR(rt0.c2)) END) ORDER BY CASE WHEN 1481282285 THEN ((rt0.c2) NOT BETWEEN (rt0.c2) AND (rt0.c2)) WHEN 'ryM((탥P	' THEN ((rt0.c2)AND(-5.19543697E8)) ELSE (NOT (rt0.c3)) END;
---- cardinality: 3
--	at sqlancer.ComparatorHelper.assumeResultSetsAreSubset(ComparatorHelper.java:126)
--	at sqlancer.sqlite3.oracle.SQLite3SubsetOracle.checkSubsetQuery(SQLite3SubsetOracle.java:242)
--	at sqlancer.sqlite3.oracle.SQLite3SubsetOracle.check(SQLite3SubsetOracle.java:109)
--	at sqlancer.ProviderAdapter.generateAndTestDatabase(ProviderAdapter.java:49)
--	at sqlancer.Main$DBMSExecutor.run(Main.java:323)
--	at sqlancer.Main$2.run(Main.java:507)
--	at sqlancer.Main$2.runThread(Main.java:485)
--	at sqlancer.Main$2.run(Main.java:475)
--	at java.base/java.util.concurrent.ThreadPoolExecutor.runWorker(ThreadPoolExecutor.java:1130)
--	at java.base/java.util.concurrent.ThreadPoolExecutor$Worker.run(ThreadPoolExecutor.java:630)
--	at java.base/java.lang.Thread.run(Thread.java:831)
---- Time: 2021/05/19 01:09:34
-- Database: database8
-- Database version: 3.34.0
-- seed value: 1621357771652
PRAGMA cache_size = 50000;
PRAGMA temp_store=MEMORY;
PRAGMA synchronous=off;
PRAGMA case_sensitive_like=ON;
CREATE VIRTUAL TABLE rt0 USING rtree(c0, c1, c2, +c3 BLOB );
INSERT OR REPLACE INTO rt0(c3, c0, c1) VALUES (-974823725, NULL, 0xffffffffc5e55ed3), (x'', -9.74823725E8, 0.2736003457797882), (-9.74823725E8, '-974823725', '-2061483075'), (x'', 0.2736003457797882, 0.11634730129740956), (NULL, '-411160982', 1147476874);
INSERT OR ROLLBACK INTO rt0(c3, c1) VALUES ('踥FP#', 0.7554687533213612), (NULL, NULL);
INSERT OR REPLACE INTO rt0 VALUES (-892491750, x'9f27', '钰', 0.17775060857648062), ('-kZs.', '1119589552', x'', x'ca');
INSERT OR IGNORE INTO rt0(c2, c1, c0, c3) VALUES (x'', -1165887801, '-629866558', 0xffffffffa2a0a347), ('钰', NULL, -2061483075, 'ᅨJ');
PRAGMA cache_spill = false;
INSERT OR ROLLBACK INTO rt0 VALUES ('', -86064879, NULL, 0.024720957764646667), (-9.74823725E8, 0.4196546208772084, 0.8537357627135985, 0.972844893722769);
UPDATE OR IGNORE rt0 SET (c3, c3)=(0.021280914160916486, NULL) WHERE (+ (0.02787737805962709));
REINDEX RTRIM;
END TRANSACTION;
UPDATE OR IGNORE rt0 SET c0 = -8.9249175E8, c1 = NULL WHERE CAST(rt0.c2 COLLATE BINARY AS NUMERIC);
PRAGMA automatic_index = true;
ANALYZE;
INSERT OR IGNORE INTO rt0(c2) VALUES (x'1afbb017');
INSERT OR IGNORE INTO rt0(c0, c1, c3, c2) VALUES (0.8000945096179128, x'872d', -8.6064879E7, 'ᅨj'), (NULL, '', NULL, 0.007427322898507227), ('281266452', 0.7769655671960352, NULL, '0.11634730129740956');
BEGIN  TRANSACTION;
COMMIT;
UPDATE rt0 SET c0 = '0.024720957764646667';
UPDATE OR IGNORE rt0 SET c2 = x'';
INSERT OR IGNORE INTO rt0 VALUES (0.5706720070752002, 1.147476874E9, x'', 0.5706720070752002);
ANALYZE;
INSERT OR ABORT INTO rt0 VALUES (x'6febc8b9', '', 200793324, NULL);
INSERT OR ABORT INTO rt0(c0, c1) VALUES (2.00793324E8, '-892491750'), (x'95b3', 0.6224979556106796), (0.7554687533213612, 0.7411909000327156), (NULL, 0.9394351526698524);
INSERT OR IGNORE INTO rt0(c0, c3) VALUES (x'', -9.74823725E8), ((((NULL)) NOT BETWEEN ((((x'fb')%(x'')))) AND ((CASE x''  WHEN 0Xffffffffe77e2e6a THEN '' WHEN x'56' THEN -1.508109976E9 WHEN 1.7976931348623157E308 THEN '匔' END))), -8.9249175E8), (x'40a3', '126245306');
ANALYZE;
ANALYZE sqlite_master;
ANALYZE;
BEGIN DEFERRED TRANSACTION;
INSERT OR IGNORE INTO rt0(c1) VALUES (NULL), (0.4504350494834215);
UPDATE OR IGNORE rt0 SET c2 = x'd0', c1 = '' WHERE CASE WHEN (((rt0.c1)) BETWEEN ((rt0.c0)) AND ((rt0.c2))) THEN ((rt0.c1) NOTNULL) ELSE CAST(rt0.c0 AS NUMERIC) END;
INSERT OR IGNORE INTO rt0(c3) VALUES (NULL), (0.7875345825957083);
UPDATE OR IGNORE rt0 SET c1 = x'53';
ROLLBACK TRANSACTION;
BEGIN IMMEDIATE TRANSACTION;
ROLLBACK TRANSACTION;
INSERT OR IGNORE INTO rt0(c1, c3, c2) VALUES ('', 'Hs]n', '<ꛕ6');
PRAGMA wal_autocheckpoint;
DELETE FROM sqlite_stat1;
INSERT OR FAIL INTO rt0(c1) VALUES ('踥FP#');
INSERT OR REPLACE INTO rt0(c0, c2, c1) VALUES (NULL, -2.061483075E9, 'PL&~⹪\+3');
INSERT OR REPLACE INTO rt0(c2, c3) VALUES (0.5706720070752002, 0.8471855786020575);
BEGIN DEFERRED TRANSACTION;
PRAGMA application_id = -8252103765504844574;
PRAGMA short_column_names = false;
PRAGMA recursive_triggers;
INSERT OR IGNORE INTO rt0(c1) VALUES (NULL), (x'81'), ('');
ANALYZE temp;
REINDEX  rt0;
INSERT OR IGNORE INTO rt0(c1, c3, c0) VALUES (x'a85d', '-629866558', NULL);
VACUUM;
VACUUM temp;
BEGIN  TRANSACTION;
DELETE FROM sqlite_stat1;
INSERT OR REPLACE INTO rt0 VALUES ('5l,', '6T9', x'', x'fe35d5adf0'), (0.38911373853205156, x'3566', '', 0.4293501781826208), (x'77d7', 0.9681045324379186, 0.3963470245895576, '');
INSERT OR IGNORE INTO rt0(c3, c2, c1, c0) VALUES (NULL, x'18', 0.4293501781826208, 0X4aca0a5), ('-766278165', 0Xffffffffe77e2e6a, NULL, NULL), (NULL, '൲9', 0.22771609322927733, '<ꛕ6');
PRAGMA temp.journal_mode;
INSERT OR IGNORE INTO rt0(c1) VALUES ((((x'f3ad95')) BETWEEN ((LIKE(x'', 0.4196546208772084))) AND ((CASE 'Q&suXfT	'  WHEN NULL THEN NULL ELSE '-1900362271' END))));
INSERT OR IGNORE INTO rt0(c2, c1) VALUES ('#1', 0x277aea18);
INSERT OR REPLACE INTO rt0(c0, c1, c2) VALUES (0.5352290401686106, 0.01604518693337964, x'252a');
INSERT OR FAIL INTO rt0(c1, c2, c0) VALUES ('126245306', 0.8085102315525322, 0xffffffffdbaac0d5), (1.7976931348623157E308, x'52', 0.7660409500851747), (NULL, NULL, 0Xffffffffb6ce49e3);
INSERT OR FAIL INTO rt0(c3, c0) VALUES (0.9984085347507886, 'F');
INSERT OR ROLLBACK INTO rt0(c0, c1, c3, c2) VALUES (NULL, '745755412', '1009929907', 0xffffffffc3727f77);
INSERT OR ABORT INTO rt0(c1, c0, c3, c2) VALUES ('763195685', x'829315', NULL, '%9U)w7nJ妺'), (x'bd', -514618500, '-HKI*1', x'94aeb5'), (NULL, 0.6042766273165243, '-1570988710', '*tvT>{
');
INSERT OR IGNORE INTO rt0 VALUES (NULL, '(', 0.5030244394192768, 0.762672131969712), ('1180200432', 'X9{#ꂥwBp#', 0.6224979556106796, 0.06081984294535425), (x'', '', '^o0Ip4+', 0.805275583429878);
INSERT OR IGNORE INTO rt0(c1, c2) VALUES (x'', x'457e8c');
ROLLBACK TRANSACTION;
ROLLBACK TRANSACTION;
INSERT OR FAIL INTO rt0(c1) VALUES ('1768410618');
INSERT OR IGNORE INTO rt0 VALUES (0.4196546208772084, x'5d', 'p?ehD*|t', 0.10182887432355636), (x'', '-1165887801', 221130854, NULL);
REINDEX;
PRAGMA main.automatic_index = true;
UPDATE OR ABORT rt0 SET (c1, c2)=('TG', 0.9553646521421149) WHERE ((((rt0.c3) BETWEEN (rt0.c2) AND (NULL))) IS FALSE);
ANALYZE;
BEGIN IMMEDIATE TRANSACTION;
SELECT rtreecheck('rt0');
INSERT OR IGNORE INTO rt0(c3) VALUES (0Xffffffffb91b265b), (x'b04e2d');
UPDATE OR REPLACE rt0 SET (c0)=('-86064879');
ROLLBACK TRANSACTION;
INSERT OR ROLLBACK INTO rt0(c2, c1, c0, c3) VALUES (662366744, 'jz', x'c7ca', 0.9394351526698524);
INSERT OR REPLACE INTO rt0(c1) VALUES (x'd9ef');
BEGIN  TRANSACTION;
BEGIN DEFERRED TRANSACTION;
ROLLBACK TRANSACTION;
INSERT OR IGNORE INTO rt0(c2, c0, c3) VALUES ('-974823725', -1566530745, NULL), (0.9339311706059694, 0x64c5409b, ''), (' MNL#鼢', x'f120', 1.205538162E9), (NULL, x'e77b', NULL);
INSERT OR IGNORE INTO rt0(c2, c1, c3) VALUES (0.519608336737076, NULL, 1.180200432E9), (NULL, '959283957', '{ZN-+'), (x'00c1ba', -8.9249175E8, -1015906441);
ROLLBACK TRANSACTION;
ANALYZE rt0;
INSERT OR ABORT INTO rt0(c2) VALUES ('-459728064'), (NULL);
INSERT OR IGNORE INTO rt0(c1, c3, c2, c0) VALUES (x'226b', '
', x'd792e1', '-2101102075'), (0.33657672077178624, x'934b', 0.5030244394192768, '>');
DELETE FROM sqlite_stat1;
ROLLBACK TRANSACTION;
SELECT rtreecheck('rt0');
ROLLBACK TRANSACTION;
COMMIT TRANSACTION;
ROLLBACK TRANSACTION;
-- SELECT ALL * FROM rt0 WHERE (CASE (((rt0.c3, rt0.c3, rt0.c3))<>((rt0.c1, rt0.c3, rt0.c0)))  WHEN (rt0.c0 IN ()) THEN CAST(rt0.c0 AS REAL) WHEN ((rt0.c1)>=(rt0.c2)) THEN ((((rt0.c0)OR(x'')))OR(rt0.c2)) END) ORDER BY CASE WHEN 0x584a92ed THEN ((rt0.c2) NOT BETWEEN (rt0.c2) AND (rt0.c2)) WHEN 'ryM((탥P	' THEN ((rt0.c2)AND(-5.19543697E8)) ELSE (NOT (rt0.c3)) END;
-- cardinality: 2
-- SELECT DISTINCT * FROM rt0 WHERE (CASE (((rt0.c3, rt0.c3, rt0.c3))<((rt0.c1, rt0.c3, rt0.c0)))  WHEN (rt0.c0 IN ()) THEN CAST(rt0.c0 AS REAL) WHEN ((rt0.c1)=(rt0.c2)) THEN ((((rt0.c0)OR(x'')))OR(rt0.c2)) END) ORDER BY CASE WHEN 1481282285 THEN ((rt0.c2) NOT BETWEEN (rt0.c2) AND (rt0.c2)) WHEN 'ryM((탥P	' THEN ((rt0.c2)AND(-5.19543697E8)) ELSE (NOT (rt0.c3)) END;
-- cardinality: 3
