--java.lang.AssertionError: -2041558609 0
--	at sqlancer.sqlite3.oracle.SQLite3SubsetOracle.checkSubsetQuery(SQLite3SubsetOracle.java:229)
--	at sqlancer.sqlite3.oracle.SQLite3SubsetOracle.check(SQLite3SubsetOracle.java:109)
--	at sqlancer.ProviderAdapter.generateAndTestDatabase(ProviderAdapter.java:49)
--	at sqlancer.Main$DBMSExecutor.run(Main.java:323)
--	at sqlancer.Main$2.run(Main.java:507)
--	at sqlancer.Main$2.runThread(Main.java:485)
--	at sqlancer.Main$2.run(Main.java:475)
--	at java.base/java.util.concurrent.ThreadPoolExecutor.runWorker(ThreadPoolExecutor.java:1130)
--	at java.base/java.util.concurrent.ThreadPoolExecutor$Worker.run(ThreadPoolExecutor.java:630)
--	at java.base/java.lang.Thread.run(Thread.java:831)
---- Time: 2021/05/19 01:09:38
-- Database: database19
-- Database version: 3.34.0
-- seed value: 1621357771663
PRAGMA cache_size = 50000;
PRAGMA temp_store=MEMORY;
PRAGMA synchronous=off;
PRAGMA encoding = 'UTF-16';
CREATE VIRTUAL TABLE rt0 USING rtree_i32(c0, c1, c2, +c3 REAL );
CREATE VIRTUAL TABLE vt1 USING fts5(c0);
INSERT OR REPLACE INTO rt0(c0) VALUES ('-1532470271');
INSERT INTO vt1(vt1) VALUES('optimize');
INSERT OR ROLLBACK INTO vt1(c0) VALUES (0Xffffffffbf1e9a52);
INSERT INTO vt1(vt1) VALUES('rebuild');
BEGIN  TRANSACTION;
UPDATE OR IGNORE rt0 SET c0 = '', c0 = 1 WHERE -2041558609;
END TRANSACTION;
ANALYZE rt0;
VACUUM;
PRAGMA temp.secure_delete = false;
INSERT OR FAIL INTO vt1 VALUES (x'');
ROLLBACK TRANSACTION;
REINDEX;
INSERT INTO vt1(vt1, rank) VALUES('pgsz', '16709');
REINDEX;
UPDATE OR IGNORE vt1 SET c0 = -2115833049, c0 = 0.7654783778594165;
INSERT INTO vt1(vt1) VALUES('merge=-2115833049,12');
;
INSERT INTO vt1(vt1) VALUES('rebuild');
INSERT OR IGNORE INTO rt0(c1, c3, c0) VALUES (NULL, NULL, 0.6251736134456705);
UPDATE OR IGNORE vt1 SET (c0, c0, c0)=('!', NULL, '-58887415');
INSERT OR REPLACE INTO rt0(c3) VALUES (NULL), (-2004012966), (NULL);
INSERT OR IGNORE INTO vt1(c0) VALUES ('-2041558609'), (0X1b2a4980), (NULL);
INSERT INTO vt1(vt1, rank) VALUES('rank', 'bm25(10.0, 5.0)');
REINDEX;
REINDEX RTRIM;
PRAGMA cell_size_check;
PRAGMA temp.reverse_unordered_selects = false;
INSERT OR FAIL INTO rt0(c2, c0, c3) VALUES ('-2004012966', NULL, 4.5575616E8), (1466001721, x'', x''), ('1466001721', x'10', NULL), (x'37', NULL, '886179703');
INSERT OR ABORT INTO vt1 VALUES (0.6890160182444096);
UPDATE OR IGNORE vt1 SET (c0)=(NULL);
ANALYZE;
BEGIN  TRANSACTION;
INSERT INTO vt1(vt1) VALUES('optimize');
INSERT OR ROLLBACK INTO rt0(c2, c0, c3) VALUES ('**xk?', NULL, 0.21452648222791482), ('1422900229', '-1532470271', 0.04157587481795155), (0.6251736134456705, NULL, NULL);
INSERT OR IGNORE INTO vt1(c0) VALUES (0.46812638111186833), (NULL);
INSERT OR IGNORE INTO rt0(c3, c2, c1, c0) VALUES (x'626d', 4.5575616E8, x'', NULL), (NULL, 0.21452648222791482, x'46', 0x18e9775e), ('', '1', '0.0', '-1532470271');
INSERT OR REPLACE INTO rt0(c0) VALUES ('-1088513454');
INSERT OR IGNORE INTO rt0 VALUES ('417953630', '2042696920', '-1834146775', '**xk?');
INSERT INTO vt1(vt1, rank) VALUES('rank', 'bm25(10.0, 5.0)');
ANALYZE vt1;
INSERT OR ROLLBACK INTO vt1(c0) VALUES (0.7153513000693227), (NULL);
END;
BEGIN  TRANSACTION;
UPDATE vt1 SET c0 = 0.24376662247593572;
INSERT OR IGNORE INTO rt0(c3, c1, c0) VALUES (-1.532470271E9, '-2004012966', x''), (NULL, NULL, 0.04157587481795155);
PRAGMA main.short_column_names;
ROLLBACK TRANSACTION;
REINDEX;
ROLLBACK TRANSACTION;
UPDATE OR FAIL rt0 SET (c3, c2, c0)=(NULL, 0.24376662247593572, -2051742299);
UPDATE vt1 SET c0 = NULL, c0 = '1299452316', c0 = '-1862126037' WHERE vt1.c0 COLLATE BINARY;
END TRANSACTION;
UPDATE OR IGNORE vt1 SET c0 = NULL, c0 = x'cad29070';
UPDATE vt1 SET c0 = '-1088513454', c0 = x'7a';
ROLLBACK TRANSACTION;
INSERT INTO vt1(vt1, rank) VALUES('automerge', 2);
ROLLBACK TRANSACTION;
INSERT OR IGNORE INTO vt1(c0) VALUES ('');
INSERT INTO vt1(vt1) VALUES('integrity-check');
PRAGMA temp.default_cache_size;
UPDATE vt1 SET c0 = NULL, c0 = NULL WHERE ((((((((((((((vt1.c0) IS TRUE))OR(vt1.c0)))OR(((vt1.c0)LIKE(vt1.c0)))))AND(vt1.c0 COLLATE BINARY)))AND(vt1.c0)))OR(LOWER(vt1.c0))))OR(NULL));
PRAGMA temp.secure_delete;
PRAGMA main.short_column_names;
INSERT OR IGNORE INTO vt1 VALUES (0.540962669160635);
ANALYZE rt0;
INSERT OR ABORT INTO rt0(c3) VALUES (x'2a0cc3'), ('**xk?'), (-2095099121), (8.86179703E8);
UPDATE OR REPLACE vt1 SET c0 = NULL, c0 = -2.041558609E9;
INSERT OR REPLACE INTO vt1 VALUES (0.07620996165240967);
INSERT INTO vt1(vt1, rank) VALUES('automerge', 1);
BEGIN DEFERRED TRANSACTION;
ROLLBACK TRANSACTION;
INSERT INTO vt1(vt1) VALUES('automerge=7');
INSERT INTO vt1(vt1, rank) VALUES('rank', 'bm25(10.0, 5.0)');
INSERT INTO vt1(vt1, rank) VALUES('usermerge', 2);
INSERT OR IGNORE INTO vt1 VALUES ('-647783693'), (0.1286444337000554), ('1422900229');
INSERT OR IGNORE INTO rt0(c3, c1) VALUES (NULL, 0.3131613657923358), (0.09514720601543125, '');
ROLLBACK TRANSACTION;
REINDEX;
ANALYZE;
ROLLBACK TRANSACTION;
INSERT INTO vt1(vt1) VALUES('optimize');
INSERT INTO vt1(vt1, rank) VALUES('rank', 'bm25(10.0, 5.0)');
ROLLBACK TRANSACTION;
INSERT OR ABORT INTO rt0(c0) VALUES (0Xffffffff9a585a29), ('-2004012966'), ('S'), (0.7358545891830578), (NULL);
INSERT OR ABORT INTO rt0(c0, c1, c2) VALUES ('', x'65', x'f8d8'), ('206543958', ((((CAST(NULL AS REAL))AND(ABS(DISTINCT 0X2cc8dded))))AND((('-2095099121') ISNULL))), x'');
INSERT OR IGNORE INTO rt0(c2, c0) VALUES (0.5551252374330624, 4.1795363E8), (x'', x'52');
BEGIN DEFERRED TRANSACTION;
UPDATE OR IGNORE rt0 SET (c3)=('-732813397');
PRAGMA auto_vacuum;
INSERT OR ABORT INTO vt1(c0) VALUES (0.23994291176300608), (0.7358545891830578);
INSERT INTO vt1(vt1, rank) VALUES('automerge', 6);
INSERT INTO vt1(vt1) VALUES('rebuild');
INSERT OR IGNORE INTO vt1(c0) VALUES (NULL), (4.5575616E8);
INSERT INTO vt1(vt1) VALUES('merge=1508769651,3');
;
INSERT INTO vt1(vt1, rank) VALUES('rank', 'bm25(10.0, 5.0)');
COMMIT TRANSACTION;
ANALYZE sqlite_master;
ANALYZE sqlite_master;
INSERT INTO vt1(vt1) VALUES('rebuild');
INSERT OR FAIL INTO rt0(c0, c3, c1) VALUES (NULL, '-548393973', 'yG芓Gn'), (x'', 0Xffffffff93f3c9f6, 0.7267813554985081);
INSERT OR ROLLBACK INTO rt0(c0, c1, c2, c3) VALUES (0.964813790745092, 0.36377367176431163, NULL, NULL);
INSERT OR IGNORE INTO rt0 VALUES (0.6411476110727201, 0.315848055336596, x'647a81', 0.6890160182444096), (0Xfffffffff9f0a8f5, x'e5', 'Z{)XnzpH{', '1466001721'), (NULL, NULL, 0.21452648222791482, x'6b');
VACUUM temp;
INSERT INTO vt1(vt1, rank) VALUES('rank', 'bm25(10.0, 5.0)');
BEGIN EXCLUSIVE TRANSACTION;
UPDATE OR IGNORE rt0 SET (c3)=(NULL);
PRAGMA recursive_triggers;
COMMIT;
INSERT INTO vt1(vt1) VALUES('rebuild');
INSERT INTO vt1(vt1) VALUES('merge=-722615761,12');
;
INSERT INTO vt1(vt1, rank) VALUES('rank', 'bm25(10.0, 5.0)');
BEGIN DEFERRED TRANSACTION;
PRAGMA temp.checkpoint_fullfsync = true;
ANALYZE;
BEGIN  TRANSACTION;
COMMIT TRANSACTION;
INSERT INTO vt1(vt1) VALUES('integrity-check');
INSERT INTO vt1(vt1, rank) VALUES('pgsz', '47505');
BEGIN EXCLUSIVE TRANSACTION;
COMMIT;
ROLLBACK TRANSACTION;
--SUBSET BUG!
SELECT ALL MIN(vt1.c0) FROM vt1 WHERE ((((((vt1.c0, vt1.c0, vt1.c0))<((vt1.c0, vt1.c0, vt1.c0)))) IS FALSE)) ORDER BY json_type(((vt1.c0) NOTNULL))  NULLS LAST LIMIT 0X2;
SELECT MIN(vt1.c0) FROM vt1 WHERE ((((((vt1.c0, vt1.c0, vt1.c0))<=((vt1.c0, vt1.c0, vt1.c0)))) IS FALSE));
