--java.lang.AssertionError: 1009815552 0
--	at sqlancer.sqlite3.oracle.SQLite3SubsetOracle.checkSubsetQuery(SQLite3SubsetOracle.java:234)
--	at sqlancer.sqlite3.oracle.SQLite3SubsetOracle.check(SQLite3SubsetOracle.java:109)
--	at sqlancer.ProviderAdapter.generateAndTestDatabase(ProviderAdapter.java:49)
--	at sqlancer.Main$DBMSExecutor.run(Main.java:323)
--	at sqlancer.Main$2.run(Main.java:507)
--	at sqlancer.Main$2.runThread(Main.java:485)
--	at sqlancer.Main$2.run(Main.java:475)
--	at java.base/java.util.concurrent.ThreadPoolExecutor.runWorker(ThreadPoolExecutor.java:1130)
--	at java.base/java.util.concurrent.ThreadPoolExecutor$Worker.run(ThreadPoolExecutor.java:630)
--	at java.base/java.lang.Thread.run(Thread.java:831)
---- Time: 2021/05/19 01:09:32
-- Database: database4
-- Database version: 3.34.0
-- seed value: 1621357771648
PRAGMA cache_size = 50000;
PRAGMA temp_store=MEMORY;
PRAGMA synchronous=off;
PRAGMA encoding = 'UTF-8';
CREATE VIRTUAL TABLE rt0 USING rtree(c0, c1, c2, +c3 INTEGER , +c4 INT );
CREATE TABLE IF NOT EXISTS t1 (c0 INTEGER , c1 INT );
SELECT rtreecheck('rt0');
PRAGMA main.locking_mode;
PRAGMA temp.journal_size_limit;
ANALYZE;
CREATE INDEX IF NOT EXISTS i43 ON t1((((((c1)AND(c0)))AND(c0)) IN ()) COLLATE NOCASE ASC,CAST(c1 COLLATE BINARY AS TEXT) DESC);
COMMIT;
INSERT OR IGNORE INTO rt0(c1, c3, c0) VALUES (x'', NULL, x''), (0.28814878998129434, '1291462503', 602314073), (NULL, NULL, '쑯>XX{()l');
END;
REINDEX;
BEGIN DEFERRED TRANSACTION;
INSERT OR ABORT INTO rt0(c4, c1) VALUES (NULL, x'6b');
BEGIN  TRANSACTION;
ROLLBACK TRANSACTION;
REINDEX  t1;
INSERT OR IGNORE INTO rt0(c4, c3, c0) VALUES ('*', NULL, NULL), (1.291462503E9, '0.28814878998129434', '888471274'), ('Q', '1134871663', 0.8258877813871666), ('[', '1291462503', x'af42');
BEGIN EXCLUSIVE TRANSACTION;
PRAGMA soft_heap_limit = 6812959601629105952;
BEGIN  TRANSACTION;
VACUUM;
VACUUM temp;
INSERT OR ABORT INTO t1(c0) VALUES (NULL), (0X286b810c);
ANALYZE;
ANALYZE main;
UPDATE OR IGNORE rt0 SET c2 = NULL WHERE ((((rt0.c1) ISNULL))!=(rt0.c4 COLLATE RTRIM));
INSERT OR ROLLBACK INTO rt0(c0, c4, c2, c3) VALUES (0.5524257950729562, 0xffffffffc954d7b2, 0.8608118539469651, x'30'), ('1134871663', '', NULL, 0X4cfa2767), (x'b1', NULL, 2016286577, x'c2fe');
INSERT OR IGNORE INTO rt0(c2, c1) VALUES (NULL, x''), ('1368021721', '0.8258877813871666'), (NULL, NULL);
UPDATE OR IGNORE t1 SET (c1, c0, c0, c1, c1)=('', 678134028, '*', 0.28814878998129434, '1291462503');
INSERT OR FAIL INTO t1(c0) VALUES (NULL), (((((CAST('-1295626079' AS NUMERIC))OR(CAST('-0.0' AS NUMERIC))))OR(((0.08984319572992416)LIKE(1368021721))))), (x'3d'), (6.8129596016291062E18);
END TRANSACTION;
VACUUM main;
VACUUM;
VACUUM main;
VACUUM;
VACUUM;
VACUUM;
VACUUM main;
VACUUM main;
VACUUM;
VACUUM main;
VACUUM;
VACUUM;
VACUUM;
VACUUM;
VACUUM temp;
REINDEX;
ROLLBACK TRANSACTION;
COMMIT;
REINDEX i43;
BEGIN  TRANSACTION;
ROLLBACK TRANSACTION;
INSERT OR FAIL INTO rt0(c4, c1, c2, c3, c0) VALUES ('
v?檳VI*w', 0.05868177938681518, x'd4', 'fr', 1134871663), ('', NULL, 0x71c79a79, 0.27382307138489215, x'15'), (NULL, '-2142713901', 0.6413199427468868, NULL, '蕴眀*mn'), (NULL, NULL, x'5d', 0.5104132513913813, 0.5524257950729562), (x'', 0.5104132513913813, NULL, x'67', '6812959601629105952'), ('n', NULL, x'', 0.8608118539469651, NULL);
INSERT OR FAIL INTO t1(c1) VALUES (1430619943), (0xffffffffcccc9382);
REINDEX i43;
BEGIN  TRANSACTION;
INSERT OR REPLACE INTO t1(c0) VALUES (1.134871663E9), ('2092788403'), (0.6464899237916252);
PRAGMA temp.foreign_keys;
DELETE FROM sqlite_stat1 WHERE (- ((NOT (x'26b2b2'))));
INSERT OR IGNORE INTO t1 VALUES (NULL, 2.092788403E9), (NULL, 1147121927), ('''', NULL) ON CONFLICT(c0, c1) DO UPDATE SET c0=NULL, c1=c1 WHERE '-396580640';
INSERT OR IGNORE INTO rt0 VALUES (NULL, 1531730283, '1665895396', 0.06218524392308378, x'9638'), (NULL, x'bff11b', NULL, x'', NULL), ('uvr-', '926628706', '', '6jv?^nF(', '394806515');
INSERT OR IGNORE INTO t1(c0) VALUES ('*/0QE');
BEGIN  TRANSACTION;
BEGIN  TRANSACTION;
PRAGMA temp.integrity_check;
CREATE UNIQUE INDEX i92 ON t1(((CAST(c1 AS INTEGER))>=(c0 COLLATE NOCASE)) COLLATE BINARY DESC,(~ (((0x7e2112a9) IS TRUE))) DESC);
REINDEX;
END TRANSACTION;
ROLLBACK TRANSACTION;
--SUBSET BUG!
SELECT MAX(t1.c0) FROM t1 WHERE ((((((~ ('183377622'))) NOT NULL))AND(((((((((t1.c0) NOTNULL))OR(((t1.c1)AND(t1.c1)))))AND(CASE t1.c1  WHEN t1.c0 THEN t1.c1 WHEN t1.c0 THEN t1.c0 WHEN t1.c0 THEN -838203329 ELSE t1.c0 END)))AND(((((t1.c0)OR(t1.c0)))OR(t1.c0)))))));
SELECT ALL MAX(t1.c0) FROM t1 WHERE ((((~ ('183377622'))) NOT NULL));
