--java.lang.AssertionError: the size of the result sets mismatch (0 and 1)!
---- SELECT * FROM t3 WHERE ((~ ((((t3.c0, '덒'))>((NULL, t3.c0))))));
---- cardinality: 0
---- SELECT DISTINCT * FROM t3 WHERE ((~ ((((t3.c0, '덒'))<>((NULL, t3.c0)))))) ORDER BY ((((t3.c0)=(t3.c0))) NOT BETWEEN (NULLIF(t3.c0, t3.c0)) AND (COALESCE(t3.c0, t3.c0, t3.c0))), x'df6bcd' LIMIT 0X1;
---- cardinality: 1
--	at sqlancer.ComparatorHelper.assumeResultSetsAreSubset(ComparatorHelper.java:126)
--	at sqlancer.sqlite3.oracle.SQLite3SubsetOracle.checkSubsetQuery(SQLite3SubsetOracle.java:244)
--	at sqlancer.sqlite3.oracle.SQLite3SubsetOracle.check(SQLite3SubsetOracle.java:111)
--	at sqlancer.ProviderAdapter.generateAndTestDatabase(ProviderAdapter.java:49)
--	at sqlancer.Main$DBMSExecutor.run(Main.java:323)
--	at sqlancer.Main$2.run(Main.java:507)
--	at sqlancer.Main$2.runThread(Main.java:485)
--	at sqlancer.Main$2.run(Main.java:475)
--	at java.base/java.util.concurrent.ThreadPoolExecutor.runWorker(ThreadPoolExecutor.java:1130)
--	at java.base/java.util.concurrent.ThreadPoolExecutor$Worker.run(ThreadPoolExecutor.java:630)
--	at java.base/java.lang.Thread.run(Thread.java:831)
---- Time: 2021/05/21 16:36:38
-- Database: database2
-- Database version: 3.34.0
-- seed value: 1621586090156
PRAGMA cache_size = 50000;
PRAGMA temp_store=MEMORY;
PRAGMA synchronous=off;
CREATE VIRTUAL TABLE rt0 USING rtree(c0, c1, c2, c3, +c4 REAL );
CREATE VIRTUAL TABLE rt1 USING rtree_i32(c0, c1, c2, c3);
CREATE TABLE t2 (c0 INT , c1 TEXT , c2 INT , c3 INTEGER COLLATE BINARY );
CREATE TEMPORARY TABLE IF NOT EXISTS t3 (c0 INTEGER );
UPDATE t3 SET c0 = 1246926725 WHERE ((((((t3.c0)AND(t3.c0)))OR(t3.c0))) NOT BETWEEN ((t3.c0 IN (t3.c0, NULL))) AND ((~ (t3.c0))));
INSERT OR IGNORE INTO t2 VALUES (NULL, '-1449999893', -1449999893, NULL);
UPDATE t3 SET (c0, c0)=(1.246926725E9, NULL) WHERE ((CASE WHEN 490087766 THEN t3.c0 ELSE 0.022318488852137275 END) ISNULL);
ROLLBACK TRANSACTION;
ANALYZE sqlite_master;
BEGIN DEFERRED TRANSACTION;
INSERT OR ABORT INTO t2(c2) VALUES ('0.022318488852137275'), (0.9696450023412657);
UPDATE OR IGNORE t3 SET (c0, c0, c0)=(0.40962414357096344, NULL, NULL) WHERE (~ (((t3.c0) IS TRUE)));
INSERT OR ROLLBACK INTO t3(c0) VALUES (0Xffffffff8858e990);
INSERT OR FAIL INTO t2(c0, c2) VALUES (x'a18c56f588', NULL), (0.10604606798041138, NULL);
INSERT OR FAIL INTO t3 VALUES ('鞅1w');
INSERT OR IGNORE INTO t2(c0) VALUES ('-2007438960'), ('H_Z	p9');
ROLLBACK TRANSACTION;
INSERT OR IGNORE INTO t2(c2) VALUES (0.30807762542566586), (NULL);
INSERT OR IGNORE INTO t2(c2, c0, c3) VALUES (0Xffffffff82a95c0e, 0.35314111087696565, x'3f05'), (NULL, 0.46962844775855794, 0X1da46258), (4.97312344E8, '{', x'');
ROLLBACK TRANSACTION;
ROLLBACK TRANSACTION;
PRAGMA stats;
INSERT OR IGNORE INTO t3(c0) VALUES ('pg'), (NULL);
CREATE UNIQUE INDEX i2 ON t2(CASE IFNULL(DISTINCT c2, c0)  WHEN (((c0, c3, c1)) NOT BETWEEN ((c0, c0, c2)) AND ((c0, '952684215', '-2007438960'))) THEN ((c3) ISNULL) WHEN LOWER(DISTINCT c2) THEN ((c2)*('F')) ELSE c2 COLLATE BINARY END COLLATE BINARY DESC,((((c1) NOT BETWEEN (c1) AND (c1))) NOTNULL) COLLATE RTRIM,TYPEOF(DISTINCT (- (c3))) ASC,CASE ((c2)=(NULL))  WHEN (((c3)) BETWEEN ((c1)) AND ((c1))) THEN (c1 IN ()) WHEN (c1 IN (c3, c1)) THEN ((4.90087766E8)||(c0)) ELSE TRIM(DISTINCT c1) END COLLATE BINARY ASC);
REINDEX RTRIM;
INSERT OR REPLACE INTO t2(c0, c3) VALUES ('952684215', NULL), (x'', NULL);
ANALYZE t3;
INSERT OR IGNORE INTO t3 VALUES ('-2007438960'), (0.46962844775855794);
ROLLBACK TRANSACTION;
ROLLBACK TRANSACTION;
BEGIN  TRANSACTION;
END;
PRAGMA main.incremental_vacuum;
INSERT OR ROLLBACK INTO t3(c0) VALUES ('-819105094');
PRAGMA main.secure_delete = false;
ANALYZE;
INSERT OR IGNORE INTO sqlite_stat1 VALUES('t2', 'i2', '-1042559453 -311768201');
INSERT OR IGNORE INTO t2(c1, c3) VALUES (0.30807762542566586, '-1281307054'), (0.952720150124059, x'');
INSERT OR IGNORE INTO t3 VALUES (0xfffffffff739ad5c), ('{fJ|'), (0.6578031105867513), (x'77');
INSERT OR IGNORE INTO t2(c2) VALUES ('-819105094');
BEGIN EXCLUSIVE TRANSACTION;
INSERT OR ABORT INTO t2(c0) VALUES (0.9696450023412657);
UPDATE t2 SET (c2)=(-111689975) WHERE ((((t2.c2) NOT BETWEEN (NULL) AND (t2.c0))) BETWEEN (((t2.c2)&(t2.c2))) AND ((('-311768201') IS TRUE)));
INSERT OR IGNORE INTO sqlite_stat1 VALUES('t3', 't2', '0 -1281307054');
UPDATE OR ROLLBACK t2 SET (c1, c0)=(x'', x'') WHERE TRIM(DISTINCT ((((((t2.c2)OR(t2.c0)))AND(NULL)))AND(t2.c2)), STRFTIME(t2.c2, t2.c2, t2.c2));
UPDATE t2 SET c1 = NULL, c0 = NULL WHERE CAST(((((((t2.c1)OR(t2.c3)))AND(t2.c1)))AND(t2.c1)) AS NUMERIC);
PRAGMA cache_spill = -2704636816118337261;
CREATE INDEX i95 ON t3(NULL COLLATE NOCASE) WHERE TRIM(CASE c0  WHEN c0 THEN c0 END, UNLIKELY(c0));
INSERT OR ABORT INTO t3 VALUES (NULL), (x''), (x''), (x''), ('lW?&#');
UPDATE OR IGNORE t2 SET c0 = -1723955749 WHERE ((((t2.c1, t2.c2)) BETWEEN ((t2.c3, t2.c1)) AND ((t2.c3, t2.c0))) IN ());
BEGIN  TRANSACTION;
CREATE INDEX i47 ON t2(CAST(c1 AS INTEGER) COLLATE BINARY COLLATE RTRIM,CASE WHEN (((c1, NULL, -2.00743896E9, c0)) BETWEEN ((c1, c1, c3, c0)) AND ((c2, c0, ' <kiKW⦩,', c3))) THEN CASE WHEN c0 THEN c2 WHEN c0 THEN c1 ELSE c1 END WHEN c0 COLLATE NOCASE THEN (((c3)) NOT BETWEEN ((x'')) AND ((c0))) WHEN CAST(c3 AS NUMERIC) THEN -954391255 ELSE ((x'') NOT BETWEEN (-1.47215012E8) AND (c0)) END,CASE WHEN (c2 IN (c2)) THEN NULL WHEN (c0 IN (c3)) THEN ((c3) NOT BETWEEN (c2) AND ('柕kS0')) ELSE NULL END,((CAST(c0 AS INTEGER))<=(((x'36')|(c1)))) ASC);
PRAGMA threads;
ANALYZE;
INSERT OR IGNORE INTO t3 VALUES (x'd70119');
UPDATE OR IGNORE t2 SET c3 = 0.7838421398806993, c3 = x'2d' WHERE (((t2.c3 IN (t2.c0, t2.c3))) BETWEEN ((((t2.c1))!=((0.49146263493454023)))) AND ((((t2.c2, t2.c1, t2.c3))<>((t2.c0, t2.c2, t2.c3)))));
ROLLBACK TRANSACTION;
ANALYZE i2;
PRAGMA temp.integrity_check;
ROLLBACK TRANSACTION;
UPDATE OR IGNORE t2 SET (c2)=(x'a2303c') WHERE ((((t2.c1)OR(t2.c3)))OR(t2.c3)) COLLATE NOCASE;
UPDATE OR ROLLBACK t3 SET (c0, c0)=('~X', 'z	D➢');
INSERT OR IGNORE INTO t3 VALUES (-0.0);
REINDEX;
INSERT OR IGNORE INTO t2(c3, c0) VALUES (0.30807762542566586, NULL);
INSERT OR ABORT INTO t3(c0) VALUES (x'582c042a'), (NULL);
ROLLBACK TRANSACTION;
INSERT OR IGNORE INTO t3 VALUES (NULL), (0Xffffffffd497da20), ('-311768201');
INSERT OR FAIL INTO t2(c0, c2) VALUES (0xffffffffc71d2529, NULL), ('-1280316303', NULL), ('''', 2.55797673E8), (x'45c2', 0X1d362556), ('R9}aBl', NULL);
UPDATE OR FAIL t3 SET (c0, c0)=(x'', NULL);
INSERT OR IGNORE INTO t3(c0) VALUES ('Y4iG><'), (0.8735824090038352);
ANALYZE t2;
INSERT OR REPLACE INTO t2(c2) VALUES (0.20816424847007198), ('4'), (-311768201);
UPDATE OR IGNORE t2 SET (c3, c1)=(0.40962414357096344, NULL);
INSERT OR IGNORE INTO t2(c2, c1) VALUES (NULL, 0.4875325387600379);
UPDATE OR IGNORE t2 SET (c3, c0)=(0.8443747877072503, -1042559453);
ANALYZE t2;
ANALYZE;
INSERT OR IGNORE INTO t2(c3, c2, c1) VALUES ('0Z', '', x'6272');
BEGIN  TRANSACTION;
INSERT OR FAIL INTO t3(c0) VALUES (x'');
BEGIN  TRANSACTION;
INSERT OR IGNORE INTO t3 VALUES (x'54');
REINDEX;
END;
ROLLBACK TRANSACTION;
-- SELECT * FROM t3 WHERE ((~ ((((t3.c0, '덒'))>((NULL, t3.c0))))));
-- cardinality: 0
-- SELECT DISTINCT * FROM t3 WHERE ((~ ((((t3.c0, '덒'))<>((NULL, t3.c0)))))) ORDER BY ((((t3.c0)=(t3.c0))) NOT BETWEEN (NULLIF(t3.c0, t3.c0)) AND (COALESCE(t3.c0, t3.c0, t3.c0))), x'df6bcd' LIMIT 0X1;
-- cardinality: 1
