--java.lang.AssertionError: 13 11
--	at sqlancer.sqlite3.oracle.SQLite3SubsetOracle.checkSubsetQuery(SQLite3SubsetOracle.java:236)
--	at sqlancer.sqlite3.oracle.SQLite3SubsetOracle.check(SQLite3SubsetOracle.java:111)
--	at sqlancer.ProviderAdapter.generateAndTestDatabase(ProviderAdapter.java:49)
--	at sqlancer.Main$DBMSExecutor.run(Main.java:323)
--	at sqlancer.Main$2.run(Main.java:507)
--	at sqlancer.Main$2.runThread(Main.java:485)
--	at sqlancer.Main$2.run(Main.java:475)
--	at java.base/java.util.concurrent.ThreadPoolExecutor.runWorker(ThreadPoolExecutor.java:1130)
--	at java.base/java.util.concurrent.ThreadPoolExecutor$Worker.run(ThreadPoolExecutor.java:630)
--	at java.base/java.lang.Thread.run(Thread.java:831)
---- Time: 2021/05/21 16:36:12
-- Database: database0
-- Database version: 3.34.0
-- seed value: 1621586090154
PRAGMA cache_size = 50000;
PRAGMA temp_store=MEMORY;
PRAGMA synchronous=off;
PRAGMA case_sensitive_like=ON;
CREATE VIRTUAL TABLE vt0 USING fts4(c0, c1 UNINDEXED, languageid="lid");
CREATE VIRTUAL TABLE rt1 USING rtree_i32(c0, c1, c2, c3, +c4 TEXT );
CREATE VIRTUAL TABLE vt2 USING fts5(c0, c1, tokenize = "porter");
INSERT OR FAIL INTO vt2(c0) VALUES (''), (''), (0.43853913198340144);
UPDATE vt2 SET c1 = x'f5', c0 = 0x39b0daf4 WHERE CASE WHEN 9.678917E8 THEN ((vt2.c1) NOT NULL) WHEN ((x'2ebd')-(vt2.c0)) THEN CAST(vt2.c1 AS REAL) END;
ANALYZE sqlite_master;
ANALYZE temp;
UPDATE OR IGNORE vt2 SET c0 = x'de', c1 = 0.624489229218205 WHERE ((((vt2.c1) ISNULL)) NOT NULL);
INSERT INTO vt2(vt2) VALUES('optimize');
INSERT INTO vt0(vt0) VALUES('merge=967891700,4');
;
UPDATE OR IGNORE vt2 SET (c0, c0)=('967891700', '') WHERE TOTAL_CHANGES();
INSERT INTO vt0(vt0, rank) VALUES('crisismerge', 1591149732);
INSERT INTO vt0(vt0) VALUES('merge=967891700,5');
;
BEGIN EXCLUSIVE TRANSACTION;
ROLLBACK TRANSACTION;
UPDATE OR IGNORE vt2 SET (c1, c0)=(0.19383884159293752, x'') WHERE CASE WHEN ((vt2.c0)!=(vt2.c1)) THEN CAST(vt2.c1 AS REAL) END;
PRAGMA checkpoint_fullfsync = false;
INSERT OR IGNORE INTO sqlite_stat1 VALUES('vt0', 'vt0', '2 sz=-1286124282 noskipscan');
INSERT OR FAIL INTO vt2(c1) VALUES (x'');
INSERT INTO vt2(vt2) VALUES('integrity-check');
UPDATE OR IGNORE vt0 SET c1 = x'' WHERE CASE x''  WHEN ((vt0.lid) BETWEEN (0x5d5dee41) AND (vt0.lid)) THEN (((vt0.lid, vt0.c1)) BETWEEN ((vt0.c0, vt0.c1)) AND (('k', vt0.c1))) WHEN ((vt0.c1)IS NOT(vt0.lid)) THEN ((vt0.lid)AND(-1682513039)) WHEN ((vt0.c0)AND(vt0.c0)) THEN ((vt0.lid)>(0.99959831375263)) ELSE CASE WHEN vt0.c1 THEN vt0.lid WHEN vt0.c1 THEN vt0.c0 WHEN vt0.c0 THEN vt0.lid WHEN vt0.c0 THEN x'6035' ELSE NULL END END;
UPDATE OR IGNORE vt2 SET (c0, c0, c1)=('1566436929', NULL, NULL);
ROLLBACK TRANSACTION;
INSERT INTO vt0(vt0, rank) VALUES('usermerge', 9);
INSERT INTO vt0(vt0, rank) VALUES('automerge', 13);
INSERT INTO vt2(vt2) VALUES('rebuild');
INSERT INTO vt0(vt0, rank) VALUES('pgsz', '38605');
INSERT INTO vt2(vt2, rank) VALUES('automerge', 15);
INSERT OR ROLLBACK INTO vt2(c0) VALUES ('0.19383884159293752');
UPDATE OR ROLLBACK vt2 SET c1 = '0.99959831375263';
UPDATE OR ROLLBACK vt0 SET c0 = '-1e500', c0 = x'6f67';
UPDATE OR IGNORE vt0 SET c1 = '1566436929', c1 = 967891700;
PRAGMA main.secure_delete;
INSERT INTO vt0(vt0, rank) VALUES('pgsz', '60421');
INSERT INTO vt2(vt2, rank) VALUES('usermerge', 14);
PRAGMA integrity_check;
INSERT OR IGNORE INTO vt2 VALUES (NULL, 0xfffffffffc407111), (x'3b', '.');
INSERT OR ROLLBACK INTO vt2(c1, c0) VALUES (NULL, 0.99959831375263), (NULL, CAST(CASE '᧡'  WHEN x'd003' THEN 0.6423555096296932 ELSE '' END AS NUMERIC));
ROLLBACK TRANSACTION;
UPDATE OR ABORT vt2 SET c0 = NULL, c1 = 'Z', c0 = 1.895963105E9 WHERE CAST(((vt2.c0) IS FALSE) AS TEXT);
INSERT OR IGNORE INTO vt2(c0) VALUES (0.35467233638388385), (NULL);
UPDATE OR FAIL vt2 SET (c1, c0)=(x'72', x'f689637809');
UPDATE OR IGNORE vt0 SET lid = x'b7', c1 = NULL, c0 = 0X35a72b4c;
INSERT INTO vt2(vt2, rank) VALUES('usermerge', 9);
UPDATE OR IGNORE vt2 SET c1 = 9.678917E8 WHERE (x'f921cf' IN ()) COLLATE BINARY;
UPDATE OR IGNORE vt0 SET c0 = 927124155;
ANALYZE sqlite_master;
UPDATE OR FAIL vt2 SET c0 = x'621e', c1 = x'98', c0 = x'2b' WHERE vt2.c1;
PRAGMA temp.ignore_check_constraints;
UPDATE vt2 SET (c0, c0, c1, c1)=(0.5206516814831555, NULL, 9.678917E8, '');
BEGIN  TRANSACTION;
PRAGMA main.foreign_keys;
UPDATE OR IGNORE vt2 SET (c0, c0, c1)=(NULL, -59270656, -62885615) WHERE 0.8320950427782997;
INSERT INTO vt0(vt0, rank) VALUES('pgsz', '41355');
INSERT INTO vt0(vt0) VALUES('merge=-59270656,15');
;
INSERT INTO vt0(vt0, rank) VALUES('crisismerge', 741211239);
INSERT INTO vt2(vt2) VALUES('merge=1566436929,12');
;
INSERT INTO vt2(vt2, rank) VALUES('rank', 'bm25(10.0, 5.0)');
INSERT INTO vt2(vt2) VALUES('optimize');
INSERT INTO vt0(vt0) VALUES('integrity-check');
INSERT INTO vt2(vt2, rank) VALUES('usermerge', 6);
END;
INSERT OR IGNORE INTO sqlite_stat1 VALUES('vt2', 'vt0', ' sz=-1186527450');
INSERT OR ABORT INTO vt0 VALUES (NULL, x'', 0.13467579144969544);
INSERT OR IGNORE INTO vt2(c0) VALUES (NULL), (x'');
PRAGMA temp.journal_mode = PERSIST;
UPDATE vt0 SET c1 = 0X39b0daf4;
UPDATE OR IGNORE vt0 SET lid = 0.5878291931642732 WHERE ((((((((vt0.c1)AND(vt0.c1)))OR(x'')))OR(vt0.lid)))||(((vt0.c1)||(vt0.c0))));
UPDATE vt2 SET (c0)=(x'3c');
UPDATE OR IGNORE vt0 SET c1 = '268455960', c0 = 0.9190236723582352;
UPDATE OR ABORT vt2 SET (c0, c0, c0)=(0.05350155656855682, NULL, 'kY') WHERE ((0.17923354318639517 COLLATE BINARY)LIKE(((vt2.c0)>=(vt2.c0))));
END TRANSACTION;
ROLLBACK TRANSACTION;
--SUBSET BUG!
SELECT DISTINCT COUNT(*) FROM vt2 WHERE ((~ ((((vt2.c1, 0.24841941009760826, vt2.c1))<>((vt2.c1, x'1466', vt2.c1)))))) ORDER BY ((('-520204267')) NOT BETWEEN ((((vt2.c1) NOT BETWEEN (vt2.c0) AND (-1745451377)))) AND ((TRIM(DISTINCT vt2.c1)))) ASC, NULL ASC  NULLS FIRST;
SELECT COUNT(*) FROM vt2 WHERE ((~ ((((vt2.c1, 0.24841941009760826, vt2.c1))>((vt2.c1, x'1466', vt2.c1)))))) ORDER BY ((('-520204267')) NOT BETWEEN ((((vt2.c1) NOT BETWEEN (vt2.c0) AND (-1745451377)))) AND ((TRIM(DISTINCT vt2.c1)))) ASC, NULL ASC  NULLS FIRST;
