--java.lang.AssertionError: 30 25
--	at sqlancer.sqlite3.oracle.SQLite3SubsetOracle.checkSubsetQuery(SQLite3SubsetOracle.java:236)
--	at sqlancer.sqlite3.oracle.SQLite3SubsetOracle.check(SQLite3SubsetOracle.java:111)
--	at sqlancer.ProviderAdapter.generateAndTestDatabase(ProviderAdapter.java:49)
--	at sqlancer.Main$DBMSExecutor.run(Main.java:323)
--	at sqlancer.Main$2.run(Main.java:507)
--	at sqlancer.Main$2.runThread(Main.java:485)
--	at sqlancer.Main$2.run(Main.java:475)
--	at java.base/java.util.concurrent.ThreadPoolExecutor.runWorker(ThreadPoolExecutor.java:1130)
--	at java.base/java.util.concurrent.ThreadPoolExecutor$Worker.run(ThreadPoolExecutor.java:630)
--	at java.base/java.lang.Thread.run(Thread.java:831)
---- Time: 2021/05/21 16:42:58
-- Database: database6
-- Database version: 3.34.0
-- seed value: 1621586090160
PRAGMA cache_size = 50000;
PRAGMA temp_store=MEMORY;
PRAGMA synchronous=off;
PRAGMA case_sensitive_like=ON;
PRAGMA encoding = 'UTF-8';
CREATE VIRTUAL TABLE rt0 USING rtree(c0, c1, c2);
CREATE VIRTUAL TABLE rt1 USING rtree(c0, c1, c2, c3, c4);
VACUUM temp;
INSERT OR IGNORE INTO rt1(c4, c0) VALUES ('1', NULL), (NULL, '1624521935'), (0.6732898351519997, 0.8547664748056227);
SELECT rtreecheck('rt0');
UPDATE rt1 SET c4 = NULL, c4 = '1624521935', c4 = '1624521935';
END;
BEGIN  TRANSACTION;
PRAGMA main.defer_foreign_keys;
ANALYZE sqlite_master;
BEGIN DEFERRED TRANSACTION;
UPDATE rt1 SET (c1, c0, c2, c2)=(1624521935, 1.624521935E9, x'', 0.03726212993688216) WHERE ((((x'36')OR(((((((((((x'e5')AND(rt1.c0)))OR(rt1.c2)))AND(rt1.c3)))OR(rt1.c1)))OR('325324460')))))OR(((rt1.c3)||(rt1.c3))));
UPDATE OR IGNORE rt1 SET c0 = NULL;
PRAGMA temp.mmap_size = -4557460989417071827;
BEGIN  TRANSACTION;
PRAGMA main.cache_spill = false;
BEGIN DEFERRED TRANSACTION;
UPDATE rt0 SET (c0)=(0Xffffffff8a74d656);
UPDATE rt0 SET c1 = '-1972054442', c0 = 0.58006593337625;
INSERT OR REPLACE INTO rt0(c2, c1) VALUES (0xb4829c2, 1.89278658E8);
INSERT OR IGNORE INTO rt0(c2) VALUES (0Xffffffff8a74d656), (0.8657499517191393), (0.6732898351519997), (0xffffffff81ee741d), ('1801780670');
UPDATE OR IGNORE rt1 SET c3 = 1.624521935E9, c1 = 1801780670;
UPDATE rt1 SET c3 = x'd1', c1 = '325324460';
UPDATE rt1 SET c1 = '0.8657499517191393', c3 = 0.58006593337625, c2 = 'y', c2 = 0.9896682467895543;
PRAGMA busy_timeout;
PRAGMA main.legacy_file_format = true;
PRAGMA temp.foreign_keys = true;
UPDATE rt0 SET c1 = '#&xdDQ/椮1', c1 = '-1972054442', c1 = NULL WHERE CASE CASE rt0.c2  WHEN rt0.c2 THEN rt0.c2 END  WHEN ((rt0.c0) NOT BETWEEN (rt0.c2) AND (rt0.c2)) THEN (rt0.c2 IN (rt0.c0)) END;
UPDATE OR FAIL rt0 SET c1 = x'' WHERE CAST(((((((((rt0.c0)AND(rt0.c2)))OR(rt0.c1)))OR(rt0.c2)))AND(rt0.c0)) AS REAL);
UPDATE OR IGNORE rt0 SET (c2)=(x'2a');
INSERT OR ABORT INTO rt0(c0, c2) VALUES (0xb4829c2, x''), ('-1972054442', x'89');
UPDATE OR IGNORE rt0 SET (c2, c1)=(0.9503932079256932, x'32');
UPDATE rt1 SET c1 = '', c4 = 1.339713838E9, c3 = NULL;
INSERT OR ABORT INTO rt1(c2, c4, c3) VALUES ('', NULL, x''), (NULL, 'f0Q䁳4)%', 0Xffffffff80fb57e8), (x'', -1210321988, NULL);
INSERT OR IGNORE INTO rt0 VALUES (NULL, 0.4757290942324476, '-1210321988'), ('0.8547664748056227', '1293230835', x'93');
UPDATE rt0 SET (c1, c2)=(x'33414d', -2131011608) WHERE rt0.c0;
UPDATE OR ROLLBACK rt1 SET (c4, c0, c0)=(0xfffffffff9ec2c79, -2.115079139E9, '');
UPDATE OR IGNORE rt1 SET c3 = 0.8547664748056227, c1 = '', c0 = NULL, c4 = x'' WHERE (((rt1.c4 COLLATE NOCASE))==((CASE rt1.c3  WHEN rt1.c2 THEN rt1.c1 WHEN rt1.c4 THEN rt1.c4 WHEN rt1.c3 THEN rt1.c0 END)));
UPDATE OR ABORT rt1 SET (c1)=(x'');
COMMIT TRANSACTION;
REINDEX  rt1;
INSERT OR IGNORE INTO rt0(c1) VALUES (''), ('N'), (0.6732898351519997), (x'a3cb');
END TRANSACTION;
UPDATE OR FAIL rt1 SET (c0, c4)=(NULL, x'') WHERE ((((rt1.c0) BETWEEN (rt1.c4) AND (rt1.c3)))LIKE(rt1.c3));
INSERT OR IGNORE INTO rt1(c3, c2, c0) VALUES (x'', '1159811836', 0.18239480038635192), (0x4a69970b, '-758344109', NULL), (NULL, NULL, -2.115079139E9), (x'bf80', 0.463231913813806, x''), (x'', x'5b', x'04');
PRAGMA main.foreign_keys;
UPDATE rt0 SET c0 = NULL, c0 = '1629109371', c0 = NULL;
ROLLBACK TRANSACTION;
END;
UPDATE rt1 SET c4 = NULL, c4 = 0.33034548911220074;
BEGIN  TRANSACTION;
PRAGMA recursive_triggers;
UPDATE OR IGNORE rt0 SET (c0, c2)=(NULL, '1801780670');
UPDATE OR FAIL rt1 SET (c2, c3)=(0.26424176309897474, 0.4246430701401115) WHERE rt1.c0;
UPDATE OR IGNORE rt0 SET (c0)=(0.5973502445684791);
END TRANSACTION;
ROLLBACK TRANSACTION;
PRAGMA cache_spill;
END TRANSACTION;
PRAGMA incremental_vacuum(-325348372);
CREATE TEMPORARY VIEW  IF NOT EXISTS v0(c0, c1, c2, c3) AS SELECT DISTINCT (((((rt1.c1)) BETWEEN ((rt1.c3)) AND ((rt1.c4)))) NOT NULL), CAST(CASE rt1.c3  WHEN rt1.c0 THEN rt1.c4 WHEN rt0.c1 THEN rt0.c0 END AS NUMERIC), 0x56d84a8b, TOTAL(CAST(rt1.c1 AS NUMERIC)) OVER () FROM rt1, rt0 WHERE ((((LIKELY(DISTINCT '-2131011608')))!=(((~ (x''))))));
UPDATE OR IGNORE rt1 SET c3 = '1613487477';
UPDATE OR ABORT rt0 SET (c2, c0)=('-1679094449', x'a9') WHERE ((CAST(rt0.c0 AS TEXT)) IS TRUE);
UPDATE OR ABORT rt1 SET c4 = NULL, c2 = '618372615', c4 = 0.865606710636304, c0 = '1420757691' WHERE CAST((rt1.c2 IN (rt1.c0)) AS INTEGER);
UPDATE OR IGNORE rt1 SET c2 = 'Q},<G';
UPDATE OR IGNORE rt0 SET c0 = '_8kI', c0 = x'';
PRAGMA temp.defer_foreign_keys = true;
ROLLBACK TRANSACTION;
INSERT OR IGNORE INTO rt0(c1, c2, c0) VALUES ('1629109371', x'eaad', NULL), (0.4524302344960035, NULL, '0.33034548911220074');
BEGIN DEFERRED TRANSACTION;
UPDATE OR IGNORE rt1 SET (c1, c1)=('1624521935', 0.6995228532446895);
INSERT OR IGNORE INTO rt0(c1, c0) VALUES ('01y)隙Q⳾', 0.8657499517191393), ('-303288438', NULL), ('2083252726', x'00'), (NULL, NULL);
UPDATE OR FAIL rt1 SET (c2)=(0.37644411727698335) WHERE TRIM(DISTINCT ((rt1.c1) NOT NULL));
PRAGMA integrity_check;
UPDATE OR IGNORE rt1 SET c0 = '^?J깱4uRp', c2 = '-711029845';
SELECT rtreecheck('rt0');
UPDATE OR IGNORE rt1 SET c3 = NULL, c4 = 0.7062835695783012 WHERE ((TYPEOF(rt1.c2))=((~ (rt1.c2))));
INSERT OR IGNORE INTO rt0(c0, c1) VALUES ('618372615', ''), ('W,K', '-503829250');
INSERT OR IGNORE INTO rt1(c0, c3, c4, c2) VALUES (0.6469398621344544, '8', 1722218340, '241857088'), (0.9896682467895543, 'Yz', 'dH㳏ᚷCK7L', 0.7860000976032553), ('1875066724', x'37ea79', 'W,K', 0.8299022297518994), (-1010224537, '-544634342', NULL, -1.01962631E8);
END;
ROLLBACK TRANSACTION;
--SUBSET BUG!
SELECT ALL COUNT(*) FROM v0, rt1 WHERE ((~ ((((rt1.c2, rt1.c2))!=((v0.c1, v0.c0)))))) ORDER BY (~ (((rt1.c0)>>(rt1.c3)))) ASC  NULLS LAST LIMIT 1;
SELECT COUNT(*) FROM v0, rt1 WHERE ((~ ((((rt1.c2, rt1.c2))>((v0.c1, v0.c0))))));
