--java.lang.AssertionError: 9 1
--	at sqlancer.sqlite3.oracle.SQLite3SubsetOracle.checkSubsetQuery(SQLite3SubsetOracle.java:236)
--	at sqlancer.sqlite3.oracle.SQLite3SubsetOracle.check(SQLite3SubsetOracle.java:111)
--	at sqlancer.ProviderAdapter.generateAndTestDatabase(ProviderAdapter.java:49)
--	at sqlancer.Main$DBMSExecutor.run(Main.java:323)
--	at sqlancer.Main$2.run(Main.java:507)
--	at sqlancer.Main$2.runThread(Main.java:485)
--	at sqlancer.Main$2.run(Main.java:475)
--	at java.base/java.util.concurrent.ThreadPoolExecutor.runWorker(ThreadPoolExecutor.java:1130)
--	at java.base/java.util.concurrent.ThreadPoolExecutor$Worker.run(ThreadPoolExecutor.java:630)
--	at java.base/java.lang.Thread.run(Thread.java:831)
---- Time: 2021/05/21 16:43:14
-- Database: database12
-- Database version: 3.34.0
-- seed value: 1621586090166
PRAGMA cache_size = 50000;
PRAGMA temp_store=MEMORY;
PRAGMA synchronous=off;
PRAGMA encoding = 'UTF-16be';
CREATE VIRTUAL TABLE vt0 USING fts5(c0, c1 UNINDEXED, c2 UNINDEXED, detail=full);
INSERT OR IGNORE INTO vt0(c0) VALUES (0.3315646525103041), (''), (NULL);
INSERT INTO vt0(vt0) VALUES('rebuild');
INSERT INTO vt0(vt0) VALUES('optimize');
PRAGMA main.automatic_index = true;
PRAGMA main.automatic_index = false;
PRAGMA main.legacy_file_format;
PRAGMA cache_spill = false;
BEGIN  TRANSACTION;
PRAGMA main.reverse_unordered_selects = true;
REINDEX;
PRAGMA checkpoint_fullfsync;
PRAGMA shrink_memory;
INSERT INTO vt0(vt0, rank) VALUES('usermerge', 11);
PRAGMA main.busy_timeout;
REINDEX;
PRAGMA temp.shrink_memory;
PRAGMA temp.wal_autocheckpoint = 2860109860840680155;
END;
INSERT INTO vt0(vt0) VALUES('rebuild');
REINDEX  vt0;
PRAGMA main.reverse_unordered_selects;
INSERT INTO vt0(vt0, rank) VALUES('usermerge', 3);
INSERT OR ROLLBACK INTO vt0 VALUES (NULL, '', x'0e4b'), (0.531835259111224, '215565219', '215565219'), (x'', NULL, '215565219'), ('FALSE', NULL, 0.38268240061291003), (0.7758015457504601, NULL, '>r');
INSERT INTO vt0(vt0, rank) VALUES('usermerge', 2);
DELETE FROM sqlite_stat1 WHERE ((('c LD
C{')) NOT BETWEEN (((('')OR(x'3b')))) AND ((CASE x'42'  WHEN NULL THEN 2.15565219E8 WHEN '<1枔' THEN 154978675 WHEN '䎣Z}s/I' THEN '-587514' WHEN NULL THEN 1552411197 ELSE 0.7124050148798675 END)));
PRAGMA busy_timeout = 10000;
ANALYZE;
INSERT INTO vt0(vt0) VALUES('merge=556562033,2');
;
INSERT INTO vt0(vt0, rank) VALUES('rank', 'bm25(10.0, 5.0)');
PRAGMA cell_size_check = true;
INSERT OR REPLACE INTO vt0(c1, c2) VALUES (0.5120011266953491, x'b9');
VACUUM main;
VACUUM;
VACUUM;
VACUUM main;
VACUUM main;
VACUUM temp;
REINDEX;
INSERT OR IGNORE INTO vt0(c0) VALUES (556562033), ('mJ+');
VACUUM;
VACUUM main;
VACUUM temp;
PRAGMA main.recursive_triggers;
INSERT OR IGNORE INTO vt0(c1, c2) VALUES ('', 1.552411197E9), (NULL, 0.750380495830599);
ROLLBACK TRANSACTION;
INSERT OR IGNORE INTO vt0(c2, c1) VALUES (x'', 0.7124050148798675);
REINDEX NOCASE;
COMMIT TRANSACTION;
INSERT OR FAIL INTO vt0(c0) VALUES (NULL), (NULL), (0Xffffffffce1a531e);
REINDEX;
END TRANSACTION;
ROLLBACK TRANSACTION;
--SUBSET BUG!
SELECT ALL COUNT(*) FROM vt0 WHERE ((~ ((((vt0.c0, '-301791838'))!=((vt0.c1, vt0.c2))))));
SELECT ALL COUNT(*) FROM vt0 WHERE ((~ ((((vt0.c0, '-301791838'))>((vt0.c1, vt0.c2))))));
