--java.lang.AssertionError: 120 95
--	at sqlancer.sqlite3.oracle.SQLite3SubsetOracle.checkSubsetQuery(SQLite3SubsetOracle.java:236)
--	at sqlancer.sqlite3.oracle.SQLite3SubsetOracle.check(SQLite3SubsetOracle.java:111)
--	at sqlancer.ProviderAdapter.generateAndTestDatabase(ProviderAdapter.java:49)
--	at sqlancer.Main$DBMSExecutor.run(Main.java:323)
--	at sqlancer.Main$2.run(Main.java:507)
--	at sqlancer.Main$2.runThread(Main.java:485)
--	at sqlancer.Main$2.run(Main.java:475)
--	at java.base/java.util.concurrent.ThreadPoolExecutor.runWorker(ThreadPoolExecutor.java:1130)
--	at java.base/java.util.concurrent.ThreadPoolExecutor$Worker.run(ThreadPoolExecutor.java:630)
--	at java.base/java.lang.Thread.run(Thread.java:831)
---- Time: 2021/05/21 16:41:38
-- Database: database8
-- Database version: 3.34.0
-- seed value: 1621586090162
PRAGMA cache_size = 50000;
PRAGMA temp_store=MEMORY;
PRAGMA synchronous=off;
PRAGMA case_sensitive_like=ON;
PRAGMA encoding = 'UTF-16';
CREATE VIRTUAL TABLE rt0 USING rtree(c0, c1, c2, c3);
CREATE TABLE t1 (c0 INT UNIQUE ON CONFLICT REPLACE PRIMARY KEY NOT NULL CHECK ( ((c0 COLLATE RTRIM) BETWEEN (c0 COLLATE BINARY) AND (CASE WHEN c0 THEN c0 WHEN c0 THEN c0 WHEN x'59695e' THEN c0 END))) );
CREATE VIRTUAL TABLE rt2 USING rtree_i32(c0, c1, c2, c3, c4, c5, +c6 TEXT COLLATE NOCASE );
CREATE TEMP TABLE t3 (c0 TEXT , c1 INT );
INSERT OR IGNORE INTO t3(c1, c0) VALUES (x'2e7b', 0.6228912310736983);
BEGIN  TRANSACTION;
REINDEX BINARY;
UPDATE OR IGNORE t3 SET c1 = 0.6228912310736983;
ROLLBACK TRANSACTION;
ANALYZE main;
ROLLBACK TRANSACTION;
INSERT OR REPLACE INTO t1(c0) VALUES (NULL);
INSERT OR ROLLBACK INTO t1(c0) VALUES ((0.3809082620107034 IN (((0.6002472148059352) BETWEEN (x'') AND (0.7282137294600151)))));
ROLLBACK TRANSACTION;
INSERT OR IGNORE INTO t3(c0, c1) VALUES (x'448bd1', x'750a9d');
CREATE INDEX IF NOT EXISTS i64 ON t3(CASE WHEN c1 COLLATE RTRIM THEN (((c1, c0))==((0.28737235965016183, c0))) END COLLATE BINARY,CAST(((c1)-(c1)) AS NUMERIC) COLLATE RTRIM ASC);
UPDATE OR IGNORE t1 SET c0 = '541823341', c0 = 813488034;
INSERT OR ABORT INTO t1 VALUES ('d');
INSERT OR ABORT INTO t1 VALUES (NULL), ('813488034'), ('-9223372036854775808');
INSERT OR ROLLBACK INTO t3(c1) VALUES (x'51');
ROLLBACK TRANSACTION;
REINDEX BINARY;
UPDATE OR IGNORE t1 SET (c0, c0, c0)=('y嘩', NULL, x'');
INSERT OR IGNORE INTO t3(c0) VALUES ('1M~(嘩,');
CREATE TEMPORARY VIEW v0(c0) AS SELECT DISTINCT (- (((t1.c0)IS(t3.c1)))) FROM t3, t1;
INSERT OR FAIL INTO t1(c0) VALUES (NULL), (x'ba9e370c'), ('-1684712139');
INSERT OR IGNORE INTO t3 VALUES ('406277420', '5MGz,*MR&'), (0.3809082620107034, 'U');
INSERT OR IGNORE INTO t3(c0) VALUES (0x39d3dea9), ('-2058074538');
INSERT OR IGNORE INTO t1 VALUES (x'da'), (NULL), ('-1684712139'), (NULL);
INSERT OR IGNORE INTO t1(c0) VALUES (NULL), (NULL), (0.507768381036508);
INSERT OR ROLLBACK INTO t3(c0) VALUES (NULL), (0.31905882775322836), ('-838554155'), (x'b1');
PRAGMA temp.cache_spill = false;
REINDEX BINARY;
PRAGMA cache_spill = 183290488376078748;
DELETE FROM sqlite_stat1 WHERE ((813488034 COLLATE NOCASE)/(CASE 0X39d3dea9  WHEN 0X46c89a36 THEN '-2058074538' WHEN 0.016177758670156694 THEN 'y詬l?ktYI' WHEN NULL THEN NULL WHEN 0.8464123826144371 THEN x'ab' WHEN NULL THEN '-1616423383' END));
INSERT OR ABORT INTO t3(c1, c0) VALUES ('', x'67'), ('y嘩', '0.016177758670156694');
INSERT OR IGNORE INTO t3 VALUES ('r', 'i4
gI'), (NULL, x'0e');
END;
UPDATE OR FAIL t3 SET (c0, c1, c1)=(x'a9', NULL, x'a3');
UPDATE t1 SET (c0, c0, c0)=(NULL, 1182415418, x'a56f13') WHERE '-1684712139';
UPDATE OR IGNORE t1 SET c0 = NULL;
INSERT OR REPLACE INTO t3(c1) VALUES (150594468);
INSERT OR IGNORE INTO t1(c0) VALUES ('Yc\Cj'), (NULL), (0.016177758670156694);
INSERT OR IGNORE INTO t1 VALUES (x'cf');
END;
INSERT OR IGNORE INTO t3 VALUES (x'76', '(');
INSERT OR FAIL INTO t1 VALUES (NULL), (NULL);
INSERT OR IGNORE INTO t1(c0) VALUES (x''), ('970186409'), (x''), (0.6002472148059352);
REINDEX i64;
REINDEX;
ROLLBACK TRANSACTION;
INSERT OR IGNORE INTO t3(c1) VALUES (0.33896576430690517);
INSERT OR IGNORE INTO t1 VALUES (NULL), (1927249445), ('1182415418'), ('759453039'), (x'd4'), ('');
ROLLBACK TRANSACTION;
INSERT OR ROLLBACK INTO t1(c0) VALUES ('P0');
UPDATE OR IGNORE t1 SET (c0, c0)=('1225057035', 0x2129a0e4);
REINDEX i64;
REINDEX;
PRAGMA busy_timeout;
INSERT OR IGNORE INTO t3 VALUES (0.20738914879404158, 0.5237582631562161);
INSERT OR IGNORE INTO t1 VALUES (x''), (0.20373972249397454);
INSERT OR ABORT INTO t3(c1) VALUES (x'93');
UPDATE OR FAIL t1 SET (c0)=('80E?唵P74');
UPDATE OR IGNORE t3 SET (c0)=('556376292') WHERE (((t3.c1)+(t3.c1)) IN ((((t3.c0, t3.c1, t3.c1))<((t3.c0, t3.c0, t3.c0)))));
INSERT OR IGNORE INTO t3(c1, c0) VALUES (x'bd76', 'Q*!Qஞ!豹');
INSERT OR REPLACE INTO t3(c1) VALUES ('-2058074538'), (0.6228912310736983);
INSERT OR IGNORE INTO sqlite_stat1 VALUES('t1', 'sqlite_autoindex_t1_1', ' unordered noskipscan');
BEGIN DEFERRED TRANSACTION;
UPDATE OR IGNORE t3 SET (c0)=(NULL);
INSERT OR IGNORE INTO t3(c0) VALUES (NULL), ('1369279609');
BEGIN  TRANSACTION;
INSERT OR FAIL INTO t1 VALUES ('-1616423383'), ('759453039');
INSERT OR FAIL INTO t3(c0, c1) VALUES (NULL, 'a#踼'), ('d嘩l', '1369279609'), ('*', '-1550478073');
UPDATE OR IGNORE t3 SET c0 = '-1684712139', c1 = '*遼yT!{E';
ROLLBACK TRANSACTION;
UPDATE OR REPLACE t1 SET (c0, c0, c0)=('906071612', 5.41823341E8, 'B[qC');
INSERT OR IGNORE INTO t1(c0) VALUES (CAST((((('f{h4*A')OR(4.0627742E8)))AND(0.9935065940566011)) AS NUMERIC)), ('759453039'), ('803260917'), (427768668);
END;
ROLLBACK TRANSACTION;
--SUBSET BUG!
SELECT COUNT(*) FROM v0, t3, t1 WHERE ((~ ((((t1.c0, v0.c0))<>((t3.c0, '1379094237')))))) INTERSECT SELECT COUNT(*) FROM v0, t3, t1 WHERE ((NOT (x'')));
SELECT COUNT(*) FROM v0, t3, t1 WHERE ((~ ((((t1.c0, v0.c0))>((t3.c0, '1379094237'))))));
