--java.lang.AssertionError: the size of the result sets mismatch (3 and 7)!
---- SELECT * FROM rt1 WHERE ((~ ((((rt1.c5, rt1.c6, rt1.c4, rt1.c4))<((rt1.c6, rt1.c4, rt1.c0, rt1.c4)))))) ORDER BY ((('657132080', rt1.c3)) NOT BETWEEN ((NULL, ((rt1.c1)/(rt1.c0)))) AND ((((rt1.c1) NOT BETWEEN (rt1.c4) AND (rt1.c3)), CASE WHEN rt1.c5 THEN rt1.c4 WHEN rt1.c6 THEN '-913045962' ELSE rt1.c4 END)))  NULLS FIRST;
---- cardinality: 3
---- SELECT ALL * FROM rt1 WHERE ((~ ((((rt1.c5, rt1.c6, rt1.c4, rt1.c4))<>((rt1.c6, rt1.c4, rt1.c0, rt1.c4)))))) ORDER BY ((('657132080', rt1.c3)) NOT BETWEEN ((NULL, ((rt1.c1)/(rt1.c0)))) AND ((((rt1.c1) NOT BETWEEN (rt1.c4) AND (rt1.c3)), CASE WHEN rt1.c5 THEN rt1.c4 WHEN rt1.c6 THEN '-913045962' ELSE rt1.c4 END)))  NULLS FIRST;
---- cardinality: 7
--	at sqlancer.ComparatorHelper.assumeResultSetsAreSubset(ComparatorHelper.java:126)
--	at sqlancer.sqlite3.oracle.SQLite3SubsetOracle.checkSubsetQuery(SQLite3SubsetOracle.java:244)
--	at sqlancer.sqlite3.oracle.SQLite3SubsetOracle.check(SQLite3SubsetOracle.java:111)
--	at sqlancer.ProviderAdapter.generateAndTestDatabase(ProviderAdapter.java:49)
--	at sqlancer.Main$DBMSExecutor.run(Main.java:323)
--	at sqlancer.Main$2.run(Main.java:507)
--	at sqlancer.Main$2.runThread(Main.java:485)
--	at sqlancer.Main$2.run(Main.java:475)
--	at java.base/java.util.concurrent.ThreadPoolExecutor.runWorker(ThreadPoolExecutor.java:1130)
--	at java.base/java.util.concurrent.ThreadPoolExecutor$Worker.run(ThreadPoolExecutor.java:630)
--	at java.base/java.lang.Thread.run(Thread.java:831)
---- Time: 2021/05/21 16:38:53
-- Database: database5
-- Database version: 3.34.0
-- seed value: 1621586090159
PRAGMA cache_size = 50000;
PRAGMA temp_store=MEMORY;
PRAGMA synchronous=off;
PRAGMA encoding = 'UTF-16';
CREATE VIRTUAL TABLE vt0 USING fts4(c0, prefix=546, prefix=483);
CREATE VIRTUAL TABLE rt1 USING rtree_i32(c0, c1, c2, c3, c4, +c5 INT , +c6 BLOB );
REINDEX RTRIM;
PRAGMA temp.recursive_triggers = true;
UPDATE OR IGNORE vt0 SET c0 = '1900108298', c0 = NULL, c0 = NULL WHERE ((((rtreenode(vt0.c0, vt0.c0))AND(((((vt0.c0)OR(vt0.c0)))OR(vt0.c0)))))OR(CASE WHEN vt0.c0 THEN vt0.c0 WHEN vt0.c0 THEN vt0.c0 ELSE vt0.c0 END));
BEGIN DEFERRED TRANSACTION;
INSERT OR ABORT INTO rt1(c0, c4, c3, c5) VALUES ('1900108298', '152767497', NULL, 1.52767497E8);
INSERT INTO vt0(vt0) VALUES('optimize');
UPDATE OR IGNORE vt0 SET (c0, c0)=(x'', NULL) WHERE UPPER(DISTINCT '152767497');
DELETE FROM sqlite_stat1;
INSERT OR IGNORE INTO sqlite_stat1 VALUES('rt1', 'sqlite_autoindex_vt0_segdir_1', '0 -1019173490');
INSERT OR IGNORE INTO sqlite_stat1 VALUES('rt1', 'sqlite_autoindex_vt0_segdir_1', '-2140619 unordered noskipscan');
INSERT OR IGNORE INTO sqlite_stat1 VALUES('rt1', 'sqlite_autoindex_vt0_segdir_1', '-1 1900108298 sz=-1980953439 unordered');
DELETE FROM sqlite_stat1;
INSERT OR IGNORE INTO sqlite_stat1 VALUES('rt1', 'vt0', '0 sz=468956813 unordered noskipscan');
INSERT OR IGNORE INTO sqlite_stat1 VALUES('vt0', 'rt1', '1179830228 unordered noskipscan');
INSERT OR IGNORE INTO sqlite_stat1 VALUES('vt0', 'sqlite_autoindex_vt0_segdir_1', '1900108298 unordered noskipscan');
INSERT OR IGNORE INTO sqlite_stat1 VALUES('rt1', 'sqlite_autoindex_vt0_segdir_1', ' sz=1900108298');
DELETE FROM sqlite_stat1;
DELETE FROM sqlite_stat1 WHERE 'q{e';
DELETE FROM sqlite_stat1;
INSERT OR IGNORE INTO sqlite_stat1 VALUES('rt1', 'rt1', '2 2 -2140619 sz=-1731411369');
DELETE FROM sqlite_stat1 WHERE ((1.179830228E9)IS(NULL)) COLLATE RTRIM COLLATE NOCASE;
INSERT OR IGNORE INTO sqlite_stat1 VALUES('vt0', 'vt0', '-1061692742 sz=-1699459304 unordered');
DELETE FROM sqlite_stat1;
INSERT OR IGNORE INTO sqlite_stat1 VALUES('rt1', 'sqlite_autoindex_vt0_segdir_1', '1 -820698275 unordered noskipscan');
DELETE FROM sqlite_stat1;
DELETE FROM sqlite_stat1;
INSERT OR IGNORE INTO sqlite_stat1 VALUES('vt0', 'sqlite_autoindex_vt0_segdir_1', '');
INSERT OR IGNORE INTO sqlite_stat1 VALUES('vt0', 'rt1', '468956813');
INSERT OR IGNORE INTO sqlite_stat1 VALUES('vt0', 'rt1', ' unordered noskipscan');
INSERT OR IGNORE INTO sqlite_stat1 VALUES('rt1', 'sqlite_autoindex_vt0_segdir_1', '-1756162048 noskipscan');
DELETE FROM sqlite_stat1;
INSERT OR IGNORE INTO sqlite_stat1 VALUES('vt0', 'sqlite_autoindex_vt0_segdir_1', '959709275 sz=-1662029184');
DELETE FROM sqlite_stat1 WHERE ((((NULL)||('676064891'))) ISNULL);
DELETE FROM sqlite_stat1;
DELETE FROM sqlite_stat1;
DELETE FROM sqlite_stat1 WHERE (~ ((- (x'ae21'))));
DELETE FROM sqlite_stat1;
INSERT OR IGNORE INTO sqlite_stat1 VALUES('vt0', 'rt1', '4 2087717390 -434353314 unordered');
DELETE FROM sqlite_stat1;
INSERT OR IGNORE INTO sqlite_stat1 VALUES('vt0', 'sqlite_autoindex_vt0_segdir_1', '152767497 unordered');
DELETE FROM sqlite_stat1 WHERE ((0.45493730701010227 IN ('')) IN (ROUND('152767497', '-1019173490')));
DELETE FROM sqlite_stat1;
DELETE FROM sqlite_stat1;
INSERT OR IGNORE INTO sqlite_stat1 VALUES('vt0', 'sqlite_autoindex_vt0_segdir_1', ' sz=-958312506 noskipscan');
INSERT OR IGNORE INTO sqlite_stat1 VALUES('rt1', 'rt1', '2 sz=1179830228 unordered');
DELETE FROM sqlite_stat1 WHERE ((x'392de3')IS(((('N	a\lQ')) BETWEEN (('ZwIzk%')) AND ((NULL)))));
INSERT OR IGNORE INTO sqlite_stat1 VALUES('rt1', 'rt1', '3');
DELETE FROM sqlite_stat1;
INSERT OR IGNORE INTO sqlite_stat1 VALUES('rt1', 'vt0', ' sz=928809563 unordered');
DELETE FROM sqlite_stat1 WHERE (CAST(x'e0c3' AS NUMERIC) IN ());
DELETE FROM sqlite_stat1 WHERE (((x'82', x'6eef')) BETWEEN ((CASE '-1980953439'  WHEN 1062245692 THEN '0R' WHEN x'' THEN 0.45493730701010227 ELSE 0.548645651880003 END, COALESCE(DISTINCT x'', NULL, -9.58312506E8, x'7e', 0Xffffffff9cef7280, x'fbd8f9', 0.21064471249314431))) AND (((x'7256' IN ('')), '' COLLATE NOCASE)));
INSERT OR IGNORE INTO sqlite_stat1 VALUES('rt1', 'sqlite_autoindex_vt0_segdir_1', '-1662029184 -1278997409 unordered noskipscan');
INSERT OR IGNORE INTO sqlite_stat1 VALUES('vt0', 'rt1', '0 unordered noskipscan');
DELETE FROM sqlite_stat1;
DELETE FROM sqlite_stat1 WHERE (((LOWER(''), (((x'3587')) NOT BETWEEN (('-1676358729')) AND ((0.6530120376601508))), ((((((-2140619)OR(0.15423244634865552)))OR(NULL)))OR('jww1D8'))))>=((0.662078899762239 COLLATE RTRIM, ((0X375c825b) BETWEEN (0.6136086138928092) AND (0X173253c5)), ((NULL) IS FALSE))));
DELETE FROM sqlite_stat1 WHERE ((((NULL, 0.17397819499511613, x'94822b71')) NOT BETWEEN ((x'', NULL, '')) AND ((NULL, NULL, x'4486'))) IN ((('676064891') ISNULL), ((((((0.21064471249314431)OR('0.6136086138928092')))OR(NULL)))AND(NULL))));
INSERT OR IGNORE INTO sqlite_stat1 VALUES('vt0', 'rt1', '0 -517266729 1009044531 noskipscan');
DELETE FROM sqlite_stat1;
DELETE FROM sqlite_stat1 WHERE ((((1e500) IS TRUE)) NOTNULL);
INSERT OR IGNORE INTO sqlite_stat1 VALUES('vt0', 'rt1', ' sz=392022686 unordered');
DELETE FROM sqlite_stat1;
INSERT OR IGNORE INTO sqlite_stat1 VALUES('rt1', 'rt1', '392022686 1510378805 noskipscan');
INSERT OR IGNORE INTO sqlite_stat1 VALUES('rt1', 'sqlite_autoindex_vt0_segdir_1', '-1476484167 2 sz=-2140619 unordered');
DELETE FROM sqlite_stat1;
DELETE FROM sqlite_stat1 WHERE (((0x52918aa3, x'5f', 'M~7')) NOT BETWEEN ((CASE x'f1'  WHEN x'7c' THEN x'c1' WHEN '-' THEN NULL WHEN '1' THEN 0.5486112901299004 END, (0.41880304622753695 IN ()), CASE 'K'  WHEN NULL THEN '-1781770164' WHEN 0.16403376331591502 THEN 389174213 WHEN NULL THEN x'19' WHEN '' THEN 0.2088313304054067 ELSE 0.17863221421231745 END)) AND ((0.4249397435785315 COLLATE BINARY, (x'' IN ('384933667')), UNICODE(0X3934005b))));
INSERT OR IGNORE INTO sqlite_stat1 VALUES('vt0', 'sqlite_autoindex_vt0_segdir_1', '392022686 sz=893423102 unordered noskipscan');
INSERT OR IGNORE INTO sqlite_stat1 VALUES('vt0', 'rt1', '');
DELETE FROM sqlite_stat1 WHERE (CASE WHEN 3.92022686E8 THEN -9.58312506E8 WHEN '384933667' THEN '674312746' WHEN 0.6136086138928092 THEN x'a48f' WHEN -958312506 THEN NULL END IN (((NULL)<('k⍝'))));
INSERT OR IGNORE INTO sqlite_stat1 VALUES('vt0', 'rt1', '');
INSERT OR IGNORE INTO sqlite_stat1 VALUES('vt0', 'vt0', '0 sz=1006021562 unordered');
INSERT OR IGNORE INTO sqlite_stat1 VALUES('vt0', 'vt0', '1 sz=1401792270 noskipscan');
INSERT OR IGNORE INTO sqlite_stat1 VALUES('rt1', 'sqlite_autoindex_vt0_segdir_1', '1 sz=1254865729 unordered noskipscan');
INSERT OR IGNORE INTO sqlite_stat1 VALUES('vt0', 'sqlite_autoindex_vt0_segdir_1', '-1757453177 unordered');
INSERT OR IGNORE INTO sqlite_stat1 VALUES('rt1', 'sqlite_autoindex_vt0_segdir_1', '3 2 1322059846');
DELETE FROM sqlite_stat1;
INSERT OR IGNORE INTO sqlite_stat1 VALUES('rt1', 'vt0', ' sz=928809563 unordered');
INSERT OR IGNORE INTO sqlite_stat1 VALUES('rt1', 'sqlite_autoindex_vt0_segdir_1', '870038826 3 unordered');
DELETE FROM sqlite_stat1;
DELETE FROM sqlite_stat1 WHERE (((NOT ('-2088311551')))>>(CASE NULL  WHEN NULL THEN 0.6161261832494146 WHEN x'b8' THEN NULL WHEN 0x230e5d59 THEN 'C&ZI￿K' END));
DELETE FROM sqlite_stat1;
INSERT OR IGNORE INTO sqlite_stat1 VALUES('rt1', 'sqlite_autoindex_vt0_segdir_1', '0 0 sz=1017930024 unordered noskipscan');
DELETE FROM sqlite_stat1 WHERE (((('W2w') BETWEEN ('1385269923') AND (885520671))) IS TRUE);
DELETE FROM sqlite_stat1;
DELETE FROM sqlite_stat1 WHERE (((0.5486112901299004 IN (NULL)))%('#&'));
DELETE FROM sqlite_stat1 WHERE CAST(((x'') NOT BETWEEN (0xffffffffe7f458c0) AND (0.3087561654608524)) AS REAL);
INSERT OR IGNORE INTO sqlite_stat1 VALUES('vt0', 'sqlite_autoindex_vt0_segdir_1', ' unordered');
INSERT OR IGNORE INTO sqlite_stat1 VALUES('rt1', 'vt0', ' sz=-782075696 noskipscan');
DELETE FROM sqlite_stat1 WHERE ((('-1757453177') IS FALSE) IN ((('389174213') NOT BETWEEN (x'') AND (0.37858029368733337))));
INSERT OR IGNORE INTO sqlite_stat1 VALUES('vt0', 'sqlite_autoindex_vt0_segdir_1', '392022686 0 noskipscan');
INSERT OR IGNORE INTO sqlite_stat1 VALUES('vt0', 'sqlite_autoindex_vt0_segdir_1', ' unordered noskipscan');
INSERT OR IGNORE INTO sqlite_stat1 VALUES('rt1', 'vt0', ' unordered');
INSERT OR IGNORE INTO sqlite_stat1 VALUES('vt0', 'sqlite_autoindex_vt0_segdir_1', '657132080 sz=-2035445343');
DELETE FROM sqlite_stat1 WHERE (CASE '_?,固*'  WHEN x'55' THEN '' ELSE x'' END IN ((('392022686') IS FALSE)));
DELETE FROM sqlite_stat1 WHERE x'3258';
DELETE FROM sqlite_stat1 WHERE ((((-1662029184 IN (-651319728)), ((x'32cd')/(NULL))))>((CASE 0.4879793258345091  WHEN x'' THEN x'bf8ce3' WHEN x'' THEN NULL WHEN 0.4879793258345091 THEN 1615604235 WHEN 0.767160200611226 THEN x'9a' ELSE x'0bb2' END, CASE -369586503  WHEN 0.78466839606402 THEN x'd2' ELSE x'f7' END)));
INSERT OR IGNORE INTO sqlite_stat1 VALUES('vt0', 'sqlite_autoindex_vt0_segdir_1', ' sz=1385269923');
DELETE FROM sqlite_stat1;
INSERT OR IGNORE INTO sqlite_stat1 VALUES('vt0', 'sqlite_autoindex_vt0_segdir_1', '0 0 sz=1510378805 noskipscan');
INSERT OR IGNORE INTO sqlite_stat1 VALUES('vt0', 'rt1', ' noskipscan');
INSERT OR IGNORE INTO sqlite_stat1 VALUES('rt1', 'vt0', ' noskipscan');
INSERT OR IGNORE INTO sqlite_stat1 VALUES('rt1', 'vt0', '-158250933 -71733110 sz=-369586503');
DELETE FROM sqlite_stat1 WHERE (('-403416896')>>(NULL)) COLLATE RTRIM;
INSERT OR IGNORE INTO sqlite_stat1 VALUES('rt1', 'rt1', '-369586503 unordered noskipscan');
INSERT OR IGNORE INTO sqlite_stat1 VALUES('rt1', 'rt1', ' sz=-49581643');
INSERT OR IGNORE INTO sqlite_stat1 VALUES('rt1', 'sqlite_autoindex_vt0_segdir_1', '1 sz=-2056120952 unordered noskipscan');
DELETE FROM sqlite_stat1 WHERE (NULLIF(DISTINCT 0.6734255161797641, 0.2800771816682238) IN (((((((0.3155874839518865)OR(-113264658)))OR('垤')))AND(1765548144))));
INSERT OR IGNORE INTO sqlite_stat1 VALUES('rt1', 'vt0', ' sz=-1291882954 noskipscan');
DELETE FROM sqlite_stat1 WHERE ((0.015146300165695181 COLLATE RTRIM) ISNULL);
DELETE FROM sqlite_stat1 WHERE 0.9911665262491077;
INSERT OR IGNORE INTO sqlite_stat1 VALUES('rt1', 'sqlite_autoindex_vt0_segdir_1', ' sz=-1676358729 noskipscan');
INSERT OR IGNORE INTO sqlite_stat1 VALUES('vt0', 'sqlite_autoindex_vt0_segdir_1', '1900108298 1 sz=1119753623 noskipscan');
INSERT OR IGNORE INTO sqlite_stat1 VALUES('rt1', 'rt1', '2 sz=845071365');
DELETE FROM sqlite_stat1;
INSERT OR IGNORE INTO sqlite_stat1 VALUES('rt1', 'rt1', '959709275 noskipscan');
DELETE FROM sqlite_stat1;
INSERT OR IGNORE INTO sqlite_stat1 VALUES('vt0', 'vt0', '4 1020947850 unordered');
DELETE FROM sqlite_stat1 WHERE ((CAST(NULL AS BLOB))IS NOT(CASE 'M~7'  WHEN 0.015146300165695181 THEN 'p帱%D	0L' WHEN '*td-.' THEN 0xffffffffeb7b48c6 WHEN '2y2R' THEN '1322059846' ELSE 0.36957266146293277 END));
INSERT OR IGNORE INTO sqlite_stat1 VALUES('rt1', 'vt0', '0 sz=674312746 unordered noskipscan');
INSERT OR IGNORE INTO sqlite_stat1 VALUES('vt0', 'rt1', ' sz=-886971556 unordered');
INSERT OR IGNORE INTO sqlite_stat1 VALUES('rt1', 'sqlite_autoindex_vt0_segdir_1', '0 -540776871 noskipscan');
DELETE FROM sqlite_stat1;
INSERT OR IGNORE INTO sqlite_stat1 VALUES('rt1', 'rt1', ' unordered noskipscan');
DELETE FROM sqlite_stat1;
DELETE FROM sqlite_stat1;
DELETE FROM sqlite_stat1 WHERE ((((0Xffffffffc340a58e) NOT NULL))=((+ (NULL))));
INSERT OR IGNORE INTO sqlite_stat1 VALUES('rt1', 'sqlite_autoindex_vt0_segdir_1', '-385059178 2 unordered noskipscan');
DELETE FROM sqlite_stat1;
INSERT OR IGNORE INTO sqlite_stat1 VALUES('vt0', 'vt0', ' unordered');
DELETE FROM sqlite_stat1;
INSERT OR IGNORE INTO sqlite_stat1 VALUES('vt0', 'sqlite_autoindex_vt0_segdir_1', '-1090548382 sz=-257643978 noskipscan');
INSERT OR IGNORE INTO sqlite_stat1 VALUES('rt1', 'sqlite_autoindex_vt0_segdir_1', ' sz=-359345694');
INSERT OR IGNORE INTO sqlite_stat1 VALUES('vt0', 'rt1', '-1087339215 noskipscan');
DELETE FROM sqlite_stat1 WHERE ((- (x'')) IN (((('-732466889', '', '0.16403376331591502'))==((x'', NULL, NULL)))));
DELETE FROM sqlite_stat1;
DELETE FROM sqlite_stat1 WHERE ((((((NULL)AND('!vB赢1*W(')))OR(0.6160641455750617)))AND(0.23891912124807835)) COLLATE NOCASE;
DELETE FROM sqlite_stat1;
DELETE FROM sqlite_stat1 WHERE (((((((((((NULL)OR(NULL)))AND(-711332086)))AND(x'28da')))OR(NULL)))OR('-1059242779')) IN ());
INSERT OR IGNORE INTO sqlite_stat1 VALUES('vt0', 'sqlite_autoindex_vt0_segdir_1', '');
DELETE FROM sqlite_stat1 WHERE ((((((CASE NULL  WHEN x'' THEN 0xffffffffdba04072 ELSE NULL END)AND(((NULL) BETWEEN (x'00') AND ('1e500')))))OR('245179366' COLLATE NOCASE)))AND(SQLITE_SOURCE_ID()));
DELETE FROM sqlite_stat1 WHERE ((((((((((NULL COLLATE BINARY)AND(0.003466513212798894)))OR(CASE WHEN '959709275' THEN -6.51319728E8 WHEN '0.16403376331591502' THEN '885520671' END)))OR((0Xfffffffff4acd25f IN ()))))OR((NULL IN ()))))AND('-1+Z^nowNꨶ1'));
INSERT OR IGNORE INTO sqlite_stat1 VALUES('vt0', 'rt1', '885520671 unordered');
INSERT OR IGNORE INTO sqlite_stat1 VALUES('vt0', 'vt0', '893423102 sz=1265516049 noskipscan');
INSERT OR IGNORE INTO sqlite_stat1 VALUES('rt1', 'vt0', ' sz=389174213 unordered');
INSERT OR IGNORE INTO sqlite_stat1 VALUES('vt0', 'sqlite_autoindex_vt0_segdir_1', ' unordered noskipscan');
DELETE FROM sqlite_stat1;
INSERT OR IGNORE INTO sqlite_stat1 VALUES('rt1', 'sqlite_autoindex_vt0_segdir_1', ' sz=1179830228 unordered');
INSERT OR IGNORE INTO sqlite_stat1 VALUES('vt0', 'rt1', '1255757626 4 -1022184532 noskipscan');
DELETE FROM sqlite_stat1;
DELETE FROM sqlite_stat1;
INSERT OR IGNORE INTO sqlite_stat1 VALUES('vt0', 'rt1', '0 -2056120952 3 sz=-651319728');
INSERT OR IGNORE INTO sqlite_stat1 VALUES('vt0', 'sqlite_autoindex_vt0_segdir_1', '1009044531 noskipscan');
INSERT OR IGNORE INTO sqlite_stat1 VALUES('vt0', 'rt1', '674312746 2 unordered');
DELETE FROM sqlite_stat1;
DELETE FROM sqlite_stat1 WHERE NULL;
INSERT OR IGNORE INTO sqlite_stat1 VALUES('rt1', 'rt1', '1 sz=-870058035 noskipscan');
INSERT OR IGNORE INTO sqlite_stat1 VALUES('rt1', 'sqlite_autoindex_vt0_segdir_1', ' sz=-1757453177 unordered noskipscan');
DELETE FROM sqlite_stat1;
INSERT OR IGNORE INTO sqlite_stat1 VALUES('rt1', 'sqlite_autoindex_vt0_segdir_1', '-1278997409 sz=1103369888');
DELETE FROM sqlite_stat1;
DELETE FROM sqlite_stat1;
INSERT OR IGNORE INTO sqlite_stat1 VALUES('vt0', 'sqlite_autoindex_vt0_segdir_1', '1 -2140619');
INSERT OR IGNORE INTO sqlite_stat1 VALUES('vt0', 'rt1', ' unordered noskipscan');
DELETE FROM sqlite_stat1 WHERE ((('-2088311551')) BETWEEN ((x'79')) AND ((LTRIM('䊝', NULL))));
DELETE FROM sqlite_stat1;
DELETE FROM sqlite_stat1 WHERE UPPER(((', q') NOT BETWEEN (0.9676271799347255) AND ('-263389054')));
DELETE FROM sqlite_stat1 WHERE (('<')!=(((('1213217848'))>=((NULL)))));
INSERT OR IGNORE INTO sqlite_stat1 VALUES('rt1', 'vt0', '0 unordered');
DELETE FROM sqlite_stat1;
INSERT OR IGNORE INTO sqlite_stat1 VALUES('rt1', 'rt1', '1 noskipscan');
DELETE FROM sqlite_stat1 WHERE (('-1731411369') IS FALSE) COLLATE NOCASE;
INSERT OR IGNORE INTO sqlite_stat1 VALUES('rt1', 'rt1', '0 noskipscan');
INSERT OR IGNORE INTO sqlite_stat1 VALUES('rt1', 'sqlite_autoindex_vt0_segdir_1', '-2013799371 sz=-190000545 unordered');
INSERT OR IGNORE INTO sqlite_stat1 VALUES('rt1', 'vt0', ' sz=-538882008 noskipscan');
DELETE FROM sqlite_stat1 WHERE ((((((((((CAST('Y\WAn' AS INTEGER))AND(((0x692f238c)OR(x'24')))))AND(((0.5776599653027125) BETWEEN ('676064891') AND (NULL)))))OR(NULL COLLATE RTRIM)))OR(HEX(NULL))))AND(x'd5'));
DELETE FROM sqlite_stat1;
INSERT OR IGNORE INTO sqlite_stat1 VALUES('vt0', 'vt0', '1');
INSERT OR IGNORE INTO sqlite_stat1 VALUES('vt0', 'vt0', ' sz=-782075696 unordered');
INSERT OR IGNORE INTO sqlite_stat1 VALUES('rt1', 'sqlite_autoindex_vt0_segdir_1', ' unordered');
INSERT OR IGNORE INTO sqlite_stat1 VALUES('rt1', 'rt1', '3 -517266729 sz=905195919 unordered');
DELETE FROM sqlite_stat1;
INSERT OR IGNORE INTO sqlite_stat1 VALUES('vt0', 'sqlite_autoindex_vt0_segdir_1', '1 unordered noskipscan');
DELETE FROM sqlite_stat1 WHERE TRIM(DISTINCT 0X6b7c5e31, ']') COLLATE NOCASE;
INSERT OR IGNORE INTO sqlite_stat1 VALUES('rt1', 'rt1', '1 sz=-1090548382 noskipscan');
INSERT OR IGNORE INTO sqlite_stat1 VALUES('rt1', 'sqlite_autoindex_vt0_segdir_1', '651445158 sz=-49581643 unordered noskipscan');
INSERT OR IGNORE INTO sqlite_stat1 VALUES('rt1', 'vt0', ' unordered');
DELETE FROM sqlite_stat1 WHERE (0.2205483747306557 COLLATE NOCASE IN (((((((((x'9598')OR('972838677')))AND('-1476484167')))AND(0.6530120376601508)))OR(0.08487940736786337)), (- (x'')), (NOT (NULL))));
INSERT OR IGNORE INTO sqlite_stat1 VALUES('rt1', 'rt1', '-1114466319 sz=9818130 unordered');
INSERT OR IGNORE INTO sqlite_stat1 VALUES('vt0', 'sqlite_autoindex_vt0_segdir_1', '0 unordered noskipscan');
INSERT OR IGNORE INTO sqlite_stat1 VALUES('rt1', 'sqlite_autoindex_vt0_segdir_1', '2 sz=1886299941 noskipscan');
INSERT OR IGNORE INTO sqlite_stat1 VALUES('rt1', 'sqlite_autoindex_vt0_segdir_1', '1 unordered noskipscan');
DELETE FROM sqlite_stat1 WHERE ((((('') IS TRUE)))==((((x'')!=('-1363662169')))));
INSERT OR IGNORE INTO sqlite_stat1 VALUES('rt1', 'rt1', '');
DELETE FROM sqlite_stat1;
INSERT OR IGNORE INTO sqlite_stat1 VALUES('rt1', 'vt0', ' sz=-486710992 unordered');
INSERT OR IGNORE INTO sqlite_stat1 VALUES('vt0', 'rt1', '1 noskipscan');
INSERT OR IGNORE INTO sqlite_stat1 VALUES('rt1', 'sqlite_autoindex_vt0_segdir_1', ' unordered noskipscan');
DELETE FROM sqlite_stat1;
DELETE FROM sqlite_stat1;
DELETE FROM sqlite_stat1;
INSERT OR IGNORE INTO sqlite_stat1 VALUES('rt1', 'rt1', '');
INSERT OR IGNORE INTO sqlite_stat1 VALUES('rt1', 'rt1', '');
INSERT OR IGNORE INTO sqlite_stat1 VALUES('rt1', 'sqlite_autoindex_vt0_segdir_1', '3 sz=-418640464 unordered');
DELETE FROM sqlite_stat1;
INSERT OR IGNORE INTO sqlite_stat1 VALUES('rt1', 'sqlite_autoindex_vt0_segdir_1', '3 sz=-1995079551');
DELETE FROM sqlite_stat1 WHERE CASE WHEN (- (NULL)) THEN ((x'65c4') NOT BETWEEN (x'') AND ('389174213')) END;
INSERT OR IGNORE INTO sqlite_stat1 VALUES('rt1', 'sqlite_autoindex_vt0_segdir_1', '1');
INSERT OR IGNORE INTO sqlite_stat1 VALUES('vt0', 'rt1', ' sz=356719013');
INSERT OR IGNORE INTO sqlite_stat1 VALUES('vt0', 'vt0', ' sz=-1779634123 noskipscan');
DELETE FROM sqlite_stat1 WHERE CASE WHEN x'2f' THEN 0.8339487608237375 COLLATE BINARY WHEN ((x'') NOTNULL) THEN (('b6')<=(NULL)) WHEN 'Rp固>쪯Dh' COLLATE NOCASE THEN (('1211943627') BETWEEN (NULL) AND (x'e0')) WHEN NULL THEN 'V' ELSE (('qi') IS TRUE) END;
DELETE FROM sqlite_stat1;
INSERT OR IGNORE INTO sqlite_stat1 VALUES('vt0', 'vt0', '0 unordered noskipscan');
INSERT OR IGNORE INTO sqlite_stat1 VALUES('vt0', 'sqlite_autoindex_vt0_segdir_1', '2 sz=-1601939548 unordered');
INSERT OR IGNORE INTO sqlite_stat1 VALUES('rt1', 'vt0', '-232535573 unordered noskipscan');
DELETE FROM sqlite_stat1 WHERE ((((('k⍝', 0.021112520327475903))<=((0.33863746625639446, NULL)))) IS TRUE);
INSERT OR IGNORE INTO sqlite_stat1 VALUES('vt0', 'sqlite_autoindex_vt0_segdir_1', ' unordered noskipscan');
INSERT OR IGNORE INTO sqlite_stat1 VALUES('rt1', 'rt1', ' sz=625592674 unordered');
DELETE FROM sqlite_stat1 WHERE CASE ('' IN (NULL, '-263389054'))  WHEN ((('', '-257643978'))=(('1720839958', 's72'))) THEN ((NULL)IS(x'')) WHEN (('盚e') IS FALSE) THEN (('0.2088313304054067')>(392022686)) ELSE CAST('' AS BLOB) END;
INSERT OR IGNORE INTO sqlite_stat1 VALUES('rt1', 'rt1', '155655586 sz=879208016');
INSERT OR IGNORE INTO sqlite_stat1 VALUES('vt0', 'sqlite_autoindex_vt0_segdir_1', '0 unordered noskipscan');
INSERT OR IGNORE INTO sqlite_stat1 VALUES('vt0', 'vt0', ' sz=-1822858995');
DELETE FROM sqlite_stat1;
INSERT OR IGNORE INTO sqlite_stat1 VALUES('vt0', 'vt0', '-1571482313 0 972838677 unordered noskipscan');
INSERT OR IGNORE INTO sqlite_stat1 VALUES('vt0', 'rt1', '3 -1481935594 1 unordered');
DELETE FROM sqlite_stat1 WHERE CASE (((-593183787, '97326065', x'86', NULL)) BETWEEN ((NULL, 0xfffffffffbb9708a, x'', x'')) AND ((0.506447052584334, 0.7881008146765032, 0X40f18b87, NULL)))  WHEN NULL COLLATE BINARY THEN (('-1731411369') NOT NULL) WHEN 0.3425865881791502 COLLATE NOCASE THEN (- (NULL)) END;
INSERT OR IGNORE INTO sqlite_stat1 VALUES('vt0', 'sqlite_autoindex_vt0_segdir_1', ' sz=776643800 noskipscan');
INSERT OR IGNORE INTO sqlite_stat1 VALUES('rt1', 'sqlite_autoindex_vt0_segdir_1', '1 1900108298 unordered');
INSERT OR IGNORE INTO sqlite_stat1 VALUES('vt0', 'sqlite_autoindex_vt0_segdir_1', ' unordered');
INSERT OR IGNORE INTO sqlite_stat1 VALUES('vt0', 'sqlite_autoindex_vt0_segdir_1', ' sz=1803312689 unordered noskipscan');
INSERT OR IGNORE INTO sqlite_stat1 VALUES('rt1', 'sqlite_autoindex_vt0_segdir_1', ' sz=-2020702050 unordered');
INSERT OR IGNORE INTO sqlite_stat1 VALUES('vt0', 'vt0', '1062245692 0 1615604235 noskipscan');
DELETE FROM sqlite_stat1;
DELETE FROM sqlite_stat1;
DELETE FROM sqlite_stat1;
INSERT OR IGNORE INTO sqlite_stat1 VALUES('rt1', 'sqlite_autoindex_vt0_segdir_1', ' noskipscan');
DELETE FROM sqlite_stat1;
INSERT OR IGNORE INTO sqlite_stat1 VALUES('vt0', 'vt0', '1981267014 sz=1830002446 unordered noskipscan');
DELETE FROM sqlite_stat1;
DELETE FROM sqlite_stat1 WHERE ((CAST(NULL AS INTEGER))/((- (0.9828262394301333))));
DELETE FROM sqlite_stat1;
DELETE FROM sqlite_stat1;
INSERT OR IGNORE INTO sqlite_stat1 VALUES('vt0', 'rt1', ' unordered');
DELETE FROM sqlite_stat1;
INSERT OR IGNORE INTO sqlite_stat1 VALUES('vt0', 'sqlite_autoindex_vt0_segdir_1', ' noskipscan');
INSERT OR IGNORE INTO sqlite_stat1 VALUES('vt0', 'sqlite_autoindex_vt0_segdir_1', '1094148351 noskipscan');
DELETE FROM sqlite_stat1 WHERE (((1062245692 IN (NULL))) BETWEEN ((((x'44c5', NULL, 0.1806245416673271, NULL, 0X7e6dd888))<(('d', NULL, 6.74312746E8, x'4a21f0f2', NULL)))) AND (('1564770694' IN (x'bb29'))));
INSERT OR IGNORE INTO sqlite_stat1 VALUES('rt1', 'rt1', ' sz=-129905617 noskipscan');
DELETE FROM sqlite_stat1;
DELETE FROM sqlite_stat1 WHERE ((-4.03416896E8 COLLATE RTRIM) IS TRUE);
DELETE FROM sqlite_stat1 WHERE (NOT (0.6375845637867058));
DELETE FROM sqlite_stat1 WHERE ((('' IN (NULL))) BETWEEN (((NULL) NOT NULL)) AND ((('kp(') NOT BETWEEN (1870783606) AND (''))));
DELETE FROM sqlite_stat1;
INSERT OR IGNORE INTO sqlite_stat1 VALUES('rt1', 'rt1', '1765548144 222770117 unordered noskipscan');
INSERT OR IGNORE INTO sqlite_stat1 VALUES('rt1', 'sqlite_autoindex_vt0_segdir_1', '3 sz=-651319728 noskipscan');
DELETE FROM sqlite_stat1;
DELETE FROM sqlite_stat1 WHERE ((CAST(0.5776599653027125 AS REAL))+((- (1.119753623E9))));
INSERT OR IGNORE INTO sqlite_stat1 VALUES('rt1', 'vt0', '1 sz=402188528 unordered noskipscan');
DELETE FROM sqlite_stat1;
DELETE FROM sqlite_stat1 WHERE ((CASE ',Ht5K'  WHEN '[2S' THEN ' ' WHEN 333736284 THEN NULL WHEN NULL THEN 'Z' WHEN '0.15423244634865552' THEN NULL ELSE '0.41880304622753695' END)>(((('y\wan', x'9436'))>=(('-123304349', x'869fbe')))));
DELETE FROM sqlite_stat1 WHERE HEX(NULL) COLLATE BINARY;
DELETE FROM sqlite_stat1;
DELETE FROM sqlite_stat1;
DELETE FROM sqlite_stat1;
DELETE FROM sqlite_stat1;
INSERT OR IGNORE INTO sqlite_stat1 VALUES('rt1', 'rt1', ' sz=-434353314');
DELETE FROM sqlite_stat1 WHERE (- (((0.8182047674536909) NOT BETWEEN (x'4a3125') AND (-7.11332086E8))));
DELETE FROM sqlite_stat1 WHERE (((((((((((x'', NULL, '	iLGf', x'2d')) BETWEEN ((0.9545300997347508, x'', 870038826, 0X35408dfe)) AND ((x'', '盚e', '-192050953', NULL))))AND(((x'0e')||('FALSE')))))OR((((((('0l')OR('!䇚	')))OR(0.6503743539909821)))OR('929026350')))))OR(SQLITE_SOURCE_ID())))OR(((0.6156183973522369)OR('-9223372036854775808'))));
DELETE FROM sqlite_stat1 WHERE (((-8.86971556E8, x'bd', NULL)) NOT BETWEEN (('-2011967077' COLLATE NOCASE, ABS(NULL), (((0.78466839606402, 0Xffffffff8bcc54b7)) BETWEEN ((NULL, NULL)) AND ((NULL, '1303425221'))))) AND ((CAST('h<Q2zP**' AS INTEGER), ((-1.731411369E9)=(x'7a85d8')), CASE 0Xffffffffe61c4b5e  WHEN x'' THEN 0.9545300997347508 ELSE NULL END)));
DELETE FROM sqlite_stat1;
INSERT OR IGNORE INTO sqlite_stat1 VALUES('rt1', 'rt1', ' sz=414980245 unordered noskipscan');
INSERT OR IGNORE INTO sqlite_stat1 VALUES('vt0', 'vt0', '1197631907 noskipscan');
INSERT OR IGNORE INTO sqlite_stat1 VALUES('vt0', 'rt1', ' noskipscan');
DELETE FROM sqlite_stat1;
INSERT OR IGNORE INTO sqlite_stat1 VALUES('rt1', 'vt0', ' noskipscan');
DELETE FROM sqlite_stat1 WHERE ((LIKELY(DISTINCT NULL))<=((('z') IS FALSE)));
INSERT OR IGNORE INTO sqlite_stat1 VALUES('vt0', 'rt1', '1 1914513053 sz=1611830407 unordered noskipscan');
DELETE FROM sqlite_stat1;
INSERT OR IGNORE INTO sqlite_stat1 VALUES('vt0', 'sqlite_autoindex_vt0_segdir_1', '2 noskipscan');
DELETE FROM sqlite_stat1;
DELETE FROM sqlite_stat1 WHERE (((x'edd68a') NOT BETWEEN (x'bb7b22') AND (x'74')) IN (-1731411369 COLLATE RTRIM));
DELETE FROM sqlite_stat1 WHERE 0X4eb3e3d3;
DELETE FROM sqlite_stat1;
DELETE FROM sqlite_stat1;
DELETE FROM sqlite_stat1 WHERE (CASE 'ꨶJig9'  WHEN '-695842461' THEN 0.5954453398793167 ELSE 1884692742 END IN (CAST(0Xffffffff9a265144 AS NUMERIC)));
DELETE FROM sqlite_stat1;
INSERT OR IGNORE INTO sqlite_stat1 VALUES('rt1', 'vt0', '1071689746 unordered noskipscan');
DELETE FROM sqlite_stat1;
DELETE FROM sqlite_stat1;
INSERT OR IGNORE INTO sqlite_stat1 VALUES('rt1', 'rt1', '1740112908 sz=-1377730842 unordered');
DELETE FROM sqlite_stat1;
DELETE FROM sqlite_stat1 WHERE ((((0.4345246850737352)>=(0.00786425660992307)))>>(UNLIKELY(DISTINCT NULL)));
INSERT OR IGNORE INTO sqlite_stat1 VALUES('rt1', 'sqlite_autoindex_vt0_segdir_1', ' sz=-753353875 unordered');
INSERT OR IGNORE INTO sqlite_stat1 VALUES('rt1', 'vt0', ' sz=2085308396 unordered');
DELETE FROM sqlite_stat1;
INSERT OR IGNORE INTO sqlite_stat1 VALUES('rt1', 'sqlite_autoindex_vt0_segdir_1', '0 0 sz=-1346410204 unordered');
DELETE FROM sqlite_stat1;
INSERT OR IGNORE INTO sqlite_stat1 VALUES('vt0', 'sqlite_autoindex_vt0_segdir_1', ' sz=-941344865');
INSERT OR IGNORE INTO sqlite_stat1 VALUES('rt1', 'sqlite_autoindex_vt0_segdir_1', ' unordered');
INSERT OR IGNORE INTO sqlite_stat1 VALUES('rt1', 'sqlite_autoindex_vt0_segdir_1', '0 unordered');
INSERT OR IGNORE INTO sqlite_stat1 VALUES('rt1', 'rt1', ' unordered');
INSERT OR IGNORE INTO sqlite_stat1 VALUES('vt0', 'sqlite_autoindex_vt0_segdir_1', ' unordered');
INSERT OR IGNORE INTO sqlite_stat1 VALUES('rt1', 'sqlite_autoindex_vt0_segdir_1', '-729767035 noskipscan');
DELETE FROM sqlite_stat1 WHERE ((((((((((0.6161261832494146)AND(NULL)))OR(NULL)))AND(0.34010004561509277)))OR('''/VKN
b'))) IS TRUE);
INSERT OR IGNORE INTO sqlite_stat1 VALUES('rt1', 'sqlite_autoindex_vt0_segdir_1', '905195919 unordered noskipscan');
DELETE FROM sqlite_stat1;
DELETE FROM sqlite_stat1;
INSERT OR IGNORE INTO sqlite_stat1 VALUES('rt1', 'rt1', '0 unordered noskipscan');
DELETE FROM sqlite_stat1;
DELETE FROM sqlite_stat1;
INSERT OR IGNORE INTO sqlite_stat1 VALUES('vt0', 'sqlite_autoindex_vt0_segdir_1', '-1779634123 356719013 sz=1385218525 unordered');
DELETE FROM sqlite_stat1 WHERE (((-2.013799371E9, 0.1832179411266509)) BETWEEN ((((((((0.2848681387387112)AND(0.8339487608237375)))OR(x'8a')))AND(NULL)), ((((((x'e0')OR('-1757453177')))OR(0.6999191778423518)))AND(-1.13264658E8)))) AND ((((((((0.21064471249314431)OR(0.9959564947022893)))OR('1255757626')))AND('384933667')), CAST('144101466' AS BLOB))));
DELETE FROM sqlite_stat1;
DELETE FROM sqlite_stat1;
DELETE FROM sqlite_stat1 WHERE ((((0x173253c5)<<(x'd7d7')))+(NULLIF(NULL, NULL)));
DELETE FROM sqlite_stat1 WHERE ((((((('147364462', NULL, x'93', NULL)) NOT BETWEEN (('245179366', '626605166', '0.33863746625639446', NULL)) AND (('	i&f', '0.78466839606402', '^', x''))))AND((((('-344241978')AND(x'44')))AND(NULL)))))OR((((NULL, x'')) BETWEEN ((0Xfffffffff100424c, '-711332086')) AND ((x'654e', NULL)))));
DELETE FROM sqlite_stat1;
DELETE FROM sqlite_stat1 WHERE ((CASE '0.21064471249314431'  WHEN 0.18760207807263463 THEN 0.9402362355612828 WHEN x'6f' THEN -2062176970 WHEN NULL THEN '?W' ELSE '392022686' END)LIKE(CASE WHEN 0.47379228769047843 THEN '' ELSE 0.9387372253651185 END));
INSERT OR IGNORE INTO sqlite_stat1 VALUES('rt1', 'rt1', '1158777605 sz=1222374140 unordered noskipscan');
INSERT OR IGNORE INTO sqlite_stat1 VALUES('rt1', 'sqlite_autoindex_vt0_segdir_1', '0 noskipscan');
DELETE FROM sqlite_stat1 WHERE ((0.00884383833302338) NOT NULL) COLLATE BINARY;
INSERT OR IGNORE INTO sqlite_stat1 VALUES('rt1', 'vt0', '-705301947');
DELETE FROM sqlite_stat1;
INSERT OR IGNORE INTO sqlite_stat1 VALUES('vt0', 'sqlite_autoindex_vt0_segdir_1', ' sz=1527979816 noskipscan');
INSERT OR IGNORE INTO sqlite_stat1 VALUES('vt0', 'sqlite_autoindex_vt0_segdir_1', '476096687 unordered noskipscan');
DELETE FROM sqlite_stat1 WHERE ((x'')||(x'')) COLLATE BINARY;
INSERT OR IGNORE INTO sqlite_stat1 VALUES('vt0', 'sqlite_autoindex_vt0_segdir_1', '2 sz=1695596427 unordered noskipscan');
DELETE FROM sqlite_stat1;
DELETE FROM sqlite_stat1;
DELETE FROM sqlite_stat1;
INSERT OR IGNORE INTO sqlite_stat1 VALUES('rt1', 'rt1', '0 0 sz=1752562685 unordered');
INSERT OR IGNORE INTO sqlite_stat1 VALUES('vt0', 'vt0', ' unordered noskipscan');
DELETE FROM sqlite_stat1 WHERE (((((((0X325ec405 IN (0xffffffffa618f407)))OR((((('1083759109')OR('y筓I-')))AND(x'f116')))))OR(((x'') NOT NULL))))OR(((-904341723) BETWEEN ('-1873022073') AND (''))));
INSERT OR IGNORE INTO sqlite_stat1 VALUES('vt0', 'sqlite_autoindex_vt0_segdir_1', ' noskipscan');
INSERT OR IGNORE INTO sqlite_stat1 VALUES('rt1', 'sqlite_autoindex_vt0_segdir_1', ' noskipscan');
DELETE FROM sqlite_stat1;
INSERT OR IGNORE INTO sqlite_stat1 VALUES('rt1', 'rt1', '-486710992 unordered');
DELETE FROM sqlite_stat1 WHERE NULL;
DELETE FROM sqlite_stat1 WHERE 1254865729;
DELETE FROM sqlite_stat1;
DELETE FROM sqlite_stat1 WHERE (((((0.23359106235947824, x'')) NOT BETWEEN ((0.6730816164830496, 1.255757626E9)) AND ((NULL, '972838677'))))LIKE(((0.8796245406161678)GLOB(x'b209'))));
DELETE FROM sqlite_stat1 WHERE ((CAST('ly愨#<x3' AS TEXT))GLOB(IFNULL(DISTINCT '', '#&')));
INSERT OR IGNORE INTO sqlite_stat1 VALUES('vt0', 'sqlite_autoindex_vt0_segdir_1', '1283563688 unordered');
DELETE FROM sqlite_stat1;
DELETE FROM sqlite_stat1;
INSERT OR IGNORE INTO sqlite_stat1 VALUES('rt1', 'sqlite_autoindex_vt0_segdir_1', '0 1768773061 noskipscan');
INSERT OR IGNORE INTO sqlite_stat1 VALUES('rt1', 'rt1', '-1790672066 unordered');
INSERT OR IGNORE INTO sqlite_stat1 VALUES('vt0', 'rt1', '1 noskipscan');
DELETE FROM sqlite_stat1;
DELETE FROM sqlite_stat1;
INSERT OR IGNORE INTO sqlite_stat1 VALUES('rt1', 'sqlite_autoindex_vt0_segdir_1', '1 -483416049 2 unordered');
INSERT OR IGNORE INTO sqlite_stat1 VALUES('vt0', 'sqlite_autoindex_vt0_segdir_1', '2 2 sz=-885479781 unordered');
DELETE FROM sqlite_stat1;
INSERT OR IGNORE INTO sqlite_stat1 VALUES('rt1', 'sqlite_autoindex_vt0_segdir_1', '-892943554 sz=412314142 noskipscan');
INSERT OR IGNORE INTO sqlite_stat1 VALUES('vt0', 'vt0', '149906866 noskipscan');
INSERT OR IGNORE INTO sqlite_stat1 VALUES('rt1', 'sqlite_autoindex_vt0_segdir_1', ' unordered noskipscan');
INSERT OR IGNORE INTO sqlite_stat1 VALUES('rt1', 'rt1', '0 unordered');
INSERT OR IGNORE INTO sqlite_stat1 VALUES('rt1', 'vt0', '0 sz=845071365 unordered');
DELETE FROM sqlite_stat1 WHERE ((((((((((((x'')OR(NULL)))OR('r
N[熻1f>')))AND(NULL)))AND(0.20246805581393246)))OR(NULL)))&(((x'59') IS FALSE)));
INSERT OR IGNORE INTO sqlite_stat1 VALUES('vt0', 'vt0', '-1676358729 noskipscan');
DELETE FROM sqlite_stat1 WHERE 0xffffffffbdacce7e;
INSERT OR IGNORE INTO sqlite_stat1 VALUES('rt1', 'vt0', '657132080 sz=196723163 noskipscan');
DELETE FROM sqlite_stat1 WHERE ((CASE '1840422574'  WHEN NULL THEN x'' ELSE '-2038087267' END) NOT NULL);
INSERT OR IGNORE INTO sqlite_stat1 VALUES('rt1', 'sqlite_autoindex_vt0_segdir_1', ' sz=-1662029184');
DELETE FROM sqlite_stat1 WHERE x'0d0e';
INSERT OR IGNORE INTO sqlite_stat1 VALUES('rt1', 'vt0', '');
INSERT OR IGNORE INTO sqlite_stat1 VALUES('rt1', 'sqlite_autoindex_vt0_segdir_1', '3 noskipscan');
INSERT OR IGNORE INTO sqlite_stat1 VALUES('vt0', 'sqlite_autoindex_vt0_segdir_1', '-1603896564 sz=-2105353353 unordered noskipscan');
DELETE FROM sqlite_stat1;
DELETE FROM sqlite_stat1 WHERE ((UNLIKELY(NULL))-(((NULL)/(NULL))));
INSERT OR IGNORE INTO sqlite_stat1 VALUES('vt0', 'sqlite_autoindex_vt0_segdir_1', '1');
DELETE FROM sqlite_stat1;
INSERT OR IGNORE INTO sqlite_stat1 VALUES('vt0', 'vt0', '3 unordered noskipscan');
DELETE FROM sqlite_stat1;
DELETE FROM sqlite_stat1;
DELETE FROM sqlite_stat1;
DELETE FROM sqlite_stat1;
INSERT OR IGNORE INTO sqlite_stat1 VALUES('vt0', 'sqlite_autoindex_vt0_segdir_1', '3 unordered noskipscan');
DELETE FROM sqlite_stat1 WHERE (((((((((((x'51314598c1')AND('h㱻')))AND(0.33863746625639446)))OR(-2.57643978E8)))OR('1020947850')), ((1297086275) BETWEEN (-1.90000545E8) AND (0x2d4b91c2)), (0.3109406401901762 IN ('m0?)'))))=(((NULL IN ('1265516049', -4.34353314E8)), (0xffffffffcd1b4e8e IN (0.21064471249314431)), ((((((NULL)AND('1268313448')))OR(x'6c8019')))OR(x'5b064c636924')))));
INSERT OR IGNORE INTO sqlite_stat1 VALUES('rt1', 'vt0', ' unordered noskipscan');
DELETE FROM sqlite_stat1 WHERE '0.8796245406161678';
DELETE FROM sqlite_stat1 WHERE CASE WHEN ((0.8324267988133074)<(-1608194679)) THEN (((NULL)) NOT BETWEEN ((0.9900797192450363)) AND (('0R'))) ELSE (('-540776871')<>(0Xffffffffa5fb6276)) END;
DELETE FROM sqlite_stat1 WHERE (0.36957266146293277 IN ((+ (0.09198647489557088))));
DELETE FROM sqlite_stat1 WHERE x'a64a61';
INSERT OR IGNORE INTO sqlite_stat1 VALUES('rt1', 'sqlite_autoindex_vt0_segdir_1', '3');
INSERT OR IGNORE INTO sqlite_stat1 VALUES('rt1', 'rt1', '1 0 sz=1524313642');
DELETE FROM sqlite_stat1 WHERE ((((((CASE WHEN 0Xffffffff950ad8f3 THEN NULL WHEN '-1101526403' THEN '-405689367' END)OR((((x''))>((0.6942441048181899))))))AND(((NULL)LIKE(NULL)))))AND((((0.5377072091363501, 657132080)) NOT BETWEEN ((0.06604186426306946, NULL)) AND ((0.14249683027571447, NULL)))));
DELETE FROM sqlite_stat1 WHERE (~ (0x3f50953c)) COLLATE BINARY;
INSERT OR IGNORE INTO sqlite_stat1 VALUES('rt1', 'vt0', '251156867 sz=272223160 noskipscan');
DELETE FROM sqlite_stat1 WHERE (NOT (((NULL) IS FALSE)));
DELETE FROM sqlite_stat1;
DELETE FROM sqlite_stat1;
DELETE FROM sqlite_stat1;
DELETE FROM sqlite_stat1 WHERE (- ((+ (0.638967565968553))));
INSERT OR IGNORE INTO sqlite_stat1 VALUES('vt0', 'vt0', '-1683590195');
DELETE FROM sqlite_stat1;
DELETE FROM sqlite_stat1;
DELETE FROM sqlite_stat1 WHERE ((((((((((0.48622100931761536 COLLATE BINARY)AND((((NULL, 'p帱%d	0l', 0.9166399832595047)) BETWEEN ((0.596501258294963, '', 0.9348930201035243)) AND ((0.5847430624461988, 0.6709011602999433, 0.953305833510872))))))OR(0.23891912124807835 COLLATE BINARY)))AND((('-1361921854') NOT NULL))))OR(CAST(NULL AS NUMERIC))))AND(((((((((NULL)AND(736853215)))OR(x'e388d5')))AND(NULL)))OR(0.5776599653027125))));
INSERT OR IGNORE INTO sqlite_stat1 VALUES('vt0', 'sqlite_autoindex_vt0_segdir_1', '1 sz=426651880 noskipscan');
DELETE FROM sqlite_stat1 WHERE (- ((((NULL, '356719013')) BETWEEN (('-651319728', 0.548645651880003)) AND (('A', x'c1ab')))));
DELETE FROM sqlite_stat1;
DELETE FROM sqlite_stat1;
DELETE FROM sqlite_stat1;
INSERT OR IGNORE INTO sqlite_stat1 VALUES('rt1', 'rt1', '0 sz=1994215073');
DELETE FROM sqlite_stat1 WHERE TYPEOF(DISTINCT NULL) COLLATE RTRIM;
INSERT OR IGNORE INTO sqlite_stat1 VALUES('rt1', 'sqlite_autoindex_vt0_segdir_1', '2 unordered');
INSERT OR IGNORE INTO sqlite_stat1 VALUES('vt0', 'sqlite_autoindex_vt0_segdir_1', '0 unordered');
DELETE FROM sqlite_stat1 WHERE ((('')<>('')) IN ());
INSERT OR IGNORE INTO sqlite_stat1 VALUES('rt1', 'vt0', ' sz=893423102 unordered');
INSERT OR IGNORE INTO sqlite_stat1 VALUES('vt0', 'sqlite_autoindex_vt0_segdir_1', ' unordered');
DELETE FROM sqlite_stat1 WHERE CASE WHEN ((x'37e1')%(0X61b25d8d)) THEN ((-460259858)IS NOT('0l')) ELSE LIKELIHOOD(DISTINCT x'', '.]''/') END;
INSERT OR IGNORE INTO sqlite_stat1 VALUES('rt1', 'vt0', '416816257');
INSERT OR IGNORE INTO sqlite_stat1 VALUES('rt1', 'vt0', ' sz=1002154359 unordered noskipscan');
INSERT OR IGNORE INTO sqlite_stat1 VALUES('vt0', 'sqlite_autoindex_vt0_segdir_1', '204056185 sz=1207705479 noskipscan');
DELETE FROM sqlite_stat1 WHERE ((('힙' IN ())) ISNULL);
INSERT OR IGNORE INTO sqlite_stat1 VALUES('rt1', 'sqlite_autoindex_vt0_segdir_1', '-49581643');
INSERT OR IGNORE INTO sqlite_stat1 VALUES('vt0', 'rt1', ' unordered noskipscan');
INSERT OR IGNORE INTO sqlite_stat1 VALUES('rt1', 'sqlite_autoindex_vt0_segdir_1', '0 sz=-2124103796');
DELETE FROM sqlite_stat1;
DELETE FROM sqlite_stat1 WHERE (((0.34041848189040946) BETWEEN ('780940371') AND (NULL)) IN (((NULL)<(NULL))));
DELETE FROM sqlite_stat1;
INSERT OR IGNORE INTO sqlite_stat1 VALUES('vt0', 'sqlite_autoindex_vt0_segdir_1', ' sz=-1278997409 unordered');
DELETE FROM sqlite_stat1 WHERE CAST(PRINTF(0x26d443a6) AS TEXT);
INSERT OR IGNORE INTO sqlite_stat1 VALUES('rt1', 'sqlite_autoindex_vt0_segdir_1', ' unordered noskipscan');
INSERT OR IGNORE INTO sqlite_stat1 VALUES('vt0', 'vt0', ' noskipscan');
DELETE FROM sqlite_stat1 WHERE (((+ ('1839144011')))/(x'68'));
DELETE FROM sqlite_stat1 WHERE (((x'b1dc', x'b394')) NOT BETWEEN ((((x'7aaa') NOT BETWEEN (x'8578') AND (0.2466896629844949)), (('651445158')|(x'c65c9f6785')))) AND ((((-1.90000545E8) NOTNULL), (((-1087214713))<>(('R
ot5qT'))))));
INSERT OR IGNORE INTO sqlite_stat1 VALUES('rt1', 'sqlite_autoindex_vt0_segdir_1', '-1186488586 0 0 unordered');
INSERT OR IGNORE INTO sqlite_stat1 VALUES('vt0', 'sqlite_autoindex_vt0_segdir_1', '1');
INSERT OR IGNORE INTO sqlite_stat1 VALUES('rt1', 'sqlite_autoindex_vt0_segdir_1', '-685109270 975155386 sz=-1824959185 unordered noskipscan');
DELETE FROM sqlite_stat1 WHERE 222811745;
DELETE FROM sqlite_stat1 WHERE (((x''))==((0.45305581583986887))) COLLATE NOCASE;
DELETE FROM sqlite_stat1;
DELETE FROM sqlite_stat1;
DELETE FROM sqlite_stat1 WHERE (((('-711332086') BETWEEN (0.18162501999412128) AND (0Xbcf2165)))GLOB((('-820698275') BETWEEN (x'e641') AND (NULL))));
DELETE FROM sqlite_stat1;
INSERT OR IGNORE INTO sqlite_stat1 VALUES('vt0', 'rt1', '2081254821 845071365 -187919360 sz=-2144507597');
DELETE FROM sqlite_stat1 WHERE (~ (HEX(DISTINCT NULL)));
INSERT OR IGNORE INTO sqlite_stat1 VALUES('vt0', 'sqlite_autoindex_vt0_segdir_1', '3 sz=-124198175 unordered');
INSERT OR IGNORE INTO sqlite_stat1 VALUES('rt1', 'rt1', ' sz=1401792270 noskipscan');
DELETE FROM sqlite_stat1 WHERE json_valid(-5.17266729E8 COLLATE RTRIM);
INSERT OR IGNORE INTO sqlite_stat1 VALUES('rt1', 'sqlite_autoindex_vt0_segdir_1', '-716571871 0');
INSERT OR IGNORE INTO sqlite_stat1 VALUES('vt0', 'sqlite_autoindex_vt0_segdir_1', '-2140619 0 unordered');
DELETE FROM sqlite_stat1 WHERE CASE 0.6642048494155607  WHEN 0.12468830417916521 THEN TYPEOF(0.11275534559958622) WHEN ((0.9651673125152977)AND(NULL)) THEN ((x'3ac03f5a')>(-1.363662169E9)) WHEN ((('-1335494080', '0.3087561654608524', '1510378805', 'u.EbfEz')) NOT BETWEEN ((0.7422180980975323, '1865133164', '-831438179', x'')) AND ((x'3a', x'32', x'', 'sꁘ'))) THEN (('Y禄4') NOT NULL) WHEN (((('{s*嵙n0z')OR('j')))AND(0.9402362355612828)) THEN (('929543749') IS TRUE) WHEN CAST('1000344205' AS INTEGER) THEN ((x'9beb') NOT NULL) END;
INSERT OR IGNORE INTO sqlite_stat1 VALUES('vt0', 'vt0', ' sz=220520673 noskipscan');
DELETE FROM sqlite_stat1;
DELETE FROM sqlite_stat1;
INSERT OR IGNORE INTO sqlite_stat1 VALUES('vt0', 'sqlite_autoindex_vt0_segdir_1', ' sz=2106824973 noskipscan');
DELETE FROM sqlite_stat1 WHERE CAST(((NULL) NOT BETWEEN (0.20178096850868277) AND ('0.5377072091363501')) AS BLOB);
INSERT OR IGNORE INTO sqlite_stat1 VALUES('vt0', 'sqlite_autoindex_vt0_segdir_1', '-1087339215');
INSERT OR IGNORE INTO sqlite_stat1 VALUES('vt0', 'vt0', '');
INSERT OR IGNORE INTO sqlite_stat1 VALUES('rt1', 'rt1', ' unordered');
DELETE FROM sqlite_stat1 WHERE ((((0x280dadfb) IS TRUE))||(CAST(0.3892257387624042 AS BLOB)));
DELETE FROM sqlite_stat1;
DELETE FROM sqlite_stat1;
DELETE FROM sqlite_stat1 WHERE CAST((('-1996059909') IS FALSE) AS TEXT);
DELETE FROM sqlite_stat1;
INSERT OR IGNORE INTO sqlite_stat1 VALUES('rt1', 'sqlite_autoindex_vt0_segdir_1', ' unordered noskipscan');
INSERT OR IGNORE INTO sqlite_stat1 VALUES('vt0', 'vt0', '1671102063 unordered');
DELETE FROM sqlite_stat1 WHERE (('') NOTNULL);
DELETE FROM sqlite_stat1 WHERE ((NULL) NOT BETWEEN (x'') AND (CAST('￿' AS REAL)));
INSERT OR IGNORE INTO sqlite_stat1 VALUES('rt1', 'sqlite_autoindex_vt0_segdir_1', ' sz=-423084507 unordered noskipscan');
INSERT OR IGNORE INTO sqlite_stat1 VALUES('rt1', 'sqlite_autoindex_vt0_segdir_1', '');
INSERT OR IGNORE INTO sqlite_stat1 VALUES('rt1', 'vt0', '-260594062 unordered');
DELETE FROM sqlite_stat1;
DELETE FROM sqlite_stat1;
INSERT OR IGNORE INTO sqlite_stat1 VALUES('vt0', 'sqlite_autoindex_vt0_segdir_1', ' unordered');
DELETE FROM sqlite_stat1;
INSERT OR IGNORE INTO sqlite_stat1 VALUES('rt1', 'vt0', '1600868812 1 sz=-1278997409 unordered noskipscan');
INSERT OR IGNORE INTO sqlite_stat1 VALUES('rt1', 'rt1', ' noskipscan');
INSERT OR IGNORE INTO sqlite_stat1 VALUES('rt1', 'sqlite_autoindex_vt0_segdir_1', ' sz=-539477971 unordered');
DELETE FROM sqlite_stat1 WHERE (+ (0.9117404096226798 COLLATE RTRIM));
INSERT OR IGNORE INTO sqlite_stat1 VALUES('vt0', 'vt0', ' sz=-543573200 unordered');
INSERT OR IGNORE INTO sqlite_stat1 VALUES('vt0', 'rt1', '-81439335 noskipscan');
DELETE FROM sqlite_stat1;
INSERT OR IGNORE INTO sqlite_stat1 VALUES('rt1', 'sqlite_autoindex_vt0_segdir_1', ' noskipscan');
DELETE FROM sqlite_stat1;
DELETE FROM sqlite_stat1;
INSERT OR IGNORE INTO sqlite_stat1 VALUES('vt0', 'sqlite_autoindex_vt0_segdir_1', '0 sz=-1756162048');
DELETE FROM sqlite_stat1 WHERE (((NULL, 0.4030958967886389, x'')) NOT BETWEEN (((x'0c' IN ()), ((0.4058845267423571)/(NULL)), ((0.6228021352747535) IS FALSE))) AND ((CAST('䘗蘭' AS INTEGER), ((((((((x'cf')OR(NULL)))OR(x'e2')))AND(0.58172057537058)))OR(x'1dc5')), '870038826')));
INSERT OR IGNORE INTO sqlite_stat1 VALUES('rt1', 'vt0', '0 unordered noskipscan');
INSERT OR IGNORE INTO sqlite_stat1 VALUES('vt0', 'vt0', ' sz=1826254594 unordered noskipscan');
DELETE FROM sqlite_stat1;
INSERT OR IGNORE INTO sqlite_stat1 VALUES('rt1', 'sqlite_autoindex_vt0_segdir_1', ' unordered noskipscan');
INSERT OR IGNORE INTO sqlite_stat1 VALUES('vt0', 'sqlite_autoindex_vt0_segdir_1', '');
DELETE FROM sqlite_stat1;
INSERT OR IGNORE INTO sqlite_stat1 VALUES('rt1', 'sqlite_autoindex_vt0_segdir_1', '-72910520 unordered noskipscan');
DELETE FROM sqlite_stat1;
INSERT OR IGNORE INTO sqlite_stat1 VALUES('vt0', 'sqlite_autoindex_vt0_segdir_1', ' unordered');
INSERT OR IGNORE INTO sqlite_stat1 VALUES('vt0', 'sqlite_autoindex_vt0_segdir_1', ' sz=-1654649310 noskipscan');
DELETE FROM sqlite_stat1;
INSERT OR IGNORE INTO sqlite_stat1 VALUES('vt0', 'vt0', '');
INSERT OR IGNORE INTO sqlite_stat1 VALUES('rt1', 'rt1', ' unordered noskipscan');
DELETE FROM sqlite_stat1 WHERE ((CASE WHEN 'i	5' THEN '' WHEN 0.06142649137868972 THEN 0x4a32ed8e WHEN '-2049737059' THEN x'' END)AND((('p项')*('uwဢ'))));
DELETE FROM sqlite_stat1 WHERE CAST(CAST(NULL AS NUMERIC) AS NUMERIC);
DELETE FROM sqlite_stat1;
DELETE FROM sqlite_stat1;
DELETE FROM sqlite_stat1;
INSERT OR IGNORE INTO sqlite_stat1 VALUES('rt1', 'rt1', '0 1');
INSERT OR IGNORE INTO sqlite_stat1 VALUES('vt0', 'rt1', '5 noskipscan');
INSERT OR IGNORE INTO sqlite_stat1 VALUES('vt0', 'rt1', ' unordered');
INSERT OR IGNORE INTO sqlite_stat1 VALUES('rt1', 'sqlite_autoindex_vt0_segdir_1', ' sz=1234129705 unordered noskipscan');
INSERT OR IGNORE INTO sqlite_stat1 VALUES('vt0', 'sqlite_autoindex_vt0_segdir_1', '4 -240471541 sz=1475882445 noskipscan');
INSERT OR IGNORE INTO sqlite_stat1 VALUES('vt0', 'rt1', ' unordered noskipscan');
INSERT OR IGNORE INTO sqlite_stat1 VALUES('rt1', 'rt1', ' noskipscan');
INSERT OR IGNORE INTO sqlite_stat1 VALUES('vt0', 'sqlite_autoindex_vt0_segdir_1', '0 sz=883932559');
DELETE FROM sqlite_stat1;
DELETE FROM sqlite_stat1;
DELETE FROM sqlite_stat1 WHERE ((LIKELIHOOD(0xffffffffa973f5c4, NULL))OR((((0x7899f551)) NOT BETWEEN ((0.11052717297258607)) AND ((NULL)))));
DELETE FROM sqlite_stat1;
INSERT OR IGNORE INTO sqlite_stat1 VALUES('vt0', 'rt1', '381236501 unordered');
INSERT OR IGNORE INTO sqlite_stat1 VALUES('vt0', 'sqlite_autoindex_vt0_segdir_1', '4 sz=-24270606');
DELETE FROM sqlite_stat1;
INSERT OR IGNORE INTO sqlite_stat1 VALUES('rt1', 'vt0', '0 sz=1119753623 unordered');
DELETE FROM sqlite_stat1 WHERE ((((((CASE x'804e07e7'  WHEN 0Xffffffff9cb9f884 THEN x'37' WHEN x'f7ca' THEN NULL WHEN NULL THEN 0.5389526163499755 ELSE -1.58250933E8 END)OR((('-1090548382')-(NULL)))))AND((('-1781770164')>=('')))))OR(CASE WHEN 983187495 THEN x'' WHEN 'EO_!Z&2K' THEN x'' WHEN x'' THEN '-610254734' WHEN NULL THEN NULL END));
INSERT OR IGNORE INTO sqlite_stat1 VALUES('rt1', 'sqlite_autoindex_vt0_segdir_1', ' noskipscan');
DELETE FROM sqlite_stat1;
INSERT OR IGNORE INTO sqlite_stat1 VALUES('rt1', 'sqlite_autoindex_vt0_segdir_1', '');
INSERT OR IGNORE INTO sqlite_stat1 VALUES('rt1', 'sqlite_autoindex_vt0_segdir_1', ' sz=2093630870 noskipscan');
INSERT OR IGNORE INTO sqlite_stat1 VALUES('rt1', 'vt0', '2 sz=-1091929055 noskipscan');
INSERT OR IGNORE INTO sqlite_stat1 VALUES('vt0', 'rt1', '-2013799371 sz=-1114466319 unordered');
DELETE FROM sqlite_stat1 WHERE json_type(((0.8534405121391434) NOT NULL));
INSERT OR IGNORE INTO sqlite_stat1 VALUES('rt1', 'vt0', '3 sz=1900108298 unordered noskipscan');
DELETE FROM sqlite_stat1;
DELETE FROM sqlite_stat1 WHERE NULL;
DELETE FROM sqlite_stat1;
DELETE FROM sqlite_stat1;
DELETE FROM sqlite_stat1 WHERE ((x'8b21') NOT BETWEEN ((NULL IN ())) AND ((((((((('-1689316674')OR('1612774156')))OR(-1.699459304E9)))OR(0xffffffffdfc2cc54)))AND('0.2800771816682238'))));
DELETE FROM sqlite_stat1;
INSERT OR IGNORE INTO sqlite_stat1 VALUES('vt0', 'vt0', ' unordered noskipscan');
INSERT OR IGNORE INTO sqlite_stat1 VALUES('vt0', 'rt1', ' unordered');
INSERT OR IGNORE INTO sqlite_stat1 VALUES('vt0', 'vt0', '-209460394 -385059178 384933667 sz=1587776936 noskipscan');
INSERT OR IGNORE INTO sqlite_stat1 VALUES('rt1', 'vt0', '1 unordered');
DELETE FROM sqlite_stat1 WHERE (((x'e6' IN ()))%((('0.548645651880003')|(0.404848450749168))));
DELETE FROM sqlite_stat1;
DELETE FROM sqlite_stat1 WHERE (NOT ((((((('T')OR('')))OR(x'')))AND(0.8262179988428497))));
DELETE FROM sqlite_stat1;
INSERT OR IGNORE INTO sqlite_stat1 VALUES('vt0', 'sqlite_autoindex_vt0_segdir_1', ' sz=-2035445343 unordered');
INSERT OR IGNORE INTO sqlite_stat1 VALUES('vt0', 'sqlite_autoindex_vt0_segdir_1', '2 unordered noskipscan');
INSERT OR IGNORE INTO sqlite_stat1 VALUES('rt1', 'rt1', ' sz=821888494');
INSERT OR IGNORE INTO sqlite_stat1 VALUES('rt1', 'rt1', ' sz=1510378805');
INSERT OR IGNORE INTO sqlite_stat1 VALUES('vt0', 'sqlite_autoindex_vt0_segdir_1', ' unordered');
DELETE FROM sqlite_stat1;
DELETE FROM sqlite_stat1 WHERE ('c\︩n缬
O%' COLLATE RTRIM IN (0.2934203754666176 COLLATE RTRIM));
DELETE FROM sqlite_stat1 WHERE x'' COLLATE RTRIM;
INSERT OR IGNORE INTO sqlite_stat1 VALUES('vt0', 'rt1', '');
INSERT OR IGNORE INTO sqlite_stat1 VALUES('vt0', 'vt0', '-257643978 unordered noskipscan');
INSERT OR IGNORE INTO sqlite_stat1 VALUES('vt0', 'sqlite_autoindex_vt0_segdir_1', '468956813 sz=-3743665 unordered');
INSERT OR IGNORE INTO sqlite_stat1 VALUES('rt1', 'sqlite_autoindex_vt0_segdir_1', '1006021562 unordered');
INSERT OR IGNORE INTO sqlite_stat1 VALUES('rt1', 'sqlite_autoindex_vt0_segdir_1', ' sz=-486710992 noskipscan');
INSERT OR IGNORE INTO sqlite_stat1 VALUES('rt1', 'sqlite_autoindex_vt0_segdir_1', '0 0');
DELETE FROM sqlite_stat1 WHERE CAST(CASE NULL  WHEN x'4da3ab' THEN '' WHEN x'' THEN NULL WHEN NULL THEN '-2013799371' ELSE '1' END AS NUMERIC);
DELETE FROM sqlite_stat1 WHERE (+ (-1.114466319E9));
INSERT OR IGNORE INTO sqlite_stat1 VALUES('vt0', 'sqlite_autoindex_vt0_segdir_1', '0 sz=-1995079551 unordered noskipscan');
INSERT OR IGNORE INTO sqlite_stat1 VALUES('rt1', 'vt0', '-1363662169 -609703833 unordered noskipscan');
DELETE FROM sqlite_stat1;
DELETE FROM sqlite_stat1 WHERE CASE ((('-1570875877'))==((0.548645651880003)))  WHEN ((0.23480502681603954)&(-1.756162048E9)) THEN (('PlzVn!w') BETWEEN ('-1756162048') AND (x'2f')) WHEN '' THEN x'b8' COLLATE BINARY WHEN (('t') IS TRUE) THEN ((-1.757453177E9)LIKE(x'')) WHEN ((1.385269923E9)+(NULL)) THEN CAST(NULL AS REAL) WHEN 0Xffffffffb696d167 COLLATE BINARY THEN NULL WHEN CAST(NULL AS TEXT) THEN CAST('' AS REAL) ELSE ((NULL) BETWEEN (0X73391650) AND ('-1995079551')) END;
DELETE FROM sqlite_stat1;
INSERT OR IGNORE INTO sqlite_stat1 VALUES('vt0', 'rt1', '-403416896');
INSERT OR IGNORE INTO sqlite_stat1 VALUES('vt0', 'sqlite_autoindex_vt0_segdir_1', '1886299941 unordered noskipscan');
INSERT OR IGNORE INTO sqlite_stat1 VALUES('vt0', 'rt1', '1 sz=-1019173490');
INSERT OR IGNORE INTO sqlite_stat1 VALUES('rt1', 'vt0', ' sz=-84493145 unordered noskipscan');
DELETE FROM sqlite_stat1;
INSERT OR IGNORE INTO sqlite_stat1 VALUES('vt0', 'vt0', '-369586503 sz=1211113768 unordered');
INSERT OR IGNORE INTO sqlite_stat1 VALUES('vt0', 'vt0', ' unordered noskipscan');
DELETE FROM sqlite_stat1;
DELETE FROM sqlite_stat1;
INSERT OR IGNORE INTO sqlite_stat1 VALUES('vt0', 'sqlite_autoindex_vt0_segdir_1', ' sz=-115904469 unordered noskipscan');
INSERT OR IGNORE INTO sqlite_stat1 VALUES('rt1', 'sqlite_autoindex_vt0_segdir_1', '-449032197 0 sz=1179830228 unordered noskipscan');
INSERT OR IGNORE INTO sqlite_stat1 VALUES('vt0', 'sqlite_autoindex_vt0_segdir_1', '0 sz=-610254734 unordered noskipscan');
DELETE FROM sqlite_stat1 WHERE ((((CAST(0.3087561654608524 AS INTEGER))AND(CAST(NULL AS NUMERIC))))OR(CAST('468956813' AS INTEGER)));
DELETE FROM sqlite_stat1 WHERE (+ (((1.02094785E9) BETWEEN (x'') AND (0.5700589816862963))));
DELETE FROM sqlite_stat1 WHERE CAST(CAST(1566634731 AS TEXT) AS TEXT);
DELETE FROM sqlite_stat1 WHERE ((((('970992030')*('9818130')), CASE NULL  WHEN 0.0597041498487072 THEN x'' WHEN '쐅' THEN '2011548759' WHEN x'f6' THEN NULL WHEN '-' THEN -2.63389054E8 WHEN '' THEN 'e,' WHEN '}({' THEN -7.173311E7 END, ((('쐅'))<>((0.24353119531289658))), ((((((0.5172532336425449)AND(NULL)))AND(NULL)))AND(x''))))>=((CAST(NULL AS NUMERIC), (((NULL, 1.213217848E9, NULL))==(('-1820381368', 0.6921570219843907, 0xffffffff931cb1cf))), ((((NULL)AND('1874794155')))OR('袡X\%ZY%*.')), (('')+(x'')))));
INSERT OR IGNORE INTO sqlite_stat1 VALUES('rt1', 'sqlite_autoindex_vt0_segdir_1', ' sz=-738908420 noskipscan');
INSERT OR IGNORE INTO sqlite_stat1 VALUES('vt0', 'sqlite_autoindex_vt0_segdir_1', '1213217848 sz=-1308716019 unordered noskipscan');
INSERT OR IGNORE INTO sqlite_stat1 VALUES('rt1', 'sqlite_autoindex_vt0_segdir_1', ' sz=1119753623 noskipscan');
INSERT OR IGNORE INTO sqlite_stat1 VALUES('rt1', 'vt0', ' sz=-306168952 noskipscan');
DELETE FROM sqlite_stat1;
INSERT OR IGNORE INTO sqlite_stat1 VALUES('rt1', 'rt1', ' unordered');
INSERT OR IGNORE INTO sqlite_stat1 VALUES('rt1', 'sqlite_autoindex_vt0_segdir_1', ' sz=1103369888 unordered noskipscan');
DELETE FROM sqlite_stat1;
DELETE FROM sqlite_stat1 WHERE ((NOT (x'5c')) IN ());
INSERT OR IGNORE INTO sqlite_stat1 VALUES('vt0', 'sqlite_autoindex_vt0_segdir_1', '0 noskipscan');
DELETE FROM sqlite_stat1 WHERE CAST(((NULL) ISNULL) AS INTEGER);
DELETE FROM sqlite_stat1;
INSERT OR IGNORE INTO sqlite_stat1 VALUES('vt0', 'sqlite_autoindex_vt0_segdir_1', '116240497 sz=676064891 unordered');
INSERT OR IGNORE INTO sqlite_stat1 VALUES('rt1', 'rt1', '0 sz=-946993573 noskipscan');
DELETE FROM sqlite_stat1 WHERE (((('1254865729')<>('''鐋'))) NOTNULL);
INSERT OR IGNORE INTO sqlite_stat1 VALUES('vt0', 'vt0', '');
DELETE FROM sqlite_stat1;
DELETE FROM sqlite_stat1;
DELETE FROM sqlite_stat1;
DELETE FROM sqlite_stat1 WHERE ((LOWER(DISTINCT '(BlF)')) IS FALSE);
DELETE FROM sqlite_stat1;
DELETE FROM sqlite_stat1;
DELETE FROM sqlite_stat1 WHERE (('0.1806245416673271' COLLATE NOCASE) ISNULL);
DELETE FROM sqlite_stat1 WHERE json_insert((x'cc5f' IN ('''h&r8+')), (NOT (x'46a4')), (~ (NULL)));
DELETE FROM sqlite_stat1 WHERE ((((NULL, '959709275'))<=((NULL, '*'))) IN (((NULL) BETWEEN (0.6160641455750617) AND (0xbbd56fa))));
DELETE FROM sqlite_stat1;
DELETE FROM sqlite_stat1;
DELETE FROM sqlite_stat1;
DELETE FROM sqlite_stat1;
DELETE FROM sqlite_stat1;
INSERT OR IGNORE INTO sqlite_stat1 VALUES('rt1', 'sqlite_autoindex_vt0_segdir_1', ' unordered');
INSERT OR IGNORE INTO sqlite_stat1 VALUES('rt1', 'sqlite_autoindex_vt0_segdir_1', '-2035445343 -688535529 sz=-536528072');
DELETE FROM sqlite_stat1 WHERE json_array(((((((((((((x'7280ca')OR(x'90')))AND(0.9612598008544472)))OR(NULL)))AND(x'08')))OR('-2140619')))AND(0x21d2af58)), CAST(0.4418273598487261 AS REAL), CAST(NULL AS NUMERIC));
DELETE FROM sqlite_stat1 WHERE ((0.09173337400457027)>(x'')) COLLATE BINARY;
DELETE FROM sqlite_stat1 WHERE ((((1571808859) BETWEEN ('') AND (x'')))>=((((NULL))<((x'4f37')))));
INSERT OR IGNORE INTO sqlite_stat1 VALUES('rt1', 'vt0', ' sz=-263389054 unordered noskipscan');
INSERT OR IGNORE INTO sqlite_stat1 VALUES('vt0', 'sqlite_autoindex_vt0_segdir_1', '0 sz=37355279 unordered');
DELETE FROM sqlite_stat1 WHERE (((NULL)GLOB(0.719200772643894)) IN ());
DELETE FROM sqlite_stat1 WHERE CASE ((('-1757453177'))<((NULL)))  WHEN ((0.26713641762113516)IS NOT('-1935919402')) THEN ((x'21')*(x'')) WHEN json_type(x'') THEN 'z5' COLLATE BINARY WHEN ((((((((((-1.58250933E8)AND(0x284bee7b)))AND('446.Fꄂ73,')))OR('83009329')))AND('ꩩ')))OR(NULL)) THEN (((('hr菅s?ﲙ跾g3')AND('588143961')))AND(NULL)) END;
INSERT OR IGNORE INTO sqlite_stat1 VALUES('vt0', 'sqlite_autoindex_vt0_segdir_1', ' unordered noskipscan');
DELETE FROM sqlite_stat1;
INSERT OR IGNORE INTO sqlite_stat1 VALUES('vt0', 'rt1', ' sz=744029136 unordered');
DELETE FROM sqlite_stat1 WHERE (((NULL)) BETWEEN (((0X46f794e1 IN (NULL, 0.7627874048696921)))) AND ((((x'')==('NspL\*汇')))));
DELETE FROM sqlite_stat1;
INSERT OR IGNORE INTO sqlite_stat1 VALUES('rt1', 'sqlite_autoindex_vt0_segdir_1', ' sz=-53559332 unordered');
DELETE FROM sqlite_stat1;
DELETE FROM sqlite_stat1;
DELETE FROM sqlite_stat1;
INSERT OR IGNORE INTO sqlite_stat1 VALUES('vt0', 'sqlite_autoindex_vt0_segdir_1', ' sz=-929000153 unordered');
DELETE FROM sqlite_stat1 WHERE (((('') NOT BETWEEN (-1.90000545E8) AND (0.01909787393133311))) NOT BETWEEN (-418640464 COLLATE NOCASE) AND (CASE NULL  WHEN 0.28071734120296754 THEN x'9ea1' WHEN 0x34c7f91f THEN NULL END));
DELETE FROM sqlite_stat1 WHERE ((json_insert('t(繻h', '|8뱴q[LU', 0x4ad9573a)) BETWEEN ((('') ISNULL)) AND ((((((('-1476484167')OR(0.9780661177628718)))AND(0xffffffff87f7dc35)))AND(NULL))));
INSERT OR IGNORE INTO sqlite_stat1 VALUES('rt1', 'rt1', '1862758206 noskipscan');
INSERT OR IGNORE INTO sqlite_stat1 VALUES('rt1', 'vt0', '0 928809563 noskipscan');
DELETE FROM sqlite_stat1;
DELETE FROM sqlite_stat1 WHERE ((JULIANDAY('-1061692742', 'G0f', 0.6503743539909821, NULL))=(((x'')LIKE(NULL))));
INSERT OR IGNORE INTO sqlite_stat1 VALUES('vt0', 'sqlite_autoindex_vt0_segdir_1', '');
DELETE FROM sqlite_stat1 WHERE ((((((x'7f706056')OR(x'a4')))AND(NULL)))OR(x'')) COLLATE BINARY;
INSERT OR IGNORE INTO sqlite_stat1 VALUES('vt0', 'rt1', ' sz=-1122430163 unordered noskipscan');
INSERT OR IGNORE INTO sqlite_stat1 VALUES('vt0', 'sqlite_autoindex_vt0_segdir_1', '-1219461983 196957946 noskipscan');
INSERT OR IGNORE INTO sqlite_stat1 VALUES('vt0', 'rt1', ' unordered noskipscan');
INSERT OR IGNORE INTO sqlite_stat1 VALUES('rt1', 'sqlite_autoindex_vt0_segdir_1', '234189627 0 sz=-263389054');
INSERT OR IGNORE INTO sqlite_stat1 VALUES('rt1', 'sqlite_autoindex_vt0_segdir_1', '4 3 sz=-1460141129 noskipscan');
INSERT OR IGNORE INTO sqlite_stat1 VALUES('rt1', 'rt1', '1740559837 sz=497957051 unordered');
DELETE FROM sqlite_stat1 WHERE (((('-1731411369')OR('\'))) IS TRUE);
INSERT OR IGNORE INTO sqlite_stat1 VALUES('rt1', 'rt1', '2 sz=-963570222');
INSERT OR IGNORE INTO sqlite_stat1 VALUES('rt1', 'sqlite_autoindex_vt0_segdir_1', '651445158 2 sz=-279294892 unordered noskipscan');
DELETE FROM sqlite_stat1 WHERE CAST(('A赢r3' IN ()) AS BLOB);
DELETE FROM sqlite_stat1;
INSERT OR IGNORE INTO sqlite_stat1 VALUES('vt0', 'sqlite_autoindex_vt0_segdir_1', ' sz=1229740185 unordered noskipscan');
INSERT OR IGNORE INTO sqlite_stat1 VALUES('vt0', 'vt0', '0 -1073230004 sz=590640846');
DELETE FROM sqlite_stat1;
DELETE FROM sqlite_stat1;
DELETE FROM sqlite_stat1 WHERE ((', q') NOT NULL) COLLATE NOCASE;
DELETE FROM sqlite_stat1 WHERE ((((0.21064471249314431) ISNULL))LIKE((('845071365')IS(NULL))));
INSERT OR IGNORE INTO sqlite_stat1 VALUES('vt0', 'sqlite_autoindex_vt0_segdir_1', '2 2 sz=428241185 unordered noskipscan');
DELETE FROM sqlite_stat1;
DELETE FROM sqlite_stat1;
DELETE FROM sqlite_stat1 WHERE (((NULL)) BETWEEN ((CAST(NULL AS NUMERIC))) AND (((+ (0xffffffff85721588)))));
DELETE FROM sqlite_stat1;
DELETE FROM sqlite_stat1 WHERE CASE ((0.6176879996658997)==(NULL))  WHEN (((('|B')OR(0.4831760680313435)))AND(0xffffffffa057fd65)) THEN ((0.7686846609781687)<<('972838677')) END;
INSERT OR IGNORE INTO sqlite_stat1 VALUES('rt1', 'sqlite_autoindex_vt0_segdir_1', '1 sz=196957946');
DELETE FROM sqlite_stat1;
INSERT OR IGNORE INTO sqlite_stat1 VALUES('rt1', 'vt0', '-803224640 0');
INSERT OR IGNORE INTO sqlite_stat1 VALUES('rt1', 'rt1', '0 2 unordered noskipscan');
INSERT OR IGNORE INTO sqlite_stat1 VALUES('vt0', 'sqlite_autoindex_vt0_segdir_1', '-517266729 sz=954368599 unordered');
INSERT OR IGNORE INTO sqlite_stat1 VALUES('vt0', 'rt1', '1 0 sz=1137383767 unordered');
DELETE FROM sqlite_stat1 WHERE (((- (NULL)))AND(((NULL) BETWEEN (0.5954453398793167) AND (NULL))));
INSERT OR IGNORE INTO sqlite_stat1 VALUES('vt0', 'vt0', '');
DELETE FROM sqlite_stat1 WHERE ((((((((((x'')OR('1009044531')))AND('2053379432')))OR('0')))OR(x''))) NOT BETWEEN (((x'') NOT BETWEEN (x'a4') AND ('-1680608654'))) AND ('1089970302'));
DELETE FROM sqlite_stat1;
INSERT OR IGNORE INTO sqlite_stat1 VALUES('rt1', 'sqlite_autoindex_vt0_segdir_1', '3 sz=112306425 noskipscan');
DELETE FROM sqlite_stat1 WHERE CAST(((0.9520954613335778)<(x'6c96')) AS NUMERIC);
INSERT OR IGNORE INTO sqlite_stat1 VALUES('vt0', 'rt1', '1 1125784270 1 2 sz=-651319728 unordered noskipscan');
INSERT OR IGNORE INTO sqlite_stat1 VALUES('rt1', 'vt0', ' sz=530676941');
INSERT OR IGNORE INTO sqlite_stat1 VALUES('vt0', 'rt1', '2 0 2 noskipscan');
DELETE FROM sqlite_stat1;
DELETE FROM sqlite_stat1;
INSERT OR IGNORE INTO sqlite_stat1 VALUES('rt1', 'rt1', ' unordered noskipscan');
DELETE FROM sqlite_stat1;
INSERT OR IGNORE INTO sqlite_stat1 VALUES('rt1', 'sqlite_autoindex_vt0_segdir_1', '4 unordered noskipscan');
DELETE FROM sqlite_stat1 WHERE CASE WHEN NULL COLLATE RTRIM THEN ((NULL)>>(0.03973962193379843)) WHEN QUOTE(0.2088313304054067) THEN (((x'3d'))==((0.31723186167117534))) END;
DELETE FROM sqlite_stat1;
INSERT OR IGNORE INTO sqlite_stat1 VALUES('rt1', 'vt0', ' sz=-1756162048');
DELETE FROM sqlite_stat1;
DELETE FROM sqlite_stat1;
DELETE FROM sqlite_stat1 WHERE ((ABS(DISTINCT '-9223372036854775808'))%(((NULL)<<(x'b18f'))));
INSERT OR IGNORE INTO sqlite_stat1 VALUES('rt1', 'sqlite_autoindex_vt0_segdir_1', '382335278');
INSERT OR IGNORE INTO sqlite_stat1 VALUES('rt1', 'vt0', '');
INSERT OR IGNORE INTO sqlite_stat1 VALUES('rt1', 'sqlite_autoindex_vt0_segdir_1', '1 sz=1717685318');
INSERT OR IGNORE INTO sqlite_stat1 VALUES('rt1', 'vt0', '0 unordered noskipscan');
INSERT OR IGNORE INTO sqlite_stat1 VALUES('rt1', 'sqlite_autoindex_vt0_segdir_1', '0 -856857396 3');
DELETE FROM sqlite_stat1;
INSERT OR IGNORE INTO sqlite_stat1 VALUES('rt1', 'sqlite_autoindex_vt0_segdir_1', '-1363662169 sz=-1905899254');
DELETE FROM sqlite_stat1;
INSERT OR IGNORE INTO sqlite_stat1 VALUES('vt0', 'vt0', '676064891 sz=1979501953');
INSERT OR IGNORE INTO sqlite_stat1 VALUES('rt1', 'vt0', '1921628349 -1194417152 456206812 sz=1237205940 noskipscan');
INSERT OR IGNORE INTO sqlite_stat1 VALUES('rt1', 'sqlite_autoindex_vt0_segdir_1', ' sz=1038315541');
DELETE FROM sqlite_stat1;
INSERT OR IGNORE INTO sqlite_stat1 VALUES('vt0', 'rt1', ' unordered');
INSERT OR IGNORE INTO sqlite_stat1 VALUES('vt0', 'sqlite_autoindex_vt0_segdir_1', ' sz=-662754134 unordered');
DELETE FROM sqlite_stat1;
DELETE FROM sqlite_stat1 WHERE ((((((((((((((x'')OR('1194005610')))AND(NULL)))OR('0.20178096850868277')))OR('#o')))AND('^')))AND((((-2.013799371E9)) BETWEEN ((0.3623652062202223)) AND (('of'))))))OR('441269867' COLLATE BINARY));
DELETE FROM sqlite_stat1 WHERE (((((((NULL IN ('392022686', -1363662169)))AND(((((((((0.7934061528518208)AND(0.04673026865058694)))AND(0.2226042370140996)))OR(0Xffffffffcb99dc3a)))OR('')))))AND(CASE WHEN 0.5776599653027125 THEN '-920330456' WHEN NULL THEN '295728136' END)))AND(JULIANDAY('-385059178', x'2e', '588143961', '', '-1702711792')));
DELETE FROM sqlite_stat1 WHERE ((load_extension('-1980953439', NULL))>=(CASE '1573760431'  WHEN '-426731698' THEN x'6ee5' WHEN '(r)' THEN x'' WHEN 'O' THEN '콤' WHEN NULL THEN 'O_嘵_㇈㳥' ELSE x'' END));
INSERT OR IGNORE INTO sqlite_stat1 VALUES('vt0', 'sqlite_autoindex_vt0_segdir_1', ' noskipscan');
INSERT OR IGNORE INTO sqlite_stat1 VALUES('rt1', 'rt1', '-1278997409 unordered');
DELETE FROM sqlite_stat1;
DELETE FROM sqlite_stat1;
INSERT OR IGNORE INTO sqlite_stat1 VALUES('vt0', 'vt0', '2 sz=1379819068 unordered noskipscan');
INSERT OR IGNORE INTO sqlite_stat1 VALUES('vt0', 'sqlite_autoindex_vt0_segdir_1', ' noskipscan');
INSERT OR IGNORE INTO sqlite_stat1 VALUES('rt1', 'vt0', '-685623101 sz=-170677875 unordered noskipscan');
DELETE FROM sqlite_stat1 WHERE IFNULL(DISTINCT NULL, x'2d6e') COLLATE BINARY;
INSERT OR IGNORE INTO sqlite_stat1 VALUES('vt0', 'sqlite_autoindex_vt0_segdir_1', '1666609562 885520671 sz=67699098 unordered noskipscan');
INSERT OR IGNORE INTO sqlite_stat1 VALUES('vt0', 'vt0', ' sz=1017930024 unordered noskipscan');
INSERT OR IGNORE INTO sqlite_stat1 VALUES('vt0', 'vt0', '1 sz=-1148388855 noskipscan');
DELETE FROM sqlite_stat1 WHERE ((GLOB(1.119753623E9, NULL))==(((0.4868929879016467)OR(NULL))));
INSERT OR IGNORE INTO sqlite_stat1 VALUES('vt0', 'sqlite_autoindex_vt0_segdir_1', '1 sz=959709275');
INSERT OR IGNORE INTO sqlite_stat1 VALUES('vt0', 'sqlite_autoindex_vt0_segdir_1', '4 sz=-2042548711 noskipscan');
DELETE FROM sqlite_stat1 WHERE ((((x'ee50')>=(x'55aabe')))&((~ (NULL))));
DELETE FROM sqlite_stat1;
DELETE FROM sqlite_stat1;
DELETE FROM sqlite_stat1;
INSERT OR IGNORE INTO sqlite_stat1 VALUES('vt0', 'sqlite_autoindex_vt0_segdir_1', '-631050015 363842393 noskipscan');
DELETE FROM sqlite_stat1;
INSERT OR IGNORE INTO sqlite_stat1 VALUES('vt0', 'rt1', '-1291882954 sz=-67457231 unordered noskipscan');
DELETE FROM sqlite_stat1 WHERE (((NULL)) BETWEEN ((LIKELIHOOD(DISTINCT -1.699459304E9, 0.15830854920128834))) AND ((((NULL) IS TRUE))));
INSERT OR IGNORE INTO sqlite_stat1 VALUES('vt0', 'sqlite_autoindex_vt0_segdir_1', '539495513 noskipscan');
INSERT OR IGNORE INTO sqlite_stat1 VALUES('rt1', 'sqlite_autoindex_vt0_segdir_1', '0 unordered');
INSERT OR IGNORE INTO sqlite_stat1 VALUES('vt0', 'sqlite_autoindex_vt0_segdir_1', '');
INSERT OR IGNORE INTO sqlite_stat1 VALUES('rt1', 'vt0', '1629632459 unordered');
INSERT OR IGNORE INTO sqlite_stat1 VALUES('rt1', 'vt0', '1');
DELETE FROM sqlite_stat1;
DELETE FROM sqlite_stat1;
INSERT OR IGNORE INTO sqlite_stat1 VALUES('vt0', 'sqlite_autoindex_vt0_segdir_1', '1 3 noskipscan');
DELETE FROM sqlite_stat1;
INSERT OR IGNORE INTO sqlite_stat1 VALUES('vt0', 'sqlite_autoindex_vt0_segdir_1', '-2025063921 sz=762776218 unordered noskipscan');
DELETE FROM sqlite_stat1;
INSERT OR IGNORE INTO sqlite_stat1 VALUES('rt1', 'rt1', '2 sz=-568590375 unordered noskipscan');
INSERT OR IGNORE INTO sqlite_stat1 VALUES('vt0', 'sqlite_autoindex_vt0_segdir_1', '');
INSERT OR IGNORE INTO sqlite_stat1 VALUES('vt0', 'vt0', ' sz=-571322202 noskipscan');
INSERT OR IGNORE INTO sqlite_stat1 VALUES('vt0', 'rt1', ' unordered noskipscan');
INSERT OR IGNORE INTO sqlite_stat1 VALUES('rt1', 'sqlite_autoindex_vt0_segdir_1', '0 sz=870038826 noskipscan');
INSERT OR IGNORE INTO sqlite_stat1 VALUES('rt1', 'rt1', ' unordered');
INSERT OR IGNORE INTO sqlite_stat1 VALUES('vt0', 'sqlite_autoindex_vt0_segdir_1', '1255757626');
DELETE FROM sqlite_stat1 WHERE 0.23359106235947824;
DELETE FROM sqlite_stat1;
DELETE FROM sqlite_stat1;
INSERT OR IGNORE INTO sqlite_stat1 VALUES('vt0', 'sqlite_autoindex_vt0_segdir_1', '0 sz=179980791 noskipscan');
DELETE FROM sqlite_stat1;
INSERT OR IGNORE INTO sqlite_stat1 VALUES('rt1', 'vt0', '-995505608 sz=-158250933 unordered noskipscan');
INSERT OR IGNORE INTO sqlite_stat1 VALUES('vt0', 'vt0', '');
INSERT OR IGNORE INTO sqlite_stat1 VALUES('vt0', 'sqlite_autoindex_vt0_segdir_1', '-158250933 sz=-1731411369');
INSERT OR IGNORE INTO sqlite_stat1 VALUES('rt1', 'sqlite_autoindex_vt0_segdir_1', '0 sz=1304061304 unordered');
INSERT OR IGNORE INTO sqlite_stat1 VALUES('rt1', 'vt0', '0 sz=-150444995');
INSERT OR IGNORE INTO sqlite_stat1 VALUES('rt1', 'sqlite_autoindex_vt0_segdir_1', '-2013799371 sz=-2035445343');
DELETE FROM sqlite_stat1;
INSERT OR IGNORE INTO sqlite_stat1 VALUES('rt1', 'sqlite_autoindex_vt0_segdir_1', '-1839859464 sz=-251740367 noskipscan');
DELETE FROM sqlite_stat1;
DELETE FROM sqlite_stat1;
INSERT OR IGNORE INTO sqlite_stat1 VALUES('rt1', 'vt0', '1 1179830228 noskipscan');
DELETE FROM sqlite_stat1 WHERE (((((((- ('1785242067')))OR(((0x2b092a5c) NOT BETWEEN (0.6732990272770014) AND ('')))))AND((+ ('ha')))))AND(((((((NULL)OR('-403416896')))AND('1265516049')))OR(x''))));
DELETE FROM sqlite_stat1;
INSERT OR IGNORE INTO sqlite_stat1 VALUES('vt0', 'sqlite_autoindex_vt0_segdir_1', '0 sz=959709275 unordered');
INSERT OR IGNORE INTO sqlite_stat1 VALUES('rt1', 'sqlite_autoindex_vt0_segdir_1', ' unordered');
DELETE FROM sqlite_stat1;
INSERT OR IGNORE INTO sqlite_stat1 VALUES('rt1', 'rt1', '0 noskipscan');
DELETE FROM sqlite_stat1;
INSERT OR IGNORE INTO sqlite_stat1 VALUES('vt0', 'sqlite_autoindex_vt0_segdir_1', ' unordered noskipscan');
INSERT OR IGNORE INTO sqlite_stat1 VALUES('vt0', 'vt0', '');
DELETE FROM sqlite_stat1 WHERE (((0.9715557297356248))<=(('-870058035'))) COLLATE NOCASE;
DELETE FROM sqlite_stat1;
INSERT OR IGNORE INTO sqlite_stat1 VALUES('rt1', 'vt0', '1 1 -1148398340 sz=-1699459304 unordered noskipscan');
INSERT OR IGNORE INTO sqlite_stat1 VALUES('rt1', 'vt0', ' sz=-781791439');
DELETE FROM sqlite_stat1 WHERE CAST(((NULL) BETWEEN ('0.2205483747306557') AND (-1893615412)) AS TEXT);
DELETE FROM sqlite_stat1;
INSERT OR IGNORE INTO sqlite_stat1 VALUES('rt1', 'sqlite_autoindex_vt0_segdir_1', '1 -2044505586 sz=-434353314 noskipscan');
INSERT OR IGNORE INTO sqlite_stat1 VALUES('rt1', 'sqlite_autoindex_vt0_segdir_1', '2 -1290911180 sz=196957946');
DELETE FROM sqlite_stat1 WHERE ((CAST(NULL AS NUMERIC))<=(CASE WHEN '' THEN NULL WHEN 0X3d454e18 THEN 'z貍j{q89e' ELSE x'' END));
INSERT OR IGNORE INTO sqlite_stat1 VALUES('vt0', 'vt0', ' noskipscan');
INSERT OR IGNORE INTO sqlite_stat1 VALUES('rt1', 'sqlite_autoindex_vt0_segdir_1', '1213217848 2');
DELETE FROM sqlite_stat1;
INSERT OR IGNORE INTO sqlite_stat1 VALUES('vt0', 'sqlite_autoindex_vt0_segdir_1', '3 unordered');
DELETE FROM sqlite_stat1;
DELETE FROM sqlite_stat1;
DELETE FROM sqlite_stat1 WHERE (((0.17397819499511613 IN ())) NOT BETWEEN (((((((((0Xffffffffef69dc87)AND(x'd84a')))AND(NULL)))AND(x'7520')))OR('588143961'))) AND (((0.9913671292174263)IS NOT('1293795097'))));
DELETE FROM sqlite_stat1;
INSERT OR IGNORE INTO sqlite_stat1 VALUES('vt0', 'sqlite_autoindex_vt0_segdir_1', '1 sz=-1601939548 unordered noskipscan');
DELETE FROM sqlite_stat1 WHERE (((((NULL) BETWEEN ('-190000545') AND ('e,')), CAST(0.13187276406539095 AS BLOB), '429325257' COLLATE BINARY))<=(('k', CASE '0.11052717297258607'  WHEN 0.15151826857171813 THEN x'56' WHEN 'TRUE' THEN 94347710 END, LIKELY('-1059242779'))));
DELETE FROM sqlite_stat1;
DELETE FROM sqlite_stat1;
DELETE FROM sqlite_stat1 WHERE ((((CAST('#s7' AS TEXT))OR(((0.11920730255342882) ISNULL))))OR((((NULL)) NOT BETWEEN ((709455726)) AND ((NULL)))));
DELETE FROM sqlite_stat1;
DELETE FROM sqlite_stat1 WHERE CASE WHEN ('plzvn!w' IN ('0')) THEN CAST('<-' AS TEXT) ELSE (('n')>>(NULL)) END;
DELETE FROM sqlite_stat1;
INSERT OR IGNORE INTO sqlite_stat1 VALUES('vt0', 'sqlite_autoindex_vt0_segdir_1', '1830058158 noskipscan');
DELETE FROM sqlite_stat1 WHERE ((0.3087561654608524)%((NULL IN ())));
DELETE FROM sqlite_stat1 WHERE CAST((NOT ('-418640464')) AS TEXT);
INSERT OR IGNORE INTO sqlite_stat1 VALUES('vt0', 'rt1', '2 -517266729 sz=468956813 unordered');
INSERT OR IGNORE INTO sqlite_stat1 VALUES('rt1', 'rt1', ' sz=-1954789247 unordered noskipscan');
DELETE FROM sqlite_stat1 WHERE CASE WHEN ((x'')%(0.1387734257400841)) THEN (('D')<<(x'28')) WHEN (x'6679e3' IN ('640477227', 'd\4')) THEN (((('')AND('~U98Tr')))OR('1265516049')) ELSE (('઱') NOTNULL) END;
DELETE FROM sqlite_stat1 WHERE CASE WHEN -870058035 THEN x'8cd72c' WHEN NULL THEN NULL ELSE '' END COLLATE BINARY;
INSERT OR IGNORE INTO sqlite_stat1 VALUES('rt1', 'sqlite_autoindex_vt0_segdir_1', ' sz=905195919 noskipscan');
INSERT OR IGNORE INTO sqlite_stat1 VALUES('vt0', 'sqlite_autoindex_vt0_segdir_1', ' sz=-831438179 noskipscan');
DELETE FROM sqlite_stat1;
DELETE FROM sqlite_stat1;
DELETE FROM sqlite_stat1;
INSERT OR IGNORE INTO sqlite_stat1 VALUES('rt1', 'vt0', '1 unordered');
INSERT OR IGNORE INTO sqlite_stat1 VALUES('vt0', 'sqlite_autoindex_vt0_segdir_1', '2029351432 196957946 905195919 sz=-1969711997 noskipscan');
DELETE FROM sqlite_stat1 WHERE ((NULL COLLATE BINARY)IS NOT(((((((0.03960314838320633)OR(0.19684281508168222)))AND(-820698275)))OR(0.006191672545862392))));
DELETE FROM sqlite_stat1;
INSERT OR IGNORE INTO sqlite_stat1 VALUES('rt1', 'vt0', '');
DELETE FROM sqlite_stat1;
INSERT OR IGNORE INTO sqlite_stat1 VALUES('vt0', 'vt0', ' sz=-1995079551 unordered noskipscan');
INSERT OR IGNORE INTO sqlite_stat1 VALUES('vt0', 'sqlite_autoindex_vt0_segdir_1', ' sz=1803312689 unordered noskipscan');
DELETE FROM sqlite_stat1;
INSERT OR IGNORE INTO sqlite_stat1 VALUES('vt0', 'vt0', ' unordered');
DELETE FROM sqlite_stat1;
DELETE FROM sqlite_stat1;
INSERT OR IGNORE INTO sqlite_stat1 VALUES('rt1', 'vt0', '0 unordered');
DELETE FROM sqlite_stat1;
INSERT OR IGNORE INTO sqlite_stat1 VALUES('rt1', 'sqlite_autoindex_vt0_segdir_1', '0 -2016744857 sz=1989122717 noskipscan');
INSERT OR IGNORE INTO sqlite_stat1 VALUES('rt1', 'vt0', ' unordered');
INSERT OR IGNORE INTO sqlite_stat1 VALUES('rt1', 'rt1', '1863780645 1 sz=-2122863172 noskipscan');
DELETE FROM sqlite_stat1;
INSERT OR IGNORE INTO sqlite_stat1 VALUES('vt0', 'rt1', ' sz=1765548144 noskipscan');
INSERT OR IGNORE INTO sqlite_stat1 VALUES('vt0', 'sqlite_autoindex_vt0_segdir_1', '-1980953439 1900678505 unordered');
DELETE FROM sqlite_stat1 WHERE (('-434353314') NOTNULL);
DELETE FROM sqlite_stat1 WHERE CASE ((('垤'))<=(('-385059178')))  WHEN (0.17900538376446595 IN (x'08')) THEN (('1401792270')||(NULL)) WHEN QUOTE(0.78466839606402) THEN (((9.59709275E8, x'a8ff', '-924455657')) NOT BETWEEN ((NULL, 1322059846, 'b{7')) AND ((NULL, 0.9274278740200051, NULL))) ELSE CAST(x'f7566c6e7194' AS BLOB) END;
INSERT OR IGNORE INTO sqlite_stat1 VALUES('rt1', 'sqlite_autoindex_vt0_segdir_1', ' unordered');
INSERT OR IGNORE INTO sqlite_stat1 VALUES('vt0', 'sqlite_autoindex_vt0_segdir_1', '2 -782075696 unordered');
INSERT OR IGNORE INTO sqlite_stat1 VALUES('vt0', 'rt1', '1 unordered noskipscan');
INSERT OR IGNORE INTO sqlite_stat1 VALUES('vt0', 'rt1', '-403416896 1 noskipscan');
INSERT OR IGNORE INTO sqlite_stat1 VALUES('vt0', 'rt1', '2 sz=-434353314 noskipscan');
INSERT OR IGNORE INTO sqlite_stat1 VALUES('rt1', 'rt1', '0 unordered');
DELETE FROM sqlite_stat1 WHERE DATETIME(((-1601939548)IS(NULL)), TRIM(0.7401319002464433), ((((((0.9676271799347255)AND('1855331607')))AND(-1.756162048E9)))AND(x'')));
DELETE FROM sqlite_stat1 WHERE CAST(((-4.34353314E8)>>(x'6a')) AS INTEGER);
DELETE FROM sqlite_stat1;
DELETE FROM sqlite_stat1 WHERE ((((((((NULL)OR(x'67f3')))OR(0.29664997856848974)))AND(((('-1022184532')) BETWEEN ((x'b4')) AND ((0.5175975493262934))))))OR(json_array_length(x'')));
INSERT OR IGNORE INTO sqlite_stat1 VALUES('rt1', 'rt1', ' noskipscan');
DELETE FROM sqlite_stat1 WHERE ((514527872) IS FALSE);
DELETE FROM sqlite_stat1 WHERE (((NULL, '1265516049')) BETWEEN (('846472106', '1663478216')) AND ((x'fc78bc', NULL))) COLLATE RTRIM;
DELETE FROM sqlite_stat1;
DELETE FROM sqlite_stat1 WHERE (((((((((((('F愰+')AND(x'')))AND(NULL)))OR(0.565128798062591)))AND('8zb')))OR(NULL))) NOTNULL);
INSERT OR IGNORE INTO sqlite_stat1 VALUES('vt0', 'vt0', '-1731411369 sz=-143084344 unordered noskipscan');
DELETE FROM sqlite_stat1;
DELETE FROM sqlite_stat1;
INSERT OR IGNORE INTO sqlite_stat1 VALUES('rt1', 'sqlite_autoindex_vt0_segdir_1', ' sz=-1694298369 unordered noskipscan');
DELETE FROM sqlite_stat1 WHERE NULL;
INSERT OR IGNORE INTO sqlite_stat1 VALUES('rt1', 'sqlite_autoindex_vt0_segdir_1', '0 1480369213 sz=9818130');
DELETE FROM sqlite_stat1 WHERE ((((NULL COLLATE NOCASE)AND(0Xffffffffea94d1e2 COLLATE BINARY)))AND((~ ('jn/'))));
DELETE FROM sqlite_stat1;
DELETE FROM sqlite_stat1;
DELETE FROM sqlite_stat1;
DELETE FROM sqlite_stat1 WHERE CAST(CAST('U!R' AS REAL) AS REAL);
DELETE FROM sqlite_stat1 WHERE (((((((((NULL)AND(x'')))AND('^')))OR(NULL)))OR(0.021112520327475903)) IN ());
DELETE FROM sqlite_stat1;
INSERT OR IGNORE INTO sqlite_stat1 VALUES('vt0', 'vt0', ' sz=190497262 noskipscan');
DELETE FROM sqlite_stat1 WHERE UPPER(DISTINCT (0.78466839606402 IN (0.2101376430486389, '*CuH')));
INSERT OR IGNORE INTO sqlite_stat1 VALUES('vt0', 'vt0', '-369586503 -1383333494 1385269923 sz=-958312506 noskipscan');
DELETE FROM sqlite_stat1 WHERE (((NULL)) NOT BETWEEN (((NOT (x'')))) AND (((- (0xffffffff80a85673)))));
DELETE FROM sqlite_stat1 WHERE 'EHlb*|0&';
DELETE FROM sqlite_stat1 WHERE (((CAST(0.5512120466418827 AS REAL), LIKE('-263389054', '-774851161', '0'), ((0.9601329731586367) IS TRUE)))<((SUBSTR(x'abfc', ''), CAST(NULL AS NUMERIC), ((NULL) NOT BETWEEN (x'8d') AND (0xffffffffd861f659)))));
DELETE FROM sqlite_stat1;
INSERT OR IGNORE INTO sqlite_stat1 VALUES('rt1', 'sqlite_autoindex_vt0_segdir_1', ' unordered');
DELETE FROM sqlite_stat1 WHERE UNLIKELY(0.0962036640225633) COLLATE RTRIM;
DELETE FROM sqlite_stat1 WHERE CAST((((('1242816456')OR(NULL)))OR(NULL)) AS INTEGER);
DELETE FROM sqlite_stat1 WHERE CAST((('1020947850')GLOB(0.9974130504699176)) AS NUMERIC);
INSERT OR IGNORE INTO sqlite_stat1 VALUES('vt0', 'sqlite_autoindex_vt0_segdir_1', ' unordered');
INSERT OR IGNORE INTO sqlite_stat1 VALUES('rt1', 'vt0', ' sz=-1107555648');
INSERT OR IGNORE INTO sqlite_stat1 VALUES('vt0', 'sqlite_autoindex_vt0_segdir_1', '3 unordered');
INSERT OR IGNORE INTO sqlite_stat1 VALUES('rt1', 'rt1', '1 unordered');
INSERT OR IGNORE INTO sqlite_stat1 VALUES('rt1', 'sqlite_autoindex_vt0_segdir_1', '1');
DELETE FROM sqlite_stat1;
INSERT OR IGNORE INTO sqlite_stat1 VALUES('rt1', 'vt0', ' noskipscan');
INSERT OR IGNORE INTO sqlite_stat1 VALUES('rt1', 'rt1', '870038826 sz=613052354');
INSERT OR IGNORE INTO sqlite_stat1 VALUES('vt0', 'sqlite_autoindex_vt0_segdir_1', ' sz=1696737985 noskipscan');
INSERT OR IGNORE INTO sqlite_stat1 VALUES('vt0', 'sqlite_autoindex_vt0_segdir_1', '2 1');
INSERT OR IGNORE INTO sqlite_stat1 VALUES('rt1', 'vt0', '1 sz=1385269923 noskipscan');
INSERT OR IGNORE INTO sqlite_stat1 VALUES('rt1', 'sqlite_autoindex_vt0_segdir_1', '0 sz=-651319728');
DELETE FROM sqlite_stat1;
DELETE FROM sqlite_stat1;
DELETE FROM sqlite_stat1 WHERE ((((0.3216633789875796, 0.07522283217779413, 0.3697111397180399, 0.6703172703965337)) NOT BETWEEN ((0.9119887510356149, '!vB赢1*W(', NULL, 0Xfffffffff10ee69d)) AND ((-4.9581643E7, '-147513034', '[蕫]ⴆ/%', x'd288'))) IN ());
DELETE FROM sqlite_stat1 WHERE (+ (((x'2dd7ab7d')||(NULL))));
INSERT OR IGNORE INTO sqlite_stat1 VALUES('rt1', 'rt1', '2 unordered noskipscan');
INSERT OR IGNORE INTO sqlite_stat1 VALUES('vt0', 'sqlite_autoindex_vt0_segdir_1', '1964107461 unordered noskipscan');
DELETE FROM sqlite_stat1 WHERE (('-1276482528')<>((('0.23891912124807835') NOT NULL)));
INSERT OR IGNORE INTO sqlite_stat1 VALUES('vt0', 'sqlite_autoindex_vt0_segdir_1', '2 sz=353329983 unordered noskipscan');
DELETE FROM sqlite_stat1;
DELETE FROM sqlite_stat1 WHERE CAST(('6}' IN ()) AS REAL);
INSERT OR IGNORE INTO sqlite_stat1 VALUES('rt1', 'rt1', '2 -788650558');
INSERT OR IGNORE INTO sqlite_stat1 VALUES('vt0', 'sqlite_autoindex_vt0_segdir_1', '1103369888 unordered');
DELETE FROM sqlite_stat1;
DELETE FROM sqlite_stat1;
INSERT OR IGNORE INTO sqlite_stat1 VALUES('rt1', 'sqlite_autoindex_vt0_segdir_1', ' sz=1953458224');
INSERT OR IGNORE INTO sqlite_stat1 VALUES('vt0', 'rt1', '-49581643 unordered noskipscan');
DELETE FROM sqlite_stat1;
INSERT OR IGNORE INTO sqlite_stat1 VALUES('rt1', 'vt0', '-2140619 2 sz=1900424039 unordered noskipscan');
INSERT OR IGNORE INTO sqlite_stat1 VALUES('rt1', 'vt0', '-344241978 sz=-385059178 unordered noskipscan');
INSERT OR IGNORE INTO sqlite_stat1 VALUES('rt1', 'vt0', '1923015325 -1980953439 sz=-1781770164');
DELETE FROM sqlite_stat1;
DELETE FROM sqlite_stat1;
DELETE FROM sqlite_stat1 WHERE ((((('-1662029184') IS FALSE)))<=((((0xffffffffaead3e47) BETWEEN (0.8942673133097422) AND (x'5e')))));
INSERT OR IGNORE INTO sqlite_stat1 VALUES('rt1', 'sqlite_autoindex_vt0_segdir_1', '');
DELETE FROM sqlite_stat1 WHERE CAST(CAST('O' AS NUMERIC) AS BLOB);
DELETE FROM sqlite_stat1 WHERE ((CASE WHEN 'CNd' THEN x'0673' WHEN 'f' THEN 'O_嘵_㇈㳥' END)<=((0.953305833510872 IN (NULL))));
INSERT OR IGNORE INTO sqlite_stat1 VALUES('rt1', 'rt1', ' unordered noskipscan');
INSERT OR IGNORE INTO sqlite_stat1 VALUES('rt1', 'rt1', '0 sz=1173347446');
INSERT OR IGNORE INTO sqlite_stat1 VALUES('vt0', 'sqlite_autoindex_vt0_segdir_1', ' sz=-299579131 unordered noskipscan');
INSERT OR IGNORE INTO sqlite_stat1 VALUES('rt1', 'sqlite_autoindex_vt0_segdir_1', '3');
INSERT OR IGNORE INTO sqlite_stat1 VALUES('vt0', 'sqlite_autoindex_vt0_segdir_1', ' unordered noskipscan');
DELETE FROM sqlite_stat1;
DELETE FROM sqlite_stat1;
DELETE FROM sqlite_stat1;
DELETE FROM sqlite_stat1;
INSERT OR IGNORE INTO sqlite_stat1 VALUES('rt1', 'sqlite_autoindex_vt0_segdir_1', ' sz=-779370548 noskipscan');
DELETE FROM sqlite_stat1;
DELETE FROM sqlite_stat1 WHERE ((CAST(x'46' AS NUMERIC))%(CASE '-205505012'  WHEN x'' THEN x'' WHEN -1.699459304E9 THEN x'd884' WHEN '-583601029' THEN NULL WHEN x'6ebd' THEN -1980953439 END));
DELETE FROM sqlite_stat1 WHERE ((('0.2800771816682238')==(0.5720871812990624)) IN (UNLIKELY(DISTINCT '611792385')));
DELETE FROM sqlite_stat1 WHERE ((((((('gJsck\', '-2035445343'))==((0.9370193940883491, 0.10057391144474248))))AND(UNLIKELY(x''))))OR((((x'efee', 0.5954453398793167)) BETWEEN ((x'', 0.5859013874637664)) AND ((x'a0', 0.4439054554492101)))));
INSERT OR IGNORE INTO sqlite_stat1 VALUES('vt0', 'vt0', '-1950512416 0');
INSERT OR IGNORE INTO sqlite_stat1 VALUES('rt1', 'rt1', '2 unordered noskipscan');
DELETE FROM sqlite_stat1;
DELETE FROM sqlite_stat1 WHERE 0.49606052319542115;
INSERT OR IGNORE INTO sqlite_stat1 VALUES('rt1', 'sqlite_autoindex_vt0_segdir_1', '1 0 unordered');
INSERT OR IGNORE INTO sqlite_stat1 VALUES('rt1', 'vt0', ' sz=-886971556 unordered noskipscan');
INSERT OR IGNORE INTO sqlite_stat1 VALUES('rt1', 'rt1', '-257643978 sz=-1779634123 unordered');
INSERT OR IGNORE INTO sqlite_stat1 VALUES('rt1', 'sqlite_autoindex_vt0_segdir_1', '2 noskipscan');
INSERT OR IGNORE INTO sqlite_stat1 VALUES('vt0', 'sqlite_autoindex_vt0_segdir_1', '870038826 0 unordered');
DELETE FROM sqlite_stat1;
INSERT OR IGNORE INTO sqlite_stat1 VALUES('vt0', 'vt0', ' unordered noskipscan');
DELETE FROM sqlite_stat1;
INSERT OR IGNORE INTO sqlite_stat1 VALUES('vt0', 'rt1', '0 unordered');
DELETE FROM sqlite_stat1 WHERE (+ ('722776339'));
DELETE FROM sqlite_stat1 WHERE ((CAST(NULL AS NUMERIC))>((('389174213') BETWEEN (-2035445343) AND (0.8276224377379088))));
INSERT OR IGNORE INTO sqlite_stat1 VALUES('vt0', 'vt0', '-2037914329 unordered noskipscan');
INSERT OR IGNORE INTO sqlite_stat1 VALUES('vt0', 'rt1', '3 noskipscan');
INSERT OR IGNORE INTO sqlite_stat1 VALUES('rt1', 'rt1', ' unordered');
DELETE FROM sqlite_stat1 WHERE (((((x'08', 0.9360202074087514)) BETWEEN (('1103369888', x'')) AND (('-648165453', 655790779)))) BETWEEN ((((-71733110, x'6ce15a', 0xffffffffb2ff6e36, 'EG-y'''))<=((0.8758775399873401, '1406944663', x'6337', 1452116749)))) AND (((x'') ISNULL)));
DELETE FROM sqlite_stat1;
INSERT OR IGNORE INTO sqlite_stat1 VALUES('rt1', 'sqlite_autoindex_vt0_segdir_1', '2 sz=-113264658 noskipscan');
INSERT OR IGNORE INTO sqlite_stat1 VALUES('vt0', 'sqlite_autoindex_vt0_segdir_1', ' sz=-886971556');
INSERT OR IGNORE INTO sqlite_stat1 VALUES('vt0', 'vt0', '0 -855577515 sz=-405798914');
DELETE FROM sqlite_stat1;
DELETE FROM sqlite_stat1 WHERE 0.782861920645887 COLLATE RTRIM;
INSERT OR IGNORE INTO sqlite_stat1 VALUES('rt1', 'sqlite_autoindex_vt0_segdir_1', '1 sz=1664625086 noskipscan');
DELETE FROM sqlite_stat1 WHERE (((('.)uu{>o' IN ()), ((0.31218817003974386) NOT NULL), ((NULL)<('611063020'))))!=((-8.31438179E8 COLLATE NOCASE, (~ (x'')), ((((((NULL)OR('
')))AND(244313729)))AND(0xffffffff93835b9b)))));
INSERT OR IGNORE INTO sqlite_stat1 VALUES('rt1', 'rt1', ' sz=-1061692742 noskipscan');
DELETE FROM sqlite_stat1;
INSERT OR IGNORE INTO sqlite_stat1 VALUES('vt0', 'vt0', ' sz=-71733110');
INSERT OR IGNORE INTO sqlite_stat1 VALUES('vt0', 'sqlite_autoindex_vt0_segdir_1', '2 1 -1662029184 unordered');
DELETE FROM sqlite_stat1;
DELETE FROM sqlite_stat1 WHERE ((((NULL) BETWEEN (x'54') AND ('-540776871'))) NOT NULL);
INSERT OR IGNORE INTO sqlite_stat1 VALUES('rt1', 'rt1', '3 unordered');
INSERT OR IGNORE INTO sqlite_stat1 VALUES('vt0', 'sqlite_autoindex_vt0_segdir_1', '-2121013136 1 unordered noskipscan');
DELETE FROM sqlite_stat1 WHERE 0.03222137365789557;
DELETE FROM sqlite_stat1 WHERE ((LIKELIHOOD('1102035236', x'8f')) IS TRUE);
INSERT OR IGNORE INTO sqlite_stat1 VALUES('rt1', 'sqlite_autoindex_vt0_segdir_1', '-105159024 sz=-407994744');
INSERT OR IGNORE INTO sqlite_stat1 VALUES('vt0', 'rt1', '358072392 unordered noskipscan');
DELETE FROM sqlite_stat1;
DELETE FROM sqlite_stat1;
INSERT OR IGNORE INTO sqlite_stat1 VALUES('rt1', 'rt1', ' unordered');
DELETE FROM sqlite_stat1 WHERE (~ ((((-711332086, -1022184532)) NOT BETWEEN ((NULL, 9.59709275E8)) AND (('922297328', 'W')))));
DELETE FROM sqlite_stat1 WHERE (((x'6d7f9d', 'y7쉗 ')) BETWEEN (('QP', x'7eb6')) AND ((x'e0', NULL))) COLLATE BINARY;
INSERT OR IGNORE INTO sqlite_stat1 VALUES('rt1', 'vt0', ' sz=-958312506 unordered');
INSERT OR IGNORE INTO sqlite_stat1 VALUES('vt0', 'rt1', '0 2 unordered noskipscan');
INSERT OR IGNORE INTO sqlite_stat1 VALUES('rt1', 'rt1', '-385059178');
INSERT OR IGNORE INTO sqlite_stat1 VALUES('rt1', 'rt1', ' sz=-1445691493 unordered');
INSERT OR IGNORE INTO sqlite_stat1 VALUES('vt0', 'sqlite_autoindex_vt0_segdir_1', '-2140619 unordered');
INSERT OR IGNORE INTO sqlite_stat1 VALUES('rt1', 'sqlite_autoindex_vt0_segdir_1', ' unordered noskipscan');
DELETE FROM sqlite_stat1 WHERE (NOT (CASE x'e4'  WHEN 0.9387798964985797 THEN -1514876935 ELSE NULL END));
DELETE FROM sqlite_stat1 WHERE (((NOT (x'9e'))) IS FALSE);
DELETE FROM sqlite_stat1;
INSERT OR IGNORE INTO sqlite_stat1 VALUES('rt1', 'vt0', '-1548020654 1 2 unordered noskipscan');
DELETE FROM sqlite_stat1;
INSERT OR IGNORE INTO sqlite_stat1 VALUES('rt1', 'sqlite_autoindex_vt0_segdir_1', ' unordered');
DELETE FROM sqlite_stat1 WHERE CAST(CAST(0.7154042162180533 AS NUMERIC) AS BLOB);
DELETE FROM sqlite_stat1;
DELETE FROM sqlite_stat1 WHERE ((((0.7696197094887993) ISNULL)) NOT NULL);
INSERT OR IGNORE INTO sqlite_stat1 VALUES('rt1', 'sqlite_autoindex_vt0_segdir_1', '1 1351359398 sz=-1756162048 unordered noskipscan');
DELETE FROM sqlite_stat1;
INSERT OR IGNORE INTO sqlite_stat1 VALUES('rt1', 'vt0', '0 2 sz=-870058035');
INSERT OR IGNORE INTO sqlite_stat1 VALUES('vt0', 'sqlite_autoindex_vt0_segdir_1', ' unordered');
INSERT OR IGNORE INTO sqlite_stat1 VALUES('rt1', 'vt0', '640547518');
INSERT OR IGNORE INTO sqlite_stat1 VALUES('rt1', 'sqlite_autoindex_vt0_segdir_1', ' noskipscan');
DELETE FROM sqlite_stat1;
INSERT OR IGNORE INTO sqlite_stat1 VALUES('vt0', 'rt1', '4 sz=337846531 unordered noskipscan');
INSERT OR IGNORE INTO sqlite_stat1 VALUES('rt1', 'sqlite_autoindex_vt0_segdir_1', ' sz=928809563 unordered');
DELETE FROM sqlite_stat1 WHERE ((CASE x'2822f4'  WHEN x'07' THEN NULL WHEN NULL THEN x'e4' END)+(((('0.8339487608237375', x'92dd', NULL, 0.7656779160954355))>=((-6.10254734E8, NULL, NULL, 1179830228)))));
INSERT OR IGNORE INTO sqlite_stat1 VALUES('rt1', 'rt1', '-1403336198 unordered');
DELETE FROM sqlite_stat1 WHERE (+ (((0.7338315407319265) BETWEEN ('-1090548382') AND ('0.6228021352747535'))));
DELETE FROM sqlite_stat1 WHERE (((0.4840793281402318)) BETWEEN (((NULL IN (NULL)))) AND ((NULL)));
INSERT OR IGNORE INTO sqlite_stat1 VALUES('vt0', 'sqlite_autoindex_vt0_segdir_1', ' noskipscan');
INSERT OR IGNORE INTO sqlite_stat1 VALUES('rt1', 'vt0', '-774976700 1 sz=-418640464 unordered noskipscan');
INSERT OR IGNORE INTO sqlite_stat1 VALUES('vt0', 'sqlite_autoindex_vt0_segdir_1', '0 0 sz=1803312689');
DELETE FROM sqlite_stat1 WHERE ((((((((HEX(DISTINCT '旁*'))AND(('-996559549' IN (x'69')))))OR(((-72445517) NOT BETWEEN (0.5652056337899328) AND (0.4879793258345091)))))OR(UPPER(x''))))AND(((x'') NOT BETWEEN (1.615604235E9) AND (NULL))));
INSERT OR IGNORE INTO sqlite_stat1 VALUES('rt1', 'rt1', '468956813 unordered');
DELETE FROM sqlite_stat1 WHERE ((((0.025940089149826706) NOT BETWEEN (NULL) AND (0.9348930201035243)))OR(CASE WHEN x'3b' THEN x'52a0' WHEN x'4fc80042' THEN '1099052569' WHEN '0.37858029368733337' THEN 0X91b0c09 WHEN '-263389054' THEN x'5dfe' ELSE 0.3109104472484212 END));
INSERT OR IGNORE INTO sqlite_stat1 VALUES('rt1', 'vt0', '2 1 sz=-797521556 noskipscan');
INSERT OR IGNORE INTO sqlite_stat1 VALUES('rt1', 'vt0', '1156062585 1');
INSERT OR IGNORE INTO sqlite_stat1 VALUES('vt0', 'sqlite_autoindex_vt0_segdir_1', '0 noskipscan');
DELETE FROM sqlite_stat1;
DELETE FROM sqlite_stat1 WHERE (((-3.85059178E8 COLLATE BINARY))<=(((- (0xffffffffee992f87)))));
INSERT OR IGNORE INTO sqlite_stat1 VALUES('rt1', 'sqlite_autoindex_vt0_segdir_1', ' unordered');
INSERT OR IGNORE INTO sqlite_stat1 VALUES('vt0', 'vt0', '-1024230392 sz=-1392228925 unordered');
DELETE FROM sqlite_stat1;
DELETE FROM sqlite_stat1;
INSERT OR IGNORE INTO sqlite_stat1 VALUES('vt0', 'rt1', '0 noskipscan');
INSERT OR IGNORE INTO sqlite_stat1 VALUES('rt1', 'rt1', '3 1266897074 353616631 unordered noskipscan');
INSERT OR IGNORE INTO sqlite_stat1 VALUES('rt1', 'sqlite_autoindex_vt0_segdir_1', '');
INSERT OR IGNORE INTO sqlite_stat1 VALUES('vt0', 'sqlite_autoindex_vt0_segdir_1', '-49581643 0 sz=-705525537 unordered noskipscan');
DELETE FROM sqlite_stat1 WHERE NULLIF(DISTINCT (~ (NULL)), ((NULL) BETWEEN (x'ddb3') AND ('z')));
INSERT OR IGNORE INTO sqlite_stat1 VALUES('vt0', 'sqlite_autoindex_vt0_segdir_1', '-696641465 sz=1510378805');
DELETE FROM sqlite_stat1 WHERE TRIM(DISTINCT CASE WHEN -1.756162048E9 THEN x'e9' END);
DELETE FROM sqlite_stat1;
INSERT OR IGNORE INTO sqlite_stat1 VALUES('vt0', 'vt0', ' sz=443449071');
DELETE FROM sqlite_stat1 WHERE ((((((((NULL)OR((-1227359095 IN (NULL)))))OR((631737301 IN ()))))OR(UPPER(0.7743478751102215))))AND('hhj0d'));
INSERT OR ROLLBACK INTO rt1(c2, c5, c6, c3, c0) VALUES ('jV^', '6J', x'7c8eb8', ']', '1797705726');
UPDATE OR REPLACE rt1 SET c0 = x'' WHERE (((rt1.c2, rt1.c0, rt1.c2)) NOT BETWEEN ((((rt1.c4) ISNULL), ((((rt1.c4)OR(rt1.c2)))OR(x'')), LIKELY(DISTINCT rt1.c6))) AND ((CASE WHEN rt1.c6 THEN rt1.c5 END, LIKELY(DISTINCT rt1.c2), SUBSTR(rt1.c4, rt1.c4))));
ROLLBACK TRANSACTION;
ANALYZE vt0;
REINDEX;
INSERT OR REPLACE INTO vt0 VALUES (0.14714733233326216), ('6m8ᡶ'), (x'30276a');
INSERT OR REPLACE INTO rt1(c3) VALUES (NULL), (0.5466937679618292);
INSERT OR IGNORE INTO rt1(c3, c2) VALUES ('1645658630', 0x14635510);
UPDATE OR IGNORE rt1 SET (c5, c6)=(0.08558613356200617, '[W<');
ANALYZE;
ROLLBACK TRANSACTION;
UPDATE OR IGNORE vt0 SET (c0)=('1979192046') WHERE ((((vt0.c0) IS FALSE))*(((((vt0.c0)AND(vt0.c0)))AND(vt0.c0))));
UPDATE OR ABORT rt1 SET c0 = NULL, c0 = 0.5664311325090342, c5 = 0.876398023973332;
UPDATE OR REPLACE rt1 SET c3 = NULL, c3 = NULL;
INSERT OR ROLLBACK INTO rt1(c6, c2, c3, c4, c5, c1, c0) VALUES (NULL, -886971556, 0.5152957253518976, NULL, 'lQk%sRirGh', 'v1tJjh', '()熵,Y');
INSERT OR ABORT INTO rt1(c0, c3, c2, c4, c6, c1, c5) VALUES ('0.4030958967886389', 'V', -958312506, -886971556, 'ࡆ', NULL, 1759025360);
INSERT OR IGNORE INTO vt0(c0) VALUES (NULL);
PRAGMA temp.recursive_triggers = false;
ROLLBACK TRANSACTION;
INSERT INTO vt0(vt0, rank) VALUES('pgsz', '24912');
INSERT INTO vt0(vt0, rank) VALUES('rank', 'bm25(10.0, 5.0)');
INSERT INTO vt0(vt0, rank) VALUES('rank', 'bm25(10.0, 5.0)');
INSERT INTO vt0(vt0, rank) VALUES('crisismerge', 1211276912);
INSERT INTO vt0(vt0, rank) VALUES('rank', 'bm25(10.0, 5.0)');
INSERT INTO vt0(vt0) VALUES('optimize');
ANALYZE;
UPDATE OR IGNORE vt0 SET c0 = NULL, c0 = -1033388053 WHERE (+ ((((x'2a')) NOT BETWEEN ((vt0.c0)) AND ((0.12582831494818203)))));
INSERT OR ABORT INTO vt0 VALUES (x'5b31'), (NULL), (x''), (0.3074884307607323);
BEGIN  TRANSACTION;
INSERT INTO vt0(vt0, rank) VALUES('rank', 'bm25(10.0, 5.0)');
INSERT INTO vt0(vt0) VALUES('integrity-check');
INSERT OR REPLACE INTO rt1(c5, c6, c0) VALUES (0.9348930201035243, '-517266729', NULL);
UPDATE rt1 SET (c1, c1)=('384933667', '1179830228') WHERE ((((((NULL)OR(rt1.c2)))OR(rt1.c2))) IS FALSE);
INSERT OR REPLACE INTO vt0(c0) VALUES (-1.13264658E8);
INSERT OR IGNORE INTO vt0 VALUES (0x770bab41);
PRAGMA locking_mode;
END TRANSACTION;
INSERT OR ABORT INTO rt1(c6, c3, c2) VALUES ('-615020983', x'', x''), ('0.7422180980975323', '~Lq?Wi9Q', '-1941314757'), (x'', 'ᮟE*ಜ_䣞|''F', x'');
INSERT OR IGNORE INTO vt0 VALUES (0.5493082717350146), (x''), (''), (0.011579893102053096);
INSERT INTO vt0(vt0, rank) VALUES('merge', -732466889);
;
INSERT INTO vt0(vt0, rank) VALUES('rank', 'bm25(10.0, 5.0)');
INSERT INTO vt0(vt0) VALUES('automerge=11');
PRAGMA auto_vacuum;
ANALYZE vt0;
BEGIN  TRANSACTION;
INSERT OR ABORT INTO vt0(c0) VALUES ('O'), (8.70038826E8), (0.5275618408739903), (1017475927);
INSERT OR IGNORE INTO rt1(c2) VALUES (x'');
UPDATE OR ROLLBACK vt0 SET c0 = '#&', c0 = -7.32466889E8, c0 = 1 WHERE (((((((vt0.c0)OR(vt0.c0)))AND(vt0.c0)))OR(vt0.c0)) IN ());
INSERT OR REPLACE INTO rt1 VALUES ('uwဢ', '/䵏\hoC', -1.601939548E9, x'884b', x'', '놼*0R븵g1m', 0.631438101370679), ('-711332086', 0.4879793258345091, x'', '[crD', 'Ⱛ老k', 0x6b7c5e31, x'309c');
INSERT OR ABORT INTO rt1(c4, c5) VALUES (NULL, 0.37858029368733337), (x'f1f4', x'e5fe0758'), (x'85f952', '-2013799371');
REINDEX  vt0;
END;
PRAGMA temp.optimize;
UPDATE OR IGNORE rt1 SET (c3, c2)=(x'', 'Gw');
UPDATE OR IGNORE rt1 SET (c1)=('6B');
ROLLBACK TRANSACTION;
END TRANSACTION;
PRAGMA busy_timeout;
INSERT OR FAIL INTO vt0 VALUES ('?(D晙+');
ROLLBACK TRANSACTION;
UPDATE OR REPLACE vt0 SET c0 = 464098706 WHERE load_extension(vt0.c0 COLLATE RTRIM, ((vt0.c0)OR(vt0.c0)));
UPDATE OR IGNORE rt1 SET c1 = NULL WHERE (~ (NULL));
INSERT OR ABORT INTO vt0 VALUES (0.6575867326900435);
PRAGMA temp.shrink_memory;
BEGIN  TRANSACTION;
UPDATE OR IGNORE vt0 SET c0 = -7.32466889E8 WHERE vt0.c0;
INSERT OR IGNORE INTO vt0(c0) VALUES (0.6586460848981256), ('590824314');
UPDATE OR IGNORE vt0 SET c0 = -1350757573 WHERE (((NOT (vt0.c0)))LIKE(vt0.c0 COLLATE BINARY));
BEGIN  TRANSACTION;
BEGIN EXCLUSIVE TRANSACTION;
ROLLBACK TRANSACTION;
INSERT OR IGNORE INTO sqlite_stat1 VALUES('rt1', 'sqlite_autoindex_vt0_segdir_1', ' sz=-610254734 noskipscan');
INSERT OR IGNORE INTO vt0 VALUES (1197139081), ('R');
SELECT rtreecheck('rt1');
UPDATE OR IGNORE rt1 SET c1 = NULL, c2 = 0.8339487608237375;
UPDATE OR ABORT rt1 SET (c2, c4)=('L1b[p,/k壀', x'670d05a92a') WHERE (((NULL IN ())) NOT BETWEEN (((((((rt1.c1)AND(rt1.c4)))AND(rt1.c3)))OR('-651319728'))) AND ((('')IS(rt1.c6))));
REINDEX;
INSERT INTO vt0(vt0, rank) VALUES('pgsz', '34099');
INSERT INTO vt0(vt0, rank) VALUES('usermerge', 11);
INSERT INTO vt0(vt0) VALUES('integrity-check');
INSERT OR REPLACE INTO vt0 VALUES (1062245692), (NULL);
ANALYZE sqlite_master;
DELETE FROM sqlite_stat1 WHERE '1103369888';
VACUUM temp;
ANALYZE;
INSERT OR ROLLBACK INTO vt0 VALUES (x'dc');
UPDATE OR ABORT rt1 SET c3 = NULL, c2 = 0.8536172133787859;
PRAGMA wal_autocheckpoint = -5321799093251287492;
UPDATE OR FAIL rt1 SET (c0)=(893423102) WHERE (((CAST('R
ot5qT' AS TEXT), (((rt1.c4, NULL))!=((rt1.c3, rt1.c1)))))==((x'2bd9', CAST(rt1.c4 AS REAL))));
BEGIN  TRANSACTION;
INSERT OR IGNORE INTO rt1(c1) VALUES (NULL), (x'88');
PRAGMA reverse_unordered_selects;
PRAGMA main.journal_mode;
ANALYZE rt1;
PRAGMA main.integrity_check;
INSERT OR IGNORE INTO vt0(c0) VALUES (0.21304553946940652);
INSERT OR REPLACE INTO rt1(c6) VALUES (1006021562), (0xffffffff8b5737bb), (1.006021562E9);
INSERT INTO vt0(vt0) VALUES('integrity-check');
UPDATE OR IGNORE vt0 SET c0 = 'C|뷆!';
INSERT OR IGNORE INTO rt1(c6) VALUES (0.8339487608237375), (NULL), ('^la%');
INSERT OR FAIL INTO rt1(c6, c5, c2) VALUES (NULL, NULL, '-610254734');
INSERT OR IGNORE INTO rt1(c1, c3, c2) VALUES ('-1699459304', '', 0.03732703569826745), (0.029606078974356853, '870038826', 0.3109406401901762), (NULL, NULL, '-938156492'), (0.5568766622841342, 'GX鐋', '-263389054');
UPDATE OR IGNORE vt0 SET (c0, c0)=(NULL, NULL);
INSERT OR IGNORE INTO vt0(c0) VALUES (0.650610116363232);
COMMIT TRANSACTION;
ROLLBACK TRANSACTION;
-- SELECT * FROM rt1 WHERE ((~ ((((rt1.c5, rt1.c6, rt1.c4, rt1.c4))<((rt1.c6, rt1.c4, rt1.c0, rt1.c4)))))) ORDER BY ((('657132080', rt1.c3)) NOT BETWEEN ((NULL, ((rt1.c1)/(rt1.c0)))) AND ((((rt1.c1) NOT BETWEEN (rt1.c4) AND (rt1.c3)), CASE WHEN rt1.c5 THEN rt1.c4 WHEN rt1.c6 THEN '-913045962' ELSE rt1.c4 END)))  NULLS FIRST;
-- cardinality: 3
-- SELECT ALL * FROM rt1 WHERE ((~ ((((rt1.c5, rt1.c6, rt1.c4, rt1.c4))<>((rt1.c6, rt1.c4, rt1.c0, rt1.c4)))))) ORDER BY ((('657132080', rt1.c3)) NOT BETWEEN ((NULL, ((rt1.c1)/(rt1.c0)))) AND ((((rt1.c1) NOT BETWEEN (rt1.c4) AND (rt1.c3)), CASE WHEN rt1.c5 THEN rt1.c4 WHEN rt1.c6 THEN '-913045962' ELSE rt1.c4 END)))  NULLS FIRST;
-- cardinality: 7
